#Frame          &!@H=
       1       0.0000
       2       1.7201
       3       2.4402
       4       2.7113
       5       2.8714
       6       2.1885
       7       2.0711
       8       2.2123
       9       1.8274
      10       2.0407
      11       1.5154
      12       2.9766
      13       2.0014
      14       2.0439
      15       1.7956
      16       2.2466
      17       1.7454
      18       2.2123
      19       1.9331
      20       2.9153
      21       1.9016
      22       2.1843
      23       3.6026
      24       2.8627
      25       2.7342
      26       3.0370
      27       4.8323
      28       3.8417
      29       2.7398
      30       3.0280
      31       1.7952
      32       2.5245
      33       2.8812
      34       1.9532
      35       2.8960
      36       1.9939
      37       2.2445
      38       2.0879
      39       2.4691
      40       2.4318
      41       2.9786
      42       3.4660
      43       4.0236
      44       4.3932
      45       3.9155
      46       3.6861
      47       3.9248
      48       2.0937
      49       1.8851
      50       2.0069
      51       2.1074
      52       1.7065
      53       1.9746
      54       1.5452
      55       1.6726
      56       1.5994
      57       1.4549
      58       1.3837
      59       1.2620
      60       2.1615
      61       1.8125
      62       2.3912
      63       1.6486
      64       1.8193
      65       2.5220
      66       2.5484
      67       2.4971
      68       2.0002
      69       1.6988
      70       1.8011
      71       2.3117
      72       2.3608
      73       1.8532
      74       2.1506
      75       2.1436
      76       2.0678
      77       2.4322
      78       2.0840
      79       2.9156
      80       4.3625
      81       4.9252
      82       4.7052
      83       3.4809
      84       3.5672
      85       3.2392
      86       2.5985
      87       2.9903
      88       2.7799
      89       2.1160
      90       2.9190
      91       2.9880
      92       2.8372
      93       2.7620
      94       3.2314
      95       3.5149
      96       2.6284
      97       3.1933
      98       1.7030
      99       1.7443
     100       1.7032
     101       1.6951
     102       2.9028
     103       1.8806
     104       1.9957
     105       2.2980
     106       2.7052
     107       3.1462
     108       1.7874
     109       2.2645
     110       2.6965
     111       2.1238
     112       2.8542
     113       2.2536
     114       3.0850
     115       2.0018
     116       1.8558
     117       3.1422
     118       3.8732
     119       2.9966
     120       3.0171
     121       2.5833
     122       3.1351
     123       3.0458
     124       2.9201
     125       2.7719
     126       3.0702
     127       2.5554
     128       2.6491
     129       3.2292
     130       1.5282
     131       2.0145
     132       1.5650
     133       1.7515
     134       1.7455
     135       2.6991
     136       2.7553
     137       2.9648
     138       3.1600
     139       2.8650
     140       2.6772
     141       2.9762
     142       2.6736
     143       2.6693
     144       2.6876
     145       3.1887
     146       2.6330
     147       3.0302
     148       2.9054
     149       3.4719
     150       2.4959
     151       2.5858
     152       2.8513
     153       2.6674
     154       2.7476
     155       2.4524
     156       2.7580
     157       3.2467
     158       2.6810
     159       2.6573
     160       3.0878
     161       2.5167
     162       2.6094
     163       2.7618
     164       2.7019
     165       2.5441
     166       3.0863
     167       2.2154
     168       2.7224
     169       3.2208
     170       2.3083
     171       1.3560
     172       1.5002
     173       2.1807
     174       1.9982
     175       1.8365
     176       1.4999
     177       1.4145
     178       1.8174
     179       1.9434
     180       1.3746
     181       2.5062
     182       1.9763
     183       1.8579
     184       1.6087
     185       1.8835
     186       1.6004
     187       2.1393
     188       2.4516
     189       1.8634
     190       1.6730
     191       1.9936
     192       1.8777
     193       1.7748
     194       1.9725
     195       1.7893
     196       1.8163
     197       1.5319
     198       1.5347
     199       1.8353
     200       2.0252
     201       2.0536
     202       1.9697
     203       2.3666
     204       1.4348
     205       2.0854
     206       2.7333
     207       2.4201
     208       2.1702
     209       3.2172
     210       2.0978
     211       2.5189
     212       2.1340
     213       1.8688
     214       1.7651
     215       2.3745
     216       1.7216
     217       1.9053
     218       2.8623
     219       2.7378
     220       2.8240
     221       3.1694
     222       3.0709
     223       3.3850
     224       2.9383
     225       3.2199
     226       3.6403
     227       3.8256
     228       3.1560
     229       3.2781
     230       3.6748
     231       3.0334
     232       2.7089
     233       2.9687
     234       2.8281
     235       3.4246
     236       3.1448
     237       3.0572
     238       2.9437
     239       3.0217
     240       2.3811
     241       2.9661
     242       2.9734
     243       2.9975
     244       3.9066
     245       2.9803
     246       3.2651
     247       2.6212
     248       2.6700
     249       1.7059
     250       1.9421
     251       1.3920
     252       1.3081
     253       1.6704
     254       2.2763
     255       2.6828
     256       1.8963
     257       1.7415
     258       1.8386
     259       1.7779
     260       1.8227
     261       2.0060
     262       2.2613
     263       1.9376
     264       2.1014
     265       1.7716
     266       2.0139
     267       1.7823
     268       2.1003
     269       3.6627
     270       3.3374
     271       2.9918
     272       2.8949
     273       2.3535
     274       2.8243
     275       2.5239
     276       2.7660
     277       1.4965
     278       2.1970
     279       1.9588
     280       2.1750
     281       2.2151
     282       2.1793
     283       1.6237
     284       2.6926
     285       2.5400
     286       1.9261
     287       2.9177
     288       2.0455
     289       2.1143
     290       1.6082
     291       1.8359
     292       1.8262
     293       1.8656
     294       1.9833
     295       2.1127
     296       1.7859
     297       2.1261
     298       3.0330
     299       2.1546
     300       3.3707
     301       2.6361
     302       2.7028
     303       3.1642
     304       2.4933
     305       3.1471
     306       2.4326
     307       3.0861
     308       2.8816
     309       2.9242
     310       2.4503
     311       2.7579
     312       2.7975
     313       2.8581
     314       2.4112
     315       3.6053
     316       2.9444
     317       3.2263
     318       3.2492
     319       2.4653
     320       2.7932
     321       2.8949
     322       2.4851
     323       2.6277
     324       3.6913
     325       2.5362
     326       2.9989
     327       2.6147
     328       2.5503
     329       2.9346
     330       2.6386
     331       2.5160
     332       2.8599
     333       2.4037
     334       2.7914
     335       2.8190
     336       3.3575
     337       3.0352
     338       3.0895
     339       2.1268
     340       2.4336
     341       3.1938
     342       2.8921
     343       2.1959
     344       2.2767
     345       1.9695
     346       1.9674
     347       1.7932
     348       1.8760
     349       2.2620
     350       3.0142
     351       3.3204
     352       1.8016
     353       1.8103
     354       2.2062
     355       2.2894
     356       1.8532
     357       2.0691
     358       2.3239
     359       2.0264
     360       1.9271
     361       1.9612
     362       1.8407
     363       2.0225
     364       2.3476
     365       1.8831
     366       1.6296
     367       2.3018
     368       2.4024
     369       1.7247
     370       2.0532
     371       1.9973
     372       1.8689
     373       1.7894
     374       2.1618
     375       1.8094
     376       3.0842
     377       2.6566
     378       3.0589
     379       3.0139
     380       2.5016
     381       2.4228
     382       2.6556
     383       2.2015
     384       1.8689
     385       2.9715
     386       2.7400
     387       3.8386
     388       4.0053
     389       5.0170
     390       4.3355
     391       3.7264
     392       3.9031
     393       3.9046
     394       3.3058
     395       3.2795
     396       2.9040
     397       2.7878
     398       3.0943
     399       3.4892
     400       3.2075
     401       2.9449
     402       2.7617
     403       3.3766
     404       3.0454
     405       3.1856
     406       2.9365
     407       3.5398
     408       3.0657
     409       3.6455
     410       3.6204
     411       3.0583
     412       3.4602
     413       3.0041
     414       3.0612
     415       2.9626
     416       2.8176
     417       3.3102
     418       3.6586
     419       2.7968
     420       3.1002
     421       2.9337
     422       2.6781
     423       3.8866
     424       3.5275
     425       3.1888
     426       2.4666
     427       2.3534
     428       3.4768
     429       2.6542
     430       3.0455
     431       2.5754
     432       2.9314
     433       2.6050
     434       3.1209
     435       3.9455
     436       3.6524
     437       3.9704
     438       3.4269
     439       3.2724
     440       3.7228
     441       3.4246
     442       3.7434
     443       5.0163
     444       4.4916
     445       2.9880
     446       1.7668
     447       2.0925
     448       2.7376
     449       2.5873
     450       2.8687
     451       2.0573
     452       2.1439
     453       2.5575
     454       2.4383
     455       2.2411
     456       1.8542
     457       3.0426
     458       1.7207
     459       1.9656
     460       1.6197
     461       2.2690
     462       2.9023
     463       2.9264
     464       2.5834
     465       2.5539
     466       2.4248
     467       2.5525
     468       2.6073
     469       2.5184
     470       2.2866
     471       3.2195
     472       2.7372
     473       2.8159
     474       2.8785
     475       2.3404
     476       2.5963
     477       2.5445
     478       2.5145
     479       2.1002
     480       1.7976
     481       2.0321
     482       1.9402
     483       1.2428
     484       1.4324
     485       1.4258
     486       1.0563
     487       2.1445
     488       1.9344
     489       2.3578
     490       1.8633
     491       2.4995
     492       2.4741
     493       1.8165
     494       2.1598
     495       1.7385
     496       1.7338
     497       1.8377
     498       2.5251
     499       2.6107
     500       1.9403
     501       2.8962
     502       2.4741
     503       2.6044
     504       2.0425
     505       1.9157
     506       1.7178
     507       1.8798
     508       2.4127
     509       2.6934
     510       2.6930
     511       3.2166
     512       2.0496
     513       1.9093
     514       2.5437
     515       2.3482
     516       3.4105
     517       3.7786
     518       3.3321
     519       3.4355
     520       3.1512
     521       3.1157
     522       3.6408
     523       3.2251
     524       3.7596
     525       3.2064
     526       3.3101
     527       2.9835
     528       3.7067
     529       2.9107
     530       3.2801
     531       3.8798
     532       2.8168
     533       3.8726
     534       3.2769
     535       3.0084
     536       2.8552
     537       3.3028
     538       2.6798
     539       2.6083
     540       2.5256
     541       2.8838
     542       3.5442
     543       2.1316
     544       2.4441
     545       2.5958
     546       3.0163
     547       3.3258
     548       2.4815
     549       2.8147
     550       2.7466
     551       2.9543
     552       2.8641
     553       2.4552
     554       2.5078
     555       2.7428
     556       2.8401
     557       1.4630
     558       2.3609
     559       2.3513
     560       2.2302
     561       1.8376
     562       2.6485
     563       1.9511
     564       1.4326
     565       1.8877
     566       1.4576
     567       1.9872
     568       1.6655
     569       2.0072
     570       1.4838
     571       1.4173
     572       1.3703
     573       2.0468
     574       2.7329
     575       2.8670
     576       3.4978
     577       3.0661
     578       3.3579
     579       3.2303
     580       3.0899
     581       2.7924
     582       3.2663
     583       2.7131
     584       3.3815
     585       2.4615
     586       3.5182
     587       2.7594
     588       3.7230
     589       3.6706
     590       3.7767
     591       3.8113
     592       3.6115
     593       4.8874
     594       3.5545
     595       2.1902
     596       2.1402
     597       2.5991
     598       2.4216
     599       2.3353
     600       2.6863
     601       2.1508
     602       2.3698
     603       3.4065
     604       3.1819
     605       2.9062
     606       2.2778
     607       2.1861
     608       1.8004
     609       1.9250
     610       1.6076
     611       1.7629
     612       1.8777
     613       1.5527
     614       1.6936
     615       2.0136
     616       1.7409
     617       1.7762
     618       1.8381
     619       2.0134
     620       1.6569
     621       2.1219
     622       3.1621
     623       1.8561
     624       2.4510
     625       1.7075
     626       1.5547
     627       1.5642
     628       2.1182
     629       1.9282
     630       2.5791
     631       1.3284
     632       2.3120
     633       1.8212
     634       1.4423
     635       2.2043
     636       1.6056
     637       1.6187
     638       1.5352
     639       2.2599
     640       3.1766
     641       2.6288
     642       2.7173
     643       2.3722
     644       2.9531
     645       2.4636
     646       1.5361
     647       2.2224
     648       2.2676
     649       2.0415
     650       1.4373
     651       2.6373
     652       1.8578
     653       2.2640
     654       1.5295
     655       1.9454
     656       2.2412
     657       2.8505
     658       1.6924
     659       2.8141
     660       1.8248
     661       1.6118
     662       2.6532
     663       2.7726
     664       2.6671
     665       1.6010
     666       2.8214
     667       2.3360
     668       1.6299
     669       1.4768
     670       1.8433
     671       1.7817
     672       1.8444
     673       2.5606
     674       2.1949
     675       1.5571
     676       2.0568
     677       2.3820
     678       1.9930
     679       1.7181
     680       1.6887
     681       1.9997
     682       2.1800
     683       1.8614
     684       1.9250
     685       2.2160
     686       1.7997
     687       2.2143
     688       1.9308
     689       2.5568
     690       2.5128
     691       1.7466
     692       2.5266
     693       2.1416
     694       1.8547
     695       1.8248
     696       2.5500
     697       2.1159
     698       2.2148
     699       2.1128
     700       1.9272
     701       1.6348
     702       2.3341
     703       2.4825
     704       1.7665
     705       2.6151
     706       1.9032
     707       2.5365
     708       2.6930
     709       2.4702
     710       1.7833
     711       1.9728
     712       2.5793
     713       1.7272
     714       2.1070
     715       1.9871
     716       1.7770
     717       1.9867
     718       1.8919
     719       2.1391
     720       1.8327
     721       2.3826
     722       2.7959
     723       1.9392
     724       1.9880
     725       2.5928
     726       2.8553
     727       2.8207
     728       2.8720
     729       3.3523
     730       2.8316
     731       3.2927
     732       2.6457
     733       2.9234
     734       2.8925
     735       2.6838
     736       3.3604
     737       3.3512
     738       3.1239
     739       3.3470
     740       2.3171
     741       2.4825
     742       2.1210
     743       1.7257
     744       1.6624
     745       2.0101
     746       2.1071
     747       1.8694
     748       2.1552
     749       2.2249
     750       1.7641
     751       1.8484
     752       2.2052
     753       2.4243
     754       2.9980
     755       3.2121
     756       3.5464
     757       3.6389
     758       3.2044
     759       3.7076
     760       4.8012
     761       3.6042
     762       3.3711
     763       3.1724
     764       3.7265
     765       3.6931
     766       3.4357
     767       2.9241
     768       3.6077
     769       3.9659
     770       3.8159
     771       4.3134
     772       3.3270
     773       3.7713
     774       3.5571
     775       3.8155
     776       2.9804
     777       2.9105
     778       3.4646
     779       3.7373
     780       2.7444
     781       2.9337
     782       3.0304
     783       3.6764
     784       3.4379
     785       3.4360
     786       2.6008
     787       2.5138
     788       2.3608
     789       2.6773
     790       2.4840
     791       2.1642
     792       2.7987
     793       2.2847
     794       2.0750
     795       2.0353
     796       1.9424
     797       1.9306
     798       2.1068
     799       2.9033
     800       1.9494
     801       1.7200
     802       2.2923
     803       2.5494
     804       3.3171
     805       2.9584
     806       2.9948
     807       3.0497
     808       3.2317
     809       3.3128
     810       3.9445
     811       3.3137
     812       3.6627
     813       2.9772
     814       2.8465
     815       3.1406
     816       2.8356
     817       3.2429
     818       2.6050
     819       2.4803
     820       2.8650
     821       3.5842
     822       3.5526
     823       2.9122
     824       2.8361
     825       3.0483
     826       2.5791
     827       2.9735
     828       2.4561
     829       1.8970
     830       2.1152
     831       1.8753
     832       2.4519
     833       1.6310
     834       2.3838
     835       2.6613
     836       2.1818
     837       2.3526
     838       2.6275
     839       2.1697
     840       1.8004
     841       2.5604
     842       3.2434
     843       2.1529
     844       2.4806
     845       2.2310
     846       2.2461
     847       1.7247
     848       1.9222
     849       1.7694
     850       1.5857
     851       1.8345
     852       2.0642
     853       1.5572
     854       1.5528
     855       2.5663
     856       3.1044
     857       3.2002
     858       3.2693
     859       3.5709
     860       3.9111
     861       4.1485
     862       4.2503
     863       3.6269
     864       2.4192
     865       3.6823
     866       2.5444
     867       2.7696
     868       2.8439
     869       2.3712
     870       3.0553
     871       2.1146
     872       2.7051
     873       1.6333
     874       1.8070
     875       1.4533
     876       1.7784
     877       1.9021
     878       1.5473
     879       2.0163
     880       1.6990
     881       1.7060
     882       1.3270
     883       1.4347
     884       1.5997
     885       1.8949
     886       1.4176
     887       1.5914
     888       1.9287
     889       1.9605
     890       1.7137
     891       1.7697
     892       2.5355
     893       2.3397
     894       2.2005
     895       1.6677
     896       1.7113
     897       1.7239
     898       2.4999
     899       1.9835
     900       1.7843
     901       2.2499
     902       2.5737
     903       1.9693
     904       2.6336
     905       1.6753
     906       2.9244
     907       1.9764
     908       1.5780
     909       1.8204
     910       2.2085
     911       2.3345
     912       2.3845
     913       2.3709
     914       2.3897
     915       2.0243
     916       2.0812
     917       2.5158
     918       2.4360
     919       2.6551
     920       2.4780
     921       2.5065
     922       2.4935
     923       2.6125
     924       3.3241
     925       2.7548
     926       2.3727
     927       2.8606
     928       3.2473
     929       2.8891
     930       3.1945
     931       2.7927
     932       3.0757
     933       2.5514
     934       3.7744
     935       4.2877
     936       4.3579
     937       3.7396
     938       4.1552
     939       3.9823
     940       3.0254
     941       3.0777
     942       4.0379
     943       2.6846
     944       2.9720
     945       3.0181
     946       3.1634
     947       2.8249
     948       2.2877
     949       2.6566
     950       2.2467
     951       1.6463
     952       1.6167
     953       2.8088
     954       1.5113
     955       1.8076
     956       2.2557
     957       2.8996
     958       2.0891
     959       2.0080
     960       3.0214
     961       3.7994
     962       3.0157
     963       3.8584
     964       3.8031
     965       4.0238
     966       3.4491
     967       2.6953
     968       2.8453
     969       1.4453
     970       1.9001
     971       2.5983
     972       2.2595
     973       2.5369
     974       2.6857
     975       2.9184
     976       2.6347
     977       2.5364
     978       3.0396
     979       3.0989
     980       2.8104
     981       1.8039
     982       2.2092
     983       1.8765
     984       2.0183
     985       2.0139
     986       1.6307
     987       2.0796
     988       2.5506
     989       2.0665
     990       1.5125
     991       1.3590
     992       1.7466
     993       1.6475
     994       1.3444
     995       2.4349
     996       2.8985
     997       3.2233
     998       3.4492
     999       1.9751
    1000       1.3606
    1001       2.7125
    1002       1.8137
    1003       2.1474
    1004       2.4644
    1005       1.9617
    1006       1.8033
    1007       1.9161
    1008       2.0888
    1009       2.1522
    1010       2.0791
    1011       2.8603
    1012       2.3793
    1013       2.3903
    1014       2.3219
    1015       3.0963
    1016       1.7223
    1017       1.9461
    1018       2.3155
    1019       1.7475
    1020       1.7133
    1021       1.6770
    1022       2.5294
    1023       2.4054
    1024       1.8106
    1025       2.1103
    1026       2.1190
    1027       1.9835
    1028       1.9200
    1029       2.0005
    1030       1.9606
    1031       2.1839
    1032       2.0860
    1033       2.1775
    1034       2.2567
    1035       2.5458
    1036       2.7010
    1037       2.1680
    1038       2.2527
    1039       2.3386
    1040       2.5950
    1041       2.7863
    1042       2.5765
    1043       2.9869
    1044       2.8173
    1045       2.8874
    1046       2.5118
    1047       2.6001
    1048       2.9678
    1049       3.3709
    1050       3.2331
    1051       3.1082
    1052       2.4507
    1053       2.7340
    1054       2.5950
    1055       3.2707
    1056       2.6225
    1057       2.6503
    1058       2.6282
    1059       2.5597
    1060       3.1943
    1061       2.3920
    1062       2.4458
    1063       2.6100
    1064       2.9282
    1065       2.9778
    1066       2.9967
    1067       3.0631
    1068       2.8274
    1069       2.7061
    1070       2.7751
    1071       2.4986
    1072       2.8213
    1073       2.9794
    1074       2.4973
    1075       2.6936
    1076       2.8475
    1077       2.2288
    1078       2.3220
    1079       2.8141
    1080       2.4089
    1081       2.5232
    1082       2.3454
    1083       2.2180
    1084       2.9590
    1085       2.5185
    1086       3.3499
    1087       2.6125
    1088       2.8014
    1089       2.9969
    1090       2.9247
    1091       1.9931
    1092       1.8947
    1093       2.5518
    1094       2.4618
    1095       2.5723
    1096       2.2519
    1097       2.0771
    1098       2.1474
    1099       2.5629
    1100       2.2625
    1101       1.9905
    1102       2.5455
    1103       2.2487
    1104       2.1822
    1105       2.6479
    1106       2.1489
    1107       1.8070
    1108       1.6817
    1109       2.3591
    1110       2.0899
    1111       1.7703
    1112       3.0273
    1113       2.8120
    1114       2.2898
    1115       1.9600
    1116       1.9911
    1117       2.2164
    1118       1.8783
    1119       2.1269
    1120       3.4459
    1121       2.3089
    1122       2.4771
    1123       2.2406
    1124       2.5882
    1125       2.1207
    1126       2.1605
    1127       2.4457
    1128       2.3012
    1129       2.6788
    1130       3.0109
    1131       2.9570
    1132       2.9798
    1133       4.1737
    1134       3.8701
    1135       4.1573
    1136       2.5837
    1137       2.3947
    1138       2.8265
    1139       2.6043
    1140       2.5117
    1141       2.5023
    1142       2.6776
    1143       3.2687
    1144       2.4494
    1145       2.6709
    1146       2.2109
    1147       2.1709
    1148       3.2686
    1149       3.6481
    1150       4.1212
    1151       3.3187
    1152       2.8844
    1153       3.1218
    1154       2.5816
    1155       2.2602
    1156       1.8242
    1157       2.8924
    1158       3.7298
    1159       2.8224
    1160       3.5641
    1161       3.9177
    1162       2.4307
    1163       2.3400
    1164       2.8370
    1165       2.7650
    1166       2.4931
    1167       3.0789
    1168       4.9847
    1169       3.4850
    1170       5.7043
    1171       3.4720
    1172       3.1867
    1173       3.5173
    1174       3.8083
    1175       3.9182
    1176       3.4103
    1177       2.3500
    1178       2.4001
    1179       3.6992
    1180       5.1417
    1181       5.2218
    1182       6.7935
    1183       6.9390
    1184       6.8632
    1185       7.4015
    1186       6.2340
    1187       6.2825
    1188       6.9194
    1189       5.5307
    1190       5.7452
    1191       6.2503
    1192       6.7134
    1193       6.1535
    1194       6.0270
    1195       6.3714
    1196       6.5598
    1197       6.7274
    1198       6.8138
    1199       6.8113
    1200       6.9536
    1201       6.9748
    1202       6.8179
    1203       7.5459
    1204       7.3277
    1205       7.3454
    1206       7.6260
    1207       7.2236
    1208       6.9543
    1209       6.6303
    1210       7.0347
    1211       6.7440
    1212       6.6306
    1213       6.8819
    1214       6.8513
    1215       7.0775
    1216       6.6176
    1217       6.5551
    1218       6.9765
    1219       6.5500
    1220       7.1177
    1221       6.9401
    1222       6.5127
    1223       6.8251
    1224       6.9172
    1225       7.1803
    1226       6.7068
    1227       6.9838
    1228       7.1632
    1229       7.0316
    1230       7.2758
    1231       6.6476
    1232       6.8861
    1233       6.9762
    1234       6.7266
    1235       6.5316
    1236       7.3445
    1237       6.4178
    1238       6.5246
    1239       6.9957
    1240       6.0904
    1241       6.6704
    1242       6.9211
    1243       6.9861
    1244       7.0804
    1245       7.1535
    1246       6.8598
    1247       6.9748
    1248       6.5625
    1249       6.6242
    1250       7.2032
    1251       7.1363
    1252       7.1266
    1253       7.1093
    1254       7.1469
    1255       6.8202
    1256       7.0314
    1257       6.9055
    1258       6.5086
    1259       7.1089
    1260       6.8030
    1261       7.4169
    1262       7.0892
    1263       6.8095
    1264       6.9212
    1265       7.3216
    1266       7.1702
    1267       7.0829
    1268       7.1537
    1269       6.8161
    1270       6.7217
    1271       6.7764
    1272       7.0386
    1273       6.1890
    1274       6.7693
    1275       7.0356
    1276       6.9419
    1277       7.1538
    1278       7.2011
    1279       6.7829
    1280       7.1388
    1281       7.3154
    1282       7.4245
    1283       7.7126
    1284       7.4505
    1285       7.2171
    1286       7.3894
    1287       7.1082
    1288       6.7574
    1289       7.0300
    1290       7.0221
    1291       7.4544
    1292       7.0420
    1293       7.1371
    1294       6.7952
    1295       7.0171
    1296       6.8553
    1297       7.3460
    1298       7.5384
    1299       7.3804
    1300       7.5928
    1301       7.3444
    1302       7.5867
    1303       7.3237
    1304       7.2816
    1305       7.3371
    1306       7.2843
    1307       7.1242
    1308       7.3345
    1309       7.3813
    1310       7.2570
    1311       7.4119
    1312       7.3246
    1313       7.3431
    1314       7.3942
    1315       7.4931
    1316       7.3856
    1317       7.8264
    1318       6.8430
    1319       7.4197
    1320       7.0226
    1321       6.8748
    1322       6.4072
    1323       7.3365
    1324       7.0119
    1325       6.9020
    1326       7.2096
    1327       7.7428
    1328       7.2869
    1329       7.4969
    1330       7.2898
    1331       7.0739
    1332       7.0926
    1333       7.0610
    1334       6.8154
    1335       7.4657
    1336       7.4454
    1337       7.0605
    1338       6.7441
    1339       6.9428
    1340       6.8961
    1341       7.4004
    1342       7.5588
    1343       7.1651
    1344       7.3059
    1345       7.1510
    1346       6.8633
    1347       6.9970
    1348       7.5037
    1349       6.9475
    1350       7.3281
    1351       7.5010
    1352       7.6849
    1353       7.6425
    1354       7.1259
    1355       6.9695
    1356       7.4200
    1357       6.6995
    1358       7.3345
    1359       7.1634
    1360       7.1304
    1361       6.9874
    1362       6.9188
    1363       7.3355
    1364       7.3572
    1365       7.1945
    1366       6.9450
    1367       7.4211
    1368       6.6176
    1369       7.0973
    1370       6.6214
    1371       6.9831
    1372       7.3959
    1373       6.5703
    1374       6.7552
    1375       7.0874
    1376       6.8381
    1377       6.9929
    1378       7.1378
    1379       7.0488
    1380       7.0055
    1381       7.3952
    1382       7.0947
    1383       6.9410
    1384       6.9758
    1385       6.7020
    1386       7.3890
    1387       6.8536
    1388       6.8956
    1389       6.8917
    1390       7.0575
    1391       7.1106
    1392       7.1558
    1393       7.0762
    1394       6.6846
    1395       6.8848
    1396       7.0216
    1397       7.2909
    1398       7.1752
    1399       7.4779
    1400       6.8080
    1401       7.0847
    1402       7.0786
    1403       6.9882
    1404       6.7440
    1405       6.9397
    1406       7.1720
    1407       7.6276
    1408       7.0900
    1409       7.5105
    1410       7.3345
    1411       7.1321
    1412       7.1671
    1413       7.1851
    1414       7.3779
    1415       7.4552
    1416       6.9986
    1417       6.8088
    1418       7.1804
    1419       7.0621
    1420       7.5592
    1421       7.4330
    1422       7.6264
    1423       7.4343
    1424       6.9367
    1425       7.0884
    1426       7.4681
    1427       7.3045
    1428       7.4541
    1429       7.5537
    1430       7.6197
    1431       7.2470
    1432       7.3664
    1433       7.3823
    1434       7.1515
    1435       7.4586
    1436       7.2658
    1437       7.2001
    1438       7.2615
    1439       6.6554
    1440       7.1630
    1441       6.8991
    1442       6.8803
    1443       7.1570
    1444       7.4070
    1445       7.3026
    1446       7.0222
    1447       6.8840
    1448       7.4404
    1449       7.0859
    1450       6.9565
    1451       7.0783
    1452       6.8066
    1453       6.9692
    1454       7.2152
    1455       6.9555
    1456       7.5924
    1457       7.6159
    1458       7.3706
    1459       7.4746
    1460       7.0274
    1461       7.3661
    1462       6.9070
    1463       6.9738
    1464       7.2942
    1465       7.2062
    1466       7.1897
    1467       6.9259
    1468       7.0402
    1469       7.1517
    1470       6.5707
    1471       7.0696
    1472       7.1777
    1473       6.8214
    1474       6.6630
    1475       6.9287
    1476       7.1014
    1477       7.0105
    1478       7.0332
    1479       7.2900
    1480       7.2557
    1481       7.1386
    1482       7.4487
    1483       7.2036
    1484       7.4110
    1485       6.9944
    1486       7.0790
    1487       6.9470
    1488       6.7114
    1489       7.0324
    1490       7.1917
    1491       7.6466
    1492       6.9162
    1493       6.9581
    1494       6.6193
    1495       7.2131
    1496       7.2548
    1497       7.4541
    1498       7.3489
    1499       7.1371
    1500       6.8426
    1501       6.9895
    1502       7.1715
    1503       7.1134
    1504       7.0784
    1505       6.7251
    1506       7.0205
    1507       7.7340
    1508       7.1803
    1509       6.7703
    1510       6.5768
    1511       6.5938
    1512       6.7047
    1513       6.8444
    1514       6.5302
    1515       7.2581
    1516       6.9591
    1517       6.7924
    1518       6.8825
    1519       6.9605
    1520       7.2172
    1521       6.9517
    1522       7.0606
    1523       6.6318
    1524       6.5998
    1525       6.8035
    1526       7.0986
    1527       6.7521
    1528       6.8942
    1529       7.3061
    1530       7.2857
    1531       6.8036
    1532       7.4788
    1533       7.1022
    1534       7.0257
    1535       7.4068
    1536       7.1268
    1537       7.3015
    1538       7.1158
    1539       7.2239
    1540       7.1002
    1541       7.1097
    1542       7.3893
    1543       7.0700
    1544       7.3412
    1545       6.9409
    1546       6.9356
    1547       7.2019
    1548       6.7820
    1549       7.0551
    1550       6.8977
    1551       6.9286
    1552       6.9396
    1553       7.3862
    1554       7.1024
    1555       6.7582
    1556       7.4077
    1557       6.5495
    1558       7.2150
    1559       6.4191
    1560       6.7330
    1561       6.9470
    1562       6.6415
    1563       6.9167
    1564       7.2705
    1565       7.1966
    1566       6.7875
    1567       7.4043
    1568       6.7539
    1569       6.7741
    1570       6.4512
    1571       6.7589
    1572       7.1512
    1573       7.1716
    1574       6.7853
    1575       7.0223
    1576       7.4071
    1577       7.4181
    1578       6.8220
    1579       6.9943
    1580       6.9224
    1581       6.8247
    1582       7.1599
    1583       6.9473
    1584       7.0377
    1585       7.0988
    1586       7.2905
    1587       7.1545
    1588       7.1360
    1589       7.1569
    1590       7.4066
    1591       7.3528
    1592       7.1044
    1593       7.3624
    1594       7.2335
    1595       7.1988
    1596       7.6639
    1597       7.2305
    1598       7.1002
    1599       7.2273
    1600       7.5208
    1601       7.1170
    1602       7.4235
    1603       7.0936
    1604       7.2825
    1605       6.8610
    1606       7.2687
    1607       7.3263
    1608       7.3600
    1609       6.8208
    1610       6.8995
    1611       6.8187
    1612       7.2859
    1613       7.3040
    1614       6.9684
    1615       7.1596
    1616       7.3655
    1617       7.0471
    1618       7.2336
    1619       7.3654
    1620       7.1398
    1621       7.0946
    1622       6.9485
    1623       7.0226
    1624       7.4502
    1625       7.0567
    1626       7.3811
    1627       6.8394
    1628       6.7527
    1629       7.1435
    1630       7.0858
    1631       7.3510
    1632       6.9701
    1633       7.1641
    1634       7.0411
    1635       7.3148
    1636       7.0658
    1637       7.1199
    1638       7.0344
    1639       7.1882
    1640       7.4638
    1641       6.7759
    1642       7.1016
    1643       7.0018
    1644       6.9669
    1645       6.7268
    1646       6.7405
    1647       6.8620
    1648       7.1689
    1649       6.6658
    1650       7.2206
    1651       7.0985
    1652       7.3832
    1653       6.7970
    1654       7.1981
    1655       6.7333
    1656       7.1525
    1657       7.2588
    1658       6.9049
    1659       7.3421
    1660       7.1323
    1661       6.8458
    1662       6.9020
    1663       6.8897
    1664       6.8761
    1665       6.6339
    1666       6.0441
    1667       6.6565
    1668       6.5918
    1669       7.3974
    1670       7.0336
    1671       6.9800
    1672       6.9304
    1673       6.9305
    1674       7.2897
    1675       7.0310
    1676       6.8893
    1677       7.3294
    1678       7.0212
    1679       6.9190
    1680       6.8925
    1681       6.8253
    1682       6.3515
    1683       6.9174
    1684       7.3241
    1685       7.1005
    1686       6.7123
    1687       7.3884
    1688       7.4321
    1689       7.0419
    1690       6.8547
    1691       6.8855
    1692       6.6498
    1693       7.1788
    1694       6.1576
    1695       6.5677
    1696       6.6283
    1697       6.5599
    1698       6.8104
    1699       6.7138
    1700       6.4483
    1701       6.4908
    1702       7.2322
    1703       7.1516
    1704       6.4260
    1705       7.4733
    1706       7.0090
    1707       7.2249
    1708       7.5155
    1709       7.1026
    1710       7.0727
    1711       6.7905
    1712       7.1484
    1713       6.6007
    1714       6.5165
    1715       6.5810
    1716       6.9327
    1717       6.6589
    1718       6.7312
    1719       6.9762
    1720       6.8693
    1721       7.2543
    1722       6.3518
    1723       6.8790
    1724       6.6315
    1725       6.4564
    1726       6.9706
    1727       6.8647
    1728       6.7630
    1729       6.5146
    1730       7.1713
    1731       6.1895
    1732       6.8273
    1733       6.7555
    1734       7.1681
    1735       7.5512
    1736       6.7725
    1737       7.3043
    1738       7.0153
    1739       7.4141
    1740       7.2730
    1741       6.9719
    1742       7.1577
    1743       6.8039
    1744       7.0756
    1745       7.2996
    1746       6.9184
    1747       6.8619
    1748       7.2167
    1749       7.3160
    1750       6.4771
    1751       6.5730
    1752       6.8517
    1753       6.8044
    1754       6.7992
    1755       7.2400
    1756       6.9342
    1757       7.2699
    1758       7.0953
    1759       6.7374
    1760       6.4803
    1761       6.8760
    1762       6.5908
    1763       7.2864
    1764       6.6179
    1765       6.6498
    1766       7.0257
    1767       7.2829
    1768       6.9666
    1769       7.3954
    1770       7.1678
    1771       7.0760
    1772       6.9860
    1773       7.0735
    1774       7.1516
    1775       7.1028
    1776       6.6481
    1777       7.0880
    1778       6.8447
    1779       7.4280
    1780       7.1185
    1781       6.6776
    1782       7.1515
    1783       6.7132
    1784       7.3217
    1785       6.7693
    1786       6.8733
    1787       6.4468
    1788       6.3503
    1789       6.8749
    1790       6.7149
    1791       7.2578
    1792       7.0117
    1793       7.1965
    1794       7.2383
    1795       6.9829
    1796       7.0035
    1797       6.7914
    1798       7.1083
    1799       7.2234
    1800       7.2130
    1801       7.3047
    1802       6.9170
    1803       7.1773
    1804       6.9403
    1805       6.9667
    1806       6.9610
    1807       6.8468
    1808       6.4191
    1809       6.8559
    1810       6.8793
    1811       7.0544
    1812       6.9822
    1813       6.9291
    1814       6.9580
    1815       6.6623
    1816       6.7389
    1817       6.8439
    1818       7.0223
    1819       6.4091
    1820       6.9040
    1821       6.7420
    1822       7.1180
    1823       7.1040
    1824       7.1393
    1825       6.6456
    1826       6.8464
    1827       6.8159
    1828       7.3059
    1829       7.3722
    1830       6.9231
    1831       6.7840
    1832       7.5063
    1833       7.1746
    1834       7.0530
    1835       7.4085
    1836       7.0945
    1837       7.4134
    1838       7.4132
    1839       6.7408
    1840       7.2087
    1841       7.6666
    1842       6.7305
    1843       7.3786
    1844       7.4122
    1845       6.9624
    1846       7.0624
    1847       7.0028
    1848       6.7981
    1849       6.9947
    1850       6.9049
    1851       6.8903
    1852       7.1552
    1853       7.1916
    1854       6.9805
    1855       7.3296
    1856       7.5036
    1857       6.9349
    1858       7.1600
    1859       7.0254
    1860       7.2418
    1861       6.8076
    1862       7.1170
    1863       6.7544
    1864       7.0418
    1865       6.6760
    1866       7.2218
    1867       7.0801
    1868       6.8318
    1869       7.1447
    1870       6.7198
    1871       7.2407
    1872       6.6456
    1873       7.2588
    1874       7.1276
    1875       7.3222
    1876       7.3245
    1877       6.9927
    1878       6.9688
    1879       6.8471
    1880       7.3349
    1881       7.1049
    1882       6.6722
    1883       6.6768
    1884       6.9120
    1885       7.3011
    1886       6.9297
    1887       6.6450
    1888       6.3042
    1889       6.8858
    1890       7.2269
    1891       6.8487
    1892       6.8635
    1893       6.5565
    1894       6.8652
    1895       7.0661
    1896       7.0413
    1897       7.0519
    1898       6.9612
    1899       6.8997
    1900       7.2926
    1901       6.9066
    1902       6.9736
    1903       6.9582
    1904       6.7178
    1905       6.8653
    1906       7.1699
    1907       7.2288
    1908       6.9027
    1909       6.9852
    1910       6.5545
    1911       6.3278
    1912       6.7744
    1913       6.4984
    1914       6.5555
    1915       6.6870
    1916       6.6618
    1917       6.9154
    1918       7.0294
    1919       6.9817
    1920       6.9033
    1921       7.0451
    1922       6.7176
    1923       6.8982
    1924       6.9997
    1925       7.5256
    1926       6.8535
    1927       6.7799
    1928       7.1611
    1929       7.7550
    1930       7.2645
    1931       6.5624
    1932       6.9905
    1933       7.2222
    1934       6.8033
    1935       7.1099
    1936       6.9499
    1937       6.5993
    1938       7.0166
    1939       6.8584
    1940       6.9016
    1941       7.1511
    1942       6.8816
    1943       6.6321
    1944       6.7613
    1945       7.1457
    1946       7.0378
    1947       6.6823
    1948       6.9933
    1949       6.9310
    1950       6.9289
    1951       7.2051
    1952       7.3101
    1953       6.6802
    1954       7.3316
    1955       7.5551
    1956       6.7502
    1957       7.1697
    1958       6.6948
    1959       7.0991
    1960       6.7072
    1961       7.0521
    1962       7.1503
    1963       7.0679
    1964       7.1822
    1965       7.0671
    1966       7.0513
    1967       6.6249
    1968       7.4950
    1969       8.1408
    1970       7.1166
    1971       7.0698
    1972       7.4827
    1973       7.1791
    1974       7.6940
    1975       7.2822
    1976       7.6865
    1977       7.5723
    1978       7.5067
    1979       7.6985
    1980       7.7819
    1981       7.2384
    1982       7.1643
    1983       7.3062
    1984       7.2489
    1985       6.5591
    1986       6.8297
    1987       6.8812
    1988       6.5155
    1989       6.9943
    1990       7.9589
    1991       7.6541
    1992       7.7386
    1993       7.5170
    1994       7.6149
    1995       7.6462
    1996       7.2398
    1997       7.1157
    1998       7.3392
    1999       7.2080
    2000       7.3467
    2001       7.5823
    2002       7.1393
    2003       7.1168
    2004       7.5441
    2005       7.2044
    2006       7.2581
    2007       7.2556
    2008       7.5691
    2009       7.2645
    2010       6.7041
    2011       7.1215
    2012       7.4624
    2013       7.3282
    2014       7.2119
    2015       7.3546
    2016       7.2798
    2017       7.2746
    2018       6.8464
    2019       7.2725
    2020       7.1121
    2021       7.5034
    2022       7.2636
    2023       6.4848
    2024       7.5760
    2025       7.1138
    2026       7.2686
    2027       7.0367
    2028       7.1884
    2029       7.4026
    2030       7.0865
    2031       7.1624
    2032       7.4374
    2033       7.4209
    2034       6.8364
    2035       7.4071
    2036       6.8054
    2037       7.2649
    2038       6.7869
    2039       6.9684
    2040       7.3163
    2041       7.4499
    2042       6.4682
    2043       7.0759
    2044       7.5105
    2045       7.0636
    2046       7.1130
    2047       7.0132
    2048       7.0973
    2049       7.2161
    2050       7.1462
    2051       7.2371
    2052       6.8752
    2053       7.1525
    2054       7.0642
    2055       7.5055
    2056       7.1788
    2057       7.3465
    2058       7.5596
    2059       7.3118
    2060       7.0557
    2061       7.0743
    2062       6.8830
    2063       7.6175
    2064       7.3005
    2065       7.3341
    2066       7.2555
    2067       7.0828
    2068       7.3356
    2069       7.2537
    2070       7.3689
    2071       7.3958
    2072       7.1372
    2073       6.7507
    2074       7.0586
    2075       7.1879
    2076       6.9791
    2077       7.0477
    2078       7.2390
    2079       7.4163
    2080       7.0303
    2081       6.5745
    2082       6.6800
    2083       6.8281
    2084       6.8256
    2085       7.3308
    2086       6.8614
    2087       6.7944
    2088       7.0081
    2089       7.0100
    2090       7.2269
    2091       7.2195
    2092       6.9631
    2093       6.9847
    2094       7.2526
    2095       7.0003
    2096       7.2844
    2097       7.2954
    2098       6.9683
    2099       7.4161
    2100       7.0959
    2101       7.1843
    2102       6.9461
    2103       7.3898
    2104       7.4479
    2105       7.5655
    2106       7.2199
    2107       7.1222
    2108       7.3340
    2109       7.0899
    2110       6.9516
    2111       7.3117
    2112       7.3695
    2113       7.6224
    2114       7.4706
    2115       7.1315
    2116       7.2116
    2117       7.2658
    2118       7.0402
    2119       7.1265
    2120       7.3677
    2121       7.3005
    2122       7.2491
    2123       7.2114
    2124       6.7472
    2125       6.9916
    2126       6.8460
    2127       7.0259
    2128       7.0166
    2129       7.1276
    2130       6.8864
    2131       7.2585
    2132       7.2254
    2133       7.2810
    2134       6.5929
    2135       7.3902
    2136       7.0385
    2137       6.5645
    2138       7.1229
    2139       6.8788
    2140       7.1094
    2141       7.5086
    2142       6.8682
    2143       6.4281
    2144       7.0596
    2145       7.3449
    2146       6.3633
    2147       6.9689
    2148       7.3673
    2149       6.8679
    2150       7.5183
    2151       7.2093
    2152       7.3959
    2153       7.1780
    2154       7.2238
    2155       7.0971
    2156       7.0704
    2157       7.2138
    2158       6.9231
    2159       7.2917
    2160       7.4156
    2161       7.6689
    2162       7.1679
    2163       7.3393
    2164       6.5711
    2165       7.2327
    2166       7.3446
    2167       7.4093
    2168       7.1593
    2169       7.2064
    2170       7.3564
    2171       7.4246
    2172       6.8895
    2173       6.9541
    2174       7.5540
    2175       7.2943
    2176       7.0758
    2177       7.4287
    2178       7.4230
    2179       7.2314
    2180       6.6951
    2181       6.9322
    2182       7.1421
    2183       7.1244
    2184       7.1536
    2185       6.9702
    2186       7.3169
    2187       7.3252
    2188       7.0334
    2189       6.8981
    2190       6.9135
    2191       7.1892
    2192       7.2866
    2193       7.1131
    2194       7.1771
    2195       6.6281
    2196       6.2234
    2197       6.4820
    2198       6.0305
    2199       6.6480
    2200       6.7023
    2201       6.4771
    2202       6.6054
    2203       6.1344
    2204       6.3610
    2205       6.5426
    2206       6.6282
    2207       6.6610
    2208       6.5947
    2209       6.9723
    2210       6.1561
    2211       7.3110
    2212       6.8069
    2213       7.4093
    2214       6.9709
    2215       6.5632
    2216       7.3140
    2217       7.0302
    2218       6.9493
    2219       7.2145
    2220       7.0450
    2221       7.1473
    2222       6.8104
    2223       7.1373
    2224       7.5446
    2225       6.8499
    2226       7.2472
    2227       7.5044
    2228       7.1183
    2229       7.1188
    2230       7.0498
    2231       7.1147
    2232       7.3452
    2233       6.8347
    2234       6.7208
    2235       7.1011
    2236       6.8441
    2237       7.5383
    2238       7.1999
    2239       7.0279
    2240       7.4014
    2241       7.0555
    2242       7.1885
    2243       7.6050
    2244       6.9959
    2245       6.7354
    2246       6.9159
    2247       7.2030
    2248       7.6093
    2249       7.1616
    2250       6.7918
    2251       7.4793
    2252       7.3050
    2253       7.3121
    2254       7.2476
    2255       7.4105
    2256       6.6543
    2257       6.7979
    2258       7.1916
    2259       6.7513
    2260       7.0676
    2261       7.5100
    2262       7.2099
    2263       7.3784
    2264       7.4645
    2265       7.0717
    2266       7.2785
    2267       7.0486
    2268       7.1233
    2269       7.5713
    2270       7.0649
    2271       7.1360
    2272       7.3711
    2273       6.9436
    2274       7.0841
    2275       7.2539
    2276       7.3075
    2277       7.4667
    2278       7.0695
    2279       7.3614
    2280       7.3918
    2281       7.4381
    2282       7.0036
    2283       7.1238
    2284       7.2734
    2285       6.9055
    2286       6.9808
    2287       7.2803
    2288       7.3252
    2289       7.4065
    2290       6.8524
    2291       7.3627
    2292       6.9805
    2293       7.1534
    2294       7.0335
    2295       6.9434
    2296       7.1503
    2297       7.3370
    2298       7.6807
    2299       7.4918
    2300       7.4053
    2301       7.0894
    2302       7.2166
    2303       6.9177
    2304       7.4057
    2305       6.9465
    2306       6.8916
    2307       7.1143
    2308       7.3337
    2309       7.2383
    2310       6.9848
    2311       7.0713
    2312       7.2925
    2313       7.3796
    2314       7.1369
    2315       6.8961
    2316       7.3793
    2317       7.5078
    2318       7.3207
    2319       7.1266
    2320       7.1119
    2321       7.0526
    2322       7.3370
    2323       6.9802
    2324       7.1857
    2325       7.3334
    2326       7.1134
    2327       6.9414
    2328       7.2588
    2329       7.1637
    2330       7.4014
    2331       7.1561
    2332       7.4455
    2333       7.2533
    2334       7.3952
    2335       7.2778
    2336       7.1052
    2337       7.1435
    2338       7.5644
    2339       7.3027
    2340       7.2394
    2341       7.4728
    2342       7.2482
    2343       7.4736
    2344       6.8614
    2345       7.4302
    2346       7.0943
    2347       7.8571
    2348       7.4393
    2349       6.9377
    2350       6.6968
    2351       7.1956
    2352       7.2009
    2353       7.2182
    2354       7.1913
    2355       7.1809
    2356       7.0824
    2357       7.1255
    2358       7.1831
    2359       7.0192
    2360       7.1126
    2361       7.4445
    2362       7.4091
    2363       7.3770
    2364       7.2001
    2365       7.2347
    2366       7.0316
    2367       6.7651
    2368       6.9918
    2369       7.1936
    2370       7.1310
    2371       7.1246
    2372       7.1255
    2373       7.2349
    2374       7.4722
    2375       7.6360
    2376       7.0524
    2377       7.0723
    2378       7.2841
    2379       6.6717
    2380       7.5109
    2381       7.0867
    2382       6.7897
    2383       6.9157
    2384       7.2773
    2385       7.1265
    2386       7.1764
    2387       6.9120
    2388       6.8729
    2389       6.7909
    2390       7.0933
    2391       7.0546
    2392       6.9657
    2393       7.5039
    2394       7.3333
    2395       7.3586
    2396       7.3377
    2397       7.1625
    2398       6.9246
    2399       7.1597
    2400       6.9319
    2401       7.0373
    2402       7.1979
    2403       7.6202
    2404       7.1109
    2405       7.8639
    2406       7.4983
    2407       7.0527
    2408       7.2770
    2409       7.6099
    2410       7.4008
    2411       6.9504
    2412       7.3277
    2413       7.2670
    2414       7.2162
    2415       7.2716
    2416       7.1755
    2417       7.0393
    2418       7.0474
    2419       7.3512
    2420       7.1540
    2421       7.4487
    2422       7.0528
    2423       7.2079
    2424       6.8876
    2425       7.0789
    2426       6.8665
    2427       7.2329
    2428       7.1312
    2429       7.1698
    2430       7.1062
    2431       7.6853
    2432       6.9650
    2433       7.3742
    2434       6.8699
    2435       6.8880
    2436       6.7887
    2437       7.0628
    2438       7.3562
    2439       7.3471
    2440       7.2158
    2441       6.9399
    2442       6.9439
    2443       6.8799
    2444       7.4487
    2445       7.0700
    2446       6.9584
    2447       7.2836
    2448       7.1103
    2449       6.9825
    2450       7.2215
    2451       6.9174
    2452       6.9656
    2453       6.9959
    2454       6.8332
    2455       6.8952
    2456       7.0913
    2457       7.2292
    2458       7.1089
    2459       7.2463
    2460       7.1765
    2461       7.1792
    2462       7.3425
    2463       7.5580
    2464       7.2619
    2465       7.0197
    2466       7.1784
    2467       6.8796
    2468       7.1022
    2469       7.0497
    2470       7.0444
    2471       6.5858
    2472       7.2153
    2473       7.0171
    2474       7.2673
    2475       7.3056
    2476       7.2152
    2477       7.0664
    2478       7.2444
    2479       7.0358
    2480       7.2491
    2481       7.0860
    2482       7.3037
    2483       7.1054
    2484       7.1851
    2485       7.1963
    2486       7.0809
    2487       6.9538
    2488       7.0628
    2489       7.1548
    2490       7.5036
    2491       7.7774
    2492       7.1618
    2493       7.3019
    2494       7.1213
    2495       7.3286
    2496       7.4830
    2497       7.1121
    2498       7.2029
    2499       7.7089
    2500       8.0819
    2501       8.0622
    2502       7.5442
    2503       7.2054
    2504       7.6473
    2505       7.6526
    2506       7.4484
    2507       7.2281
    2508       6.9449
    2509       6.8470
    2510       6.8543
    2511       7.0975
    2512       6.8004
    2513       7.1557
    2514       7.0850
    2515       6.8805
    2516       7.2889
    2517       7.3493
    2518       7.4252
    2519       7.1186
    2520       7.3303
    2521       7.1798
    2522       6.5341
    2523       7.4291
    2524       6.8017
    2525       7.0354
    2526       7.0282
    2527       7.3272
    2528       6.9334
    2529       6.9231
    2530       6.7479
    2531       6.6808
    2532       6.4466
    2533       7.1825
    2534       6.8483
    2535       7.1691
    2536       6.8876
    2537       6.6627
    2538       6.7470
    2539       7.2466
    2540       7.2488
    2541       7.2572
    2542       7.1071
    2543       6.9594
    2544       7.1015
    2545       6.9666
    2546       6.6606
    2547       7.0586
    2548       7.1629
    2549       6.8248
    2550       6.9158
    2551       7.4979
    2552       7.5168
    2553       7.5620
    2554       7.4993
    2555       7.5251
    2556       7.6212
    2557       7.7511
    2558       6.9828
    2559       7.4329
    2560       7.9182
    2561       7.5040
    2562       7.2849
    2563       7.5611
    2564       7.3727
    2565       7.5971
    2566       7.8939
    2567       7.6084
    2568       7.8950
    2569       7.7235
    2570       7.5814
    2571       7.4640
    2572       7.4308
    2573       7.3758
    2574       7.9098
    2575       7.5179
    2576       6.7999
    2577       7.7655
    2578       7.8602
    2579       7.5178
    2580       7.4726
    2581       7.4195
    2582       7.0650
    2583       7.8332
    2584       7.7543
    2585       7.5891
    2586       7.4432
    2587       8.0494
    2588       7.9536
    2589       8.1953
    2590       7.7064
    2591       7.4129
    2592       7.4724
    2593       7.3220
    2594       7.9571
    2595       7.6775
    2596       7.9052
    2597       8.1033
    2598       7.8533
    2599       7.6409
    2600       8.1802
    2601       7.9335
    2602       8.0557
    2603       7.9583
    2604       7.9123
    2605       7.9910
    2606       7.9520
    2607       8.0945
    2608       7.8036
    2609       7.6510
    2610       8.0854
    2611       7.8290
    2612       7.5956
    2613       7.4263
    2614       7.3786
    2615       7.8780
    2616       7.9071
    2617       8.4710
    2618       8.4747
    2619       8.0353
    2620       7.9573
    2621       7.8400
    2622       7.5916
    2623       7.9980
    2624       8.0200
    2625       8.2267
    2626       7.8806
    2627       7.9575
    2628       7.7619
    2629       8.0002
    2630       8.2273
    2631       8.6516
    2632       7.7494
    2633       8.0736
    2634       8.1176
    2635       8.3801
    2636       8.7700
    2637       7.8490
    2638       7.8511
    2639       8.0612
    2640       8.3135
    2641       7.8395
    2642       8.2422
    2643       7.9763
    2644       7.9572
    2645       7.8183
    2646       7.8600
    2647       8.0555
    2648       7.6398
    2649       7.8039
    2650       7.6988
    2651       7.6796
    2652       8.2238
    2653       7.7346
    2654       7.4009
    2655       7.6894
    2656       7.1133
    2657       7.3421
    2658       7.8482
    2659       8.5912
    2660       7.7569
    2661       7.6352
    2662       7.0189
    2663       7.7185
    2664       7.8434
    2665       7.1376
    2666       7.4735
    2667       7.6144
    2668       7.2920
    2669       7.4694
    2670       7.5145
    2671       7.5736
    2672       7.8812
    2673       7.9216
    2674       7.7290
    2675       7.3014
    2676       7.7491
    2677       7.7462
    2678       7.4113
    2679       7.5454
    2680       7.0857
    2681       7.3674
    2682       7.2452
    2683       7.4264
    2684       7.4543
    2685       7.0791
    2686       7.8397
    2687       7.7133
    2688       7.7112
    2689       7.7474
    2690       7.1252
    2691       7.6068
    2692       7.5540
    2693       7.3984
    2694       7.4810
    2695       7.4210
    2696       7.7420
    2697       7.3558
    2698       7.6675
    2699       7.4894
    2700       7.2715
    2701       7.3681
    2702       7.2506
    2703       7.7031
    2704       7.4521
    2705       7.2593
    2706       6.9903
    2707       7.5943
    2708       7.7768
    2709       7.4573
    2710       7.5973
    2711       7.3019
    2712       7.3580
    2713       7.9345
    2714       7.4382
    2715       7.2696
    2716       7.5043
    2717       7.5863
    2718       7.1298
    2719       7.2476
    2720       7.7579
    2721       7.7795
    2722       7.2557
    2723       7.5727
    2724       7.4369
    2725       7.1047
    2726       7.4105
    2727       7.6107
    2728       7.6802
    2729       7.9184
    2730       7.3301
    2731       7.5204
    2732       7.4728
    2733       7.6394
    2734       7.3345
    2735       7.6636
    2736       7.4167
    2737       7.4008
    2738       7.2871
    2739       7.6029
    2740       7.3550
    2741       7.2983
    2742       7.6548
    2743       7.4989
    2744       7.3290
    2745       7.6508
    2746       7.1782
    2747       7.4222
    2748       7.5033
    2749       7.1490
    2750       6.8920
    2751       7.2955
    2752       7.2076
    2753       7.3768
    2754       7.2265
    2755       7.5237
    2756       7.3016
    2757       7.6120
    2758       7.4682
    2759       7.6151
    2760       7.5938
    2761       7.5061
    2762       7.4614
    2763       7.8462
    2764       7.6574
    2765       7.3435
    2766       7.4443
    2767       7.4901
    2768       7.0424
    2769       7.0543
    2770       7.5633
    2771       7.4448
    2772       7.0111
    2773       6.9418
    2774       7.3130
    2775       7.1942
    2776       7.3761
    2777       7.0645
    2778       7.2470
    2779       7.0907
    2780       7.5182
    2781       7.2661
    2782       6.9244
    2783       7.7521
    2784       7.3366
    2785       7.3376
    2786       7.6606
    2787       7.2412
    2788       7.2625
    2789       7.1584
    2790       7.6014
    2791       7.4947
    2792       7.5830
    2793       7.3601
    2794       7.3735
    2795       7.7500
    2796       7.6635
    2797       7.4757
    2798       7.5738
    2799       7.5097
    2800       7.2509
    2801       7.2200
    2802       7.6798
    2803       7.6015
    2804       7.4551
    2805       7.4100
    2806       7.3258
    2807       7.3784
    2808       7.4139
    2809       7.5433
    2810       7.0479
    2811       7.2512
    2812       6.5983
    2813       7.0419
    2814       6.7682
    2815       7.4704
    2816       7.3784
    2817       7.1960
    2818       7.3013
    2819       7.2051
    2820       7.2696
    2821       7.2499
    2822       7.0129
    2823       7.5296
    2824       7.7408
    2825       7.9176
    2826       7.3027
    2827       7.3621
    2828       7.1421
    2829       6.9832
    2830       7.3668
    2831       7.2800
    2832       7.2170
    2833       7.4258
    2834       7.6432
    2835       7.4802
    2836       7.3054
    2837       7.3121
    2838       7.0055
    2839       7.7061
    2840       7.4646
    2841       7.7133
    2842       7.4066
    2843       7.2480
    2844       7.4171
    2845       7.2985
    2846       7.0336
    2847       6.6995
    2848       6.8837
    2849       7.5882
    2850       7.2806
    2851       7.0486
    2852       6.9631
    2853       7.0053
    2854       7.5786
    2855       7.2910
    2856       7.4217
    2857       7.4146
    2858       7.4960
    2859       7.4254
    2860       6.8695
    2861       7.1027
    2862       7.8931
    2863       7.9665
    2864       7.4241
    2865       7.2969
    2866       7.8181
    2867       7.3108
    2868       7.5320
    2869       7.3676
    2870       7.3684
    2871       7.1554
    2872       7.5064
    2873       7.1232
    2874       7.5873
    2875       6.7544
    2876       7.3307
    2877       7.2312
    2878       7.1790
    2879       7.3165
    2880       7.3478
    2881       7.4895
    2882       7.4333
    2883       7.0514
    2884       7.4209
    2885       7.6069
    2886       7.6191
    2887       7.4714
    2888       7.6968
    2889       7.4619
    2890       7.5513
    2891       7.4469
    2892       7.2136
    2893       7.2487
    2894       7.7777
    2895       7.5040
    2896       7.9587
    2897       7.4169
    2898       6.9818
    2899       7.6926
    2900       6.9637
    2901       7.3481
    2902       7.2091
    2903       7.0657
    2904       7.5515
    2905       7.0102
    2906       7.0505
    2907       7.3201
    2908       7.1131
    2909       7.1358
    2910       7.1965
    2911       6.8815
    2912       7.1313
    2913       7.1021
    2914       6.8469
    2915       6.9452
    2916       7.0668
    2917       7.3300
    2918       7.7239
    2919       6.7897
    2920       7.2723
    2921       7.5609
    2922       7.1055
    2923       6.8242
    2924       7.5178
    2925       7.6077
    2926       7.5627
    2927       7.4817
    2928       7.2650
    2929       7.0148
    2930       6.7233
    2931       6.8550
    2932       6.6447
    2933       6.9214
    2934       6.3655
    2935       7.1660
    2936       7.0112
    2937       6.9039
    2938       7.1269
    2939       7.1435
    2940       7.1909
    2941       7.1697
    2942       7.0447
    2943       7.2891
    2944       7.1239
    2945       7.2232
    2946       6.9201
    2947       6.9636
    2948       6.6618
    2949       7.0080
    2950       6.9829
    2951       7.0323
    2952       6.7839
    2953       7.1861
    2954       6.9506
    2955       7.6504
    2956       7.4783
    2957       7.4800
    2958       7.3251
    2959       7.2916
    2960       7.3331
    2961       7.6312
    2962       7.4445
    2963       7.5910
    2964       7.0233
    2965       6.9092
    2966       6.9588
    2967       7.1468
    2968       7.3001
    2969       7.1058
    2970       7.1661
    2971       7.2340
    2972       7.2206
    2973       7.5718
    2974       7.2725
    2975       7.3851
    2976       7.4038
    2977       7.2608
    2978       7.2093
    2979       7.4086
    2980       7.0227
    2981       7.0038
    2982       6.9267
    2983       6.8633
    2984       7.2010
    2985       7.2614
    2986       7.2046
    2987       7.1812
    2988       7.1438
    2989       6.4335
    2990       7.0026
    2991       7.1485
    2992       7.2693
    2993       7.0794
    2994       7.5136
    2995       7.2374
    2996       7.1132
    2997       6.8368
    2998       6.8927
    2999       7.2400
    3000       6.9313
    3001       6.9531
    3002       7.2319
    3003       7.2907
    3004       6.9766
    3005       7.3310
    3006       7.2441
    3007       6.8631
    3008       6.9364
    3009       6.9494
    3010       6.7548
    3011       6.8594
    3012       7.1996
    3013       7.0705
    3014       6.9618
    3015       6.8142
    3016       7.1018
    3017       7.0818
    3018       6.9783
    3019       6.8281
    3020       6.6606
    3021       7.1087
    3022       6.8396
    3023       6.7766
    3024       6.8557
    3025       6.8043
    3026       7.1654
    3027       7.1183
    3028       7.7882
    3029       6.4644
    3030       6.9148
    3031       6.0727
    3032       6.6637
    3033       7.1632
    3034       6.4965
    3035       6.6850
    3036       6.7774
    3037       6.6525
    3038       6.9240
    3039       6.4522
    3040       6.9945
    3041       6.9018
    3042       6.6893
    3043       6.8974
    3044       6.6624
    3045       6.6580
    3046       6.4221
    3047       6.4707
    3048       6.1613
    3049       6.8948
    3050       6.7406
    3051       6.3350
    3052       6.7141
    3053       6.5492
    3054       6.8049
    3055       7.3004
    3056       7.1214
    3057       7.1112
    3058       7.7431
    3059       7.1427
    3060       6.7747
    3061       7.1848
    3062       7.1190
    3063       7.1768
    3064       7.0004
    3065       6.7593
    3066       6.6954
    3067       6.7644
    3068       6.3740
    3069       6.9775
    3070       6.2288
    3071       6.4674
    3072       7.2186
    3073       6.6532
    3074       6.9621
    3075       6.9522
    3076       6.4539
    3077       7.6765
    3078       7.8066
    3079       7.9121
    3080       7.4998
    3081       7.4067
    3082       6.2415
    3083       7.2536
    3084       7.0943
    3085       6.2729
    3086       7.2562
    3087       7.1845
    3088       6.2447
    3089       6.7790
    3090       6.6624
    3091       7.1282
    3092       6.6785
    3093       6.3440
    3094       6.4146
    3095       6.9999
    3096       6.4938
    3097       5.7864
    3098       5.5964
    3099       6.4272
    3100       6.3698
    3101       6.4366
    3102       6.5717
    3103       6.3399
    3104       6.3958
    3105       7.0539
    3106       6.7114
    3107       6.2616
    3108       6.7565
    3109       6.6993
    3110       6.5878
    3111       5.8880
    3112       6.4294
    3113       6.5994
    3114       6.8649
    3115       6.8514
    3116       6.2808
    3117       6.4411
    3118       6.8380
    3119       6.7255
    3120       7.0639
    3121       7.0578
    3122       6.8830
    3123       6.8557
    3124       6.8807
    3125       7.1787
    3126       6.9852
    3127       7.0483
    3128       6.8440
    3129       6.8197
    3130       6.8767
    3131       6.4040
    3132       7.3948
    3133       6.7989
    3134       7.1525
    3135       7.0920
    3136       7.1416
    3137       6.5592
    3138       7.2598
    3139       6.6592
    3140       6.8542
    3141       7.2174
    3142       6.9510
    3143       6.9808
    3144       6.5597
    3145       6.7289
    3146       6.7376
    3147       6.6453
    3148       7.1224
    3149       6.9011
    3150       6.7653
    3151       6.7442
    3152       6.9449
    3153       6.7928
    3154       6.8482
    3155       6.6697
    3156       6.7149
    3157       6.7475
    3158       6.7810
    3159       7.0568
    3160       7.1544
    3161       6.8208
    3162       6.7890
    3163       6.5452
    3164       6.7948
    3165       6.2557
    3166       6.7262
    3167       7.3434
    3168       6.9470
    3169       6.8067
    3170       7.1444
    3171       6.8764
    3172       7.3450
    3173       6.7905
    3174       7.1689
    3175       6.6827
    3176       6.6341
    3177       7.2018
    3178       7.1843
    3179       7.1112
    3180       7.2760
    3181       7.1886
    3182       7.2445
    3183       7.1261
    3184       7.5042
    3185       7.0814
    3186       6.9828
    3187       6.8754
    3188       7.2729
    3189       6.2299
    3190       7.1569
    3191       7.3500
    3192       6.9677
    3193       7.4034
    3194       7.2991
    3195       7.2892
    3196       7.3136
    3197       6.8056
    3198       6.8864
    3199       7.4044
    3200       6.8488
    3201       7.0624
    3202       7.0248
    3203       7.4142
    3204       6.9311
    3205       6.4232
    3206       6.7297
    3207       7.0993
    3208       7.0274
    3209       6.8755
    3210       6.9759
    3211       7.4367
    3212       6.7743
    3213       7.1126
    3214       7.1549
    3215       7.0534
    3216       6.7793
    3217       7.0577
    3218       6.4361
    3219       6.8991
    3220       6.6449
    3221       6.8637
    3222       7.3202
    3223       6.8783
    3224       7.0023
    3225       6.9252
    3226       7.0236
    3227       7.0325
    3228       7.3266
    3229       7.1886
    3230       7.2713
    3231       7.0758
    3232       7.4196
    3233       7.6644
    3234       7.5384
    3235       7.0707
    3236       7.4165
    3237       7.0181
    3238       7.3175
    3239       7.3203
    3240       7.3906
    3241       7.5546
    3242       7.3146
    3243       7.6840
    3244       7.2019
    3245       7.4584
    3246       7.2745
    3247       7.6135
    3248       7.4513
    3249       7.4259
    3250       7.4662
    3251       7.3187
    3252       7.8985
    3253       7.0769
    3254       6.9698
    3255       7.0960
    3256       7.2799
    3257       7.2667
    3258       6.7059
    3259       7.2821
    3260       7.0852
    3261       6.8281
    3262       6.8713
    3263       7.1304
    3264       6.9659
    3265       7.1375
    3266       6.6404
    3267       6.5377
    3268       7.0338
    3269       6.7522
    3270       6.9124
    3271       7.3857
    3272       7.0908
    3273       7.2240
    3274       7.3387
    3275       7.2301
    3276       7.4454
    3277       7.5418
    3278       7.0134
    3279       6.9809
    3280       7.1597
    3281       7.2897
    3282       7.4708
    3283       7.1649
    3284       7.2733
    3285       7.0677
    3286       7.3129
    3287       6.4842
    3288       7.1525
    3289       7.1761
    3290       7.1650
    3291       7.0483
    3292       6.9766
    3293       7.5771
    3294       7.5338
    3295       7.0536
    3296       7.3854
    3297       7.0571
    3298       6.9633
    3299       6.9354
    3300       7.3991
    3301       7.2422
    3302       6.9108
    3303       7.0376
    3304       7.2571
    3305       6.9983
    3306       6.9403
    3307       7.3130
    3308       6.9005
    3309       7.2689
    3310       7.3945
    3311       6.9338
    3312       7.0761
    3313       7.2141
    3314       7.3253
    3315       7.1607
    3316       7.4302
    3317       7.3537
    3318       7.1964
    3319       7.3047
    3320       7.1670
    3321       7.1362
    3322       7.3761
    3323       7.4221
    3324       7.3451
    3325       7.3800
    3326       7.1205
    3327       7.4092
    3328       6.9392
    3329       7.3874
    3330       7.0228
    3331       7.2063
    3332       7.1299
    3333       7.3256
    3334       7.5841
    3335       7.4763
    3336       7.2178
    3337       7.3659
    3338       7.3934
    3339       7.9482
    3340       7.5712
    3341       7.3346
    3342       7.4822
    3343       7.2797
    3344       7.4123
    3345       7.2865
    3346       6.9266
    3347       7.5064
    3348       7.4030
    3349       7.2419
    3350       7.8391
    3351       7.3267
    3352       7.4836
    3353       7.1873
    3354       6.9412
    3355       6.9276
    3356       7.1715
    3357       6.9423
    3358       7.0223
    3359       7.2434
    3360       7.2064
    3361       7.2403
    3362       7.2312
    3363       6.8400
    3364       6.8885
    3365       6.8810
    3366       7.1011
    3367       7.4787
    3368       7.2001
    3369       7.3464
    3370       6.8925
    3371       7.2229
    3372       7.1857
    3373       6.6976
    3374       7.1764
    3375       7.0698
    3376       7.2926
    3377       7.2555
    3378       6.7158
    3379       7.4520
    3380       7.1926
    3381       6.6590
    3382       7.0477
    3383       7.4270
    3384       6.7862
    3385       6.7863
    3386       7.0342
    3387       7.2822
    3388       7.2384
    3389       7.1376
    3390       7.0204
    3391       7.3780
    3392       6.9672
    3393       7.0337
    3394       6.8953
    3395       7.0236
    3396       7.3742
    3397       7.0082
    3398       6.8932
    3399       7.1777
    3400       7.4913
    3401       7.3719
    3402       7.3611
    3403       7.5849
    3404       7.2452
    3405       6.9425
    3406       6.9430
    3407       7.2946
    3408       7.4465
    3409       6.5786
    3410       7.2904
    3411       7.1031
    3412       6.8515
    3413       7.2237
    3414       7.1488
    3415       7.4873
    3416       7.2794
    3417       7.2469
    3418       7.2231
    3419       7.3579
    3420       7.0842
    3421       7.3731
    3422       6.8687
    3423       7.3664
    3424       7.2462
    3425       7.2513
    3426       7.1090
    3427       7.3961
    3428       7.0950
    3429       7.2203
    3430       7.4488
    3431       6.6997
    3432       6.7386
    3433       6.8622
    3434       6.6761
    3435       7.1804
    3436       6.9528
    3437       7.0167
    3438       7.0181
    3439       7.4438
    3440       7.0441
    3441       7.1279
    3442       6.5145
    3443       7.4430
    3444       7.0322
    3445       7.0607
    3446       6.9352
    3447       6.7863
    3448       6.9948
    3449       6.6690
    3450       6.9791
    3451       6.3133
    3452       6.9504
    3453       7.0492
    3454       6.5723
    3455       7.4310
    3456       7.2023
    3457       6.4843
    3458       6.8408
    3459       7.2410
    3460       7.4994
    3461       6.3813
    3462       7.1344
    3463       7.3325
    3464       7.3345
    3465       6.6440
    3466       6.9797
    3467       7.1514
    3468       7.2248
    3469       7.0876
    3470       6.7132
    3471       6.2108
    3472       6.5921
    3473       6.4733
    3474       7.2052
    3475       7.3573
    3476       6.6837
    3477       6.8394
    3478       6.8608
    3479       7.5634
    3480       6.9854
    3481       7.2675
    3482       6.7635
    3483       6.8330
    3484       6.9962
    3485       7.3583
    3486       7.0206
    3487       6.6009
    3488       7.2655
    3489       7.0935
    3490       7.0375
    3491       7.2043
    3492       7.2623
    3493       7.3950
    3494       7.1297
    3495       7.3177
    3496       7.3795
    3497       7.2546
    3498       6.9646
    3499       7.4243
    3500       7.1242
    3501       7.2413
    3502       6.8440
    3503       7.2148
    3504       7.4758
    3505       7.1814
    3506       6.5689
    3507       7.4484
    3508       6.8742
    3509       6.8314
    3510       7.4749
    3511       7.2344
    3512       7.2626
    3513       6.9086
    3514       6.8932
    3515       6.8910
    3516       6.6009
    3517       7.2512
    3518       7.6125
    3519       7.0052
    3520       7.0589
    3521       6.8270
    3522       6.6906
    3523       7.1888
    3524       6.9914
    3525       6.7570
    3526       7.0488
    3527       7.3254
    3528       6.9694
    3529       7.2154
    3530       6.9635
    3531       7.0985
    3532       6.5821
    3533       7.3402
    3534       6.7310
    3535       7.2366
    3536       6.8341
    3537       6.6573
    3538       6.8193
    3539       7.2396
    3540       7.3661
    3541       7.1521
    3542       7.2570
    3543       6.8196
    3544       7.3940
    3545       7.3868
    3546       6.9746
    3547       6.6436
    3548       7.1628
    3549       7.1121
    3550       7.0671
    3551       7.2398
    3552       7.1654
    3553       6.8895
    3554       7.0693
    3555       6.9170
    3556       6.9862
    3557       6.9509
    3558       6.6099
    3559       6.6531
    3560       6.8370
    3561       6.2391
    3562       6.9041
    3563       7.3463
    3564       7.0672
    3565       6.9712
    3566       6.8649
    3567       6.6837
    3568       6.8447
    3569       6.5580
    3570       7.1512
    3571       7.4130
    3572       6.9112
    3573       7.1300
    3574       7.2890
    3575       6.8622
    3576       6.8946
    3577       6.9978
    3578       6.7586
    3579       6.5288
    3580       7.1715
    3581       6.9532
    3582       6.8431
    3583       7.2900
    3584       7.6559
    3585       7.4122
    3586       7.1333
    3587       7.2709
    3588       7.0197
    3589       7.3441
    3590       7.7245
    3591       7.0692
    3592       7.2610
    3593       7.5448
    3594       7.4173
    3595       7.2660
    3596       7.1143
    3597       6.4256
    3598       6.7223
    3599       6.5086
    3600       7.3186
    3601       7.0004
    3602       7.1718
    3603       7.1750
    3604       6.8283
    3605       6.7316
    3606       7.2003
    3607       7.2229
    3608       7.5316
    3609       7.1671
    3610       7.1293
    3611       6.7094
    3612       7.5007
    3613       7.3881
    3614       6.8753
    3615       6.9401
    3616       7.0165
    3617       7.4364
    3618       7.6637
    3619       7.0825
    3620       7.1590
    3621       7.2703
    3622       6.9006
    3623       7.2229
    3624       7.3027
    3625       6.9479
    3626       7.1550
    3627       7.2026
    3628       7.1010
    3629       7.1559
    3630       7.0401
    3631       7.1440
    3632       7.3803
    3633       7.0930
    3634       7.3486
    3635       7.3886
    3636       7.2403
    3637       7.3973
    3638       7.5389
    3639       6.9862
    3640       6.9375
    3641       7.2669
    3642       7.0307
    3643       6.7239
    3644       7.2332
    3645       7.0925
    3646       7.7253
    3647       7.2772
    3648       7.5346
    3649       7.6263
    3650       7.1722
    3651       7.8303
    3652       7.2276
    3653       7.4812
    3654       7.6159
    3655       7.0232
    3656       7.2003
    3657       7.3526
    3658       7.0985
    3659       7.7176
    3660       7.5851
    3661       7.3360
    3662       7.2272
    3663       7.4329
    3664       7.1430
    3665       6.9279
    3666       7.0660
    3667       7.2186
    3668       7.4875
    3669       6.7151
    3670       7.0364
    3671       6.8562
    3672       6.9722
    3673       7.1905
    3674       6.5262
    3675       7.2836
    3676       6.4165
    3677       7.2878
    3678       7.1003
    3679       6.5271
    3680       6.9944
    3681       6.6950
    3682       6.8898
    3683       7.1510
    3684       6.8350
    3685       7.1226
    3686       6.5830
    3687       6.9929
    3688       6.8997
    3689       7.1323
    3690       6.7805
    3691       6.8118
    3692       7.1986
    3693       7.1247
    3694       7.2928
    3695       7.4094
    3696       7.2216
    3697       7.0967
    3698       7.2905
    3699       6.8223
    3700       6.8753
    3701       6.9713
    3702       7.1602
    3703       6.6360
    3704       7.0633
    3705       7.3538
    3706       6.8818
    3707       6.8869
    3708       6.6481
    3709       7.1110
    3710       6.8430
    3711       6.9337
    3712       6.9709
    3713       6.8936
    3714       5.9038
    3715       6.7448
    3716       7.2328
    3717       7.3656
    3718       7.3317
    3719       6.8617
    3720       6.9410
    3721       6.7722
    3722       7.0131
    3723       7.3506
    3724       7.2120
    3725       7.4056
    3726       7.0666
    3727       6.9751
    3728       6.8298
    3729       6.9280
    3730       6.7327
    3731       7.1633
    3732       7.0946
    3733       7.1597
    3734       6.5113
    3735       7.2081
    3736       7.2207
    3737       7.0184
    3738       6.4746
    3739       7.3024
    3740       7.1592
    3741       7.0822
    3742       6.8018
    3743       7.0803
    3744       7.1040
    3745       6.9379
    3746       6.9583
    3747       7.3283
    3748       7.3149
    3749       7.3313
    3750       7.5100
    3751       7.3727
    3752       7.4476
    3753       7.3404
    3754       7.1883
    3755       7.2575
    3756       7.4274
    3757       6.9843
    3758       6.8352
    3759       6.9279
    3760       7.0670
    3761       7.0819
    3762       7.0314
    3763       6.8758
    3764       6.9671
    3765       7.1291
    3766       7.0989
    3767       6.8930
    3768       7.2914
    3769       7.0044
    3770       6.8111
    3771       7.3235
    3772       7.5482
    3773       7.3323
    3774       7.1803
    3775       7.3319
    3776       7.3285
    3777       7.2058
    3778       7.2640
    3779       7.6797
    3780       7.3552
    3781       6.9478
    3782       6.7643
    3783       6.9703
    3784       7.0127
    3785       7.5119
    3786       6.9099
    3787       7.3286
    3788       7.6038
    3789       7.2692
    3790       7.1961
    3791       7.0164
    3792       6.7830
    3793       7.0946
    3794       7.3114
    3795       7.4713
    3796       6.9722
    3797       7.8245
    3798       7.0213
    3799       7.3535
    3800       7.1678
    3801       6.8057
    3802       7.2585
    3803       7.4420
    3804       6.8949
    3805       7.2111
    3806       7.2341
    3807       7.6593
    3808       6.7343
    3809       6.9023
    3810       7.0448
    3811       7.1891
    3812       7.2899
    3813       6.7090
    3814       7.3360
    3815       7.3347
    3816       7.0836
    3817       6.9656
    3818       7.0735
    3819       7.2513
    3820       7.0809
    3821       7.0192
    3822       6.7617
    3823       7.0208
    3824       6.9968
    3825       7.3741
    3826       6.9465
    3827       7.1513
    3828       7.1154
    3829       7.1209
    3830       7.1333
    3831       7.1224
    3832       7.1081
    3833       7.2633
    3834       7.0127
    3835       6.9270
    3836       7.0072
    3837       7.4766
    3838       7.1077
    3839       6.6645
    3840       7.5232
    3841       6.9397
    3842       7.3826
    3843       7.3944
    3844       6.9697
    3845       7.4485
    3846       6.9503
    3847       6.8751
    3848       7.1485
    3849       6.7988
    3850       6.8497
    3851       7.5604
    3852       6.9279
    3853       7.1770
    3854       6.5790
    3855       6.6461
    3856       6.8526
    3857       6.4693
    3858       7.0374
    3859       7.3135
    3860       7.2300
    3861       7.1621
    3862       7.0325
    3863       6.5985
    3864       7.2163
    3865       7.3323
    3866       6.9501
    3867       6.8846
    3868       7.2706
    3869       7.1488
    3870       7.2514
    3871       7.3105
    3872       7.1200
    3873       6.7775
    3874       7.1187
    3875       6.9196
    3876       6.5885
    3877       7.1294
    3878       7.1756
    3879       7.1484
    3880       7.3347
    3881       7.2869
    3882       6.5807
    3883       7.3637
    3884       7.3180
    3885       7.0897
    3886       7.0294
    3887       7.0567
    3888       7.1954
    3889       6.7541
    3890       7.2717
    3891       7.1176
    3892       6.9696
    3893       7.0956
    3894       7.2808
    3895       7.4136
    3896       6.9340
    3897       7.6432
    3898       6.9192
    3899       7.2882
    3900       6.8321
    3901       7.3951
    3902       7.1965
    3903       7.4572
    3904       7.0779
    3905       7.3463
    3906       6.5579
    3907       7.0978
    3908       7.3575
    3909       6.8950
    3910       7.1636
    3911       6.5119
    3912       7.2812
    3913       7.0711
    3914       7.1555
    3915       6.8584
    3916       7.0532
    3917       7.2756
    3918       7.1135
    3919       6.6868
    3920       6.6623
    3921       7.2937
    3922       7.1543
    3923       6.8335
    3924       7.0354
    3925       7.2363
    3926       6.7685
    3927       7.3217
    3928       7.4459
    3929       7.0956
    3930       6.7265
    3931       6.5524
    3932       7.2026
    3933       7.1834
    3934       7.2264
    3935       6.9763
    3936       6.8317
    3937       7.1568
    3938       6.9874
    3939       6.8858
    3940       6.8457
    3941       6.9554
    3942       6.9801
    3943       6.9170
    3944       7.1267
    3945       7.1269
    3946       7.0694
    3947       6.1567
    3948       6.4163
    3949       7.0118
    3950       7.4115
    3951       6.4245
    3952       6.7888
    3953       7.1882
    3954       7.0380
    3955       6.7348
    3956       7.0327
    3957       6.9026
    3958       6.6864
    3959       6.2684
    3960       6.7720
    3961       6.7762
    3962       6.7217
    3963       6.8257
    3964       6.5510
    3965       6.2382
    3966       6.7532
    3967       6.8543
    3968       7.1703
    3969       6.8192
    3970       7.0755
    3971       6.9999
    3972       7.0746
    3973       7.1268
    3974       7.0760
    3975       7.1445
    3976       6.7668
    3977       7.3235
    3978       6.6149
    3979       6.6553
    3980       6.4147
    3981       7.1173
    3982       6.7282
    3983       6.7317
    3984       6.3484
    3985       6.3888
    3986       6.8686
    3987       7.6161
    3988       7.1939
    3989       6.7791
    3990       6.5142
    3991       7.0636
    3992       6.6963
    3993       6.5395
    3994       6.8385
    3995       6.7660
    3996       6.8578
    3997       7.1818
    3998       6.8764
    3999       7.4077
    4000       6.4277
    4001       7.1152
    4002       6.1876
    4003       6.9093
    4004       7.1840
    4005       6.9003
    4006       6.8766
    4007       7.0565
    4008       6.7679
    4009       7.0679
    4010       6.8697
    4011       6.4388
    4012       6.9482
    4013       6.9326
    4014       6.7266
    4015       6.7427
    4016       7.1318
    4017       6.8324
    4018       7.3017
    4019       6.9361
    4020       6.9304
    4021       7.0646
    4022       6.2211
    4023       6.8271
    4024       7.0189
    4025       7.1847
    4026       6.9164
    4027       6.6889
    4028       6.7743
    4029       6.9285
    4030       6.6312
    4031       6.9023
    4032       6.7293
    4033       6.9753
    4034       7.1915
    4035       7.1371
    4036       7.1336
    4037       7.1277
    4038       7.0232
    4039       7.4341
    4040       7.2080
    4041       6.6052
    4042       6.8094
    4043       6.8079
    4044       6.8597
    4045       6.5330
    4046       6.5454
    4047       7.0210
    4048       7.1618
    4049       7.0425
    4050       6.8994
    4051       6.9281
    4052       7.0496
    4053       7.2217
    4054       7.3699
    4055       7.2000
    4056       7.0546
    4057       6.8705
    4058       6.5823
    4059       7.1544
    4060       7.4042
    4061       7.0353
    4062       7.1505
    4063       7.3097
    4064       7.1300
    4065       6.9306
    4066       7.1371
    4067       7.2015
    4068       6.8910
    4069       6.9290
    4070       7.1125
    4071       7.2603
    4072       7.2950
    4073       6.8821
    4074       7.2015
    4075       7.2597
    4076       7.1930
    4077       7.1931
    4078       7.0312
    4079       7.0649
    4080       7.5238
    4081       6.8916
    4082       7.1277
    4083       7.7291
    4084       7.5090
    4085       7.3886
    4086       7.3692
    4087       7.6440
    4088       7.0362
    4089       6.6560
    4090       7.4496
    4091       7.5343
    4092       7.3567
    4093       6.7923
    4094       7.2835
    4095       7.5533
    4096       7.2375
    4097       7.3034
    4098       7.2129
    4099       7.7111
    4100       7.4396
