#Frame        ToFirst
       1      19.2834
       2      18.7608
       3      17.9282
       4      18.4787
       5      19.2308
       6      18.5523
       7      18.2517
       8      18.4505
       9      18.1447
      10      19.0253
      11      19.1233
      12      18.7096
      13      18.4303
      14      18.9517
      15      19.0085
      16      19.1947
      17      18.4277
      18      18.8667
      19      18.8641
      20      18.6864
      21      18.9574
      22      19.4173
      23      19.1263
      24      18.9655
      25      18.8517
      26      19.3863
      27      19.1845
      28      19.1345
      29      18.9336
      30      19.0622
      31      19.0638
      32      19.3849
      33      19.2956
      34      19.2737
      35      18.3946
      36      19.1797
      37      19.1319
      38      18.6422
      39      19.0744
      40      18.2611
      41      18.2707
      42      19.6257
      43      19.7308
      44      19.9825
      45      18.9882
      46      19.2655
      47      19.1595
      48      19.1691
      49      18.8205
      50      18.5706
      51      18.1400
      52      18.4350
      53      17.6639
      54      17.9693
      55      17.5787
      56      18.7069
      57      18.3724
      58      18.8708
      59      19.1750
      60      18.4736
      61      18.7981
      62      18.7791
      63      18.0394
      64      18.5627
      65      18.7211
      66      19.5271
      67      19.2929
      68      19.2924
      69      19.3186
      70      19.9700
      71      19.6094
      72      19.3221
      73      18.5627
      74      19.1622
      75      19.3374
      76      19.4804
      77      20.3114
      78      19.2142
      79      18.4004
      80      18.8422
      81      19.4680
      82      18.5567
      83      18.9428
      84      18.0652
      85      19.0899
      86      18.6630
      87      18.6826
      88      18.7561
      89      18.3558
      90      18.4960
      91      19.2245
      92      19.0237
      93      18.4687
      94      18.9714
      95      18.5402
      96      18.7090
      97      18.7460
      98      17.9873
      99      18.3822
     100      18.4501
     101      18.7343
     102      18.9044
     103      18.2363
     104      18.2368
     105      18.4094
     106      18.9925
     107      18.7835
     108      20.2754
     109      19.3877
     110      19.3106
     111      18.1469
     112      17.8134
     113      19.1237
     114      19.1365
     115      18.6615
     116      18.5352
     117      19.2421
     118      19.8515
     119      19.3319
     120      18.8128
     121      18.5381
     122      18.5345
     123      17.7596
     124      18.1118
     125      17.9867
     126      18.3304
     127      18.7444
     128      19.3421
     129      19.1125
     130      18.8423
     131      18.8009
     132      19.0367
     133      19.5584
     134      19.8526
     135      19.1560
     136      18.9190
     137      18.9170
     138      20.2577
     139      20.1102
     140      20.5780
     141      20.0978
     142      19.0252
     143      19.7230
     144      18.5532
     145      19.0997
     146      19.5046
     147      19.1522
     148      19.1290
     149      19.3274
     150      20.3647
     151      19.5459
     152      19.2381
     153      19.8069
     154      19.8963
     155      19.5129
     156      18.8218
     157      18.5880
     158      18.7436
     159      19.7148
     160      19.0011
     161      18.4493
     162      18.0090
     163      18.2356
     164      18.6679
     165      18.5526
     166      18.7532
     167      18.8690
     168      19.3673
     169      19.4093
     170      19.0430
     171      19.1545
     172      19.2258
     173      19.2554
     174      18.6750
     175      19.6121
     176      19.7185
     177      19.3608
     178      19.5357
     179      20.0288
     180      19.6576
     181      19.1905
     182      19.7245
     183      18.4687
     184      18.0006
     185      19.0740
     186      18.4126
     187      18.9919
     188      18.8348
     189      19.3329
     190      19.1129
     191      18.5299
     192      18.9167
     193      18.7400
     194      18.1705
     195      19.4541
     196      19.2224
     197      18.6319
     198      19.0918
     199      18.6943
     200      19.2180
     201      18.4860
     202      18.5120
     203      19.8577
     204      19.2954
     205      18.3975
     206      18.9612
     207      19.3910
     208      19.6136
     209      19.4252
     210      19.7143
     211      18.4827
     212      18.4971
     213      18.0940
     214      18.4487
     215      18.4546
     216      18.7098
     217      18.8745
     218      19.5496
     219      20.1707
     220      18.7935
     221      18.8679
     222      19.1558
     223      18.5626
     224      18.9031
     225      18.6122
     226      19.1039
     227      18.1678
     228      18.4065
     229      18.4289
     230      19.2029
     231      19.8896
     232      19.8607
     233      19.7223
     234      18.9955
     235      18.9489
     236      19.6302
     237      19.3885
     238      18.5388
     239      19.5782
     240      20.2431
     241      20.1079
     242      20.1131
     243      20.2762
     244      18.9438
     245      19.4854
     246      19.0194
     247      19.2644
     248      19.0640
     249      19.0919
     250      19.3534
     251      18.9695
     252      19.3250
     253      19.8455
     254      18.5727
     255      18.2511
     256      18.6045
     257      18.1694
     258      18.5727
     259      18.0007
     260      18.1247
     261      17.8446
     262      17.7294
     263      19.0242
     264      20.0943
     265      19.2494
     266      18.8336
     267      19.0903
     268      18.0341
     269      18.7268
     270      18.3560
     271      18.6637
     272      17.9468
     273      18.6056
     274      19.3851
     275      19.9871
     276      18.7792
     277      19.7485
     278      20.1019
     279      19.2171
     280      19.3493
     281      18.9984
     282      18.7545
     283      19.5245
     284      19.0401
     285      19.1213
     286      18.2819
     287      19.1093
     288      18.6640
     289      18.0740
     290      18.2865
     291      18.6607
     292      17.6879
     293      18.5694
     294      18.6798
     295      18.5087
     296      18.3349
     297      18.2054
     298      19.2290
     299      18.1060
     300      19.2033
     301      18.5186
     302      19.2207
     303      18.4999
     304      18.3472
     305      18.5557
     306      19.0260
     307      19.8104
     308      20.5514
     309      20.2288
     310      19.6417
     311      20.0302
     312      18.9619
     313      19.2106
     314      18.9172
     315      18.8572
     316      18.8205
     317      18.9576
     318      18.3561
     319      18.9969
     320      20.1027
     321      19.6924
     322      18.6088
     323      18.6746
     324      18.2992
     325      18.6177
     326      19.2007
     327      18.7494
     328      19.8592
     329      19.6039
     330      19.4610
     331      19.0303
     332      19.1912
     333      19.1096
     334      18.6793
     335      18.6662
     336      18.1438
     337      19.0247
     338      18.8216
     339      18.0709
     340      18.8784
     341      19.4225
     342      19.4784
     343      20.0941
     344      19.5135
     345      19.6516
     346      18.6093
     347      19.9236
     348      18.6988
     349      20.0160
     350      19.0547
     351      18.9675
     352      18.8891
     353      19.3629
     354      19.1487
     355      19.5735
     356      19.6725
     357      19.7103
     358      20.0826
     359      20.1578
     360      19.6120
     361      19.9893
     362      19.9075
     363      19.2234
     364      19.2269
     365      18.7320
     366      19.6368
     367      19.5873
     368      19.5498
     369      19.8520
     370      19.5517
     371      18.9613
     372      17.9387
     373      19.2799
     374      19.2724
     375      18.5739
     376      18.4620
     377      18.9100
     378      18.9796
     379      18.3764
     380      18.5925
     381      17.6565
     382      19.2035
     383      19.8288
     384      19.5705
     385      18.6692
     386      19.1583
     387      19.5175
     388      19.2594
     389      19.3183
     390      18.6305
     391      19.7196
     392      19.1558
     393      19.2563
     394      19.2689
     395      19.5687
     396      18.9586
     397      19.3658
     398      19.3709
     399      19.2712
     400      18.9648
     401      18.7720
     402      19.2162
     403      19.3665
     404      18.9133
     405      18.6965
     406      17.7209
     407      18.2556
     408      18.2346
     409      18.8910
     410      19.4180
     411      18.7093
     412      18.5276
     413      18.9219
     414      18.6166
     415      18.9930
     416      18.5542
     417      19.5524
     418      18.9768
     419      19.2494
     420      19.0257
     421      19.1813
     422      18.5958
     423      19.1795
     424      19.0718
     425      18.3594
     426      18.4175
     427      19.3691
     428      19.0208
     429      18.2511
     430      18.3466
     431      19.5827
     432      19.3310
     433      19.3985
     434      19.8011
     435      19.8506
     436      19.4816
     437      19.0034
     438      18.7178
     439      18.7683
     440      19.1400
     441      18.5714
     442      17.0602
     443      18.3536
     444      19.0677
     445      18.3481
     446      18.6955
     447      18.5043
     448      19.0661
     449      18.8722
     450      19.3141
     451      19.3677
     452      19.2741
     453      19.4328
     454      19.3493
     455      19.5252
     456      19.8268
     457      19.6091
     458      19.3248
     459      20.0537
     460      20.3097
     461      19.3532
     462      19.4959
     463      19.5993
     464      19.1539
     465      19.4819
     466      18.8735
     467      19.5258
     468      19.5272
     469      17.8123
     470      17.6831
     471      17.8436
     472      18.5739
     473      17.9374
     474      18.4453
     475      19.0688
     476      18.8692
     477      19.2948
     478      19.7348
     479      19.3333
     480      19.3598
     481      19.2929
     482      20.4708
     483      19.2612
     484      19.5328
     485      19.7410
     486      19.3456
     487      19.2281
     488      19.1846
     489      19.2192
     490      19.0606
     491      18.9998
     492      19.3844
     493      18.8392
     494      19.1827
     495      17.9541
     496      18.3933
     497      18.4650
     498      18.7481
     499      18.4475
     500      18.2915
     501      18.3435
     502      17.4942
     503      18.1298
     504      18.6869
     505      19.2789
     506      19.1959
     507      19.8381
     508      19.5360
     509      19.7973
     510      19.9740
     511      20.4034
     512      20.1862
     513      20.1192
     514      20.6267
     515      19.5450
     516      20.0020
     517      18.7647
     518      19.1389
     519      18.2528
     520      18.8700
     521      18.8350
     522      18.7862
     523      18.9703
     524      19.0728
     525      19.0508
     526      19.6777
     527      19.1709
     528      19.1784
     529      19.2766
     530      19.2118
     531      19.3365
     532      19.1352
     533      18.4091
     534      18.1356
     535      19.6648
     536      19.1058
     537      18.6395
     538      18.7572
     539      18.9319
     540      19.1260
     541      19.2139
     542      19.7588
     543      20.0158
     544      19.9756
     545      19.2267
     546      19.9460
     547      19.6605
     548      18.9660
     549      18.3581
     550      19.1333
     551      18.5431
     552      19.3105
     553      18.6167
     554      19.1027
     555      20.4882
     556      19.9693
     557      19.7123
     558      20.2827
     559      20.5967
     560      18.9911
     561      19.7767
     562      19.6761
     563      19.0378
     564      19.6267
     565      19.2525
     566      19.1773
     567      19.6789
     568      19.3049
     569      18.7965
     570      19.0481
     571      19.9615
     572      19.3706
     573      20.4586
     574      19.3916
     575      19.0329
     576      18.8707
     577      19.1926
     578      18.6259
     579      19.2596
     580      19.1945
     581      19.3704
     582      18.6170
     583      20.0262
     584      19.2636
     585      19.1171
     586      19.4109
     587      19.2894
     588      19.3521
     589      18.8030
     590      19.7037
     591      18.2283
     592      18.6552
     593      18.8630
     594      18.0372
     595      18.0982
     596      18.0528
     597      19.0643
     598      18.3830
     599      18.5523
     600      18.7210
     601      18.8944
     602      18.9127
     603      18.3788
     604      19.1966
     605      18.8353
     606      19.4947
     607      19.4229
     608      19.2933
     609      18.5908
     610      19.8455
     611      19.4902
     612      19.7093
     613      19.8865
     614      19.2644
     615      19.7779
     616      19.9151
     617      19.8848
     618      20.5234
     619      19.3172
     620      20.7053
     621      20.3658
     622      19.0640
     623      19.2915
     624      19.7982
     625      18.9635
     626      18.4117
     627      19.3464
     628      19.3942
     629      19.0144
     630      19.5585
     631      19.2621
     632      19.1323
     633      19.8712
     634      19.2477
     635      19.7188
     636      19.3395
     637      19.5011
     638      18.4077
     639      19.5362
     640      18.8596
     641      19.0650
     642      18.8673
     643      20.0810
     644      19.2664
     645      18.8884
     646      18.3186
     647      17.8187
     648      17.9786
     649      18.1134
     650      18.3429
     651      18.7128
     652      19.4110
     653      19.0653
     654      19.3995
     655      18.7725
     656      18.8682
     657      19.1336
     658      19.3143
     659      19.4786
     660      18.9684
     661      17.6807
     662      17.4208
     663      17.5123
     664      18.4825
     665      18.4394
     666      18.5955
     667      18.6299
     668      19.1861
     669      18.8592
     670      19.8876
     671      19.0943
     672      19.7879
     673      20.1204
     674      19.0390
     675      19.2303
     676      17.7331
     677      18.0556
     678      17.2747
     679      17.6786
     680      18.3400
     681      18.5715
     682      18.6060
     683      19.3024
     684      19.4417
     685      19.4253
     686      18.8937
     687      18.9033
     688      19.3374
     689      18.8147
     690      19.1205
     691      19.1530
     692      18.8217
     693      19.0809
     694      19.1203
     695      18.4660
     696      18.0700
     697      17.2860
     698      18.5600
     699      18.5598
     700      18.7642
     701      18.4872
     702      18.5701
     703      18.7032
     704      19.1553
     705      19.0805
     706      18.7163
     707      19.4551
     708      18.5786
     709      18.4249
     710      18.1586
     711      18.3478
     712      19.2724
     713      19.1860
     714      19.0714
     715      18.8368
     716      18.4073
     717      19.2009
     718      19.3363
     719      19.3082
     720      19.1597
     721      18.5614
     722      19.0416
     723      18.5811
     724      18.7119
     725      18.9407
     726      18.3714
     727      18.3129
     728      19.1604
     729      18.9649
     730      18.8378
     731      17.9050
     732      18.2403
     733      19.6621
     734      18.8951
     735      18.9547
     736      19.2259
     737      19.6050
     738      18.3520
     739      19.5351
     740      18.9618
     741      19.5090
     742      19.2996
     743      19.9176
     744      19.6135
     745      19.4174
     746      18.7242
     747      18.9804
     748      19.4304
     749      19.9627
     750      19.8159
     751      19.8418
     752      19.4500
     753      18.2816
     754      18.7011
     755      19.7732
     756      18.8894
     757      19.4841
     758      18.5777
     759      18.9608
     760      18.7099
     761      18.8492
     762      19.2365
     763      18.0875
     764      19.2870
     765      19.4634
     766      19.1948
     767      19.2201
     768      20.1583
     769      19.2634
     770      19.4491
     771      20.0364
     772      19.6858
     773      20.1434
     774      20.0480
     775      20.3709
     776      20.2223
     777      19.8516
     778      19.7006
     779      19.9832
     780      18.9272
     781      20.4796
     782      19.5837
     783      18.5816
     784      19.2758
     785      19.6500
     786      19.8532
     787      19.3970
     788      19.9728
     789      20.7296
     790      20.1242
     791      20.0591
     792      19.6824
     793      19.3817
     794      19.3239
     795      18.8682
     796      19.1135
     797      19.1005
     798      18.0368
     799      18.7272
     800      17.8149
     801      17.3374
     802      18.3287
     803      18.2077
     804      18.6478
     805      17.4048
     806      18.8763
     807      18.6327
     808      18.9353
     809      19.1958
     810      18.3406
     811      18.0465
     812      18.9300
     813      18.8632
     814      18.8097
     815      19.4576
     816      19.7585
     817      19.8229
     818      19.6451
     819      19.3796
     820      19.0840
     821      19.3870
     822      18.7318
     823      18.9591
     824      17.7975
     825      18.6274
     826      19.0806
     827      18.7457
     828      18.9135
     829      20.2640
     830      19.4082
     831      19.6179
     832      19.7806
     833      19.9225
     834      19.6855
     835      19.2710
     836      19.9632
     837      20.2129
     838      20.0462
     839      19.4999
     840      19.7329
     841      19.6208
     842      18.8696
     843      18.0442
     844      17.5801
     845      16.9416
     846      18.0584
     847      19.1831
     848      17.5976
     849      18.6214
     850      18.8005
     851      18.6618
     852      19.3133
     853      18.0447
     854      19.3233
     855      18.0324
     856      18.8215
     857      18.8649
     858      19.3136
     859      19.2444
     860      20.0303
     861      19.5963
     862      20.3350
     863      18.8791
     864      19.6207
     865      19.6862
     866      19.0431
     867      19.5796
     868      19.0981
     869      19.6073
     870      19.6664
     871      19.7119
     872      19.3022
     873      19.6534
     874      19.5227
     875      19.0819
     876      20.0207
     877      19.4879
     878      18.5957
     879      18.8291
     880      19.2690
     881      18.3211
     882      19.2406
     883      19.9594
     884      19.2440
     885      19.0952
     886      18.2838
     887      18.2598
     888      18.7808
     889      19.0147
     890      18.9993
     891      19.4000
     892      19.2359
     893      18.4562
     894      18.9373
     895      19.8914
     896      18.7007
     897      19.2386
     898      19.5531
     899      19.3397
     900      19.4285
     901      19.0946
     902      18.9323
     903      19.6147
     904      19.0110
     905      18.7077
     906      18.8853
     907      18.8326
     908      18.8660
     909      19.2682
     910      18.1925
     911      18.1929
     912      18.9946
     913      19.6613
     914      19.8076
     915      19.3027
     916      18.3965
     917      18.8180
     918      18.7176
     919      18.7034
     920      18.4899
     921      18.9714
     922      18.9372
     923      19.5739
     924      18.9905
     925      19.4926
     926      19.8683
     927      20.0283
     928      19.6074
     929      19.4395
     930      19.1237
     931      18.9218
     932      18.9635
     933      19.4180
     934      18.1550
     935      18.9311
     936      19.0688
     937      19.3682
     938      19.3283
     939      19.1575
     940      18.8999
     941      19.7204
     942      19.5773
     943      18.4759
     944      18.6372
     945      18.3453
     946      19.0718
     947      19.8782
     948      19.8212
     949      19.5835
     950      19.6268
     951      18.7710
     952      18.8304
     953      18.2494
     954      18.9984
     955      18.4262
     956      18.0241
     957      17.9824
     958      18.2790
     959      18.3288
     960      18.3944
     961      18.0914
     962      17.2166
     963      17.8797
     964      17.8428
     965      18.1413
     966      17.9013
     967      19.5959
     968      19.9078
     969      19.2378
     970      19.6992
     971      19.3837
     972      20.0417
     973      19.8825
     974      19.2985
     975      19.5541
     976      18.9511
     977      19.3336
     978      19.2758
     979      18.5822
     980      19.0726
     981      18.5539
     982      18.3536
     983      18.6168
     984      18.0322
     985      18.7729
     986      18.6684
     987      19.3278
     988      17.8656
     989      18.9018
     990      19.2502
     991      18.9323
     992      19.0745
     993      18.9718
     994      18.7437
     995      18.7166
     996      18.6481
     997      18.5536
     998      18.9391
     999      19.7498
    1000      19.8191
    1001      19.5572
    1002      19.2980
    1003      19.0235
    1004      19.1789
    1005      19.7520
    1006      19.2825
    1007      19.6173
    1008      19.6293
    1009      19.0114
    1010      19.7031
    1011      19.8274
    1012      18.9696
    1013      19.5111
    1014      18.9379
    1015      19.2373
    1016      18.5519
    1017      19.2099
    1018      18.7552
    1019      18.6381
    1020      17.7542
    1021      18.6902
    1022      19.8003
    1023      19.2975
    1024      19.4234
    1025      18.9491
    1026      19.4188
    1027      19.3536
    1028      18.4537
    1029      19.2152
    1030      19.4995
    1031      18.9306
    1032      19.3346
    1033      19.9570
    1034      19.8323
    1035      19.6031
    1036      19.6532
    1037      20.0345
    1038      19.7705
    1039      19.9346
    1040      19.3596
    1041      20.2359
    1042      19.6262
    1043      19.2078
    1044      18.7215
    1045      19.3399
    1046      19.8005
    1047      19.9391
    1048      18.4806
    1049      19.7372
    1050      19.3492
    1051      19.1837
    1052      19.0742
    1053      19.0110
    1054      18.9853
    1055      18.8429
    1056      18.9933
    1057      18.9918
    1058      19.9498
    1059      19.4923
    1060      19.5672
    1061      18.9545
    1062      18.7459
    1063      19.3586
    1064      18.9111
    1065      19.2662
    1066      20.0294
    1067      19.6172
    1068      19.7082
    1069      19.2989
    1070      18.9576
    1071      19.2225
    1072      19.2121
    1073      19.4440
    1074      19.0428
    1075      18.6966
    1076      19.3061
    1077      19.5215
    1078      18.7437
    1079      18.8819
    1080      19.0842
    1081      18.0749
    1082      18.4132
    1083      18.6602
    1084      18.6879
    1085      18.2255
    1086      17.8596
    1087      18.2355
    1088      17.8676
    1089      18.1291
    1090      19.1418
    1091      18.6100
    1092      18.4502
    1093      17.6608
    1094      17.9387
    1095      17.9041
    1096      18.2726
    1097      18.3217
    1098      18.6830
    1099      18.1949
    1100      18.3954
    1101      19.6322
    1102      19.2828
    1103      18.5397
    1104      17.8385
    1105      17.8476
    1106      18.3194
    1107      18.2979
    1108      18.9591
    1109      18.4625
    1110      19.1065
    1111      18.7844
    1112      18.6930
    1113      17.6541
    1114      18.3521
    1115      18.7487
    1116      18.2962
    1117      18.5116
    1118      18.3313
    1119      19.0128
    1120      19.0139
    1121      18.6343
    1122      18.4334
    1123      18.4801
    1124      19.4494
    1125      18.7934
    1126      18.2612
    1127      19.0665
    1128      19.3413
    1129      19.7375
    1130      19.8595
    1131      19.7129
    1132      19.9413
    1133      19.3477
    1134      19.3359
    1135      19.2115
    1136      19.8708
    1137      19.6041
    1138      19.4082
    1139      19.5722
    1140      18.5239
    1141      19.7284
    1142      19.6517
    1143      18.7252
    1144      18.8716
    1145      19.4543
    1146      18.6266
    1147      19.9839
    1148      19.5303
    1149      20.1495
    1150      19.4923
    1151      19.3129
    1152      19.1501
    1153      18.8745
    1154      18.3661
    1155      18.4622
    1156      18.2925
    1157      17.2807
    1158      17.7202
    1159      18.8553
    1160      17.8187
    1161      18.2142
    1162      18.2703
    1163      18.9967
    1164      18.8700
    1165      18.5929
    1166      18.6149
    1167      18.2039
    1168      18.8043
    1169      19.0598
    1170      18.9450
    1171      18.8524
    1172      18.1665
    1173      18.4468
    1174      18.5867
    1175      19.5202
    1176      18.9408
    1177      18.2661
    1178      19.1203
    1179      18.9688
    1180      18.3000
    1181      18.9317
    1182      18.9824
    1183      18.6637
    1184      18.4143
    1185      18.2618
    1186      18.5868
    1187      19.5365
    1188      19.8289
    1189      18.7994
    1190      19.2698
    1191      19.9894
    1192      19.0257
    1193      19.5736
    1194      20.2512
    1195      19.7570
    1196      19.0246
    1197      19.3700
    1198      19.9774
    1199      19.9750
    1200      19.7238
    1201      18.9307
    1202      19.5894
    1203      20.0861
    1204      19.1081
    1205      19.2321
    1206      19.1357
    1207      18.6871
    1208      18.5125
    1209      19.1476
    1210      19.0125
    1211      18.7626
    1212      18.4485
    1213      18.5460
    1214      17.9021
    1215      17.6201
    1216      18.6208
    1217      18.9520
    1218      19.3075
    1219      19.0106
    1220      19.3174
    1221      18.3395
    1222      18.9597
    1223      18.9575
    1224      18.9886
    1225      18.9784
    1226      18.7322
    1227      19.0153
    1228      18.0945
    1229      18.5851
    1230      18.8798
    1231      18.7535
    1232      18.9609
    1233      19.4267
    1234      19.1607
    1235      18.9937
    1236      17.8585
    1237      18.3935
    1238      18.8396
    1239      18.4594
    1240      18.6305
    1241      19.3140
    1242      19.6123
    1243      19.4687
    1244      19.6552
    1245      19.0890
    1246      18.8852
    1247      18.7875
    1248      18.8697
    1249      19.3951
    1250      18.4197
    1251      18.8275
    1252      18.8421
    1253      18.2503
    1254      18.9774
    1255      19.1787
    1256      18.8077
    1257      18.7696
    1258      19.5773
    1259      19.0551
    1260      18.9918
    1261      18.7394
    1262      19.4426
    1263      19.6925
    1264      19.3576
    1265      19.4096
    1266      18.7186
    1267      18.9735
    1268      18.0093
    1269      18.6316
    1270      19.0053
    1271      18.8587
    1272      19.4510
    1273      18.4006
    1274      18.6877
    1275      18.5059
    1276      18.6009
    1277      18.8937
    1278      19.1790
    1279      18.7286
    1280      18.9881
    1281      19.2704
    1282      18.8585
    1283      18.4588
    1284      18.3792
    1285      18.6206
    1286      18.9873
    1287      18.4161
    1288      17.9893
    1289      18.2060
    1290      17.7953
    1291      19.3416
    1292      19.6192
    1293      19.6031
    1294      19.4412
    1295      19.2036
    1296      19.0695
    1297      18.9507
    1298      19.1213
    1299      19.9526
    1300      19.7861
    1301      19.0552
    1302      19.4383
    1303      18.6891
    1304      19.8206
    1305      19.8086
    1306      18.7527
    1307      18.8448
    1308      18.7578
    1309      19.1843
    1310      18.7995
    1311      19.7074
    1312      19.6416
    1313      20.0334
    1314      19.7275
    1315      19.1572
    1316      18.9134
    1317      19.2350
    1318      18.4526
    1319      18.7548
    1320      18.1237
    1321      18.9010
    1322      18.8695
    1323      19.0134
    1324      18.9599
    1325      18.6071
    1326      17.9578
    1327      18.3367
    1328      18.2638
    1329      18.6794
    1330      17.9843
    1331      18.5265
    1332      19.2539
    1333      19.6420
    1334      18.9072
    1335      18.9988
    1336      18.6509
    1337      18.8721
    1338      18.6967
    1339      18.6145
    1340      18.9484
    1341      18.4270
    1342      18.3510
    1343      18.6027
    1344      18.7473
    1345      18.7074
    1346      18.7807
    1347      17.6719
    1348      17.7397
    1349      17.5285
    1350      18.0529
    1351      17.8269
    1352      18.3977
    1353      18.9140
    1354      18.9472
    1355      18.5857
    1356      19.2271
    1357      19.1823
    1358      19.2691
    1359      19.8328
    1360      18.9872
    1361      19.9580
    1362      19.8164
    1363      20.1757
    1364      20.2247
    1365      19.9860
    1366      18.6630
    1367      19.1442
    1368      20.0373
    1369      20.3726
    1370      20.0219
    1371      19.9241
    1372      20.0134
    1373      19.5192
    1374      19.4636
    1375      19.5007
    1376      18.8284
    1377      19.0439
    1378      20.0388
    1379      19.2450
    1380      19.8189
    1381      18.7176
    1382      18.8959
    1383      19.7970
    1384      18.0978
    1385      18.4920
    1386      18.9525
    1387      18.7210
    1388      18.9928
    1389      18.5899
    1390      18.4141
    1391      18.8522
    1392      18.9279
    1393      18.0903
    1394      18.3392
    1395      17.3194
    1396      17.9697
    1397      18.2854
    1398      18.9038
    1399      19.2815
    1400      18.4498
    1401      18.6579
    1402      18.3472
    1403      18.5477
    1404      17.9875
    1405      18.3326
    1406      19.0251
    1407      19.3499
    1408      19.5106
    1409      19.3544
    1410      18.8890
    1411      18.6790
    1412      19.2412
    1413      18.6063
    1414      19.4780
    1415      18.9212
    1416      18.5335
    1417      18.6809
    1418      17.7000
    1419      17.9651
    1420      18.3780
    1421      18.4644
    1422      19.2358
    1423      18.8120
    1424      18.0426
    1425      19.0001
    1426      18.8346
    1427      18.9913
    1428      20.1038
    1429      19.6814
    1430      18.9840
    1431      18.5314
    1432      19.1223
    1433      19.6991
    1434      19.5752
    1435      19.2676
    1436      19.2076
    1437      18.2882
    1438      18.2959
    1439      18.8995
    1440      19.0336
    1441      19.5559
    1442      19.1019
    1443      19.4505
    1444      18.4696
    1445      18.1761
    1446      19.6936
    1447      19.7401
    1448      19.2294
    1449      18.5324
    1450      19.2842
    1451      18.6024
    1452      19.2150
    1453      18.8213
    1454      19.0132
    1455      18.3885
    1456      18.5287
    1457      18.6372
    1458      18.5173
    1459      17.7446
    1460      17.9600
    1461      17.7338
    1462      18.3663
    1463      18.5208
    1464      18.3627
    1465      17.8647
    1466      19.8314
    1467      19.4344
    1468      20.6601
    1469      19.3583
    1470      19.0451
    1471      19.6167
    1472      19.5520
    1473      19.0704
    1474      18.6324
    1475      18.7363
    1476      19.1205
    1477      18.9923
    1478      19.3419
    1479      18.9325
    1480      18.6506
    1481      18.5585
    1482      18.2806
    1483      18.7385
    1484      17.9198
    1485      18.9929
    1486      19.8099
    1487      19.9798
    1488      18.4463
    1489      19.3798
    1490      18.5274
    1491      19.5603
    1492      19.3506
    1493      19.2600
    1494      19.9873
    1495      19.8237
    1496      19.7845
    1497      18.8847
    1498      19.3896
    1499      18.7981
    1500      18.7263
    1501      19.3087
    1502      18.7844
    1503      18.3898
    1504      18.4585
    1505      18.8032
    1506      18.5099
    1507      19.6297
    1508      19.6957
    1509      19.3626
    1510      18.8057
    1511      19.5472
    1512      18.9483
    1513      19.3219
    1514      19.2378
    1515      19.1849
    1516      18.6455
    1517      18.3277
    1518      18.8039
    1519      19.3256
    1520      19.6081
    1521      19.9098
    1522      18.9523
    1523      18.6160
    1524      18.6816
    1525      19.7524
    1526      19.5405
    1527      19.5428
    1528      19.1211
    1529      18.9884
    1530      19.2946
    1531      19.5075
    1532      19.4949
    1533      19.0798
    1534      19.4776
    1535      19.8442
    1536      18.9593
    1537      18.8560
    1538      19.2150
    1539      19.1046
    1540      18.5518
    1541      19.0958
    1542      19.4402
    1543      18.3955
    1544      18.8672
    1545      19.7191
    1546      19.3392
    1547      19.1505
    1548      19.3672
    1549      19.0332
    1550      18.6420
    1551      19.1322
    1552      18.7938
    1553      19.6384
    1554      19.5354
    1555      18.8493
    1556      19.1953
    1557      19.1311
    1558      19.4159
    1559      19.5112
    1560      19.9946
    1561      19.6395
    1562      19.9115
    1563      20.3566
    1564      19.3377
    1565      18.7311
    1566      19.0903
    1567      18.4788
    1568      19.1915
    1569      19.4146
    1570      19.6152
    1571      19.2656
    1572      19.3125
    1573      19.1246
    1574      19.2365
    1575      19.1820
    1576      18.9367
    1577      20.1051
    1578      18.7290
    1579      19.1988
    1580      19.3443
    1581      18.0575
    1582      18.9801
    1583      18.7857
    1584      19.1294
    1585      19.8659
    1586      20.3039
    1587      19.2657
    1588      19.3856
    1589      18.9845
    1590      19.9987
    1591      19.4790
    1592      19.5600
    1593      19.2140
    1594      19.9791
    1595      19.6179
    1596      19.6610
    1597      19.5260
    1598      19.8378
    1599      18.8745
    1600      18.8527
    1601      19.0818
    1602      19.2553
    1603      19.0805
    1604      19.4159
    1605      18.5449
    1606      18.7814
    1607      18.9903
    1608      18.8665
    1609      20.1833
    1610      19.0341
    1611      19.7555
    1612      18.6368
    1613      18.6739
    1614      19.3257
    1615      19.0027
    1616      18.8438
    1617      19.0143
    1618      18.4884
    1619      19.4261
    1620      18.7226
    1621      18.6412
    1622      18.9642
    1623      19.0829
    1624      18.8019
    1625      18.5777
    1626      18.2647
    1627      18.8787
    1628      19.7263
    1629      19.4549
    1630      19.7947
    1631      19.7242
    1632      18.0340
    1633      19.3183
    1634      19.3872
    1635      19.3142
    1636      19.6556
    1637      18.6241
    1638      19.6956
    1639      19.4345
    1640      19.0303
    1641      19.4327
    1642      18.6555
    1643      18.8087
    1644      18.7929
    1645      19.0962
    1646      18.3750
    1647      18.6739
    1648      18.8684
    1649      18.6010
    1650      19.3458
    1651      19.3314
    1652      19.3186
    1653      18.7165
    1654      19.0322
    1655      18.9787
    1656      19.5284
    1657      19.5001
    1658      18.3470
    1659      19.0862
    1660      19.1356
    1661      19.1748
    1662      19.3086
    1663      20.2351
    1664      19.7407
    1665      19.0791
    1666      19.4576
    1667      19.9666
    1668      19.7834
    1669      19.7177
    1670      18.7335
    1671      19.2788
    1672      19.5500
    1673      18.7820
    1674      19.2443
    1675      19.4455
    1676      19.5802
    1677      20.3079
    1678      20.0184
    1679      19.4117
    1680      19.0096
    1681      19.5946
    1682      19.7057
    1683      19.4509
    1684      19.3893
    1685      18.6006
    1686      17.8874
    1687      18.4479
    1688      19.3121
    1689      18.7947
    1690      19.2690
    1691      18.5369
    1692      19.3431
    1693      18.5943
    1694      18.7440
    1695      18.3317
    1696      17.3409
    1697      18.2023
    1698      18.5759
    1699      19.0428
    1700      19.2536
    1701      19.4409
    1702      18.6548
    1703      19.1191
    1704      18.3581
    1705      19.3402
    1706      18.5880
    1707      19.3220
    1708      19.4821
    1709      18.8659
    1710      18.5080
    1711      18.2989
    1712      19.5473
    1713      18.1053
    1714      19.0283
    1715      19.5262
    1716      19.2879
    1717      19.2218
    1718      19.0849
    1719      19.0601
    1720      18.4463
    1721      19.1286
    1722      18.6704
    1723      18.9216
    1724      19.8413
    1725      20.0391
    1726      19.8505
    1727      18.3372
    1728      18.5241
    1729      18.0840
    1730      18.1740
    1731      17.7840
    1732      17.9228
    1733      18.6955
    1734      18.7789
    1735      19.1153
    1736      19.9241
    1737      19.0487
    1738      18.4602
    1739      17.9066
    1740      18.3614
    1741      19.2450
    1742      19.6683
    1743      19.9973
    1744      20.2428
    1745      19.9124
    1746      19.4516
    1747      19.1989
    1748      18.8888
    1749      18.8012
    1750      17.4249
    1751      18.1634
    1752      18.7493
    1753      19.3222
    1754      19.4957
    1755      19.4023
    1756      18.6732
    1757      18.5175
    1758      18.6870
    1759      18.9107
    1760      18.6935
    1761      18.1846
    1762      18.8714
    1763      18.4656
    1764      19.0700
    1765      18.4871
    1766      19.1581
    1767      18.6044
    1768      18.3246
    1769      19.6103
    1770      18.6789
    1771      18.6532
    1772      19.5218
    1773      19.4635
    1774      19.9560
    1775      19.0584
    1776      19.3694
    1777      18.8403
    1778      19.2012
    1779      19.0755
    1780      18.3463
    1781      19.3481
    1782      19.2866
    1783      19.3434
    1784      18.6040
    1785      19.4878
    1786      19.4622
    1787      19.0519
    1788      17.8092
    1789      19.0937
    1790      18.3384
    1791      18.4508
    1792      18.3953
    1793      18.8078
    1794      18.6608
    1795      19.4720
    1796      19.2935
    1797      18.9081
    1798      18.2308
    1799      19.5443
    1800      19.4887
    1801      19.3853
    1802      19.2859
    1803      19.1478
    1804      18.9154
    1805      18.8175
    1806      18.7757
    1807      18.7341
    1808      19.3486
    1809      19.0286
    1810      18.6815
    1811      18.8017
    1812      18.6968
    1813      18.9764
    1814      19.2539
    1815      19.3068
    1816      18.7119
    1817      18.7819
    1818      19.5852
    1819      18.9803
    1820      18.9185
    1821      19.2320
    1822      19.4944
    1823      19.5423
    1824      19.6075
    1825      20.4772
    1826      19.8559
    1827      19.3058
    1828      19.3811
    1829      19.6573
    1830      19.0462
    1831      19.7066
    1832      19.1821
    1833      19.9370
    1834      20.1187
    1835      19.9476
    1836      19.2152
    1837      19.2275
    1838      19.1453
    1839      19.4266
    1840      18.7095
    1841      19.0717
    1842      19.1416
    1843      18.2100
    1844      18.8120
    1845      19.5414
    1846      19.6484
    1847      18.9350
    1848      19.2094
    1849      19.9224
    1850      19.7338
    1851      19.5695
    1852      18.9878
    1853      19.3404
    1854      19.2986
    1855      19.7819
    1856      19.8420
    1857      19.5682
    1858      19.2028
    1859      19.4070
    1860      19.1877
    1861      19.4041
    1862      19.6581
    1863      20.4277
    1864      20.1002
    1865      20.1584
    1866      19.9264
    1867      20.2730
    1868      19.8373
    1869      19.2212
    1870      19.8545
    1871      19.0910
    1872      20.3683
    1873      20.0081
    1874      19.8869
    1875      19.2738
    1876      19.0310
    1877      19.2092
    1878      19.0495
    1879      18.8075
    1880      19.4417
    1881      17.9420
    1882      18.1126
    1883      18.2159
    1884      18.0677
    1885      18.8795
    1886      18.4076
    1887      18.6494
    1888      20.2154
    1889      20.5180
    1890      20.4205
    1891      20.2101
    1892      19.8003
    1893      19.3140
    1894      19.9770
    1895      19.9654
    1896      20.6069
    1897      20.1049
    1898      19.7389
    1899      19.8376
    1900      20.2805
    1901      19.6741
    1902      19.3473
    1903      19.3193
    1904      19.1713
    1905      19.5117
    1906      19.2421
    1907      20.5575
    1908      19.6430
    1909      20.1858
    1910      20.0928
    1911      19.3453
    1912      19.6698
    1913      20.0207
    1914      20.2118
    1915      19.8481
    1916      20.2824
    1917      18.4231
    1918      18.9707
    1919      20.2519
    1920      19.6572
    1921      19.0018
    1922      19.7569
    1923      19.6449
    1924      18.9546
    1925      18.5227
    1926      19.3361
    1927      18.4463
    1928      18.7355
    1929      18.4284
    1930      18.4101
    1931      18.4755
    1932      18.8506
    1933      18.8016
    1934      19.0110
    1935      19.1864
    1936      19.0551
    1937      19.0584
    1938      20.4773
    1939      20.3996
    1940      20.2429
    1941      20.1232
    1942      20.6447
    1943      19.9850
    1944      20.7825
    1945      20.2368
    1946      20.5708
    1947      20.2913
    1948      19.3150
    1949      19.2050
    1950      19.0456
    1951      19.6548
    1952      19.2125
    1953      19.2238
    1954      18.9849
    1955      19.9478
    1956      19.4858
    1957      19.1580
    1958      19.5243
    1959      19.0574
    1960      19.1980
    1961      18.0425
    1962      18.9681
    1963      18.4248
    1964      18.4471
    1965      18.2060
    1966      17.7201
    1967      19.1718
    1968      19.1664
    1969      18.9727
    1970      18.9916
    1971      19.3894
    1972      18.4362
    1973      19.0952
    1974      19.4285
    1975      20.0910
    1976      19.6121
    1977      19.9815
    1978      20.2484
    1979      19.7691
    1980      19.9314
    1981      20.0385
    1982      20.0359
    1983      19.9466
    1984      19.6364
    1985      18.8492
    1986      18.4196
    1987      18.2875
    1988      18.8043
    1989      19.1215
    1990      19.2546
    1991      19.6881
    1992      19.2020
    1993      18.5862
    1994      18.7223
    1995      18.8804
    1996      20.2821
    1997      19.7528
    1998      19.2318
    1999      19.0707
    2000      18.6851
    2001      18.7639
    2002      19.3730
    2003      19.5569
    2004      19.3638
    2005      18.3291
    2006      18.8914
    2007      18.1914
    2008      19.4629
    2009      18.3852
    2010      19.3598
    2011      19.9195
    2012      19.0642
    2013      18.9313
    2014      19.3369
    2015      18.9675
    2016      18.7134
    2017      18.2230
    2018      18.4776
    2019      18.7539
    2020      19.6692
    2021      19.6771
    2022      19.3157
    2023      19.7593
    2024      19.3328
    2025      18.2679
    2026      18.6051
    2027      18.1032
    2028      17.8215
    2029      18.3147
    2030      18.9153
    2031      18.6576
    2032      19.2425
    2033      18.9388
    2034      18.8479
    2035      17.8032
    2036      18.9957
    2037      19.0063
    2038      18.1934
    2039      18.2954
    2040      18.9982
    2041      20.1948
    2042      19.5469
    2043      18.5825
    2044      19.2238
    2045      18.7516
    2046      19.4844
    2047      18.4296
    2048      19.0913
    2049      18.6071
    2050      19.0965
    2051      19.2764
    2052      19.8550
    2053      19.9140
    2054      18.8755
    2055      18.4754
    2056      18.5743
    2057      19.2761
    2058      18.9582
    2059      18.9073
    2060      18.8548
    2061      18.6882
    2062      19.1519
    2063      19.1014
    2064      19.1041
    2065      19.0776
    2066      19.7333
    2067      19.4548
    2068      18.9487
    2069      19.3766
    2070      18.5824
    2071      18.9392
    2072      18.4978
    2073      19.2526
    2074      19.5161
    2075      19.2602
    2076      18.7190
    2077      18.8933
    2078      19.7848
    2079      19.8487
    2080      20.4079
    2081      20.0210
    2082      19.4941
    2083      19.5201
    2084      19.8647
    2085      19.7112
    2086      18.9636
    2087      19.4653
    2088      19.6740
    2089      19.4807
    2090      19.0322
    2091      19.1789
    2092      19.3203
    2093      19.2664
    2094      18.5796
    2095      19.1642
    2096      18.8034
    2097      18.5773
    2098      19.0750
    2099      19.2250
    2100      18.7412
    2101      18.7678
    2102      18.3183
    2103      18.1036
    2104      18.8495
    2105      18.6863
    2106      18.6610
    2107      18.3853
    2108      17.5424
    2109      17.3579
    2110      17.2097
    2111      18.1500
    2112      19.4568
    2113      19.2548
    2114      19.5588
    2115      18.0587
    2116      18.4681
    2117      19.7858
    2118      17.9427
    2119      18.1567
    2120      18.4796
    2121      19.4111
    2122      18.8142
    2123      18.6844
    2124      18.8667
    2125      18.1630
    2126      19.0363
    2127      19.6483
    2128      19.1822
    2129      19.3392
    2130      18.8090
    2131      18.5907
    2132      18.2103
    2133      19.0582
    2134      18.6647
    2135      18.6265
    2136      18.9657
    2137      18.4982
    2138      18.4171
    2139      18.3535
    2140      19.7524
    2141      20.0893
    2142      20.5608
    2143      20.0115
    2144      19.1436
    2145      18.7093
    2146      20.1676
    2147      19.8335
    2148      19.9567
    2149      20.4207
    2150      19.4206
    2151      19.6251
    2152      19.4026
    2153      18.7157
    2154      18.5807
    2155      17.7613
    2156      18.9157
    2157      19.3348
    2158      18.1343
    2159      19.2339
    2160      18.4869
    2161      18.7942
    2162      19.7776
    2163      19.0175
    2164      19.7426
    2165      19.4128
    2166      19.4816
    2167      19.6057
    2168      19.3820
    2169      18.7969
    2170      19.1617
    2171      20.6605
    2172      19.9232
    2173      19.1853
    2174      18.7037
    2175      18.7278
    2176      17.8032
    2177      19.0629
    2178      19.3162
    2179      20.2127
    2180      19.5209
    2181      18.8495
    2182      18.7828
    2183      18.3569
    2184      19.2298
    2185      19.3996
    2186      18.6402
    2187      17.9942
    2188      19.0376
    2189      17.9880
    2190      18.5795
    2191      18.5502
    2192      18.5003
    2193      18.5665
    2194      18.0610
    2195      19.3329
    2196      19.3817
    2197      18.8240
    2198      18.8069
    2199      18.8783
    2200      17.9668
    2201      18.7473
    2202      18.2026
    2203      18.3070
    2204      18.6299
    2205      19.0842
    2206      20.3116
    2207      18.4391
    2208      18.7213
    2209      18.1669
    2210      19.6856
    2211      19.0436
    2212      19.1264
    2213      19.0416
    2214      18.6510
    2215      18.8207
    2216      19.1264
    2217      19.9768
    2218      19.4893
    2219      19.9338
    2220      19.5164
    2221      19.6118
    2222      18.4792
    2223      18.9471
    2224      19.0631
    2225      19.6729
    2226      19.6212
    2227      18.8719
    2228      18.9224
    2229      19.2341
    2230      18.8531
    2231      19.3534
    2232      19.1771
    2233      19.0949
    2234      19.1010
    2235      19.2393
    2236      18.9366
    2237      18.1967
    2238      19.5395
    2239      20.4119
    2240      19.9652
    2241      19.5520
    2242      18.9570
    2243      18.4888
    2244      19.0186
    2245      19.0539
    2246      18.2022
    2247      19.4678
    2248      18.1177
    2249      18.3257
    2250      18.2510
    2251      18.8460
    2252      19.1439
    2253      18.9133
    2254      19.0719
    2255      19.3077
    2256      19.8067
    2257      19.9594
    2258      18.6625
    2259      19.7187
    2260      19.3824
    2261      19.7992
    2262      19.7497
    2263      20.1466
    2264      19.4330
    2265      20.5030
    2266      20.0859
    2267      19.6492
    2268      19.3695
    2269      19.0316
    2270      18.0455
    2271      19.4841
    2272      19.2201
    2273      19.5743
    2274      19.9556
    2275      20.3012
    2276      19.3503
    2277      19.8434
    2278      19.4768
    2279      19.2946
    2280      19.1770
    2281      19.2082
    2282      18.1867
    2283      18.0957
    2284      18.7356
    2285      18.9899
    2286      18.8593
    2287      18.4860
    2288      18.6764
    2289      18.5729
    2290      18.9406
    2291      19.1666
    2292      19.2267
    2293      19.7447
    2294      19.1216
    2295      18.5303
    2296      18.7746
    2297      18.4413
    2298      19.1957
    2299      19.2195
    2300      18.8006
    2301      19.1358
    2302      19.4385
    2303      19.3627
    2304      19.6109
    2305      18.7691
    2306      18.3282
    2307      18.8454
    2308      18.0161
    2309      18.4667
    2310      17.9725
    2311      18.6935
    2312      18.9291
    2313      18.1881
    2314      17.9298
    2315      18.6542
    2316      18.8144
    2317      18.8207
    2318      18.7758
    2319      18.1883
    2320      18.3745
    2321      19.1173
    2322      19.3653
    2323      19.0262
    2324      19.6311
    2325      19.2025
    2326      18.9740
    2327      18.7712
    2328      19.3757
    2329      19.6101
    2330      19.1682
    2331      18.3268
    2332      18.9983
    2333      19.0719
    2334      18.5437
    2335      20.4058
    2336      19.7956
    2337      20.1905
    2338      20.3702
    2339      19.6827
    2340      19.9448
    2341      20.3373
    2342      19.8828
    2343      19.7020
    2344      20.1077
    2345      19.7497
    2346      19.5633
    2347      19.0771
    2348      19.4356
    2349      18.5339
    2350      19.3053
    2351      18.3564
    2352      18.2917
    2353      18.1324
    2354      18.2184
    2355      18.6657
    2356      18.7301
    2357      18.8704
    2358      18.5410
    2359      18.5940
    2360      18.1233
    2361      19.3646
    2362      18.8599
    2363      19.4670
    2364      19.2340
    2365      19.1854
    2366      18.6664
    2367      19.0214
    2368      19.3572
    2369      19.0659
    2370      18.7228
    2371      17.6389
    2372      19.1308
    2373      18.9793
    2374      19.3366
    2375      19.1108
    2376      19.2792
    2377      19.5480
    2378      19.9395
    2379      19.8974
    2380      19.6612
    2381      20.5470
    2382      19.7532
    2383      19.3375
    2384      20.1345
    2385      19.3306
    2386      19.9087
    2387      20.5334
    2388      19.5765
    2389      19.7917
    2390      19.1709
    2391      19.4077
    2392      20.1985
    2393      19.6793
    2394      20.7254
    2395      19.9196
    2396      19.7378
    2397      19.6930
    2398      19.0033
    2399      18.7363
    2400      18.2139
    2401      19.3892
    2402      18.7174
    2403      19.0740
    2404      20.0470
    2405      19.0930
    2406      19.2363
    2407      19.4582
    2408      19.3193
    2409      19.4858
    2410      19.8473
    2411      19.1189
    2412      18.3357
    2413      18.5591
    2414      19.0679
    2415      17.9801
    2416      18.4790
    2417      18.1123
    2418      18.5595
    2419      18.1263
    2420      18.2072
    2421      17.9637
    2422      18.8993
    2423      18.3061
    2424      18.2718
    2425      18.7069
    2426      17.9444
    2427      18.2171
    2428      18.8309
    2429      18.6097
    2430      18.8372
    2431      18.4165
    2432      18.6107
    2433      18.8947
    2434      19.3780
    2435      20.0778
    2436      18.5447
    2437      18.4202
    2438      17.9820
    2439      18.6651
    2440      18.8219
    2441      18.8815
    2442      18.7874
    2443      18.3498
    2444      18.9750
    2445      19.0895
    2446      18.5285
    2447      18.2978
    2448      18.6587
    2449      18.5896
    2450      18.8093
    2451      19.3566
    2452      18.5142
    2453      19.1032
    2454      19.3412
    2455      19.6702
    2456      19.1699
    2457      18.8756
    2458      18.9271
    2459      19.1612
    2460      19.8180
    2461      18.9275
    2462      19.5163
    2463      19.1521
    2464      19.1425
    2465      18.2588
    2466      18.6021
    2467      18.4471
    2468      18.5233
    2469      18.8832
    2470      17.9429
    2471      18.3231
    2472      18.6054
    2473      18.8951
    2474      18.8998
    2475      19.3957
    2476      19.0715
    2477      18.5127
    2478      19.2106
    2479      19.5467
    2480      19.1076
    2481      18.0164
    2482      17.8386
    2483      17.5983
    2484      18.4822
    2485      19.3012
    2486      18.4946
    2487      17.8710
    2488      18.7627
    2489      19.3414
    2490      19.0249
    2491      18.7032
    2492      18.4209
    2493      18.7148
    2494      18.5995
    2495      18.2503
    2496      18.2940
    2497      18.5668
    2498      18.6722
    2499      19.7012
    2500      19.5430
    2501      19.4035
    2502      19.5790
    2503      18.8852
    2504      17.8536
    2505      18.5092
    2506      18.4225
    2507      17.8247
    2508      17.8861
    2509      18.7963
    2510      18.6107
    2511      19.3997
    2512      18.1565
    2513      18.1125
    2514      18.0479
    2515      17.9880
    2516      17.7547
    2517      18.1207
    2518      18.1962
    2519      16.9653
    2520      17.3353
    2521      18.4463
    2522      18.7160
    2523      18.6721
    2524      19.0664
    2525      19.0302
    2526      19.5227
    2527      19.2268
    2528      18.1504
    2529      18.7217
    2530      18.8058
    2531      18.5013
    2532      18.0864
    2533      18.9489
    2534      18.4743
    2535      19.2718
    2536      19.5529
    2537      19.6543
    2538      19.8744
    2539      21.3812
    2540      20.0368
    2541      20.0637
    2542      19.2153
    2543      18.2262
    2544      19.7328
    2545      18.7184
    2546      19.1521
    2547      18.2688
    2548      18.2280
    2549      18.6309
    2550      20.1082
    2551      19.1547
    2552      19.8854
    2553      20.0329
    2554      19.7934
    2555      19.0350
    2556      19.2603
    2557      19.7113
    2558      19.8012
    2559      18.8465
    2560      18.7330
    2561      18.5242
    2562      18.6076
    2563      19.9202
    2564      19.8373
    2565      19.6733
    2566      18.7039
    2567      19.3298
    2568      18.8257
    2569      18.8076
    2570      18.5649
    2571      19.3764
    2572      19.3309
    2573      19.7185
    2574      19.4842
    2575      19.8465
    2576      19.4931
    2577      19.0327
    2578      19.1534
    2579      18.7864
    2580      18.9533
    2581      18.9721
    2582      17.9907
    2583      19.6262
    2584      19.0421
    2585      17.8735
    2586      18.8504
    2587      19.5940
    2588      19.1547
    2589      19.5240
    2590      19.5557
    2591      19.8466
    2592      19.3694
    2593      18.0955
    2594      18.5321
    2595      18.3195
    2596      18.2542
    2597      19.1751
    2598      19.2551
    2599      19.2424
    2600      19.2409
    2601      18.1694
    2602      18.1649
    2603      17.9524
    2604      18.6771
    2605      18.5345
    2606      19.1031
    2607      19.4114
    2608      18.9206
    2609      19.0972
    2610      19.1501
    2611      19.2003
    2612      18.1678
    2613      18.7387
    2614      18.7480
    2615      18.5267
    2616      18.2645
    2617      18.4050
    2618      19.2703
    2619      18.8658
    2620      19.1701
    2621      19.2234
    2622      19.2205
    2623      19.1584
    2624      19.3392
    2625      19.2079
    2626      18.3652
    2627      18.6377
    2628      19.0740
    2629      18.7359
    2630      18.8925
    2631      19.4319
    2632      19.0570
    2633      17.6422
    2634      18.6011
    2635      18.6710
    2636      18.5576
    2637      18.5648
    2638      18.3997
    2639      18.7515
    2640      18.5441
    2641      19.4553
    2642      19.0277
    2643      19.2327
    2644      19.6274
    2645      19.1613
    2646      19.1396
    2647      18.9581
    2648      19.3143
    2649      18.4449
    2650      19.1360
    2651      19.5358
    2652      18.5912
    2653      18.8190
    2654      18.7023
    2655      19.3431
    2656      20.0608
    2657      19.8401
    2658      19.9862
    2659      19.1918
    2660      18.9311
    2661      18.8925
    2662      20.0557
    2663      19.9108
    2664      20.5470
    2665      19.8992
    2666      19.7425
    2667      19.4186
    2668      19.7107
    2669      19.2955
    2670      19.4146
    2671      19.0147
    2672      19.3851
    2673      19.3263
    2674      18.9554
    2675      19.3187
    2676      18.4320
    2677      18.5360
    2678      18.9119
    2679      18.5137
    2680      19.1592
    2681      19.1845
    2682      18.5177
    2683      18.6307
    2684      17.8015
    2685      18.5946
    2686      18.9181
    2687      18.4428
    2688      18.0205
    2689      18.3841
    2690      19.4214
    2691      19.1140
    2692      18.4972
    2693      19.0884
    2694      20.1695
    2695      19.4165
    2696      18.8052
    2697      18.9393
    2698      19.1522
    2699      18.6382
    2700      19.2915
    2701      18.6724
    2702      19.5345
    2703      19.3598
    2704      19.3660
    2705      18.0665
    2706      18.2821
    2707      17.2410
    2708      17.9923
    2709      19.1814
    2710      18.4948
    2711      19.0009
    2712      19.5224
    2713      20.4249
    2714      19.9533
    2715      20.1654
    2716      19.3035
    2717      19.2075
    2718      19.4393
    2719      19.7064
    2720      19.8464
    2721      18.9260
    2722      19.2998
    2723      18.7707
    2724      19.1785
    2725      19.7248
    2726      19.2493
    2727      19.1462
    2728      19.5163
    2729      18.8635
    2730      19.6061
    2731      18.9569
    2732      19.3428
    2733      19.0278
    2734      19.2753
    2735      18.4498
    2736      19.0317
    2737      19.4738
    2738      20.3958
    2739      18.9995
    2740      19.3333
    2741      19.6133
    2742      19.7209
    2743      19.7781
    2744      20.3713
    2745      19.8469
    2746      19.2547
    2747      19.5683
    2748      19.8820
    2749      19.7358
    2750      19.7267
    2751      19.0126
    2752      20.1450
    2753      20.4002
    2754      20.2463
    2755      19.8806
    2756      20.6179
    2757      20.0963
    2758      19.1954
    2759      18.6173
    2760      19.1289
    2761      18.5598
    2762      18.8998
    2763      18.9208
    2764      19.0551
    2765      18.6886
    2766      18.9722
    2767      18.4647
    2768      17.7789
    2769      18.2477
    2770      18.2883
    2771      19.3058
    2772      19.5392
    2773      19.5576
    2774      19.8076
    2775      19.4408
    2776      19.1876
    2777      19.0381
    2778      20.2237
    2779      19.6581
    2780      20.0194
    2781      20.2944
    2782      19.8794
    2783      19.8114
    2784      19.5215
    2785      19.1378
    2786      19.1076
    2787      18.9712
    2788      17.9805
    2789      19.5716
    2790      18.9626
    2791      19.4962
    2792      20.5498
    2793      19.4071
    2794      18.4322
    2795      18.6265
    2796      19.0332
    2797      18.9425
    2798      18.6249
    2799      18.9959
    2800      19.6352
    2801      18.7673
    2802      18.4498
    2803      18.2728
    2804      18.1099
    2805      18.6058
    2806      19.0871
    2807      18.8313
    2808      19.2404
    2809      19.4504
    2810      19.4530
    2811      19.8595
    2812      18.8963
    2813      18.6890
    2814      18.5236
    2815      18.3013
    2816      18.8087
    2817      18.2582
    2818      19.5768
    2819      19.2010
    2820      19.6834
    2821      19.2307
    2822      19.8938
    2823      19.2820
    2824      18.8260
    2825      20.0397
    2826      19.3189
    2827      20.0482
    2828      20.3499
    2829      19.9292
    2830      19.1281
    2831      19.5567
    2832      18.1813
    2833      17.7494
    2834      18.1104
    2835      17.8663
    2836      18.0740
    2837      19.3152
    2838      18.6891
    2839      19.4355
    2840      19.1072
    2841      19.3256
    2842      19.6673
    2843      18.7581
    2844      18.8354
    2845      19.7338
    2846      19.1348
    2847      18.8648
    2848      18.8873
    2849      17.6598
    2850      17.4080
    2851      18.3672
    2852      17.3532
    2853      18.3288
    2854      18.4034
    2855      18.0310
    2856      18.2752
    2857      18.3174
    2858      18.0789
    2859      18.4375
    2860      18.3423
    2861      17.8351
    2862      17.4493
    2863      18.4128
    2864      19.4448
    2865      18.7889
    2866      19.4281
    2867      18.5644
    2868      18.8872
    2869      18.1881
    2870      19.2257
    2871      19.3490
    2872      19.3354
    2873      19.1428
    2874      19.7210
    2875      19.4647
    2876      19.7641
    2877      19.0997
    2878      19.4283
    2879      18.4789
    2880      18.6995
    2881      18.3320
    2882      18.2726
    2883      18.6151
    2884      18.6742
    2885      19.2640
    2886      19.1941
    2887      19.0336
    2888      18.6813
    2889      19.3838
    2890      19.3816
    2891      19.4687
    2892      18.4863
    2893      18.7989
    2894      19.1118
    2895      18.6317
    2896      19.3274
    2897      19.5530
    2898      19.7879
    2899      19.2023
    2900      19.5583
    2901      18.9342
    2902      19.5464
    2903      19.8960
    2904      19.4274
    2905      19.0904
    2906      19.0826
    2907      18.9744
    2908      18.5080
    2909      18.3497
    2910      18.9230
    2911      19.4078
    2912      18.6564
    2913      18.4323
    2914      18.9296
    2915      19.0844
    2916      18.5084
    2917      18.2483
    2918      17.9091
    2919      17.8630
    2920      18.5298
    2921      18.9266
    2922      19.2014
    2923      19.7741
    2924      19.5534
    2925      19.0930
    2926      19.2991
    2927      19.6084
    2928      18.7451
    2929      17.7736
    2930      19.1783
    2931      19.4664
    2932      18.7899
    2933      18.7472
    2934      19.3931
    2935      18.7966
    2936      19.6496
    2937      19.5965
    2938      19.2639
    2939      19.6568
    2940      19.4915
    2941      19.6074
    2942      19.6265
    2943      20.2231
    2944      20.0142
    2945      19.0212
    2946      19.4067
    2947      19.0983
    2948      19.5874
    2949      19.8688
    2950      19.2171
    2951      20.1744
    2952      19.0884
    2953      19.1388
    2954      20.6381
    2955      20.0990
    2956      19.7057
    2957      18.4485
    2958      17.4956
    2959      18.4878
    2960      17.4361
    2961      17.8631
    2962      17.6926
    2963      19.0586
    2964      19.1719
    2965      19.4943
    2966      18.8743
    2967      18.7377
    2968      18.9448
    2969      19.2448
    2970      18.9775
    2971      19.5528
    2972      19.2034
    2973      19.0771
    2974      18.2381
    2975      18.8637
    2976      18.1710
    2977      18.0174
    2978      18.3532
    2979      18.1090
    2980      18.8847
    2981      17.9843
    2982      18.8903
    2983      18.5609
    2984      17.7784
    2985      18.6827
    2986      18.8433
    2987      19.1282
    2988      18.8517
    2989      19.2675
    2990      18.6464
    2991      19.1255
    2992      19.1552
    2993      18.3806
    2994      17.9534
    2995      18.0138
    2996      18.2956
    2997      18.3532
    2998      18.8251
    2999      19.1580
    3000      19.9550
    3001      19.4012
    3002      18.6672
    3003      17.7792
    3004      18.0863
    3005      18.5289
    3006      17.7245
    3007      18.2934
    3008      18.5381
    3009      17.9209
    3010      18.0922
    3011      19.4802
    3012      19.6039
    3013      19.2728
    3014      18.6287
    3015      18.6106
    3016      18.8798
    3017      18.9253
    3018      19.3093
    3019      18.3231
    3020      18.7475
    3021      19.0786
    3022      18.7293
    3023      18.7417
    3024      19.1680
    3025      19.1362
    3026      19.9781
    3027      18.6680
    3028      18.9023
    3029      19.3019
    3030      19.6812
    3031      19.2654
    3032      18.7302
    3033      19.0035
    3034      18.9779
    3035      19.0211
    3036      18.7543
    3037      18.4395
    3038      18.2842
    3039      19.7208
    3040      18.6137
    3041      18.8998
    3042      18.8746
    3043      19.6975
    3044      19.0346
    3045      18.9334
    3046      19.5772
    3047      19.8318
    3048      19.9036
    3049      19.1186
    3050      19.0199
    3051      18.8347
    3052      18.9984
    3053      18.9836
    3054      18.8476
    3055      18.5232
    3056      19.4166
    3057      18.7157
    3058      18.9491
    3059      18.0451
    3060      19.5943
    3061      19.0630
    3062      19.4586
    3063      19.6032
    3064      19.8478
    3065      19.9879
    3066      20.0958
    3067      19.5688
    3068      19.5464
    3069      19.4084
    3070      20.1435
    3071      20.3628
    3072      20.0761
    3073      19.6179
    3074      18.8428
    3075      18.7081
    3076      18.7354
    3077      18.6289
    3078      19.1788
    3079      18.5504
    3080      19.5289
    3081      20.2428
    3082      19.8804
    3083      18.6827
    3084      19.2266
    3085      19.6964
    3086      19.4030
    3087      19.5525
    3088      19.3695
    3089      19.0311
    3090      18.9832
    3091      18.8481
    3092      18.3653
    3093      18.8640
    3094      18.8139
    3095      19.0837
    3096      18.9285
    3097      19.9018
    3098      19.3336
    3099      19.7281
    3100      19.9238
    3101      19.8484
    3102      20.1138
    3103      19.8255
    3104      19.7482
    3105      19.9119
    3106      20.0510
    3107      18.5536
    3108      19.2212
    3109      19.8496
    3110      19.5605
    3111      19.5954
    3112      20.0150
    3113      19.7290
    3114      20.0545
    3115      19.6717
    3116      19.6046
    3117      18.8790
    3118      19.1141
    3119      19.2950
    3120      19.1364
    3121      19.4990
    3122      18.7032
    3123      18.8286
    3124      18.6910
    3125      18.6869
    3126      19.0480
    3127      18.3488
    3128      18.6128
    3129      19.0434
    3130      17.9835
    3131      18.9805
    3132      18.7576
    3133      18.8878
    3134      18.4404
    3135      18.7225
    3136      18.4952
    3137      18.6220
    3138      18.7324
    3139      19.1880
    3140      18.9768
    3141      19.2807
    3142      19.3576
    3143      19.5377
    3144      19.5405
    3145      19.6438
    3146      19.1967
    3147      19.8120
    3148      19.9231
    3149      19.8399
    3150      19.8712
    3151      19.9802
    3152      20.1359
    3153      19.7756
    3154      19.6988
    3155      19.3951
    3156      19.1066
    3157      19.9915
    3158      19.5356
    3159      19.6300
    3160      19.2623
    3161      19.1046
    3162      20.4219
    3163      19.1422
    3164      18.8184
    3165      19.8577
    3166      19.2328
    3167      18.7151
    3168      19.4904
    3169      19.6100
    3170      19.6931
    3171      19.1369
    3172      19.3700
    3173      18.8868
    3174      19.2800
    3175      18.4572
    3176      18.1643
    3177      19.1808
    3178      19.2589
    3179      19.0765
    3180      19.9848
    3181      19.2741
    3182      19.3081
    3183      19.6848
    3184      19.7210
    3185      19.2863
    3186      18.5303
    3187      18.9513
    3188      19.5619
    3189      18.9194
    3190      18.6707
    3191      18.6936
    3192      18.5924
    3193      18.0270
    3194      18.7852
    3195      19.2734
    3196      18.9372
    3197      19.3583
    3198      18.9803
    3199      18.6246
    3200      18.6617
    3201      19.3554
    3202      18.6603
    3203      19.3313
    3204      19.8998
    3205      19.7890
    3206      19.9545
    3207      19.5773
    3208      19.5468
    3209      19.6816
    3210      20.2731
    3211      20.4512
    3212      20.0345
    3213      19.7404
    3214      19.5806
    3215      18.8408
    3216      19.2272
    3217      19.6502
    3218      18.6821
    3219      19.1949
    3220      18.2733
    3221      18.9966
    3222      18.6119
    3223      19.3268
    3224      19.9679
    3225      19.3363
    3226      18.9408
    3227      18.8535
    3228      18.7680
    3229      19.0969
    3230      19.0428
    3231      19.2505
    3232      18.3226
    3233      19.0880
    3234      19.0207
    3235      19.2196
    3236      19.0130
    3237      19.8195
    3238      18.6312
    3239      18.6046
    3240      18.9246
    3241      18.4350
    3242      18.2889
    3243      18.3889
    3244      19.1330
    3245      19.3840
    3246      19.3305
    3247      19.3790
    3248      18.4442
    3249      18.4828
    3250      18.5758
    3251      18.0924
    3252      18.9871
    3253      18.9373
    3254      18.9526
    3255      18.4978
    3256      20.1315
    3257      20.0068
    3258      18.9585
    3259      20.0555
    3260      19.0877
    3261      19.0037
    3262      18.7009
    3263      18.7076
    3264      18.9654
    3265      19.3283
    3266      18.5805
    3267      18.9011
    3268      19.2917
    3269      19.2835
    3270      19.4373
    3271      19.3874
    3272      19.3152
    3273      19.6491
    3274      19.2835
    3275      19.0298
    3276      19.0632
    3277      19.4104
    3278      19.2331
    3279      18.9040
    3280      19.1253
    3281      19.0842
    3282      18.5249
    3283      20.2036
    3284      19.6683
    3285      19.5235
    3286      19.2292
    3287      19.0972
    3288      19.0021
    3289      19.6871
    3290      19.4616
    3291      19.0263
    3292      18.4553
    3293      18.7297
    3294      18.8704
    3295      19.1668
    3296      19.0816
    3297      19.7510
    3298      19.2526
    3299      19.0034
    3300      18.4916
    3301      18.7122
    3302      18.3960
    3303      19.2070
    3304      18.4779
    3305      18.4877
    3306      18.8154
    3307      18.0957
    3308      18.4375
    3309      18.1874
    3310      17.6149
    3311      18.0705
    3312      18.8419
    3313      18.8880
    3314      17.9066
    3315      18.2422
    3316      18.0043
    3317      18.2215
    3318      18.6748
    3319      19.3090
    3320      19.5986
    3321      19.5154
    3322      19.4751
    3323      19.2225
    3324      18.5838
    3325      18.6322
    3326      18.4236
    3327      18.3286
    3328      18.9135
    3329      18.1774
    3330      18.7883
    3331      18.9845
    3332      18.9534
    3333      19.1996
    3334      19.4867
    3335      20.0722
    3336      19.0945
    3337      19.5775
    3338      19.5387
    3339      19.0562
    3340      19.7016
    3341      19.0119
    3342      18.7686
    3343      19.5866
    3344      18.6799
    3345      19.3760
    3346      18.7003
    3347      19.2833
    3348      18.2974
    3349      19.1120
    3350      19.1384
    3351      18.9612
    3352      18.6639
    3353      18.9125
    3354      17.7715
    3355      18.1149
    3356      19.4660
    3357      19.6144
    3358      19.7232
    3359      17.9187
    3360      18.7030
    3361      19.0562
    3362      19.7355
    3363      19.5744
    3364      20.0468
    3365      19.2544
    3366      19.0392
    3367      19.6662
    3368      19.4219
    3369      19.2758
    3370      19.0605
    3371      19.7232
    3372      19.4230
    3373      19.8930
    3374      18.5499
    3375      19.3607
    3376      19.2536
    3377      19.5372
    3378      19.3028
    3379      19.8244
    3380      19.0484
    3381      19.1510
    3382      19.0060
    3383      19.3567
    3384      19.2136
    3385      20.0154
    3386      19.4974
    3387      19.5991
    3388      20.2700
    3389      19.2633
    3390      19.0762
    3391      18.6341
    3392      18.6957
    3393      18.7592
    3394      19.6656
    3395      20.2922
    3396      19.7745
    3397      20.2772
    3398      19.2159
    3399      19.5519
    3400      19.1672
    3401      19.5593
    3402      19.6181
    3403      18.9619
    3404      18.9967
    3405      18.2709
    3406      18.6147
    3407      18.6108
    3408      17.9426
    3409      18.6057
    3410      19.0409
    3411      17.8901
    3412      18.2287
    3413      19.1970
    3414      18.5705
    3415      19.1733
    3416      19.1102
    3417      19.7651
    3418      18.9712
    3419      19.6429
    3420      19.4555
    3421      19.8630
    3422      19.6307
    3423      18.6220
    3424      18.7891
    3425      19.2242
    3426      19.0090
    3427      19.4271
    3428      19.2644
    3429      19.6488
    3430      18.9958
    3431      19.9623
    3432      19.5476
    3433      19.5987
    3434      19.2232
    3435      18.9307
    3436      19.0180
    3437      19.6773
    3438      19.5603
    3439      20.1947
    3440      19.5869
    3441      19.7673
    3442      19.7103
    3443      19.6672
    3444      19.7871
    3445      18.7581
    3446      19.0057
    3447      18.8403
    3448      19.1629
    3449      18.5285
    3450      18.5851
    3451      18.2543
    3452      19.4175
    3453      19.9855
    3454      19.9987
    3455      20.3845
    3456      19.2515
    3457      19.5628
    3458      20.3435
    3459      18.4684
    3460      19.9365
    3461      19.9931
    3462      19.6012
    3463      19.2964
    3464      19.7648
    3465      19.3332
    3466      19.3944
    3467      19.3803
    3468      19.2018
    3469      18.7086
    3470      19.3320
    3471      18.4286
    3472      18.3231
    3473      18.6762
    3474      18.6871
    3475      18.8708
    3476      18.6266
    3477      19.4490
    3478      19.1871
    3479      18.4663
    3480      18.6221
    3481      19.0431
    3482      18.5883
    3483      18.5496
    3484      19.0895
    3485      18.4922
    3486      18.9718
    3487      19.8831
    3488      19.2276
    3489      19.6731
    3490      19.2766
    3491      17.8238
    3492      18.2931
    3493      18.4786
    3494      18.6707
    3495      17.4508
    3496      18.6536
    3497      18.6900
    3498      18.1599
    3499      19.4279
    3500      19.1575
    3501      18.9143
    3502      18.4368
    3503      18.3558
    3504      18.4865
    3505      20.4427
    3506      19.6390
    3507      18.9760
    3508      19.3098
    3509      19.9913
    3510      19.6915
    3511      19.2984
    3512      19.5414
    3513      19.3308
    3514      19.2602
    3515      19.4491
    3516      19.4456
    3517      20.1061
    3518      19.1163
    3519      18.5571
    3520      18.6283
    3521      18.2233
    3522      19.2913
    3523      18.6258
    3524      19.2347
    3525      19.5001
    3526      18.6237
    3527      19.5032
    3528      19.5675
    3529      19.5479
    3530      20.2360
    3531      18.6531
    3532      20.3386
    3533      20.2680
    3534      18.9977
    3535      19.7611
    3536      20.3288
    3537      19.0672
    3538      18.8943
    3539      18.6069
    3540      19.8037
    3541      18.6214
    3542      18.7444
    3543      19.1193
    3544      19.3811
    3545      18.3375
    3546      17.7487
    3547      17.8519
    3548      17.9232
    3549      18.5575
    3550      18.7640
    3551      19.9177
    3552      18.6958
    3553      19.0198
    3554      19.4887
    3555      19.0917
    3556      18.2625
    3557      18.4223
    3558      19.0716
    3559      18.5470
    3560      18.6736
    3561      18.4518
    3562      18.1385
    3563      18.7885
    3564      19.1436
    3565      19.1606
    3566      18.0746
    3567      18.5493
    3568      18.5717
    3569      18.9641
    3570      18.8653
    3571      18.6695
    3572      17.7593
    3573      18.3676
    3574      18.2151
    3575      18.0938
    3576      18.2129
    3577      18.5857
    3578      19.2013
    3579      19.3689
    3580      18.8082
    3581      17.8907
    3582      18.9951
    3583      18.8690
    3584      17.9542
    3585      18.0115
    3586      18.9443
    3587      18.3145
    3588      18.3821
    3589      19.2636
    3590      19.0464
    3591      18.7290
    3592      19.4042
    3593      19.7977
    3594      19.5015
    3595      18.6171
    3596      18.3374
    3597      18.9664
    3598      18.3090
    3599      19.0140
    3600      19.2541
    3601      19.3057
    3602      18.7133
    3603      19.0855
    3604      18.6547
    3605      18.4074
    3606      19.5220
    3607      19.4095
    3608      18.2492
    3609      18.4393
    3610      19.2218
    3611      19.4325
    3612      19.2205
    3613      18.5048
    3614      18.3713
    3615      18.1825
    3616      18.7341
    3617      18.2422
    3618      18.2226
    3619      19.3717
    3620      18.9808
    3621      19.4354
    3622      19.3276
    3623      19.5095
    3624      19.0944
    3625      19.1244
    3626      18.5358
    3627      18.9719
    3628      18.4296
    3629      18.3558
    3630      18.9463
    3631      19.8728
    3632      19.4773
    3633      19.2704
    3634      19.4672
    3635      19.2900
    3636      18.8982
    3637      18.5605
    3638      19.3921
    3639      19.1903
    3640      19.6557
    3641      19.1618
    3642      18.7217
    3643      18.9717
    3644      18.5079
    3645      19.0823
    3646      18.3741
    3647      19.4785
    3648      18.4788
    3649      18.2566
    3650      18.7990
    3651      18.8424
    3652      18.2867
    3653      18.2440
    3654      18.6181
    3655      18.9915
    3656      19.1123
    3657      18.5552
    3658      19.7130
    3659      19.2418
    3660      18.6684
    3661      18.4777
    3662      18.2535
    3663      18.1955
    3664      18.0360
    3665      18.3767
    3666      18.4255
    3667      18.1674
    3668      17.9965
    3669      18.5838
    3670      18.4835
    3671      18.0489
    3672      17.8567
    3673      18.5988
    3674      18.7094
    3675      18.8542
    3676      19.7827
    3677      19.5150
    3678      19.0878
    3679      18.8509
    3680      18.8721
    3681      19.0333
    3682      18.6401
    3683      18.3479
    3684      18.5223
    3685      18.2172
    3686      18.5076
    3687      18.5514
    3688      19.1119
    3689      19.1338
    3690      18.8268
    3691      18.8671
    3692      18.6504
    3693      19.0997
    3694      19.1270
    3695      18.2828
    3696      18.9108
    3697      19.1422
    3698      19.5992
    3699      18.7647
    3700      19.6268
    3701      19.2195
    3702      18.7578
    3703      20.0539
    3704      19.4960
    3705      20.0012
    3706      19.8348
    3707      20.5730
    3708      19.9924
    3709      19.7278
    3710      19.2268
    3711      19.7215
    3712      19.7565
    3713      19.0238
    3714      19.0389
    3715      18.7548
    3716      18.9281
    3717      18.7673
    3718      18.8374
    3719      18.2048
    3720      18.3366
    3721      18.5335
    3722      18.9294
    3723      19.6428
    3724      20.1386
    3725      19.8899
    3726      18.6451
    3727      19.1579
    3728      19.3265
    3729      19.2251
    3730      18.6801
    3731      19.1813
    3732      18.8750
    3733      19.8707
    3734      18.5067
    3735      18.2307
    3736      18.4440
    3737      18.8538
    3738      19.0609
    3739      19.6486
    3740      19.4254
    3741      18.8678
    3742      19.6875
    3743      20.0435
    3744      19.9188
    3745      19.2819
    3746      19.0895
    3747      18.3183
    3748      19.0705
    3749      19.7522
    3750      19.7092
    3751      19.2805
    3752      19.0141
    3753      19.4744
    3754      19.2466
    3755      18.5455
    3756      19.3993
    3757      19.5652
    3758      19.5038
    3759      19.1732
    3760      19.1777
    3761      19.3510
    3762      19.5785
    3763      18.7311
    3764      19.9766
    3765      19.8258
    3766      19.8282
    3767      20.4271
    3768      19.7788
    3769      19.4331
    3770      18.8582
    3771      19.2005
    3772      19.1811
    3773      18.3965
    3774      18.6539
    3775      18.7102
    3776      18.7464
    3777      18.1505
    3778      18.9510
    3779      19.5580
    3780      19.3206
    3781      19.3626
    3782      18.8891
    3783      18.6981
    3784      18.7947
    3785      20.1967
    3786      19.5999
    3787      19.7774
    3788      19.2750
    3789      19.2298
    3790      18.9987
    3791      18.1792
    3792      18.5949
    3793      18.2471
    3794      18.2332
    3795      17.5004
    3796      18.3069
    3797      18.6853
    3798      18.2178
    3799      19.2298
    3800      18.8708
    3801      19.3172
    3802      19.0193
    3803      19.3322
    3804      18.9562
    3805      18.8940
    3806      18.4704
    3807      18.8513
    3808      18.7653
    3809      19.0563
    3810      19.1908
    3811      18.3519
    3812      18.4227
    3813      18.7572
    3814      18.1365
    3815      18.7673
    3816      18.7855
    3817      17.7082
    3818      17.8539
    3819      18.9946
    3820      18.0784
    3821      18.2009
    3822      19.1107
    3823      18.6737
    3824      18.1621
    3825      18.3309
    3826      18.8462
    3827      18.2097
    3828      18.5908
    3829      19.1029
    3830      18.3145
    3831      17.8479
    3832      18.6430
    3833      18.0168
    3834      18.4723
    3835      17.9617
    3836      18.2148
    3837      18.3106
    3838      18.3829
    3839      18.7493
    3840      18.5649
    3841      18.6759
    3842      19.4377
    3843      18.7613
    3844      19.1484
    3845      19.0239
    3846      20.1774
    3847      18.9696
    3848      18.3420
    3849      19.1841
    3850      19.4340
    3851      19.1754
    3852      19.9417
    3853      19.3144
    3854      18.5432
    3855      19.3260
    3856      18.4164
    3857      18.4863
    3858      18.6800
    3859      18.1574
    3860      18.9016
    3861      18.8061
    3862      18.9157
    3863      18.5794
    3864      19.2277
    3865      19.7622
    3866      18.7643
    3867      18.8786
    3868      19.7801
    3869      18.7526
    3870      19.5690
    3871      18.9286
    3872      19.3572
    3873      19.3367
    3874      19.5613
    3875      18.3282
    3876      19.4100
    3877      19.3004
    3878      19.1660
    3879      19.7011
    3880      19.1731
    3881      18.7271
    3882      18.8582
    3883      19.6748
    3884      18.6724
    3885      19.1701
    3886      18.6590
    3887      18.8936
    3888      18.8768
    3889      18.2888
    3890      19.4866
    3891      19.4476
    3892      20.0062
    3893      20.3703
    3894      20.2374
    3895      19.5466
    3896      18.5690
    3897      19.2569
    3898      19.0965
    3899      20.3868
    3900      19.2017
    3901      18.4308
    3902      19.5475
    3903      18.9948
    3904      18.5788
    3905      18.8917
    3906      18.7553
    3907      19.4636
    3908      19.0286
    3909      18.8957
    3910      19.4241
    3911      18.1267
    3912      18.5405
    3913      19.7515
    3914      18.3830
    3915      18.5995
    3916      19.4844
    3917      19.0265
    3918      19.4415
    3919      19.1340
    3920      20.1309
    3921      20.7557
    3922      18.1562
    3923      19.0403
    3924      18.5928
    3925      18.5470
    3926      18.4034
    3927      18.5642
    3928      18.5086
    3929      17.9825
    3930      17.9963
    3931      18.9045
    3932      19.0084
    3933      18.7076
    3934      18.6949
    3935      18.7238
    3936      19.3204
    3937      19.8958
    3938      18.6693
    3939      19.3142
    3940      18.1668
    3941      18.1528
    3942      18.8868
    3943      18.7702
    3944      18.7386
    3945      18.8081
    3946      19.1673
    3947      18.9459
    3948      19.6386
    3949      19.2043
    3950      19.9544
    3951      19.5900
    3952      19.1261
    3953      19.0594
    3954      18.1436
    3955      19.3951
    3956      19.4217
    3957      19.1878
    3958      18.6015
    3959      18.9873
    3960      19.2850
    3961      19.4911
    3962      18.5649
    3963      18.3156
    3964      19.0544
    3965      18.6194
    3966      18.1664
    3967      19.3746
    3968      18.6882
    3969      19.6052
    3970      19.5776
    3971      19.5675
    3972      18.6245
    3973      19.0928
    3974      18.5132
    3975      19.0092
    3976      18.3618
    3977      18.9255
    3978      17.9413
    3979      18.6609
    3980      18.5588
    3981      17.7220
    3982      18.4289
    3983      19.0392
    3984      18.3236
    3985      18.6819
    3986      19.0591
    3987      18.4472
    3988      19.5406
    3989      19.5448
    3990      18.9489
    3991      19.2422
    3992      18.6714
    3993      18.8520
    3994      18.6454
    3995      18.7290
    3996      18.8307
    3997      18.9598
    3998      19.0976
    3999      19.2130
    4000      19.8355
    4001      19.0480
    4002      18.4988
    4003      18.8685
    4004      18.8559
    4005      18.2150
    4006      19.0998
    4007      18.8853
    4008      19.2578
    4009      19.5165
    4010      18.7182
    4011      18.8934
    4012      18.3127
    4013      19.1670
    4014      18.9943
    4015      19.2326
    4016      18.8472
    4017      19.2022
    4018      19.3780
    4019      19.3454
    4020      20.1513
    4021      20.6470
    4022      19.9466
    4023      19.8712
    4024      19.4836
    4025      19.8282
    4026      20.0619
    4027      18.8830
    4028      19.7633
    4029      20.1878
    4030      19.4763
    4031      19.2377
    4032      19.1922
    4033      18.2127
    4034      17.9763
    4035      18.1637
    4036      19.2911
    4037      18.7564
    4038      18.7813
    4039      18.7033
    4040      18.5436
    4041      18.3072
    4042      19.1064
    4043      18.6649
    4044      18.5669
    4045      19.1680
    4046      18.1203
    4047      18.6983
    4048      19.2256
    4049      18.9230
    4050      19.0684
    4051      18.7825
    4052      19.6325
    4053      19.0013
    4054      18.9187
    4055      19.7008
    4056      18.4311
    4057      19.3010
    4058      19.5354
    4059      19.5020
    4060      18.5379
    4061      18.3050
    4062      18.0040
    4063      17.6003
    4064      18.4737
    4065      19.2091
    4066      18.9193
    4067      19.0246
    4068      19.3519
    4069      18.7855
    4070      19.2456
    4071      19.2396
    4072      19.3486
    4073      21.0478
    4074      19.7109
    4075      18.9871
    4076      19.8013
    4077      18.8803
    4078      19.4774
    4079      18.8414
    4080      19.4253
    4081      19.2357
    4082      18.9382
    4083      18.8807
    4084      18.5644
    4085      18.1402
    4086      18.2482
    4087      18.6491
    4088      18.6085
    4089      18.4021
    4090      19.5800
    4091      19.2499
    4092      19.2025
    4093      19.2156
    4094      19.7280
    4095      19.0927
    4096      19.5976
    4097      19.8490
    4098      19.5938
    4099      19.4171
    4100      20.5510
