#Frame     RMSD_00003
       1       0.0000
       2       1.1547
       3       1.1791
       4       1.2566
       5       1.2738
       6       1.3729
       7       1.2910
       8       1.2948
       9       1.2967
      10       1.2832
      11       1.2886
      12       1.4685
      13       1.3913
      14       1.3547
      15       1.3464
      16       1.3126
      17       1.3265
      18       1.4521
      19       1.4693
      20       1.4793
      21       1.4742
      22       1.4221
      23       1.4687
      24       1.4252
      25       1.4511
      26       1.5343
      27       1.6840
      28       1.6328
      29       1.4361
      30       1.5175
      31       1.4299
      32       1.4880
      33       1.4178
      34       1.5340
      35       1.4736
      36       1.3167
      37       1.3898
      38       1.3837
      39       1.4180
      40       1.5066
      41       1.4369
      42       1.6058
      43       1.5918
      44       1.6414
      45       1.6540
      46       1.6678
      47       1.6535
      48       1.4961
      49       1.4953
      50       1.4924
      51       1.5377
      52       1.5151
      53       1.5271
      54       1.5563
      55       1.5072
      56       1.4872
      57       1.5648
      58       1.5259
      59       1.4721
      60       1.5470
      61       1.5388
      62       1.5308
      63       1.5339
      64       1.5247
      65       1.5765
      66       1.5776
      67       1.6214
      68       1.4887
      69       1.5375
      70       1.5855
      71       1.6014
      72       1.5859
      73       1.5387
      74       1.6074
      75       1.6578
      76       1.7046
      77       1.6714
      78       1.7866
      79       1.7491
      80       1.8541
      81       1.7860
      82       1.7852
      83       1.8625
      84       1.7284
      85       1.7725
      86       1.6797
      87       1.8207
      88       1.7417
      89       1.6300
      90       1.7680
      91       1.7865
      92       1.8053
      93       1.7061
      94       1.7599
      95       1.8597
      96       1.7942
      97       1.7956
      98       1.7050
      99       1.7050
     100       1.7131
     101       1.7306
     102       1.7676
     103       1.6917
     104       1.7599
     105       1.7997
     106       1.8292
     107       1.7427
     108       1.7099
     109       1.7451
     110       1.7670
     111       1.7603
     112       1.7720
     113       1.7478
     114       1.7888
     115       1.7434
     116       1.7296
     117       1.7613
     118       1.8838
     119       1.7574
     120       1.7939
     121       1.8062
     122       1.7392
     123       1.7254
     124       1.7302
     125       1.7662
     126       1.8244
     127       1.7398
     128       1.6723
     129       1.7746
     130       1.7454
     131       1.7575
     132       1.6717
     133       1.6657
     134       1.6288
     135       1.6979
     136       1.7037
     137       1.7469
     138       1.7726
     139       1.7795
     140       1.7459
     141       1.7429
     142       1.8895
     143       1.8016
     144       1.8324
     145       1.8541
     146       1.7593
     147       1.8376
     148       1.7428
     149       1.8751
     150       1.6754
     151       1.7573
     152       1.7298
     153       1.7495
     154       1.8522
     155       1.8164
     156       1.8171
     157       1.7911
     158       1.6521
     159       1.7760
     160       1.7786
     161       1.7711
     162       1.7470
     163       1.8162
     164       1.7481
     165       1.7511
     166       1.8139
     167       1.6769
     168       1.7815
     169       1.7688
     170       1.7350
     171       1.7010
     172       1.7451
     173       1.6947
     174       1.7021
     175       1.7488
     176       1.7463
     177       1.7743
     178       1.6611
     179       1.6835
     180       1.5647
     181       1.7006
     182       1.7267
     183       1.6947
     184       1.6612
     185       1.6545
     186       1.6499
     187       1.5786
     188       1.6799
     189       1.5912
     190       1.6649
     191       1.5942
     192       1.6430
     193       1.6037
     194       1.6003
     195       1.6728
     196       1.6997
     197       1.6308
     198       1.6124
     199       1.6335
     200       1.6457
     201       1.7086
     202       1.6258
     203       1.7277
     204       1.6458
     205       1.7744
     206       1.7759
     207       1.7216
     208       1.7302
     209       1.8938
     210       1.6999
     211       1.7228
     212       1.6741
     213       1.6653
     214       1.7624
     215       1.7798
     216       1.6569
     217       1.6474
     218       1.8091
     219       1.7816
     220       1.7628
     221       1.7219
     222       1.6946
     223       1.7479
     224       1.6418
     225       1.6404
     226       1.7352
     227       1.8415
     228       1.7332
     229       1.7277
     230       1.6953
     231       1.6721
     232       1.6450
     233       1.6613
     234       1.7187
     235       1.7400
     236       1.8011
     237       1.6225
     238       1.6316
     239       1.6856
     240       1.6979
     241       1.6398
     242       1.6433
     243       1.6432
     244       1.7647
     245       1.6832
     246       1.6847
     247       1.6335
     248       1.6879
     249       1.6558
     250       1.6607
     251       1.6660
     252       1.6413
     253       1.6024
     254       1.6494
     255       1.7487
     256       1.6275
     257       1.6237
     258       1.6603
     259       1.6170
     260       1.7276
     261       1.5967
     262       1.6280
     263       1.5784
     264       1.6589
     265       1.6068
     266       1.6002
     267       1.7210
     268       1.7313
     269       2.0551
     270       1.7479
     271       1.7689
     272       1.8120
     273       1.7329
     274       1.6591
     275       1.6822
     276       1.7176
     277       1.6631
     278       1.7764
     279       1.7029
     280       1.7325
     281       1.6635
     282       1.7397
     283       1.6719
     284       1.6199
     285       1.5701
     286       1.6496
     287       1.7241
     288       1.5145
     289       1.6425
     290       1.5849
     291       1.6741
     292       1.6498
     293       1.6437
     294       1.6954
     295       1.6499
     296       1.6548
     297       1.6220
     298       1.7192
     299       1.6594
     300       1.6498
     301       1.7203
     302       1.6833
     303       1.6897
     304       1.4892
     305       1.5834
     306       1.5449
     307       1.6621
     308       1.7109
     309       1.6891
     310       1.6258
     311       1.6484
     312       1.6090
     313       1.6783
     314       1.6818
     315       1.7887
     316       1.7528
     317       1.7725
     318       1.8321
     319       1.8243
     320       1.7563
     321       1.7099
     322       1.7247
     323       1.7489
     324       1.7918
     325       1.7537
     326       1.6956
     327       1.5798
     328       1.6158
     329       1.7733
     330       1.7679
     331       1.8698
     332       1.8607
     333       1.8211
     334       1.8196
     335       1.7156
     336       1.6430
     337       1.7019
     338       1.7046
     339       1.6824
     340       1.7003
     341       1.8926
     342       1.8212
     343       1.7768
     344       1.7572
     345       1.6532
     346       1.6327
     347       1.6257
     348       1.6655
     349       1.7212
     350       1.8193
     351       1.8516
     352       1.7937
     353       1.8471
     354       1.7199
     355       1.8653
     356       1.6965
     357       1.7011
     358       1.6876
     359       1.7502
     360       1.8238
     361       1.7753
     362       1.8238
     363       1.8735
     364       1.7701
     365       1.7870
     366       1.8504
     367       1.7320
     368       1.8446
     369       1.7400
     370       1.8463
     371       1.7411
     372       1.7849
     373       1.6965
     374       1.7068
     375       1.6515
     376       1.8230
     377       1.7248
     378       1.5941
     379       1.7583
     380       1.6127
     381       1.6603
     382       1.6888
     383       1.6755
     384       1.6729
     385       1.6495
     386       1.5619
     387       1.7398
     388       1.7776
     389       1.7555
     390       1.7475
     391       1.7053
     392       1.7321
     393       1.7180
     394       1.7590
     395       1.6300
     396       1.6802
     397       1.7489
     398       1.6486
     399       1.7354
     400       1.7792
     401       1.6126
     402       1.6718
     403       1.7830
     404       1.7561
     405       1.7593
     406       1.6698
     407       1.7847
     408       1.7381
     409       1.7811
     410       1.7350
     411       1.6941
     412       1.8073
     413       1.7021
     414       1.7989
     415       1.7452
     416       1.7469
     417       1.7860
     418       1.8469
     419       1.7232
     420       1.8583
     421       1.8162
     422       1.7374
     423       1.8577
     424       1.8794
     425       1.8377
     426       1.8210
     427       1.7483
     428       1.8630
     429       1.6918
     430       1.7931
     431       1.6658
     432       1.7776
     433       1.7133
     434       1.7889
     435       1.8105
     436       1.7947
     437       1.8515
     438       1.8608
     439       1.8108
     440       1.9186
     441       1.9011
     442       1.8151
     443       2.0009
     444       1.8640
     445       1.8899
     446       1.8411
     447       1.7447
     448       1.8215
     449       1.9356
     450       1.9268
     451       1.7424
     452       1.7599
     453       1.7469
     454       2.0323
     455       1.8738
     456       1.9022
     457       2.0036
     458       1.8895
     459       1.8575
     460       1.8600
     461       1.8442
     462       1.8093
     463       1.7385
     464       1.7880
     465       1.7732
     466       2.0173
     467       1.8248
     468       1.7592
     469       1.7050
     470       1.6885
     471       1.7935
     472       1.8588
     473       1.7722
     474       1.7566
     475       1.6812
     476       1.6190
     477       1.6906
     478       1.7042
     479       1.6642
     480       1.6477
     481       1.6244
     482       1.5819
     483       1.5821
     484       1.6175
     485       1.5362
     486       1.5421
     487       1.5651
     488       1.5973
     489       1.5901
     490       1.6081
     491       1.6700
     492       1.6670
     493       1.5932
     494       1.6702
     495       1.5949
     496       1.5868
     497       1.5794
     498       1.5890
     499       1.7076
     500       1.7255
     501       1.7048
     502       1.7009
     503       1.6813
     504       1.7260
     505       1.6794
     506       1.6916
     507       1.7237
     508       1.6492
     509       1.6225
     510       1.7175
     511       1.7262
     512       1.5635
     513       1.6464
     514       1.7170
     515       1.6452
     516       1.7699
     517       1.7289
     518       1.7009
     519       1.7364
     520       1.6947
     521       1.7552
     522       1.7915
     523       1.7375
     524       1.7693
     525       1.7883
     526       1.8662
     527       1.7633
     528       1.7729
     529       1.7617
     530       1.7329
     531       1.8436
     532       1.6605
     533       1.7133
     534       1.7434
     535       1.7190
     536       1.8028
     537       1.8428
     538       1.6617
     539       1.6945
     540       1.7077
     541       1.6819
     542       1.6308
     543       1.5592
     544       1.6494
     545       1.6546
     546       1.7380
     547       1.6630
     548       1.6944
     549       1.6424
     550       1.6722
     551       1.6669
     552       1.6702
     553       1.6810
     554       1.6721
     555       1.7719
     556       1.6804
     557       1.6737
     558       1.6535
     559       1.7348
     560       1.7282
     561       1.7279
     562       1.7040
     563       1.7213
     564       1.6717
     565       1.7339
     566       1.7132
     567       1.6719
     568       1.6680
     569       1.7103
     570       1.6770
     571       1.6417
     572       1.7145
     573       1.6862
     574       1.7282
     575       1.7209
     576       1.8056
     577       1.7575
     578       1.7954
     579       1.8003
     580       1.7752
     581       1.7657
     582       1.7925
     583       1.6658
     584       1.7495
     585       1.7141
     586       1.7764
     587       1.7193
     588       1.9029
     589       1.8536
     590       1.8669
     591       1.8843
     592       1.8563
     593       2.0429
     594       1.9186
     595       1.8171
     596       1.8403
     597       1.8374
     598       1.7829
     599       1.8209
     600       1.8902
     601       1.8069
     602       1.8278
     603       2.0168
     604       1.9108
     605       1.8923
     606       1.8451
     607       1.8529
     608       1.8197
     609       1.7878
     610       1.7545
     611       1.6770
     612       1.7572
     613       1.7848
     614       1.8387
     615       1.7636
     616       1.8169
     617       1.7556
     618       1.7213
     619       1.7480
     620       1.7069
     621       1.7332
     622       1.9272
     623       1.7178
     624       1.7474
     625       1.6843
     626       1.7111
     627       1.7171
     628       1.7479
     629       1.7818
     630       1.7956
     631       1.7117
     632       1.8940
     633       1.7948
     634       1.8836
     635       1.7184
     636       1.7714
     637       1.7237
     638       1.7801
     639       1.7754
     640       1.8356
     641       1.7579
     642       1.8332
     643       1.7625
     644       1.8454
     645       1.7837
     646       1.7889
     647       1.8272
     648       1.8903
     649       1.8123
     650       1.7208
     651       1.7884
     652       1.7261
     653       1.7215
     654       1.7091
     655       1.7915
     656       1.8798
     657       1.7591
     658       1.7173
     659       1.7869
     660       1.8004
     661       1.6375
     662       1.8372
     663       1.7962
     664       1.7736
     665       1.7884
     666       1.7621
     667       1.8537
     668       1.7482
     669       1.7094
     670       1.7630
     671       1.7418
     672       1.8591
     673       1.8444
     674       1.7754
     675       1.6799
     676       1.7239
     677       1.7781
     678       1.6816
     679       1.6889
     680       1.7013
     681       1.7867
     682       1.7264
     683       1.8001
     684       1.7022
     685       1.8327
     686       1.7368
     687       1.7548
     688       1.7811
     689       1.8053
     690       1.7819
     691       1.7857
     692       1.7708
     693       1.8004
     694       1.8059
     695       1.8346
     696       1.7844
     697       1.8294
     698       1.8364
     699       1.6784
     700       1.7204
     701       1.6705
     702       1.6658
     703       1.7596
     704       1.7510
     705       1.7662
     706       1.7878
     707       1.7871
     708       1.7555
     709       1.7857
     710       1.7810
     711       1.7499
     712       1.7071
     713       1.7162
     714       1.7588
     715       1.7431
     716       1.6977
     717       1.7810
     718       1.8274
     719       1.7922
     720       1.7065
     721       1.7785
     722       1.7640
     723       1.7736
     724       1.7681
     725       1.8294
     726       1.8904
     727       1.8481
     728       1.8782
     729       1.9005
     730       1.8164
     731       1.7991
     732       1.8126
     733       1.8703
     734       1.8018
     735       1.8481
     736       1.8588
     737       1.8586
     738       1.8147
     739       1.8204
     740       1.8205
     741       1.7943
     742       1.7165
     743       1.7704
     744       1.7896
     745       1.7527
     746       1.7484
     747       1.7754
     748       1.7000
     749       1.8322
     750       1.8340
     751       1.7231
     752       1.6674
     753       1.7767
     754       1.7850
     755       1.8058
     756       1.8368
     757       1.8845
     758       1.8182
     759       1.9531
     760       2.0212
     761       1.9164
     762       1.7833
     763       1.9035
     764       1.8927
     765       1.9466
     766       1.8654
     767       1.7691
     768       1.8536
     769       1.9579
     770       1.8105
     771       1.9542
     772       1.9192
     773       1.8616
     774       1.7906
     775       1.9000
     776       1.8659
     777       1.9112
     778       1.8889
     779       1.9886
     780       1.8494
     781       1.9236
     782       1.7917
     783       1.9090
     784       1.8531
     785       1.8683
     786       1.9304
     787       1.8254
     788       1.8612
     789       1.8243
     790       1.8663
     791       1.8022
     792       1.8439
     793       1.8681
     794       1.7785
     795       1.7622
     796       1.7653
     797       1.7191
     798       1.7482
     799       1.7880
     800       1.6991
     801       1.7354
     802       1.7160
     803       1.8659
     804       1.7790
     805       1.7626
     806       1.8157
     807       1.8662
     808       1.7886
     809       1.9042
     810       1.8460
     811       1.8093
     812       1.8290
     813       1.7306
     814       1.7647
     815       1.7414
     816       1.8459
     817       1.8567
     818       1.7438
     819       1.7406
     820       1.7684
     821       1.7765
     822       1.8520
     823       1.7750
     824       1.8114
     825       1.6891
     826       1.6907
     827       1.7208
     828       1.7213
     829       1.6389
     830       1.6460
     831       1.6622
     832       1.7056
     833       1.6865
     834       1.6756
     835       1.7544
     836       1.6423
     837       1.6005
     838       1.6299
     839       1.6191
     840       1.6729
     841       1.6492
     842       1.8512
     843       1.7683
     844       1.7174
     845       1.6452
     846       1.6741
     847       1.6087
     848       1.6772
     849       1.6611
     850       1.6870
     851       1.7964
     852       1.8090
     853       1.7266
     854       1.7100
     855       1.8087
     856       1.9058
     857       1.7871
     858       1.8352
     859       1.7984
     860       1.8514
     861       1.8834
     862       1.8251
     863       1.7798
     864       1.6870
     865       1.7764
     866       1.6153
     867       1.7150
     868       1.7269
     869       1.7189
     870       1.7495
     871       1.6954
     872       1.7136
     873       1.5798
     874       1.6960
     875       1.6373
     876       1.7068
     877       1.6830
     878       1.7016
     879       1.7961
     880       1.7849
     881       1.6980
     882       1.7831
     883       1.6600
     884       1.6864
     885       1.7320
     886       1.7356
     887       1.8183
     888       1.7559
     889       1.7171
     890       1.6614
     891       1.7634
     892       1.7590
     893       1.7666
     894       1.8398
     895       1.6821
     896       1.7233
     897       1.8100
     898       1.8267
     899       1.7610
     900       1.7214
     901       1.8800
     902       1.9059
     903       1.8543
     904       1.9655
     905       1.7342
     906       1.8737
     907       1.9896
     908       1.8323
     909       1.8527
     910       1.8221
     911       1.7137
     912       1.7958
     913       1.7596
     914       1.7487
     915       1.7975
     916       1.7874
     917       1.7720
     918       1.8521
     919       1.8078
     920       1.7343
     921       1.9027
     922       1.8274
     923       1.8333
     924       1.8595
     925       1.8108
     926       1.7271
     927       1.7860
     928       1.8306
     929       1.7906
     930       1.7574
     931       1.7698
     932       1.7678
     933       1.8370
     934       1.8700
     935       1.9515
     936       1.9194
     937       1.9154
     938       1.9101
     939       1.8881
     940       1.8551
     941       1.9312
     942       1.9274
     943       1.8223
     944       1.9116
     945       1.8385
     946       1.7945
     947       1.9356
     948       1.8062
     949       1.8407
     950       1.8443
     951       1.7884
     952       1.7906
     953       1.8549
     954       1.7840
     955       1.7912
     956       1.7867
     957       1.7665
     958       1.7539
     959       1.8120
     960       1.8413
     961       1.8357
     962       1.7866
     963       1.8507
     964       1.7874
     965       1.7568
     966       1.7861
     967       1.7844
     968       1.8034
     969       1.6428
     970       1.7636
     971       1.6994
     972       1.8008
     973       1.7828
     974       1.7906
     975       1.6831
     976       1.7995
     977       1.8195
     978       1.8987
     979       1.7556
     980       1.7430
     981       1.7626
     982       1.7898
     983       1.7528
     984       1.7391
     985       1.7038
     986       1.6452
     987       1.7542
     988       1.7408
     989       1.7166
     990       1.7597
     991       1.6903
     992       1.7152
     993       1.6555
     994       1.7192
     995       1.7578
     996       1.8074
     997       1.7887
     998       1.8363
     999       1.7296
    1000       1.7544
    1001       1.7774
    1002       1.6561
    1003       1.7666
    1004       1.7623
    1005       1.6816
    1006       1.6861
    1007       1.7671
    1008       1.7451
    1009       1.7281
    1010       1.7354
    1011       1.8217
    1012       1.8029
    1013       1.8257
    1014       1.6998
    1015       1.8695
    1016       1.7528
    1017       1.6810
    1018       1.7254
    1019       1.6645
    1020       1.6549
    1021       1.6905
    1022       1.7413
    1023       1.8309
    1024       1.6620
    1025       1.7180
    1026       1.7474
    1027       1.6617
    1028       1.6346
    1029       1.7828
    1030       1.7507
    1031       1.7487
    1032       1.7044
    1033       1.7728
    1034       1.8839
    1035       1.7795
    1036       1.7625
    1037       1.8126
    1038       1.7397
    1039       1.7514
    1040       1.7669
    1041       1.7427
    1042       1.8536
    1043       1.8908
    1044       1.8258
    1045       1.8168
    1046       1.8086
    1047       1.7914
    1048       1.9165
    1049       1.8302
    1050       1.8651
    1051       1.8461
    1052       1.7961
    1053       1.8259
    1054       1.8875
    1055       1.8985
    1056       1.8660
    1057       1.8433
    1058       1.7611
    1059       1.6819
    1060       1.7929
    1061       1.8178
    1062       1.7748
    1063       1.7723
    1064       1.8115
    1065       1.8699
    1066       1.8506
    1067       1.8977
    1068       1.8726
    1069       1.9143
    1070       1.9003
    1071       1.8006
    1072       1.8236
    1073       1.8928
    1074       1.8534
    1075       1.7896
    1076       1.8636
    1077       1.7658
    1078       1.8208
    1079       1.7837
    1080       1.7700
    1081       1.7288
    1082       1.7602
    1083       1.7752
    1084       1.8440
    1085       1.8758
    1086       1.8436
    1087       1.8438
    1088       1.7634
    1089       1.7483
    1090       1.7435
    1091       1.7373
    1092       1.6653
    1093       1.7781
    1094       1.7046
    1095       1.8733
    1096       1.7075
    1097       1.7005
    1098       1.7180
    1099       1.8263
    1100       1.9276
    1101       1.9098
    1102       1.9426
    1103       1.8821
    1104       1.8471
    1105       1.9246
    1106       1.8781
    1107       1.8861
    1108       1.8545
    1109       1.8115
    1110       1.8786
    1111       1.8073
    1112       1.8435
    1113       1.9167
    1114       1.8942
    1115       1.8997
    1116       1.8355
    1117       1.8441
    1118       1.8208
    1119       1.8299
    1120       1.9358
    1121       1.7859
    1122       1.8896
    1123       1.8184
    1124       1.8713
    1125       1.8303
    1126       1.7481
    1127       1.9065
    1128       1.7984
    1129       1.8646
    1130       1.7685
    1131       1.7766
    1132       1.8460
    1133       1.9693
    1134       1.8114
    1135       1.8427
    1136       1.7144
    1137       1.6065
    1138       1.7371
    1139       1.7228
    1140       1.7646
    1141       1.6859
    1142       1.7470
    1143       1.7372
    1144       1.7590
    1145       1.7164
    1146       1.7344
    1147       1.6822
    1148       1.7769
    1149       1.8262
    1150       1.8708
    1151       1.8007
    1152       1.7565
    1153       1.8044
    1154       1.6939
    1155       1.7603
    1156       1.7423
    1157       1.7617
    1158       1.8689
    1159       1.9755
    1160       1.9502
    1161       1.9458
    1162       1.9354
    1163       1.8583
    1164       1.9216
    1165       1.9201
    1166       1.8798
    1167       1.9835
    1168       2.0823
    1169       1.9060
    1170       2.1456
    1171       1.9936
    1172       1.9308
    1173       1.8975
    1174       2.0266
    1175       1.8244
    1176       1.8463
    1177       1.8388
    1178       1.7991
    1179       1.8541
    1180       2.0231
    1181       2.0493
    1182       2.1580
    1183       2.2171
    1184       2.1824
    1185       2.2948
    1186       2.2360
    1187       2.1727
    1188       2.3023
    1189       2.1356
    1190       2.0852
    1191       2.1309
    1192       2.1574
    1193       2.1060
    1194       2.1066
    1195       2.1764
    1196       2.1375
    1197       2.1153
    1198       2.1410
    1199       2.1738
    1200       2.2123
    1201       2.1320
    1202       2.1999
    1203       2.2547
    1204       2.2032
    1205       2.1679
    1206       2.2520
    1207       2.2725
    1208       2.1207
    1209       2.0456
    1210       2.1533
    1211       2.0473
    1212       2.0876
    1213       2.0482
    1214       2.0567
    1215       2.1157
    1216       2.0820
    1217       2.0560
    1218       2.1379
    1219       2.0297
    1220       2.1640
    1221       2.1381
    1222       2.0951
    1223       2.1458
    1224       2.1794
    1225       2.2653
    1226       2.1770
    1227       2.1654
    1228       2.1494
    1229       2.2634
    1230       2.2233
    1231       2.1199
    1232       2.1607
    1233       2.2304
    1234       2.1207
    1235       2.0974
    1236       2.2373
    1237       2.0996
    1238       2.1213
    1239       2.1686
    1240       2.0383
    1241       2.1227
    1242       2.1698
    1243       2.1780
    1244       2.2088
    1245       2.2366
    1246       2.1945
    1247       2.1559
    1248       2.0836
    1249       2.1378
    1250       2.2131
    1251       2.2093
    1252       2.2633
    1253       2.2304
    1254       2.3201
    1255       2.1609
    1256       2.2152
    1257       2.2279
    1258       2.1142
    1259       2.2203
    1260       2.1328
    1261       2.3049
    1262       2.2287
    1263       2.1752
    1264       2.2142
    1265       2.1929
    1266       2.2221
    1267       2.2945
    1268       2.2336
    1269       2.2318
    1270       2.2447
    1271       2.1840
    1272       2.1862
    1273       2.0962
    1274       2.1685
    1275       2.1812
    1276       2.2254
    1277       2.2374
    1278       2.1569
    1279       2.1883
    1280       2.2449
    1281       2.2558
    1282       2.2519
    1283       2.2855
    1284       2.3312
    1285       2.2978
    1286       2.1822
    1287       2.2160
    1288       2.2185
    1289       2.2058
    1290       2.2740
    1291       2.2905
    1292       2.1915
    1293       2.2279
    1294       2.2425
    1295       2.2187
    1296       2.1884
    1297       2.2446
    1298       2.3494
    1299       2.3125
    1300       2.2757
    1301       2.1963
    1302       2.2459
    1303       2.2443
    1304       2.1890
    1305       2.3048
    1306       2.2468
    1307       2.2989
    1308       2.1972
    1309       2.2807
    1310       2.2067
    1311       2.2319
    1312       2.2856
    1313       2.2477
    1314       2.2540
    1315       2.2311
    1316       2.2689
    1317       2.3091
    1318       2.1724
    1319       2.2948
    1320       2.2948
    1321       2.2698
    1322       2.1759
    1323       2.2982
    1324       2.2378
    1325       2.2089
    1326       2.3240
    1327       2.3381
    1328       2.2830
    1329       2.2515
    1330       2.2613
    1331       2.2428
    1332       2.2724
    1333       2.2718
    1334       2.2031
    1335       2.2377
    1336       2.3253
    1337       2.3172
    1338       2.1990
    1339       2.2638
    1340       2.2832
    1341       2.2997
    1342       2.2975
    1343       2.2823
    1344       2.2373
    1345       2.2657
    1346       2.2779
    1347       2.2718
    1348       2.3538
    1349       2.2563
    1350       2.2943
    1351       2.3105
    1352       2.3379
    1353       2.3867
    1354       2.2779
    1355       2.2403
    1356       2.2732
    1357       2.1390
    1358       2.2339
    1359       2.2182
    1360       2.2403
    1361       2.1474
    1362       2.1552
    1363       2.2653
    1364       2.2688
    1365       2.2638
    1366       2.2225
    1367       2.3456
    1368       2.1945
    1369       2.2549
    1370       2.1864
    1371       2.2725
    1372       2.2848
    1373       2.1942
    1374       2.1699
    1375       2.2249
    1376       2.1774
    1377       2.2509
    1378       2.2358
    1379       2.2567
    1380       2.2478
    1381       2.2382
    1382       2.2763
    1383       2.2991
    1384       2.2275
    1385       2.2132
    1386       2.2702
    1387       2.2338
    1388       2.2459
    1389       2.2451
    1390       2.2485
    1391       2.2657
    1392       2.2574
    1393       2.3212
    1394       2.1880
    1395       2.2561
    1396       2.2216
    1397       2.2422
    1398       2.3095
    1399       2.3230
    1400       2.2052
    1401       2.2647
    1402       2.2439
    1403       2.1705
    1404       2.1770
    1405       2.1892
    1406       2.2605
    1407       2.2776
    1408       2.2299
    1409       2.2785
    1410       2.2415
    1411       2.2932
    1412       2.1747
    1413       2.2236
    1414       2.2774
    1415       2.2779
    1416       2.2467
    1417       2.1450
    1418       2.2387
    1419       2.2014
    1420       2.2474
    1421       2.2355
    1422       2.2627
    1423       2.1841
    1424       2.1526
    1425       2.1391
    1426       2.1948
    1427       2.1943
    1428       2.2798
    1429       2.2984
    1430       2.3167
    1431       2.2539
    1432       2.2488
    1433       2.2804
    1434       2.2813
    1435       2.2716
    1436       2.2973
    1437       2.2582
    1438       2.2581
    1439       2.1951
    1440       2.2305
    1441       2.2041
    1442       2.1983
    1443       2.2659
    1444       2.2863
    1445       2.2633
    1446       2.2545
    1447       2.1842
    1448       2.3390
    1449       2.1833
    1450       2.2329
    1451       2.2231
    1452       2.2419
    1453       2.2788
    1454       2.2799
    1455       2.2677
    1456       2.3352
    1457       2.3675
    1458       2.2284
    1459       2.2619
    1460       2.2073
    1461       2.2644
    1462       2.2277
    1463       2.1454
    1464       2.2205
    1465       2.1957
    1466       2.1830
    1467       2.1902
    1468       2.2109
    1469       2.2349
    1470       2.1696
    1471       2.2552
    1472       2.2781
    1473       2.1638
    1474       2.1599
    1475       2.1716
    1476       2.2699
    1477       2.2396
    1478       2.2055
    1479       2.2637
    1480       2.2162
    1481       2.2196
    1482       2.2962
    1483       2.2233
    1484       2.2668
    1485       2.2606
    1486       2.2228
    1487       2.2018
    1488       2.1705
    1489       2.2792
    1490       2.2648
    1491       2.3239
    1492       2.2320
    1493       2.2566
    1494       2.2492
    1495       2.3140
    1496       2.2581
    1497       2.2532
    1498       2.2479
    1499       2.2199
    1500       2.1519
    1501       2.0991
    1502       2.2752
    1503       2.2307
    1504       2.2281
    1505       2.2134
    1506       2.2626
    1507       2.3277
    1508       2.1882
    1509       2.1894
    1510       2.1158
    1511       2.1639
    1512       2.2807
    1513       2.2243
    1514       2.1624
    1515       2.2937
    1516       2.2945
    1517       2.1790
    1518       2.2196
    1519       2.2783
    1520       2.3024
    1521       2.3203
    1522       2.2558
    1523       2.2331
    1524       2.2320
    1525       2.2555
    1526       2.2531
    1527       2.1763
    1528       2.2383
    1529       2.2958
    1530       2.2861
    1531       2.2174
    1532       2.2667
    1533       2.2892
    1534       2.1674
    1535       2.3138
    1536       2.2647
    1537       2.2866
    1538       2.2741
    1539       2.2786
    1540       2.2535
    1541       2.2382
    1542       2.3143
    1543       2.3195
    1544       2.2507
    1545       2.2320
    1546       2.2611
    1547       2.2637
    1548       2.2217
    1549       2.2959
    1550       2.2819
    1551       2.2498
    1552       2.2402
    1553       2.2577
    1554       2.2733
    1555       2.2732
    1556       2.3347
    1557       2.2121
    1558       2.3453
    1559       2.2538
    1560       2.2420
    1561       2.2314
    1562       2.2105
    1563       2.2923
    1564       2.3278
    1565       2.2984
    1566       2.2094
    1567       2.3051
    1568       2.2255
    1569       2.2219
    1570       2.2036
    1571       2.2655
    1572       2.3652
    1573       2.4060
    1574       2.3312
    1575       2.3650
    1576       2.3941
    1577       2.3154
    1578       2.2312
    1579       2.3093
    1580       2.2382
    1581       2.2569
    1582       2.2428
    1583       2.2721
    1584       2.2822
    1585       2.2483
    1586       2.3697
    1587       2.2788
    1588       2.3470
    1589       2.2696
    1590       2.3219
    1591       2.2425
    1592       2.2551
    1593       2.2874
    1594       2.2578
    1595       2.3161
    1596       2.3732
    1597       2.3198
    1598       2.3267
    1599       2.3526
    1600       2.4087
    1601       2.3376
    1602       2.3426
    1603       2.3366
    1604       2.2723
    1605       2.2061
    1606       2.2747
    1607       2.3164
    1608       2.2898
    1609       2.2613
    1610       2.2622
    1611       2.2665
    1612       2.3499
    1613       2.2598
    1614       2.2909
    1615       2.2748
    1616       2.2861
    1617       2.3388
    1618       2.3079
    1619       2.3758
    1620       2.2357
    1621       2.2183
    1622       2.1651
    1623       2.1454
    1624       2.3404
    1625       2.3284
    1626       2.3429
    1627       2.2046
    1628       2.2280
    1629       2.3118
    1630       2.2853
    1631       2.3242
    1632       2.3389
    1633       2.2279
    1634       2.3143
    1635       2.2766
    1636       2.2716
    1637       2.3034
    1638       2.2361
    1639       2.3100
    1640       2.2940
    1641       2.1925
    1642       2.3332
    1643       2.2470
    1644       2.1466
    1645       2.2407
    1646       2.2153
    1647       2.1394
    1648       2.2270
    1649       2.1773
    1650       2.2711
    1651       2.2950
    1652       2.3695
    1653       2.2177
    1654       2.2860
    1655       2.2528
    1656       2.2593
    1657       2.3065
    1658       2.2470
    1659       2.3116
    1660       2.2755
    1661       2.2218
    1662       2.2767
    1663       2.2880
    1664       2.2079
    1665       2.2722
    1666       2.2090
    1667       2.2706
    1668       2.2872
    1669       2.4035
    1670       2.3712
    1671       2.3976
    1672       2.3760
    1673       2.3601
    1674       2.3547
    1675       2.3212
    1676       2.3212
    1677       2.3528
    1678       2.2802
    1679       2.2772
    1680       2.2335
    1681       2.3080
    1682       2.2205
    1683       2.2783
    1684       2.3055
    1685       2.2966
    1686       2.3163
    1687       2.3840
    1688       2.3720
    1689       2.3381
    1690       2.3669
    1691       2.3637
    1692       2.2488
    1693       2.3652
    1694       2.2000
    1695       2.2663
    1696       2.2695
    1697       2.2668
    1698       2.3449
    1699       2.3048
    1700       2.3056
    1701       2.2897
    1702       2.3453
    1703       2.3187
    1704       2.2457
    1705       2.3477
    1706       2.2917
    1707       2.3184
    1708       2.3697
    1709       2.3063
    1710       2.3488
    1711       2.3168
    1712       2.3693
    1713       2.3248
    1714       2.3101
    1715       2.2360
    1716       2.2732
    1717       2.1767
    1718       2.2093
    1719       2.2821
    1720       2.2766
    1721       2.2393
    1722       2.2716
    1723       2.2900
    1724       2.2196
    1725       2.2770
    1726       2.2130
    1727       2.3044
    1728       2.2906
    1729       2.3272
    1730       2.3209
    1731       2.1991
    1732       2.1941
    1733       2.2562
    1734       2.3078
    1735       2.3225
    1736       2.2564
    1737       2.3082
    1738       2.3122
    1739       2.3207
    1740       2.3372
    1741       2.3409
    1742       2.3067
    1743       2.2796
    1744       2.3223
    1745       2.3495
    1746       2.3037
    1747       2.2396
    1748       2.2858
    1749       2.3131
    1750       2.2173
    1751       2.3451
    1752       2.2453
    1753       2.2106
    1754       2.2526
    1755       2.2936
    1756       2.2624
    1757       2.3021
    1758       2.2712
    1759       2.2030
    1760       2.1767
    1761       2.2383
    1762       2.1962
    1763       2.2516
    1764       2.1846
    1765       2.1914
    1766       2.2489
    1767       2.2473
    1768       2.3011
    1769       2.3265
    1770       2.3482
    1771       2.2775
    1772       2.3525
    1773       2.3437
    1774       2.3261
    1775       2.2949
    1776       2.2920
    1777       2.2822
    1778       2.3016
    1779       2.3486
    1780       2.2993
    1781       2.2597
    1782       2.3718
    1783       2.2101
    1784       2.3099
    1785       2.2767
    1786       2.2143
    1787       2.2697
    1788       2.2116
    1789       2.3553
    1790       2.3111
    1791       2.3424
    1792       2.2509
    1793       2.3055
    1794       2.3435
    1795       2.3165
    1796       2.3907
    1797       2.2794
    1798       2.3486
    1799       2.3288
    1800       2.3075
    1801       2.2964
    1802       2.3431
    1803       2.3215
    1804       2.2904
    1805       2.1913
    1806       2.2877
    1807       2.2353
    1808       2.2106
    1809       2.2398
    1810       2.2386
    1811       2.2607
    1812       2.3028
    1813       2.2404
    1814       2.2535
    1815       2.2378
    1816       2.2421
    1817       2.2397
    1818       2.2878
    1819       2.3002
    1820       2.2360
    1821       2.2531
    1822       2.2727
    1823       2.2904
    1824       2.2027
    1825       2.2075
    1826       2.1702
    1827       2.1916
    1828       2.3900
    1829       2.3320
    1830       2.2588
    1831       2.3050
    1832       2.3758
    1833       2.2856
    1834       2.2774
    1835       2.2774
    1836       2.2987
    1837       2.3702
    1838       2.3204
    1839       2.2204
    1840       2.2781
    1841       2.3759
    1842       2.2519
    1843       2.3886
    1844       2.2997
    1845       2.2845
    1846       2.2901
    1847       2.2774
    1848       2.2449
    1849       2.3318
    1850       2.3212
    1851       2.2953
    1852       2.3791
    1853       2.3636
    1854       2.3192
    1855       2.3667
    1856       2.4352
    1857       2.3025
    1858       2.3374
    1859       2.3220
    1860       2.3498
    1861       2.3509
    1862       2.4371
    1863       2.2696
    1864       2.3102
    1865       2.2821
    1866       2.3223
    1867       2.3364
    1868       2.2494
    1869       2.2528
    1870       2.1872
    1871       2.2261
    1872       2.1270
    1873       2.2239
    1874       2.2498
    1875       2.2056
    1876       2.2454
    1877       2.1617
    1878       2.1978
    1879       2.2031
    1880       2.2410
    1881       2.2798
    1882       2.1862
    1883       2.1761
    1884       2.2036
    1885       2.3040
    1886       2.1715
    1887       2.1856
    1888       2.2353
    1889       2.2429
    1890       2.3116
    1891       2.2400
    1892       2.1869
    1893       2.1847
    1894       2.2522
    1895       2.3050
    1896       2.3073
    1897       2.3135
    1898       2.2737
    1899       2.2475
    1900       2.3461
    1901       2.2655
    1902       2.2431
    1903       2.3227
    1904       2.2061
    1905       2.2749
    1906       2.3052
    1907       2.3499
    1908       2.3248
    1909       2.3461
    1910       2.2686
    1911       2.2684
    1912       2.2250
    1913       2.1543
    1914       2.1893
    1915       2.1561
    1916       2.2102
    1917       2.2755
    1918       2.2547
    1919       2.2398
    1920       2.2387
    1921       2.1968
    1922       2.1978
    1923       2.1989
    1924       2.2470
    1925       2.3059
    1926       2.2358
    1927       2.2769
    1928       2.2884
    1929       2.3637
    1930       2.2867
    1931       2.1424
    1932       2.2175
    1933       2.3029
    1934       2.2524
    1935       2.2428
    1936       2.2781
    1937       2.2649
    1938       2.1775
    1939       2.2870
    1940       2.2904
    1941       2.2680
    1942       2.2448
    1943       2.2205
    1944       2.2145
    1945       2.2591
    1946       2.2667
    1947       2.2621
    1948       2.2993
    1949       2.2244
    1950       2.1886
    1951       2.2427
    1952       2.2318
    1953       2.1905
    1954       2.2687
    1955       2.2802
    1956       2.1871
    1957       2.2532
    1958       2.2456
    1959       2.2378
    1960       2.2417
    1961       2.2289
    1962       2.2506
    1963       2.2937
    1964       2.3303
    1965       2.2536
    1966       2.3451
    1967       2.2725
    1968       2.2767
    1969       2.3729
    1970       2.3520
    1971       2.3469
    1972       2.3507
    1973       2.3526
    1974       2.3966
    1975       2.3608
    1976       2.3687
    1977       2.3925
    1978       2.4179
    1979       2.4215
    1980       2.3413
    1981       2.2331
    1982       2.2753
    1983       2.3258
    1984       2.3582
    1985       2.2689
    1986       2.3472
    1987       2.3456
    1988       2.2896
    1989       2.3685
    1990       2.4303
    1991       2.3781
    1992       2.4716
    1993       2.3715
    1994       2.3965
    1995       2.4463
    1996       2.3782
    1997       2.2913
    1998       2.4081
    1999       2.4347
    2000       2.3303
    2001       2.4049
    2002       2.4070
    2003       2.3725
    2004       2.4042
    2005       2.3778
    2006       2.3888
    2007       2.3968
    2008       2.4132
    2009       2.3621
    2010       2.2734
    2011       2.3255
    2012       2.3639
    2013       2.4281
    2014       2.3858
    2015       2.3647
    2016       2.4754
    2017       2.3173
    2018       2.3325
    2019       2.3505
    2020       2.3341
    2021       2.3958
    2022       2.3627
    2023       2.1765
    2024       2.3357
    2025       2.3065
    2026       2.2715
    2027       2.3540
    2028       2.3422
    2029       2.2931
    2030       2.2958
    2031       2.2725
    2032       2.4036
    2033       2.3598
    2034       2.2320
    2035       2.3702
    2036       2.2734
    2037       2.3382
    2038       2.2634
    2039       2.2717
    2040       2.3295
    2041       2.2665
    2042       2.2785
    2043       2.3288
    2044       2.3623
    2045       2.3163
    2046       2.3030
    2047       2.2803
    2048       2.3099
    2049       2.3081
    2050       2.3306
    2051       2.3051
    2052       2.2093
    2053       2.3342
    2054       2.3315
    2055       2.4019
    2056       2.3562
    2057       2.4351
    2058       2.4608
    2059       2.3985
    2060       2.3287
    2061       2.3406
    2062       2.3934
    2063       2.4028
    2064       2.4656
    2065       2.4209
    2066       2.3603
    2067       2.3146
    2068       2.3171
    2069       2.2422
    2070       2.2913
    2071       2.3701
    2072       2.2322
    2073       2.2227
    2074       2.2862
    2075       2.3246
    2076       2.2322
    2077       2.2747
    2078       2.2396
    2079       2.3495
    2080       2.2984
    2081       2.1668
    2082       2.1963
    2083       2.2815
    2084       2.2055
    2085       2.3024
    2086       2.2612
    2087       2.3732
    2088       2.2668
    2089       2.2430
    2090       2.3191
    2091       2.2504
    2092       2.3038
    2093       2.3277
    2094       2.2608
    2095       2.2225
    2096       2.2570
    2097       2.2923
    2098       2.2069
    2099       2.3053
    2100       2.2165
    2101       2.2629
    2102       2.2296
    2103       2.3012
    2104       2.2874
    2105       2.3206
    2106       2.3041
    2107       2.3021
    2108       2.2890
    2109       2.2256
    2110       2.2409
    2111       2.2891
    2112       2.3416
    2113       2.3857
    2114       2.2950
    2115       2.2464
    2116       2.2930
    2117       2.3290
    2118       2.3385
    2119       2.2705
    2120       2.3303
    2121       2.2709
    2122       2.2325
    2123       2.2466
    2124       2.2610
    2125       2.2833
    2126       2.2958
    2127       2.2433
    2128       2.2272
    2129       2.2985
    2130       2.1629
    2131       2.2694
    2132       2.2777
    2133       2.2416
    2134       2.2343
    2135       2.2805
    2136       2.2678
    2137       2.2372
    2138       2.3434
    2139       2.2411
    2140       2.3258
    2141       2.3149
    2142       2.2318
    2143       2.1644
    2144       2.3164
    2145       2.3951
    2146       2.2405
    2147       2.2751
    2148       2.3518
    2149       2.3171
    2150       2.2970
    2151       2.2670
    2152       2.2362
    2153       2.2272
    2154       2.3063
    2155       2.2763
    2156       2.3235
    2157       2.3148
    2158       2.2998
    2159       2.3583
    2160       2.3625
    2161       2.3266
    2162       2.2444
    2163       2.3004
    2164       2.2350
    2165       2.3258
    2166       2.3625
    2167       2.3292
    2168       2.2890
    2169       2.2895
    2170       2.2682
    2171       2.3095
    2172       2.2416
    2173       2.2913
    2174       2.3370
    2175       2.3596
    2176       2.2992
    2177       2.3559
    2178       2.3179
    2179       2.2840
    2180       2.2755
    2181       2.1790
    2182       2.3409
    2183       2.3243
    2184       2.3233
    2185       2.2965
    2186       2.3188
    2187       2.2788
    2188       2.2571
    2189       2.2354
    2190       2.2794
    2191       2.2981
    2192       2.3294
    2193       2.3002
    2194       2.3100
    2195       2.2555
    2196       2.2010
    2197       2.2031
    2198       2.1585
    2199       2.2226
    2200       2.2343
    2201       2.1741
    2202       2.2654
    2203       2.1696
    2204       2.2461
    2205       2.2853
    2206       2.2787
    2207       2.1986
    2208       2.2761
    2209       2.3537
    2210       2.1684
    2211       2.3111
    2212       2.3321
    2213       2.3980
    2214       2.2646
    2215       2.3007
    2216       2.3345
    2217       2.3819
    2218       2.3177
    2219       2.4239
    2220       2.3788
    2221       2.3643
    2222       2.3561
    2223       2.3571
    2224       2.4149
    2225       2.2883
    2226       2.3151
    2227       2.3971
    2228       2.3524
    2229       2.3221
    2230       2.3523
    2231       2.4443
    2232       2.3344
    2233       2.2749
    2234       2.3063
    2235       2.2937
    2236       2.1915
    2237       2.3312
    2238       2.3042
    2239       2.2327
    2240       2.2474
    2241       2.2552
    2242       2.3113
    2243       2.3070
    2244       2.2372
    2245       2.2478
    2246       2.2920
    2247       2.2246
    2248       2.3589
    2249       2.3575
    2250       2.3662
    2251       2.3814
    2252       2.3574
    2253       2.3105
    2254       2.3362
    2255       2.3996
    2256       2.2791
    2257       2.2904
    2258       2.2581
    2259       2.2396
    2260       2.3164
    2261       2.3603
    2262       2.2589
    2263       2.3366
    2264       2.3603
    2265       2.2615
    2266       2.3138
    2267       2.2874
    2268       2.2497
    2269       2.3313
    2270       2.3088
    2271       2.4407
    2272       2.3528
    2273       2.3786
    2274       2.4475
    2275       2.3918
    2276       2.3627
    2277       2.3754
    2278       2.3974
    2279       2.4425
    2280       2.3933
    2281       2.3345
    2282       2.3802
    2283       2.3254
    2284       2.3579
    2285       2.2985
    2286       2.3847
    2287       2.3417
    2288       2.3738
    2289       2.4240
    2290       2.2842
    2291       2.3559
    2292       2.3087
    2293       2.3918
    2294       2.3190
    2295       2.3167
    2296       2.3768
    2297       2.3411
    2298       2.3784
    2299       2.3714
    2300       2.3395
    2301       2.2750
    2302       2.3102
    2303       2.3003
    2304       2.3411
    2305       2.3049
    2306       2.2433
    2307       2.4007
    2308       2.3583
    2309       2.3504
    2310       2.3246
    2311       2.2974
    2312       2.3730
    2313       2.3928
    2314       2.3948
    2315       2.2981
    2316       2.5103
    2317       2.3799
    2318       2.4366
    2319       2.4147
    2320       2.3681
    2321       2.3131
    2322       2.3026
    2323       2.3951
    2324       2.3245
    2325       2.3551
    2326       2.3107
    2327       2.2842
    2328       2.3469
    2329       2.4008
    2330       2.4473
    2331       2.3381
    2332       2.3535
    2333       2.2923
    2334       2.3751
    2335       2.3181
    2336       2.3242
    2337       2.2816
    2338       2.3944
    2339       2.3270
    2340       2.2264
    2341       2.2767
    2342       2.3096
    2343       2.2779
    2344       2.2221
    2345       2.2988
    2346       2.2328
    2347       2.3273
    2348       2.3343
    2349       2.3369
    2350       2.2555
    2351       2.3086
    2352       2.2986
    2353       2.2994
    2354       2.3352
    2355       2.4136
    2356       2.2958
    2357       2.3459
    2358       2.3566
    2359       2.3500
    2360       2.3890
    2361       2.4348
    2362       2.4079
    2363       2.3309
    2364       2.4193
    2365       2.3616
    2366       2.3431
    2367       2.2770
    2368       2.3552
    2369       2.3754
    2370       2.3655
    2371       2.3376
    2372       2.3542
    2373       2.3442
    2374       2.2771
    2375       2.3534
    2376       2.3157
    2377       2.3028
    2378       2.2963
    2379       2.3273
    2380       2.3173
    2381       2.3718
    2382       2.2617
    2383       2.3172
    2384       2.3950
    2385       2.3093
    2386       2.3401
    2387       2.3221
    2388       2.2091
    2389       2.3105
    2390       2.3083
    2391       2.2478
    2392       2.2502
    2393       2.3450
    2394       2.2533
    2395       2.2685
    2396       2.3003
    2397       2.2636
    2398       2.2856
    2399       2.2709
    2400       2.3265
    2401       2.3295
    2402       2.3235
    2403       2.4216
    2404       2.2594
    2405       2.2976
    2406       2.2917
    2407       2.2844
    2408       2.3690
    2409       2.3822
    2410       2.4123
    2411       2.2610
    2412       2.2903
    2413       2.3134
    2414       2.2596
    2415       2.3087
    2416       2.2899
    2417       2.2353
    2418       2.3426
    2419       2.3532
    2420       2.2264
    2421       2.3396
    2422       2.2407
    2423       2.3476
    2424       2.3308
    2425       2.3346
    2426       2.3386
    2427       2.3949
    2428       2.3892
    2429       2.3098
    2430       2.3222
    2431       2.3571
    2432       2.2760
    2433       2.2899
    2434       2.3066
    2435       2.3424
    2436       2.2891
    2437       2.3519
    2438       2.3533
    2439       2.3231
    2440       2.3000
    2441       2.3532
    2442       2.3320
    2443       2.3238
    2444       2.3194
    2445       2.3144
    2446       2.3556
    2447       2.3116
    2448       2.3065
    2449       2.2903
    2450       2.2968
    2451       2.3189
    2452       2.2478
    2453       2.2987
    2454       2.2481
    2455       2.2730
    2456       2.2553
    2457       2.2807
    2458       2.3286
    2459       2.4173
    2460       2.2968
    2461       2.2956
    2462       2.3363
    2463       2.3856
    2464       2.3089
    2465       2.3504
    2466       2.2988
    2467       2.2223
    2468       2.2932
    2469       2.2976
    2470       2.3284
    2471       2.2761
    2472       2.3022
    2473       2.3760
    2474       2.2688
    2475       2.3754
    2476       2.3564
    2477       2.2383
    2478       2.2484
    2479       2.2328
    2480       2.3560
    2481       2.2432
    2482       2.3277
    2483       2.2289
    2484       2.2733
    2485       2.2345
    2486       2.2023
    2487       2.1536
    2488       2.1499
    2489       2.2012
    2490       2.2453
    2491       2.3309
    2492       2.3212
    2493       2.2510
    2494       2.2714
    2495       2.2541
    2496       2.3336
    2497       2.2891
    2498       2.3087
    2499       2.3598
    2500       2.3799
    2501       2.3804
    2502       2.2918
    2503       2.3044
    2504       2.3048
    2505       2.2802
    2506       2.3736
    2507       2.3091
    2508       2.2464
    2509       2.3175
    2510       2.2522
    2511       2.3412
    2512       2.3533
    2513       2.2846
    2514       2.2466
    2515       2.2491
    2516       2.3453
    2517       2.3455
    2518       2.3493
    2519       2.3388
    2520       2.3476
    2521       2.2751
    2522       2.2904
    2523       2.4046
    2524       2.2527
    2525       2.3460
    2526       2.2977
    2527       2.2659
    2528       2.2515
    2529       2.2829
    2530       2.2958
    2531       2.2948
    2532       2.2364
    2533       2.3100
    2534       2.3280
    2535       2.3140
    2536       2.3198
    2537       2.2735
    2538       2.2421
    2539       2.2790
    2540       2.2987
    2541       2.3734
    2542       2.3419
    2543       2.3698
    2544       2.4139
    2545       2.3073
    2546       2.3198
    2547       2.3543
    2548       2.3913
    2549       2.3048
    2550       2.4266
    2551       2.3951
    2552       2.4233
    2553       2.4113
    2554       2.4324
    2555       2.4080
    2556       2.4214
    2557       2.3867
    2558       2.3806
    2559       2.4251
    2560       2.4655
    2561       2.2854
    2562       2.2898
    2563       2.3269
    2564       2.2957
    2565       2.3805
    2566       2.4406
    2567       2.3465
    2568       2.4394
    2569       2.5110
    2570       2.4228
    2571       2.3764
    2572       2.3908
    2573       2.3693
    2574       2.4417
    2575       2.3277
    2576       2.3200
    2577       2.4877
    2578       2.4677
    2579       2.5166
    2580       2.4320
    2581       2.3993
    2582       2.3887
    2583       2.4753
    2584       2.5425
    2585       2.4882
    2586       2.4755
    2587       2.5466
    2588       2.5315
    2589       2.4914
    2590       2.4416
    2591       2.4322
    2592       2.3542
    2593       2.3516
    2594       2.5848
    2595       2.4731
    2596       2.5432
    2597       2.5288
    2598       2.5587
    2599       2.4349
    2600       2.5028
    2601       2.4611
    2602       2.5076
    2603       2.4496
    2604       2.4306
    2605       2.5452
    2606       2.4712
    2607       2.4904
    2608       2.5804
    2609       2.4279
    2610       2.5684
    2611       2.5245
    2612       2.4718
    2613       2.3725
    2614       2.4538
    2615       2.4337
    2616       2.5139
    2617       2.4443
    2618       2.5946
    2619       2.4247
    2620       2.4419
    2621       2.4814
    2622       2.4430
    2623       2.5820
    2624       2.4929
    2625       2.4499
    2626       2.4041
    2627       2.4882
    2628       2.4839
    2629       2.4882
    2630       2.5117
    2631       2.5302
    2632       2.4581
    2633       2.4813
    2634       2.5433
    2635       2.5621
    2636       2.5376
    2637       2.4678
    2638       2.4177
    2639       2.4554
    2640       2.4705
    2641       2.4741
    2642       2.5152
    2643       2.4911
    2644       2.4805
    2645       2.4662
    2646       2.4440
    2647       2.3915
    2648       2.3607
    2649       2.3927
    2650       2.4303
    2651       2.3967
    2652       2.4817
    2653       2.4402
    2654       2.3858
    2655       2.4386
    2656       2.3724
    2657       2.4034
    2658       2.4824
    2659       2.6001
    2660       2.4960
    2661       2.4031
    2662       2.2585
    2663       2.3875
    2664       2.3641
    2665       2.2287
    2666       2.3491
    2667       2.3698
    2668       2.3909
    2669       2.3886
    2670       2.3677
    2671       2.3889
    2672       2.4729
    2673       2.4314
    2674       2.3669
    2675       2.3364
    2676       2.4235
    2677       2.4522
    2678       2.4074
    2679       2.4458
    2680       2.3220
    2681       2.3161
    2682       2.2739
    2683       2.3459
    2684       2.3822
    2685       2.2637
    2686       2.4593
    2687       2.3993
    2688       2.3271
    2689       2.3515
    2690       2.2806
    2691       2.3672
    2692       2.3322
    2693       2.2977
    2694       2.3111
    2695       2.2701
    2696       2.3352
    2697       2.2816
    2698       2.3242
    2699       2.2901
    2700       2.3129
    2701       2.2756
    2702       2.3092
    2703       2.2824
    2704       2.3777
    2705       2.2316
    2706       2.2121
    2707       2.2842
    2708       2.3030
    2709       2.3271
    2710       2.2872
    2711       2.3251
    2712       2.2643
    2713       2.2984
    2714       2.2338
    2715       2.3290
    2716       2.3424
    2717       2.3373
    2718       2.2154
    2719       2.2786
    2720       2.3184
    2721       2.3048
    2722       2.2628
    2723       2.3555
    2724       2.2967
    2725       2.2305
    2726       2.3500
    2727       2.3327
    2728       2.3373
    2729       2.3482
    2730       2.2231
    2731       2.2947
    2732       2.3336
    2733       2.2661
    2734       2.2407
    2735       2.2299
    2736       2.1863
    2737       2.2916
    2738       2.2756
    2739       2.3285
    2740       2.2853
    2741       2.3165
    2742       2.3994
    2743       2.2920
    2744       2.2572
    2745       2.3406
    2746       2.2908
    2747       2.3081
    2748       2.2741
    2749       2.3395
    2750       2.2767
    2751       2.2645
    2752       2.2632
    2753       2.3604
    2754       2.2400
    2755       2.3031
    2756       2.2547
    2757       2.3113
    2758       2.3195
    2759       2.3177
    2760       2.3720
    2761       2.3754
    2762       2.2947
    2763       2.3570
    2764       2.2782
    2765       2.2854
    2766       2.2849
    2767       2.3322
    2768       2.2428
    2769       2.1977
    2770       2.3117
    2771       2.2652
    2772       2.2030
    2773       2.3021
    2774       2.2864
    2775       2.2629
    2776       2.2652
    2777       2.2351
    2778       2.2513
    2779       2.2604
    2780       2.3092
    2781       2.3261
    2782       2.2511
    2783       2.3464
    2784       2.2972
    2785       2.2946
    2786       2.3377
    2787       2.2877
    2788       2.2935
    2789       2.3159
    2790       2.3184
    2791       2.3516
    2792       2.3566
    2793       2.3616
    2794       2.3082
    2795       2.3489
    2796       2.3145
    2797       2.2415
    2798       2.2698
    2799       2.3102
    2800       2.2902
    2801       2.3266
    2802       2.3867
    2803       2.3676
    2804       2.2951
    2805       2.2800
    2806       2.2287
    2807       2.2127
    2808       2.3161
    2809       2.2837
    2810       2.2254
    2811       2.1894
    2812       2.1191
    2813       2.2291
    2814       2.2299
    2815       2.2745
    2816       2.2949
    2817       2.2528
    2818       2.2776
    2819       2.2241
    2820       2.2591
    2821       2.2078
    2822       2.1742
    2823       2.2835
    2824       2.4256
    2825       2.3972
    2826       2.2393
    2827       2.2791
    2828       2.2255
    2829       2.2165
    2830       2.2682
    2831       2.2395
    2832       2.2288
    2833       2.2879
    2834       2.2941
    2835       2.2511
    2836       2.2917
    2837       2.2740
    2838       2.2364
    2839       2.2605
    2840       2.3130
    2841       2.3235
    2842       2.2577
    2843       2.2710
    2844       2.2816
    2845       2.2630
    2846       2.1558
    2847       2.1543
    2848       2.2350
    2849       2.2589
    2850       2.1858
    2851       2.1771
    2852       2.1799
    2853       2.1643
    2854       2.1756
    2855       2.2112
    2856       2.2247
    2857       2.2805
    2858       2.3467
    2859       2.3114
    2860       2.2431
    2861       2.2305
    2862       2.3607
    2863       2.3826
    2864       2.3296
    2865       2.3580
    2866       2.4353
    2867       2.3150
    2868       2.3297
    2869       2.2840
    2870       2.3553
    2871       2.3090
    2872       2.3913
    2873       2.3486
    2874       2.3544
    2875       2.2387
    2876       2.3132
    2877       2.2101
    2878       2.2022
    2879       2.2891
    2880       2.3003
    2881       2.3383
    2882       2.2917
    2883       2.2748
    2884       2.3106
    2885       2.3884
    2886       2.2707
    2887       2.2240
    2888       2.3096
    2889       2.2515
    2890       2.3017
    2891       2.2231
    2892       2.1981
    2893       2.2518
    2894       2.3335
    2895       2.2952
    2896       2.3457
    2897       2.3216
    2898       2.2635
    2899       2.3405
    2900       2.1624
    2901       2.2565
    2902       2.1815
    2903       2.1213
    2904       2.2235
    2905       2.2008
    2906       2.1661
    2907       2.1524
    2908       2.1676
    2909       2.1919
    2910       2.2046
    2911       2.1766
    2912       2.2101
    2913       2.2113
    2914       2.2209
    2915       2.2710
    2916       2.2542
    2917       2.2347
    2918       2.3616
    2919       2.2154
    2920       2.2636
    2921       2.2708
    2922       2.2947
    2923       2.2444
    2924       2.2934
    2925       2.2967
    2926       2.3166
    2927       2.2563
    2928       2.2333
    2929       2.1837
    2930       2.1116
    2931       2.2107
    2932       2.0875
    2933       2.2249
    2934       2.0241
    2935       2.2210
    2936       2.1989
    2937       2.2221
    2938       2.1908
    2939       2.2675
    2940       2.2028
    2941       2.2262
    2942       2.1793
    2943       2.2316
    2944       2.1671
    2945       2.2413
    2946       2.1938
    2947       2.3075
    2948       2.2767
    2949       2.3008
    2950       2.1767
    2951       2.2180
    2952       2.2072
    2953       2.3085
    2954       2.3540
    2955       2.4118
    2956       2.3387
    2957       2.3026
    2958       2.3608
    2959       2.3643
    2960       2.3247
    2961       2.3541
    2962       2.3224
    2963       2.4373
    2964       2.3528
    2965       2.3388
    2966       2.3525
    2967       2.3704
    2968       2.3570
    2969       2.3674
    2970       2.3599
    2971       2.3570
    2972       2.4346
    2973       2.3922
    2974       2.3055
    2975       2.3941
    2976       2.4051
    2977       2.3621
    2978       2.3599
    2979       2.3919
    2980       2.3333
    2981       2.3159
    2982       2.2816
    2983       2.2517
    2984       2.2975
    2985       2.3676
    2986       2.2052
    2987       2.2248
    2988       2.1989
    2989       2.1135
    2990       2.1323
    2991       2.2715
    2992       2.3305
    2993       2.2198
    2994       2.2599
    2995       2.2825
    2996       2.2227
    2997       2.1955
    2998       2.2358
    2999       2.3610
    3000       2.1788
    3001       2.2044
    3002       2.2476
    3003       2.2707
    3004       2.2367
    3005       2.2902
    3006       2.2882
    3007       2.2007
    3008       2.2446
    3009       2.1974
    3010       2.1887
    3011       2.1501
    3012       2.3065
    3013       2.1988
    3014       2.2626
    3015       2.2035
    3016       2.2274
    3017       2.3302
    3018       2.1799
    3019       2.2749
    3020       2.0911
    3021       2.1974
    3022       2.1426
    3023       2.1609
    3024       2.1666
    3025       2.2437
    3026       2.1672
    3027       2.1578
    3028       2.2800
    3029       2.1301
    3030       2.2036
    3031       2.0370
    3032       2.0572
    3033       2.1667
    3034       2.0525
    3035       2.0661
    3036       2.1000
    3037       2.0893
    3038       2.2341
    3039       2.0968
    3040       2.1592
    3041       2.1823
    3042       2.1496
    3043       2.2019
    3044       2.1010
    3045       2.1502
    3046       2.0960
    3047       2.0575
    3048       2.1046
    3049       2.1035
    3050       2.1464
    3051       2.0877
    3052       2.1462
    3053       2.2381
    3054       2.3461
    3055       2.4140
    3056       2.4118
    3057       2.3803
    3058       2.4402
    3059       2.3552
    3060       2.2484
    3061       2.3398
    3062       2.3060
    3063       2.3742
    3064       2.3917
    3065       2.3226
    3066       2.3074
    3067       2.3950
    3068       2.3940
    3069       2.4939
    3070       2.4129
    3071       2.4864
    3072       2.5508
    3073       2.4839
    3074       2.5381
    3075       2.5317
    3076       2.4830
    3077       2.5673
    3078       2.5876
    3079       2.6194
    3080       2.5318
    3081       2.5250
    3082       2.4008
    3083       2.4920
    3084       2.4240
    3085       2.3090
    3086       2.4635
    3087       2.5784
    3088       2.4351
    3089       2.5650
    3090       2.5229
    3091       2.5147
    3092       2.5250
    3093       2.4726
    3094       2.4699
    3095       2.6030
    3096       2.4748
    3097       2.3440
    3098       2.3562
    3099       2.2108
    3100       2.2661
    3101       2.1880
    3102       2.3544
    3103       2.2934
    3104       2.2584
    3105       2.3684
    3106       2.3469
    3107       2.2700
    3108       2.2909
    3109       2.2908
    3110       2.3466
    3111       2.2094
    3112       2.4278
    3113       2.3502
    3114       2.3482
    3115       2.4196
    3116       2.2643
    3117       2.3954
    3118       2.4369
    3119       2.4948
    3120       2.4480
    3121       2.4560
    3122       2.4039
    3123       2.4565
    3124       2.6132
    3125       2.5199
    3126       2.6431
    3127       2.4604
    3128       2.5031
    3129       2.5319
    3130       2.5016
    3131       2.3628
    3132       2.4927
    3133       2.4168
    3134       2.4507
    3135       2.4623
    3136       2.5937
    3137       2.4636
    3138       2.5453
    3139       2.5958
    3140       2.4879
    3141       2.4799
    3142       2.5142
    3143       2.5597
    3144       2.5050
    3145       2.5448
    3146       2.6753
    3147       2.5005
    3148       2.5935
    3149       2.4786
    3150       2.3960
    3151       2.3686
    3152       2.4611
    3153       2.4072
    3154       2.4885
    3155       2.3813
    3156       2.4639
    3157       2.3978
    3158       2.4566
    3159       2.3934
    3160       2.4593
    3161       2.5687
    3162       2.5108
    3163       2.4661
    3164       2.4118
    3165       2.2658
    3166       2.4408
    3167       2.4955
    3168       2.4526
    3169       2.3389
    3170       2.4015
    3171       2.3110
    3172       2.3472
    3173       2.3170
    3174       2.3581
    3175       2.3959
    3176       2.3079
    3177       2.3445
    3178       2.4001
    3179       2.3927
    3180       2.3568
    3181       2.3599
    3182       2.3846
    3183       2.3798
    3184       2.4681
    3185       2.3980
    3186       2.3186
    3187       2.3340
    3188       2.3471
    3189       2.3790
    3190       2.4953
    3191       2.3545
    3192       2.4106
    3193       2.4547
    3194       2.4049
    3195       2.5134
    3196       2.5032
    3197       2.4117
    3198       2.4228
    3199       2.5732
    3200       2.3977
    3201       2.4898
    3202       2.3953
    3203       2.5004
    3204       2.3535
    3205       2.3451
    3206       2.3457
    3207       2.4035
    3208       2.4219
    3209       2.3408
    3210       2.3370
    3211       2.4292
    3212       2.3091
    3213       2.3137
    3214       2.3155
    3215       2.2856
    3216       2.3462
    3217       2.2717
    3218       2.2704
    3219       2.2610
    3220       2.2589
    3221       2.2626
    3222       2.3387
    3223       2.1666
    3224       2.3166
    3225       2.2785
    3226       2.2782
    3227       2.2737
    3228       2.3348
    3229       2.2088
    3230       2.2848
    3231       2.2181
    3232       2.2701
    3233       2.3427
    3234       2.2317
    3235       2.1812
    3236       2.3284
    3237       2.2806
    3238       2.3580
    3239       2.2210
    3240       2.2652
    3241       2.3229
    3242       2.2949
    3243       2.2907
    3244       2.2225
    3245       2.2579
    3246       2.2872
    3247       2.3037
    3248       2.3306
    3249       2.2718
    3250       2.2769
    3251       2.3229
    3252       2.4424
    3253       2.2131
    3254       2.3842
    3255       2.2547
    3256       2.3964
    3257       2.3031
    3258       2.2255
    3259       2.3577
    3260       2.3365
    3261       2.2853
    3262       2.3380
    3263       2.3009
    3264       2.3950
    3265       2.3102
    3266       2.2448
    3267       2.2078
    3268       2.2078
    3269       2.2224
    3270       2.3024
    3271       2.3303
    3272       2.3423
    3273       2.3138
    3274       2.2789
    3275       2.3155
    3276       2.3410
    3277       2.3571
    3278       2.2530
    3279       2.2522
    3280       2.3483
    3281       2.3679
    3282       2.4200
    3283       2.3433
    3284       2.3639
    3285       2.2992
    3286       2.3776
    3287       2.2622
    3288       2.3412
    3289       2.4023
    3290       2.3331
    3291       2.2998
    3292       2.3103
    3293       2.4828
    3294       2.4162
    3295       2.2800
    3296       2.4394
    3297       2.3123
    3298       2.3085
    3299       2.2999
    3300       2.4017
    3301       2.3873
    3302       2.3390
    3303       2.3449
    3304       2.3994
    3305       2.3511
    3306       2.2774
    3307       2.3664
    3308       2.3513
    3309       2.3544
    3310       2.3424
    3311       2.3455
    3312       2.3241
    3313       2.3747
    3314       2.3895
    3315       2.3491
    3316       2.3508
    3317       2.3565
    3318       2.2882
    3319       2.3961
    3320       2.3766
    3321       2.3517
    3322       2.2789
    3323       2.3238
    3324       2.3572
    3325       2.4185
    3326       2.3741
    3327       2.3442
    3328       2.3319
    3329       2.3848
    3330       2.3047
    3331       2.3206
    3332       2.3865
    3333       2.3661
    3334       2.3499
    3335       2.3397
    3336       2.2684
    3337       2.2863
    3338       2.3426
    3339       2.4232
    3340       2.3753
    3341       2.3938
    3342       2.3551
    3343       2.3618
    3344       2.3121
    3345       2.3180
    3346       2.2980
    3347       2.3621
    3348       2.3387
    3349       2.2934
    3350       2.4107
    3351       2.4109
    3352       2.3192
    3353       2.3424
    3354       2.3469
    3355       2.2068
    3356       2.2605
    3357       2.2693
    3358       2.2618
    3359       2.2657
    3360       2.2723
    3361       2.3633
    3362       2.3030
    3363       2.2369
    3364       2.2878
    3365       2.2579
    3366       2.2875
    3367       2.3674
    3368       2.3277
    3369       2.2903
    3370       2.1923
    3371       2.2377
    3372       2.2370
    3373       2.2023
    3374       2.2894
    3375       2.2207
    3376       2.2429
    3377       2.2499
    3378       2.2273
    3379       2.2641
    3380       2.2853
    3381       2.2001
    3382       2.2604
    3383       2.3192
    3384       2.2627
    3385       2.2172
    3386       2.3304
    3387       2.3336
    3388       2.4122
    3389       2.3243
    3390       2.3427
    3391       2.3775
    3392       2.3537
    3393       2.3895
    3394       2.3547
    3395       2.4152
    3396       2.3841
    3397       2.2984
    3398       2.4063
    3399       2.3355
    3400       2.3604
    3401       2.3820
    3402       2.2934
    3403       2.4305
    3404       2.3886
    3405       2.3398
    3406       2.4096
    3407       2.4288
    3408       2.4187
    3409       2.2954
    3410       2.3304
    3411       2.3521
    3412       2.3349
    3413       2.3768
    3414       2.4494
    3415       2.4764
    3416       2.3848
    3417       2.4219
    3418       2.4523
    3419       2.4094
    3420       2.4559
    3421       2.4112
    3422       2.2848
    3423       2.3942
    3424       2.4628
    3425       2.4778
    3426       2.4298
    3427       2.5323
    3428       2.5504
    3429       2.5088
    3430       2.5778
    3431       2.4234
    3432       2.3448
    3433       2.4075
    3434       2.4211
    3435       2.4861
    3436       2.4374
    3437       2.4267
    3438       2.3186
    3439       2.4379
    3440       2.3978
    3441       2.4046
    3442       2.3102
    3443       2.4970
    3444       2.4017
    3445       2.4621
    3446       2.3911
    3447       2.3606
    3448       2.4333
    3449       2.3372
    3450       2.4630
    3451       2.2924
    3452       2.3274
    3453       2.3498
    3454       2.2778
    3455       2.3877
    3456       2.4060
    3457       2.3065
    3458       2.2752
    3459       2.4349
    3460       2.3619
    3461       2.2150
    3462       2.3351
    3463       2.3330
    3464       2.3040
    3465       2.2177
    3466       2.2458
    3467       2.2601
    3468       2.2880
    3469       2.3374
    3470       2.2637
    3471       2.1979
    3472       2.2262
    3473       2.2362
    3474       2.3395
    3475       2.3329
    3476       2.2131
    3477       2.2574
    3478       2.2960
    3479       2.4052
    3480       2.3457
    3481       2.3595
    3482       2.2147
    3483       2.2227
    3484       2.3148
    3485       2.3360
    3486       2.2638
    3487       2.2140
    3488       2.3013
    3489       2.3536
    3490       2.3439
    3491       2.3734
    3492       2.2851
    3493       2.3762
    3494       2.2887
    3495       2.2730
    3496       2.3121
    3497       2.3261
    3498       2.2966
    3499       2.3489
    3500       2.3125
    3501       2.3755
    3502       2.3264
    3503       2.3243
    3504       2.3364
    3505       2.3113
    3506       2.2833
    3507       2.3904
    3508       2.3757
    3509       2.3270
    3510       2.4424
    3511       2.4065
    3512       2.3497
    3513       2.2950
    3514       2.3529
    3515       2.3112
    3516       2.2726
    3517       2.3500
    3518       2.4262
    3519       2.3050
    3520       2.4042
    3521       2.3706
    3522       2.3115
    3523       2.4132
    3524       2.3602
    3525       2.2871
    3526       2.3914
    3527       2.3841
    3528       2.3294
    3529       2.3555
    3530       2.3346
    3531       2.3123
    3532       2.2886
    3533       2.3432
    3534       2.2765
    3535       2.3493
    3536       2.3037
    3537       2.2876
    3538       2.3206
    3539       2.3504
    3540       2.4067
    3541       2.3490
    3542       2.3637
    3543       2.3118
    3544       2.3980
    3545       2.3642
    3546       2.3159
    3547       2.3051
    3548       2.3987
    3549       2.3072
    3550       2.3065
    3551       2.2929
    3552       2.3627
    3553       2.3442
    3554       2.2650
    3555       2.3043
    3556       2.2850
    3557       2.3014
    3558       2.2371
    3559       2.2508
    3560       2.2417
    3561       2.2366
    3562       2.3252
    3563       2.3440
    3564       2.3699
    3565       2.3558
    3566       2.2894
    3567       2.2605
    3568       2.2803
    3569       2.3046
    3570       2.3441
    3571       2.4098
    3572       2.3677
    3573       2.4124
    3574       2.3822
    3575       2.3098
    3576       2.3525
    3577       2.3627
    3578       2.3499
    3579       2.3319
    3580       2.3704
    3581       2.2855
    3582       2.3556
    3583       2.3989
    3584       2.4330
    3585       2.4013
    3586       2.3275
    3587       2.3659
    3588       2.3989
    3589       2.4778
    3590       2.4333
    3591       2.2980
    3592       2.3516
    3593       2.3879
    3594       2.4156
    3595       2.4064
    3596       2.3560
    3597       2.3107
    3598       2.3496
    3599       2.3048
    3600       2.3688
    3601       2.3412
    3602       2.3489
    3603       2.4329
    3604       2.3343
    3605       2.3931
    3606       2.4592
    3607       2.4496
    3608       2.4889
    3609       2.4413
    3610       2.4480
    3611       2.3971
    3612       2.4674
    3613       2.4822
    3614       2.4188
    3615       2.4227
    3616       2.3710
    3617       2.5014
    3618       2.5094
    3619       2.4334
    3620       2.4436
    3621       2.4664
    3622       2.4692
    3623       2.4248
    3624       2.4015
    3625       2.3882
    3626       2.3511
    3627       2.4761
    3628       2.4538
    3629       2.4033
    3630       2.3481
    3631       2.4995
    3632       2.3850
    3633       2.3123
    3634       2.3195
    3635       2.3118
    3636       2.3960
    3637       2.3594
    3638       2.4017
    3639       2.3307
    3640       2.3068
    3641       2.4125
    3642       2.4111
    3643       2.3023
    3644       2.3857
    3645       2.3301
    3646       2.5224
    3647       2.3836
    3648       2.4899
    3649       2.4503
    3650       2.3774
    3651       2.5055
    3652       2.4058
    3653       2.5029
    3654       2.4034
    3655       2.5232
    3656       2.4891
    3657       2.5120
    3658       2.4185
    3659       2.5453
    3660       2.5042
    3661       2.4842
    3662       2.4857
    3663       2.4691
    3664       2.4882
    3665       2.4252
    3666       2.4007
    3667       2.4872
    3668       2.3587
    3669       2.3006
    3670       2.4011
    3671       2.2914
    3672       2.3606
    3673       2.3066
    3674       2.2618
    3675       2.2871
    3676       2.2221
    3677       2.3542
    3678       2.3608
    3679       2.2609
    3680       2.3693
    3681       2.2498
    3682       2.2808
    3683       2.3627
    3684       2.3101
    3685       2.3605
    3686       2.3026
    3687       2.3149
    3688       2.3042
    3689       2.3324
    3690       2.3280
    3691       2.3183
    3692       2.3508
    3693       2.2902
    3694       2.3251
    3695       2.5092
    3696       2.3422
    3697       2.4670
    3698       2.4349
    3699       2.3910
    3700       2.4710
    3701       2.4241
    3702       2.3646
    3703       2.3459
    3704       2.3250
    3705       2.4379
    3706       2.4266
    3707       2.3834
    3708       2.3914
    3709       2.4104
    3710       2.4267
    3711       2.4414
    3712       2.4210
    3713       2.5015
    3714       2.2613
    3715       2.4699
    3716       2.4669
    3717       2.5696
    3718       2.5386
    3719       2.3751
    3720       2.4130
    3721       2.3690
    3722       2.4062
    3723       2.5084
    3724       2.4645
    3725       2.4771
    3726       2.4559
    3727       2.3965
    3728       2.4767
    3729       2.4990
    3730       2.4628
    3731       2.4557
    3732       2.4639
    3733       2.5286
    3734       2.3824
    3735       2.5103
    3736       2.4561
    3737       2.4227
    3738       2.3342
    3739       2.3888
    3740       2.4087
    3741       2.3701
    3742       2.3587
    3743       2.3586
    3744       2.3857
    3745       2.3487
    3746       2.3705
    3747       2.5160
    3748       2.4366
    3749       2.5234
    3750       2.5135
    3751       2.4572
    3752       2.4966
    3753       2.5567
    3754       2.5113
    3755       2.4570
    3756       2.4568
    3757       2.4661
    3758       2.3808
    3759       2.3469
    3760       2.4842
    3761       2.4310
    3762       2.4298
    3763       2.4611
    3764       2.4484
    3765       2.4969
    3766       2.4378
    3767       2.4689
    3768       2.3753
    3769       2.3840
    3770       2.3990
    3771       2.4954
    3772       2.4831
    3773       2.3705
    3774       2.5145
    3775       2.4791
    3776       2.4719
    3777       2.3566
    3778       2.4049
    3779       2.4976
    3780       2.4218
    3781       2.4252
    3782       2.3717
    3783       2.3932
    3784       2.4249
    3785       2.4733
    3786       2.4379
    3787       2.4921
    3788       2.4477
    3789       2.3893
    3790       2.4363
    3791       2.4245
    3792       2.3910
    3793       2.4489
    3794       2.3429
    3795       2.4408
    3796       2.4619
    3797       2.5870
    3798       2.4199
    3799       2.5551
    3800       2.5002
    3801       2.4411
    3802       2.4579
    3803       2.4999
    3804       2.4619
    3805       2.4606
    3806       2.4770
    3807       2.5655
    3808       2.3547
    3809       2.4440
    3810       2.3890
    3811       2.4656
    3812       2.3706
    3813       2.4212
    3814       2.3835
    3815       2.4733
    3816       2.4043
    3817       2.4377
    3818       2.4723
    3819       2.4525
    3820       2.4590
    3821       2.4694
    3822       2.4090
    3823       2.4980
    3824       2.4770
    3825       2.5381
    3826       2.5019
    3827       2.4972
    3828       2.5358
    3829       2.5626
    3830       2.4784
    3831       2.5788
    3832       2.5429
    3833       2.5975
    3834       2.5026
    3835       2.5084
    3836       2.4718
    3837       2.5404
    3838       2.4735
    3839       2.4364
    3840       2.5057
    3841       2.5293
    3842       2.4754
    3843       2.4849
    3844       2.4097
    3845       2.4749
    3846       2.3454
    3847       2.3843
    3848       2.4261
    3849       2.3640
    3850       2.3447
    3851       2.4906
    3852       2.4750
    3853       2.4513
    3854       2.4157
    3855       2.4673
    3856       2.4436
    3857       2.4013
    3858       2.3607
    3859       2.4425
    3860       2.4350
    3861       2.3728
    3862       2.4061
    3863       2.3251
    3864       2.4152
    3865       2.4056
    3866       2.4230
    3867       2.3755
    3868       2.4532
    3869       2.4114
    3870       2.4867
    3871       2.4955
    3872       2.4612
    3873       2.3858
    3874       2.3913
    3875       2.4248
    3876       2.4678
    3877       2.4511
    3878       2.4280
    3879       2.5126
    3880       2.5478
    3881       2.5712
    3882       2.4740
    3883       2.4316
    3884       2.5084
    3885       2.4017
    3886       2.3994
    3887       2.4725
    3888       2.4272
    3889       2.4182
    3890       2.4340
    3891       2.4257
    3892       2.3646
    3893       2.3443
    3894       2.4906
    3895       2.5377
    3896       2.4148
    3897       2.4640
    3898       2.4533
    3899       2.4810
    3900       2.4495
    3901       2.5049
    3902       2.5434
    3903       2.5572
    3904       2.5889
    3905       2.5505
    3906       2.4412
    3907       2.6075
    3908       2.6033
    3909       2.5148
    3910       2.5456
    3911       2.4671
    3912       2.4966
    3913       2.5566
    3914       2.5180
    3915       2.5576
    3916       2.5451
    3917       2.5444
    3918       2.5254
    3919       2.5848
    3920       2.5508
    3921       2.6051
    3922       2.5293
    3923       2.5127
    3924       2.4588
    3925       2.5579
    3926       2.5227
    3927       2.6779
    3928       2.6454
    3929       2.4970
    3930       2.5100
    3931       2.4356
    3932       2.5197
    3933       2.4772
    3934       2.4840
    3935       2.5908
    3936       2.5692
    3937       2.5142
    3938       2.4632
    3939       2.4023
    3940       2.4146
    3941       2.4023
    3942       2.4747
    3943       2.4404
    3944       2.4454
    3945       2.4144
    3946       2.4089
    3947       2.2889
    3948       2.3492
    3949       2.4334
    3950       2.4494
    3951       2.3969
    3952       2.3881
    3953       2.5110
    3954       2.4273
    3955       2.4268
    3956       2.5086
    3957       2.4422
    3958       2.4261
    3959       2.4042
    3960       2.3747
    3961       2.4407
    3962       2.4714
    3963       2.4607
    3964       2.4749
    3965       2.3301
    3966       2.4521
    3967       2.4371
    3968       2.4423
    3969       2.4514
    3970       2.4318
    3971       2.4392
    3972       2.4431
    3973       2.4641
    3974       2.4435
    3975       2.4830
    3976       2.4642
    3977       2.5186
    3978       2.4485
    3979       2.4340
    3980       2.4669
    3981       2.4647
    3982       2.4548
    3983       2.5040
    3984       2.4384
    3985       2.3947
    3986       2.4836
    3987       2.6029
    3988       2.4511
    3989       2.4149
    3990       2.4580
    3991       2.4874
    3992       2.4493
    3993       2.4311
    3994       2.4816
    3995       2.4113
    3996       2.5100
    3997       2.4622
    3998       2.4255
    3999       2.5165
    4000       2.3606
    4001       2.4426
    4002       2.4269
    4003       2.4409
    4004       2.4583
    4005       2.5104
    4006       2.5155
    4007       2.4907
    4008       2.5010
    4009       2.4591
    4010       2.4037
    4011       2.3878
    4012       2.3975
    4013       2.4711
    4014       2.4551
    4015       2.4642
    4016       2.5464
    4017       2.4251
    4018       2.4771
    4019       2.4473
    4020       2.4695
    4021       2.4506
    4022       2.3954
    4023       2.4456
    4024       2.4628
    4025       2.5359
    4026       2.5321
    4027       2.4433
    4028       2.4784
    4029       2.5031
    4030       2.3938
    4031       2.4047
    4032       2.3918
    4033       2.3896
    4034       2.4383
    4035       2.4662
    4036       2.4339
    4037       2.4669
    4038       2.4333
    4039       2.4743
    4040       2.4333
    4041       2.3221
    4042       2.4840
    4043       2.4605
    4044       2.4584
    4045       2.4064
    4046       2.3648
    4047       2.4655
    4048       2.4331
    4049       2.3921
    4050       2.4037
    4051       2.3691
    4052       2.3795
    4053       2.4200
    4054       2.4931
    4055       2.4823
    4056       2.3860
    4057       2.3235
    4058       2.3833
    4059       2.4646
    4060       2.4910
    4061       2.3768
    4062       2.4237
    4063       2.4874
    4064       2.4448
    4065       2.3694
    4066       2.4158
    4067       2.4106
    4068       2.3423
    4069       2.3585
    4070       2.4366
    4071       2.4370
    4072       2.4977
    4073       2.4455
    4074       2.5441
    4075       2.4977
    4076       2.4002
    4077       2.4457
    4078       2.4393
    4079       2.4480
    4080       2.6176
    4081       2.4195
    4082       2.5877
    4083       2.5945
    4084       2.5704
    4085       2.5747
    4086       2.5193
    4087       2.5485
    4088       2.5013
    4089       2.4130
    4090       2.4752
    4091       2.5523
    4092       2.5047
    4093       2.3961
    4094       2.5506
    4095       2.4922
    4096       2.3756
    4097       2.4074
    4098       2.3961
    4099       2.5117
    4100       2.5036
