#Frame     RMSD_00002
       1       0.0000
       2       1.3056
       3       1.3142
       4       1.3137
       5       1.3222
       6       1.7832
       7       1.3627
       8       1.3982
       9       1.5182
      10       1.8180
      11       1.7954
      12       2.2891
      13       1.9925
      14       1.8837
      15       1.9580
      16       1.8927
      17       1.8869
      18       1.9743
      19       1.8470
      20       1.9177
      21       2.0498
      22       1.8565
      23       1.7514
      24       1.6257
      25       1.7291
      26       1.7357
      27       1.8817
      28       1.8597
      29       2.1009
      30       2.0415
      31       1.7867
      32       1.7920
      33       1.9724
      34       1.9104
      35       1.8685
      36       1.6872
      37       1.7008
      38       1.7852
      39       1.6622
      40       1.6462
      41       1.6773
      42       1.8974
      43       1.9387
      44       1.9997
      45       1.9977
      46       2.0015
      47       1.9774
      48       1.9880
      49       1.8811
      50       1.9240
      51       1.8286
      52       1.9430
      53       1.9170
      54       2.0454
      55       2.0607
      56       2.0486
      57       2.0823
      58       1.9711
      59       2.0330
      60       1.9746
      61       1.9677
      62       1.9302
      63       2.1626
      64       2.1530
      65       2.1184
      66       2.0634
      67       2.1931
      68       2.0057
      69       2.1131
      70       2.1526
      71       1.9518
      72       2.1002
      73       2.0364
      74       2.1181
      75       2.2575
      76       2.2573
      77       2.1391
      78       2.2660
      79       2.1805
      80       2.3794
      81       2.2606
      82       2.2411
      83       2.4547
      84       2.4189
      85       2.4066
      86       2.3633
      87       2.5187
      88       2.4219
      89       2.3468
      90       2.5067
      91       2.6283
      92       2.5630
      93       2.2770
      94       2.5201
      95       2.5280
      96       2.4906
      97       2.5241
      98       2.5729
      99       2.3942
     100       2.3108
     101       2.4748
     102       2.5047
     103       2.5862
     104       2.5544
     105       2.4449
     106       2.4206
     107       2.3020
     108       2.3980
     109       2.5434
     110       2.5378
     111       2.4098
     112       2.2854
     113       2.2868
     114       2.3989
     115       2.4520
     116       2.4474
     117       2.4282
     118       2.5213
     119       2.3572
     120       2.3742
     121       2.4382
     122       2.5376
     123       2.3739
     124       2.2942
     125       2.5028
     126       2.4110
     127       2.3143
     128       2.3477
     129       2.6937
     130       2.4088
     131       2.5653
     132       2.3891
     133       2.2753
     134       2.3572
     135       2.3250
     136       2.3826
     137       2.4274
     138       2.5692
     139       2.4101
     140       2.2859
     141       2.3449
     142       2.5559
     143       2.3711
     144       2.4243
     145       2.5077
     146       2.3608
     147       2.3834
     148       2.4268
     149       2.4715
     150       2.3103
     151       2.4113
     152       2.3000
     153       2.3408
     154       2.3357
     155       2.5054
     156       2.3469
     157       2.4354
     158       2.1258
     159       2.4476
     160       2.3669
     161       2.4851
     162       2.3035
     163       2.5054
     164       2.4066
     165       2.3529
     166       2.4395
     167       2.4537
     168       2.4142
     169       2.4344
     170       2.3819
     171       2.4373
     172       2.5190
     173       2.2738
     174       2.3548
     175       2.3743
     176       2.3187
     177       2.2848
     178       2.3809
     179       2.4230
     180       2.2032
     181       2.3097
     182       2.4344
     183       2.4677
     184       2.4494
     185       2.3443
     186       2.2643
     187       2.4031
     188       2.3430
     189       2.3649
     190       2.4038
     191       2.2657
     192       2.4075
     193       2.2561
     194       2.1595
     195       2.4063
     196       2.2954
     197       2.3794
     198       2.2125
     199       2.4245
     200       2.2907
     201       2.3802
     202       2.4076
     203       2.5539
     204       2.4584
     205       2.5164
     206       2.5399
     207       2.3974
     208       2.4404
     209       2.6318
     210       2.4711
     211       2.6457
     212       2.3824
     213       2.3373
     214       2.5053
     215       2.4515
     216       2.2922
     217       2.3009
     218       2.5850
     219       2.5111
     220       2.6490
     221       2.4140
     222       2.3898
     223       2.4068
     224       2.2392
     225       2.2160
     226       2.2001
     227       2.3587
     228       2.3194
     229       2.3409
     230       2.3780
     231       2.3000
     232       2.1688
     233       2.2644
     234       2.2988
     235       2.2795
     236       2.4199
     237       2.1338
     238       2.2809
     239       2.3186
     240       2.2964
     241       2.2721
     242       2.1872
     243       2.1275
     244       2.2420
     245       2.1689
     246       2.2263
     247       2.1380
     248       2.3090
     249       2.2176
     250       2.3744
     251       2.3073
     252       2.2567
     253       2.1183
     254       2.1464
     255       2.3409
     256       2.3318
     257       2.2916
     258       2.2947
     259       2.3541
     260       2.5928
     261       2.2682
     262       2.1614
     263       1.9524
     264       1.9557
     265       1.9954
     266       1.9686
     267       2.0377
     268       2.1598
     269       2.3674
     270       1.9995
     271       2.0801
     272       2.1190
     273       2.1233
     274       2.0745
     275       1.9174
     276       2.0581
     277       2.1171
     278       2.0387
     279       2.0503
     280       2.1703
     281       1.9553
     282       2.0129
     283       2.0605
     284       2.0322
     285       1.9643
     286       2.0722
     287       2.0809
     288       1.9680
     289       2.0332
     290       1.9455
     291       2.1672
     292       2.2184
     293       2.2592
     294       2.3428
     295       2.2615
     296       2.3891
     297       2.1293
     298       2.2319
     299       2.2430
     300       2.2956
     301       2.2865
     302       2.3705
     303       2.2118
     304       2.2008
     305       2.1744
     306       2.1685
     307       2.1860
     308       2.2919
     309       2.3198
     310       2.1900
     311       2.2671
     312       2.1690
     313       2.4354
     314       2.4210
     315       2.4132
     316       2.5155
     317       2.5066
     318       2.6049
     319       2.6148
     320       2.5072
     321       2.4244
     322       2.4212
     323       2.4822
     324       2.5446
     325       2.4776
     326       2.3874
     327       2.3853
     328       2.4459
     329       2.6036
     330       2.5601
     331       2.7102
     332       2.6891
     333       2.5193
     334       2.5601
     335       2.4684
     336       2.3979
     337       2.5540
     338       2.4525
     339       2.4512
     340       2.4605
     341       2.6235
     342       2.6206
     343       2.6102
     344       2.5080
     345       2.5114
     346       2.3024
     347       2.3894
     348       2.4590
     349       2.4910
     350       2.7933
     351       2.8578
     352       2.5756
     353       2.7252
     354       2.5967
     355       2.8577
     356       2.4321
     357       2.4296
     358       2.5188
     359       2.7081
     360       2.5275
     361       2.4758
     362       2.6271
     363       2.5596
     364       2.4950
     365       2.6405
     366       2.7672
     367       2.5305
     368       2.4325
     369       2.2754
     370       2.5366
     371       2.4733
     372       2.3452
     373       2.3268
     374       2.3863
     375       2.2282
     376       2.6247
     377       2.2582
     378       2.1558
     379       2.3950
     380       2.3634
     381       2.3477
     382       2.4094
     383       2.3960
     384       2.3981
     385       2.2386
     386       2.3912
     387       2.3890
     388       2.4204
     389       2.3367
     390       2.4186
     391       2.5088
     392       2.5877
     393       2.4856
     394       2.4205
     395       2.4191
     396       2.1625
     397       2.5158
     398       2.5529
     399       2.4021
     400       2.5675
     401       2.3175
     402       2.3395
     403       2.4200
     404       2.5894
     405       2.4238
     406       2.3911
     407       2.4665
     408       2.4400
     409       2.4540
     410       2.3616
     411       2.3815
     412       2.5456
     413       2.3640
     414       2.4708
     415       2.6829
     416       2.4777
     417       2.5578
     418       2.4257
     419       2.4629
     420       2.8775
     421       2.7116
     422       2.7532
     423       2.7772
     424       2.6084
     425       2.6029
     426       2.6192
     427       2.4771
     428       2.6874
     429       2.3881
     430       2.3641
     431       2.2902
     432       2.4077
     433       2.4302
     434       2.3718
     435       2.5148
     436       2.4349
     437       2.5234
     438       2.7605
     439       2.5844
     440       2.6513
     441       2.6729
     442       2.4961
     443       2.6811
     444       2.5121
     445       2.6472
     446       2.5413
     447       2.4373
     448       2.4477
     449       2.8960
     450       2.8992
     451       2.6522
     452       2.5784
     453       2.4894
     454       2.8088
     455       2.6550
     456       2.7198
     457       2.7169
     458       2.5097
     459       2.6055
     460       2.5575
     461       2.4437
     462       2.5703
     463       2.4894
     464       2.4624
     465       2.5965
     466       2.8478
     467       2.3859
     468       2.3885
     469       2.4496
     470       2.3933
     471       2.6026
     472       2.7245
     473       2.5855
     474       2.4594
     475       2.3533
     476       2.1690
     477       2.5138
     478       2.5444
     479       2.5550
     480       2.3800
     481       2.4128
     482       2.1569
     483       2.3822
     484       2.6199
     485       2.1568
     486       2.4099
     487       2.2783
     488       2.3397
     489       2.2061
     490       2.3245
     491       2.3767
     492       2.3818
     493       2.2045
     494       2.3902
     495       2.1191
     496       2.1561
     497       2.2435
     498       2.2887
     499       2.3305
     500       2.3748
     501       2.5385
     502       2.4892
     503       2.4641
     504       2.5332
     505       2.2679
     506       2.3121
     507       2.4423
     508       2.3165
     509       2.2019
     510       2.3580
     511       2.3127
     512       2.1950
     513       2.1583
     514       2.3132
     515       2.2582
     516       2.3262
     517       2.3899
     518       2.2931
     519       2.4355
     520       2.2619
     521       2.3596
     522       2.3961
     523       2.4492
     524       2.3758
     525       2.4577
     526       2.5219
     527       2.4533
     528       2.3668
     529       2.2662
     530       2.4401
     531       2.5469
     532       2.3909
     533       2.3708
     534       2.3714
     535       2.3224
     536       2.4296
     537       2.3680
     538       2.0836
     539       2.1608
     540       2.1772
     541       2.0625
     542       2.2271
     543       1.9149
     544       2.0122
     545       2.0473
     546       2.1063
     547       2.0711
     548       2.0887
     549       1.9456
     550       2.0629
     551       2.0006
     552       2.0317
     553       2.0767
     554       1.8851
     555       2.0617
     556       1.9121
     557       1.9100
     558       1.9320
     559       2.0247
     560       1.9922
     561       1.9104
     562       1.9371
     563       1.9955
     564       1.9881
     565       2.0064
     566       1.9941
     567       1.9010
     568       1.9278
     569       1.9870
     570       2.0626
     571       1.9377
     572       2.2476
     573       2.1243
     574       2.0759
     575       1.9856
     576       2.0063
     577       2.0958
     578       2.1406
     579       2.1576
     580       2.2461
     581       2.1209
     582       2.2693
     583       2.0403
     584       2.1867
     585       2.1158
     586       2.1304
     587       2.1473
     588       2.3443
     589       2.2309
     590       2.2119
     591       2.3188
     592       2.3718
     593       2.4015
     594       2.3417
     595       2.1580
     596       2.1846
     597       2.2346
     598       2.1323
     599       2.1236
     600       2.2221
     601       2.1543
     602       2.1079
     603       2.2526
     604       2.1692
     605       2.0897
     606       2.0725
     607       2.1435
     608       2.1013
     609       1.9917
     610       2.0402
     611       2.2107
     612       2.2150
     613       2.1836
     614       2.2535
     615       2.1774
     616       2.2598
     617       2.1104
     618       2.1008
     619       2.0043
     620       2.0953
     621       2.0666
     622       2.2472
     623       2.0716
     624       2.0303
     625       2.0773
     626       2.0366
     627       2.0475
     628       2.0472
     629       2.0769
     630       2.0848
     631       1.9857
     632       2.1198
     633       2.0498
     634       2.1383
     635       1.9560
     636       2.0058
     637       1.8702
     638       1.9352
     639       1.9835
     640       2.0520
     641       1.9893
     642       2.1051
     643       2.0082
     644       2.1158
     645       2.0028
     646       2.0413
     647       2.0998
     648       2.1772
     649       2.0791
     650       2.1330
     651       2.0842
     652       2.0801
     653       2.0059
     654       2.0141
     655       2.2586
     656       2.1713
     657       2.0185
     658       1.9284
     659       1.9800
     660       2.0778
     661       1.8593
     662       2.0410
     663       1.9701
     664       2.0489
     665       2.0352
     666       1.9484
     667       2.0272
     668       1.9992
     669       1.9682
     670       2.0766
     671       2.1846
     672       2.1752
     673       2.1518
     674       2.0536
     675       2.0192
     676       1.9960
     677       2.0806
     678       1.9807
     679       2.0167
     680       2.0682
     681       2.0818
     682       1.9685
     683       2.0706
     684       1.9416
     685       1.9680
     686       1.9395
     687       2.0275
     688       2.2291
     689       2.1491
     690       2.1283
     691       2.2418
     692       2.1447
     693       2.3947
     694       2.2486
     695       2.4234
     696       2.2654
     697       2.5183
     698       2.4631
     699       2.2550
     700       2.2658
     701       2.3226
     702       1.9833
     703       2.0239
     704       1.9898
     705       2.0117
     706       2.0569
     707       2.0633
     708       2.1330
     709       2.1075
     710       2.0123
     711       2.0144
     712       2.0402
     713       1.9634
     714       2.0253
     715       2.0593
     716       2.0006
     717       2.1002
     718       2.1201
     719       2.1069
     720       2.0661
     721       2.1352
     722       2.1130
     723       2.0724
     724       2.2001
     725       2.1983
     726       2.4363
     727       2.3235
     728       2.2802
     729       2.3988
     730       2.1552
     731       2.2801
     732       2.1927
     733       2.3537
     734       2.2927
     735       2.3135
     736       2.2909
     737       2.1924
     738       2.1728
     739       2.2827
     740       2.2277
     741       2.2046
     742       2.0816
     743       2.2264
     744       2.1467
     745       2.1320
     746       2.0706
     747       2.1099
     748       2.0524
     749       2.1845
     750       2.1579
     751       2.0496
     752       2.0392
     753       2.1855
     754       2.0975
     755       2.1756
     756       2.2090
     757       2.1769
     758       2.1408
     759       2.2109
     760       2.2995
     761       2.2387
     762       2.1834
     763       2.1658
     764       2.1798
     765       2.2156
     766       2.2043
     767       2.0972
     768       2.1669
     769       2.2273
     770       2.1889
     771       2.3923
     772       2.3007
     773       2.2503
     774       2.1979
     775       2.3287
     776       2.1910
     777       2.2704
     778       2.2454
     779       2.3596
     780       2.2532
     781       2.2720
     782       2.1408
     783       2.2980
     784       2.2896
     785       2.1912
     786       2.3098
     787       2.1600
     788       2.1996
     789       2.1218
     790       2.2106
     791       2.0867
     792       2.2024
     793       2.2180
     794       2.0702
     795       2.0441
     796       2.0826
     797       2.0428
     798       2.0684
     799       2.1237
     800       2.0484
     801       2.1169
     802       2.0595
     803       2.1266
     804       2.1366
     805       2.1330
     806       2.1087
     807       2.1574
     808       2.0962
     809       2.2000
     810       2.1550
     811       2.2092
     812       2.1435
     813       2.0445
     814       2.1224
     815       2.0393
     816       2.1517
     817       2.2168
     818       2.1154
     819       2.1104
     820       2.1472
     821       2.1492
     822       2.1507
     823       2.0809
     824       2.1169
     825       1.9868
     826       2.0275
     827       2.0705
     828       2.0487
     829       1.9521
     830       2.0724
     831       2.0007
     832       2.0493
     833       2.0488
     834       2.0039
     835       2.0976
     836       1.9528
     837       1.9802
     838       1.9806
     839       2.0099
     840       2.0611
     841       2.0423
     842       2.1894
     843       2.1499
     844       2.0559
     845       2.0576
     846       2.1327
     847       1.9929
     848       2.1043
     849       2.0423
     850       2.0391
     851       2.1842
     852       2.3049
     853       2.1355
     854       2.0930
     855       2.1024
     856       2.2864
     857       2.2011
     858       2.2325
     859       2.1480
     860       2.0901
     861       2.1636
     862       2.0958
     863       2.0762
     864       1.9995
     865       2.0440
     866       1.9601
     867       2.0629
     868       2.0577
     869       2.1243
     870       2.2001
     871       2.1359
     872       2.0626
     873       2.0479
     874       2.1038
     875       1.9714
     876       2.0637
     877       2.0682
     878       2.0593
     879       2.1081
     880       2.0677
     881       2.0067
     882       2.1183
     883       1.9611
     884       1.9700
     885       2.1122
     886       2.1095
     887       2.2414
     888       2.1598
     889       2.0974
     890       2.0375
     891       2.0897
     892       2.0802
     893       2.1365
     894       2.2009
     895       2.0162
     896       2.0805
     897       2.0995
     898       2.1546
     899       2.1189
     900       2.0361
     901       2.2045
     902       2.2745
     903       2.1428
     904       2.2978
     905       2.1391
     906       2.2626
     907       2.3519
     908       2.2124
     909       2.2557
     910       2.2613
     911       2.1808
     912       2.1561
     913       2.0928
     914       2.1705
     915       2.1385
     916       2.2377
     917       2.2511
     918       2.3130
     919       2.3162
     920       2.1692
     921       2.2801
     922       2.2394
     923       2.1941
     924       2.1793
     925       2.2674
     926       2.1424
     927       2.1822
     928       2.2141
     929       2.1259
     930       2.1097
     931       2.0659
     932       2.0493
     933       2.1911
     934       2.1306
     935       2.2499
     936       2.1671
     937       2.1917
     938       2.1433
     939       2.2038
     940       2.1317
     941       2.2677
     942       2.2616
     943       2.1754
     944       2.2418
     945       2.1797
     946       2.0915
     947       2.3164
     948       2.1468
     949       2.1913
     950       2.1394
     951       2.1477
     952       2.2039
     953       2.1859
     954       2.2031
     955       2.1012
     956       2.1131
     957       2.1667
     958       2.1099
     959       2.2288
     960       2.1837
     961       2.1761
     962       2.1184
     963       2.1364
     964       2.1559
     965       2.1588
     966       2.0824
     967       2.1080
     968       2.2299
     969       2.0524
     970       2.1439
     971       2.0412
     972       2.1474
     973       2.0764
     974       2.0458
     975       1.9986
     976       2.1323
     977       2.0239
     978       2.2039
     979       2.1496
     980       2.1517
     981       2.1296
     982       2.2305
     983       2.1687
     984       2.2517
     985       2.0771
     986       2.0397
     987       2.1569
     988       2.1246
     989       2.1006
     990       2.1003
     991       2.1290
     992       2.1615
     993       2.0651
     994       2.1054
     995       2.1936
     996       2.1962
     997       2.1715
     998       2.2938
     999       2.1621
    1000       2.1964
    1001       2.1880
    1002       2.0056
    1003       2.1460
    1004       2.2188
    1005       2.1569
    1006       2.0436
    1007       2.1797
    1008       2.1467
    1009       2.2140
    1010       2.2366
    1011       2.2842
    1012       2.3103
    1013       2.3065
    1014       2.1507
    1015       2.2865
    1016       2.2376
    1017       2.2007
    1018       2.1332
    1019       2.1035
    1020       2.0751
    1021       2.2595
    1022       2.2189
    1023       2.2759
    1024       2.0979
    1025       2.0757
    1026       2.2110
    1027       2.1272
    1028       2.0370
    1029       2.2683
    1030       2.2501
    1031       2.2062
    1032       2.1885
    1033       2.2539
    1034       2.3622
    1035       2.3181
    1036       2.2258
    1037       2.2235
    1038       2.1343
    1039       2.1009
    1040       2.2298
    1041       2.1084
    1042       2.4740
    1043       2.4215
    1044       2.3107
    1045       2.3893
    1046       2.2428
    1047       2.1923
    1048       2.4262
    1049       2.2477
    1050       2.3784
    1051       2.2132
    1052       2.1965
    1053       2.2550
    1054       2.2628
    1055       2.3587
    1056       2.2996
    1057       2.3269
    1058       2.1407
    1059       2.0740
    1060       2.1000
    1061       2.1925
    1062       2.1241
    1063       2.1890
    1064       2.2029
    1065       2.2228
    1066       2.3500
    1067       2.3464
    1068       2.2650
    1069       2.3160
    1070       2.2981
    1071       2.1881
    1072       2.2015
    1073       2.2194
    1074       2.2425
    1075       2.2088
    1076       2.3822
    1077       2.2785
    1078       2.4057
    1079       2.2334
    1080       2.3427
    1081       2.2220
    1082       2.1568
    1083       2.1328
    1084       2.2377
    1085       2.3075
    1086       2.2284
    1087       2.2982
    1088       2.2580
    1089       2.2561
    1090       2.2487
    1091       2.3506
    1092       2.2425
    1093       2.3799
    1094       2.2682
    1095       2.4119
    1096       2.2828
    1097       2.2697
    1098       2.2039
    1099       2.3812
    1100       2.3828
    1101       2.3570
    1102       2.3984
    1103       2.4161
    1104       2.3255
    1105       2.2923
    1106       2.2138
    1107       2.3926
    1108       2.4437
    1109       2.3360
    1110       2.4929
    1111       2.3044
    1112       2.7456
    1113       2.7219
    1114       2.5351
    1115       2.5101
    1116       2.3023
    1117       2.1547
    1118       2.2509
    1119       2.2280
    1120       2.4175
    1121       2.2156
    1122       2.2467
    1123       2.1532
    1124       2.1958
    1125       2.1326
    1126       2.0858
    1127       2.1785
    1128       2.1179
    1129       2.1901
    1130       2.0120
    1131       2.1465
    1132       2.1708
    1133       2.2578
    1134       2.1679
    1135       2.1902
    1136       2.0550
    1137       1.9657
    1138       2.1064
    1139       2.0754
    1140       2.0494
    1141       2.0167
    1142       2.1095
    1143       2.1323
    1144       2.0669
    1145       2.0838
    1146       2.1078
    1147       2.0050
    1148       2.1347
    1149       2.1793
    1150       2.1452
    1151       2.1887
    1152       2.2152
    1153       2.1168
    1154       2.0766
    1155       2.1386
    1156       2.0332
    1157       2.0735
    1158       2.2563
    1159       2.3060
    1160       2.2808
    1161       2.2676
    1162       2.2484
    1163       2.1815
    1164       2.2908
    1165       2.1851
    1166       2.1712
    1167       2.2456
    1168       2.3485
    1169       2.1772
    1170       2.3813
    1171       2.2691
    1172       2.2268
    1173       2.1803
    1174       2.3360
    1175       2.1250
    1176       2.1013
    1177       2.1480
    1178       2.1024
    1179       2.1345
    1180       2.3460
    1181       2.3335
    1182       2.4523
    1183       2.4609
    1184       2.4736
    1185       2.5220
    1186       2.4947
    1187       2.4174
    1188       2.5557
    1189       2.4246
    1190       2.3756
    1191       2.3986
    1192       2.4585
    1193       2.3897
    1194       2.3383
    1195       2.4426
    1196       2.3982
    1197       2.4151
    1198       2.4065
    1199       2.4889
    1200       2.4999
    1201       2.4022
    1202       2.4521
    1203       2.5095
    1204       2.4220
    1205       2.4304
    1206       2.4979
    1207       2.5255
    1208       2.4408
    1209       2.3617
    1210       2.3758
    1211       2.2803
    1212       2.3199
    1213       2.3080
    1214       2.2876
    1215       2.3260
    1216       2.2891
    1217       2.2858
    1218       2.3541
    1219       2.2693
    1220       2.4050
    1221       2.4091
    1222       2.3355
    1223       2.3580
    1224       2.4179
    1225       2.4567
    1226       2.4266
    1227       2.3487
    1228       2.3647
    1229       2.4796
    1230       2.4489
    1231       2.3549
    1232       2.3685
    1233       2.4408
    1234       2.3746
    1235       2.3479
    1236       2.4512
    1237       2.3081
    1238       2.3927
    1239       2.4585
    1240       2.3520
    1241       2.3401
    1242       2.4284
    1243       2.4567
    1244       2.4095
    1245       2.4417
    1246       2.4382
    1247       2.3683
    1248       2.3392
    1249       2.3646
    1250       2.4353
    1251       2.4702
    1252       2.4610
    1253       2.4765
    1254       2.5620
    1255       2.3655
    1256       2.4608
    1257       2.4260
    1258       2.3884
    1259       2.4445
    1260       2.3498
    1261       2.5279
    1262       2.4950
    1263       2.3943
    1264       2.5125
    1265       2.5465
    1266       2.5545
    1267       2.4988
    1268       2.4959
    1269       2.4970
    1270       2.4879
    1271       2.4733
    1272       2.4602
    1273       2.4384
    1274       2.4451
    1275       2.4163
    1276       2.5042
    1277       2.4623
    1278       2.4134
    1279       2.4552
    1280       2.4589
    1281       2.4699
    1282       2.5039
    1283       2.5320
    1284       2.6128
    1285       2.4947
    1286       2.3372
    1287       2.3744
    1288       2.4248
    1289       2.3567
    1290       2.3493
    1291       2.4121
    1292       2.3317
    1293       2.4154
    1294       2.4039
    1295       2.3597
    1296       2.4239
    1297       2.4943
    1298       2.5114
    1299       2.5397
    1300       2.5785
    1301       2.5508
    1302       2.4780
    1303       2.6277
    1304       2.5050
    1305       2.6973
    1306       2.6574
    1307       2.6606
    1308       2.4740
    1309       2.5626
    1310       2.5066
    1311       2.4343
    1312       2.5089
    1313       2.4557
    1314       2.6186
    1315       2.5592
    1316       2.6595
    1317       2.6228
    1318       2.6735
    1319       2.7723
    1320       2.8985
    1321       2.8157
    1322       2.6105
    1323       2.6434
    1324       2.4717
    1325       2.4251
    1326       2.6075
    1327       2.6008
    1328       2.5043
    1329       2.6161
    1330       2.5188
    1331       2.4489
    1332       2.5168
    1333       2.5471
    1334       2.4958
    1335       2.5764
    1336       2.6141
    1337       2.6707
    1338       2.5142
    1339       2.5503
    1340       2.6853
    1341       2.7161
    1342       2.7845
    1343       2.7846
    1344       2.7401
    1345       2.7871
    1346       3.0649
    1347       3.0285
    1348       3.3379
    1349       2.9971
    1350       2.9911
    1351       2.9765
    1352       2.9889
    1353       3.0929
    1354       2.8763
    1355       2.8910
    1356       2.7932
    1357       2.6968
    1358       2.6509
    1359       2.7306
    1360       2.7550
    1361       2.5619
    1362       2.6931
    1363       2.6948
    1364       2.7640
    1365       2.7567
    1366       2.7876
    1367       2.8711
    1368       2.7674
    1369       2.8493
    1370       2.8634
    1371       3.0520
    1372       2.7929
    1373       2.6367
    1374       2.4833
    1375       2.5589
    1376       2.7218
    1377       2.8489
    1378       2.6216
    1379       2.6372
    1380       2.6446
    1381       2.7922
    1382       2.7186
    1383       2.7798
    1384       2.7453
    1385       2.7463
    1386       2.7052
    1387       2.6774
    1388       2.7805
    1389       2.9283
    1390       2.8194
    1391       2.9091
    1392       2.9490
    1393       2.8792
    1394       2.7589
    1395       2.8912
    1396       2.8429
    1397       2.7510
    1398       2.8371
    1399       2.9832
    1400       2.7448
    1401       2.6565
    1402       2.6372
    1403       2.6094
    1404       2.6406
    1405       2.6149
    1406       2.6929
    1407       2.8274
    1408       2.8036
    1409       2.7698
    1410       2.7575
    1411       2.8899
    1412       2.9450
    1413       2.8018
    1414       2.9510
    1415       2.9057
    1416       2.6335
    1417       2.6996
    1418       2.8705
    1419       2.9458
    1420       2.9873
    1421       2.7893
    1422       2.7308
    1423       2.5715
    1424       2.6776
    1425       2.5292
    1426       2.6780
    1427       2.5981
    1428       2.7119
    1429       2.7808
    1430       2.9439
    1431       2.7832
    1432       2.9121
    1433       2.6935
    1434       2.7111
    1435       2.6814
    1436       2.7369
    1437       2.7082
    1438       2.6648
    1439       2.6679
    1440       2.5752
    1441       2.5554
    1442       2.5870
    1443       2.6288
    1444       2.5643
    1445       2.6781
    1446       2.5617
    1447       2.5898
    1448       2.6743
    1449       2.5434
    1450       2.5691
    1451       2.5202
    1452       2.5361
    1453       2.6130
    1454       2.6408
    1455       2.5962
    1456       2.6803
    1457       2.6759
    1458       2.5470
    1459       2.6324
    1460       2.5873
    1461       2.6195
    1462       2.6329
    1463       2.5052
    1464       2.5236
    1465       2.5551
    1466       2.4876
    1467       2.5655
    1468       2.5330
    1469       2.6529
    1470       2.5521
    1471       2.5176
    1472       2.6532
    1473       2.4357
    1474       2.4111
    1475       2.5501
    1476       2.5441
    1477       2.5758
    1478       2.5713
    1479       2.6731
    1480       2.5529
    1481       2.4765
    1482       2.5982
    1483       2.4735
    1484       2.5687
    1485       2.5987
    1486       2.5378
    1487       2.5119
    1488       2.5126
    1489       2.5835
    1490       2.6242
    1491       2.6149
    1492       2.5870
    1493       2.5883
    1494       2.5924
    1495       2.6625
    1496       2.6192
    1497       2.5647
    1498       2.7125
    1499       2.5898
    1500       2.5865
    1501       2.4963
    1502       2.5942
    1503       2.5331
    1504       2.6807
    1505       2.7467
    1506       2.5806
    1507       2.6451
    1508       2.5880
    1509       2.5831
    1510       2.4846
    1511       2.5466
    1512       2.6307
    1513       2.5465
    1514       2.5403
    1515       2.6299
    1516       2.7209
    1517       2.5095
    1518       2.5229
    1519       2.7038
    1520       2.5945
    1521       2.7155
    1522       2.5985
    1523       2.4978
    1524       2.5579
    1525       2.6954
    1526       2.5289
    1527       2.5021
    1528       2.5146
    1529       2.6497
    1530       2.6130
    1531       2.5709
    1532       2.5140
    1533       2.5838
    1534       2.4416
    1535       2.6336
    1536       2.6374
    1537       2.6737
    1538       2.6163
    1539       2.6808
    1540       2.5344
    1541       2.5970
    1542       2.6574
    1543       2.6320
    1544       2.5426
    1545       2.5946
    1546       2.6062
    1547       2.5580
    1548       2.5596
    1549       2.6776
    1550       2.5644
    1551       2.5523
    1552       2.5345
    1553       2.5626
    1554       2.6805
    1555       2.5729
    1556       2.6441
    1557       2.6371
    1558       2.6638
    1559       2.6214
    1560       2.6327
    1561       2.5568
    1562       2.5772
    1563       2.7543
    1564       2.7793
    1565       2.8106
    1566       2.5476
    1567       2.8228
    1568       2.6531
    1569       2.5813
    1570       2.6082
    1571       2.7267
    1572       2.8475
    1573       2.8112
    1574       2.7562
    1575       2.7116
    1576       2.8146
    1577       2.8242
    1578       2.7144
    1579       2.6718
    1580       2.6098
    1581       2.5547
    1582       2.5481
    1583       2.5953
    1584       2.6239
    1585       2.6014
    1586       2.8128
    1587       2.6260
    1588       2.9876
    1589       2.9302
    1590       2.9415
    1591       2.7473
    1592       2.6302
    1593       2.6393
    1594       2.5632
    1595       2.5510
    1596       2.7762
    1597       2.6420
    1598       2.6688
    1599       2.7640
    1600       2.7530
    1601       2.7981
    1602       2.7213
    1603       2.6974
    1604       2.6507
    1605       2.5267
    1606       2.5956
    1607       2.6840
    1608       2.7013
    1609       2.6282
    1610       2.6119
    1611       2.6766
    1612       2.7528
    1613       2.6201
    1614       2.6354
    1615       2.6312
    1616       2.5964
    1617       2.6156
    1618       2.7114
    1619       2.7009
    1620       2.6601
    1621       2.5845
    1622       2.4550
    1623       2.4952
    1624       2.7545
    1625       2.7687
    1626       2.7910
    1627       2.6405
    1628       2.6610
    1629       2.7818
    1630       2.7353
    1631       2.6960
    1632       2.8452
    1633       2.6782
    1634       2.7895
    1635       2.6632
    1636       2.7775
    1637       2.7649
    1638       2.5885
    1639       2.6736
    1640       2.6588
    1641       2.6260
    1642       2.7838
    1643       2.6266
    1644       2.5155
    1645       2.6063
    1646       2.6383
    1647       2.4481
    1648       2.6036
    1649       2.4636
    1650       2.6446
    1651       2.6440
    1652       2.7063
    1653       2.6044
    1654       2.5659
    1655       2.5845
    1656       2.6211
    1657       2.6738
    1658       2.6506
    1659       2.5830
    1660       2.7260
    1661       2.6029
    1662       2.5721
    1663       2.6437
    1664       2.5961
    1665       2.7320
    1666       2.5588
    1667       2.7837
    1668       2.6479
    1669       2.8084
    1670       2.7532
    1671       2.8218
    1672       2.7062
    1673       2.7110
    1674       2.7312
    1675       2.7248
    1676       2.6806
    1677       2.7860
    1678       2.6319
    1679       2.5793
    1680       2.5768
    1681       2.6072
    1682       2.5315
    1683       2.6641
    1684       2.7392
    1685       2.6119
    1686       2.6243
    1687       2.7868
    1688       2.7417
    1689       2.6796
    1690       2.7220
    1691       2.7276
    1692       2.7547
    1693       2.7695
    1694       2.5918
    1695       2.6526
    1696       2.6647
    1697       2.6234
    1698       2.7784
    1699       2.8375
    1700       2.7938
    1701       2.8145
    1702       2.7577
    1703       2.7876
    1704       2.6605
    1705       2.7396
    1706       2.6955
    1707       2.8191
    1708       2.7429
    1709       2.6952
    1710       2.7691
    1711       2.7467
    1712       2.7708
    1713       2.7018
    1714       2.7338
    1715       2.6970
    1716       2.8313
    1717       2.7667
    1718       2.6328
    1719       2.7813
    1720       2.7311
    1721       2.6441
    1722       2.7162
    1723       2.6358
    1724       2.6285
    1725       2.7231
    1726       2.6011
    1727       2.7377
    1728       2.6792
    1729       2.7586
    1730       2.7939
    1731       2.6423
    1732       2.5780
    1733       2.6484
    1734       2.8132
    1735       2.6796
    1736       2.6368
    1737       2.7107
    1738       2.6766
    1739       2.6749
    1740       2.7178
    1741       2.7671
    1742       2.6885
    1743       2.6525
    1744       2.6547
    1745       2.7597
    1746       2.7322
    1747       2.7312
    1748       2.7076
    1749       2.7357
    1750       2.5507
    1751       2.6791
    1752       2.5322
    1753       2.6400
    1754       2.6478
    1755       2.6291
    1756       2.5937
    1757       2.6801
    1758       2.8399
    1759       2.5591
    1760       2.4809
    1761       2.5961
    1762       2.7016
    1763       2.6560
    1764       2.5657
    1765       2.6349
    1766       2.6331
    1767       2.7219
    1768       2.8455
    1769       2.7227
    1770       2.8604
    1771       2.7411
    1772       2.6890
    1773       2.8217
    1774       2.6939
    1775       2.7017
    1776       2.7036
    1777       2.7786
    1778       2.7320
    1779       2.7908
    1780       2.7488
    1781       2.6609
    1782       2.7666
    1783       2.5507
    1784       2.8428
    1785       2.6630
    1786       2.4985
    1787       2.5875
    1788       2.6270
    1789       2.7187
    1790       2.7011
    1791       2.7569
    1792       2.5973
    1793       2.5898
    1794       2.6693
    1795       2.7282
    1796       2.8068
    1797       2.6529
    1798       2.7437
    1799       2.7416
    1800       2.7608
    1801       2.6828
    1802       2.6297
    1803       2.5857
    1804       2.5464
    1805       2.4870
    1806       2.6596
    1807       2.5613
    1808       2.4836
    1809       2.5411
    1810       2.5086
    1811       2.6292
    1812       2.6913
    1813       2.4564
    1814       2.5181
    1815       2.4993
    1816       2.4910
    1817       2.5016
    1818       2.5879
    1819       2.6097
    1820       2.5031
    1821       2.5359
    1822       2.6081
    1823       2.6261
    1824       2.5776
    1825       2.4749
    1826       2.4639
    1827       2.5864
    1828       2.7083
    1829       2.5793
    1830       2.5145
    1831       2.6029
    1832       2.7086
    1833       2.5995
    1834       2.5632
    1835       2.6156
    1836       2.6297
    1837       2.6784
    1838       2.7180
    1839       2.5633
    1840       2.6195
    1841       2.6740
    1842       2.5651
    1843       2.6884
    1844       2.5856
    1845       2.6238
    1846       2.5995
    1847       2.5983
    1848       2.5520
    1849       2.6569
    1850       2.5953
    1851       2.6579
    1852       2.6720
    1853       2.6355
    1854       2.6071
    1855       2.6461
    1856       2.7923
    1857       2.6143
    1858       2.5688
    1859       2.6491
    1860       2.6974
    1861       2.5586
    1862       2.7420
    1863       2.5146
    1864       2.7010
    1865       2.6527
    1866       2.6665
    1867       2.6507
    1868       2.6131
    1869       2.5023
    1870       2.5648
    1871       2.5178
    1872       2.3975
    1873       2.5801
    1874       2.5805
    1875       2.6012
    1876       2.4892
    1877       2.4609
    1878       2.4666
    1879       2.4904
    1880       2.6117
    1881       2.6189
    1882       2.5697
    1883       2.5235
    1884       2.5835
    1885       2.6544
    1886       2.5128
    1887       2.5640
    1888       2.6223
    1889       2.6379
    1890       2.6629
    1891       2.5171
    1892       2.5214
    1893       2.5640
    1894       2.5512
    1895       2.6313
    1896       2.7342
    1897       2.7267
    1898       2.6282
    1899       2.5699
    1900       2.7407
    1901       2.6383
    1902       2.7119
    1903       2.9047
    1904       2.8217
    1905       3.0806
    1906       3.1248
    1907       3.1150
    1908       2.8943
    1909       3.0059
    1910       2.8643
    1911       2.6583
    1912       2.8037
    1913       2.7712
    1914       2.6623
    1915       2.6287
    1916       2.9082
    1917       2.8730
    1918       2.7677
    1919       2.7023
    1920       2.7235
    1921       2.7999
    1922       2.7367
    1923       2.6309
    1924       2.7944
    1925       2.8897
    1926       2.7595
    1927       2.7872
    1928       2.7110
    1929       2.8471
    1930       2.7215
    1931       2.6886
    1932       2.8001
    1933       2.8513
    1934       2.9256
    1935       2.7699
    1936       2.7778
    1937       2.7220
    1938       2.6614
    1939       2.7383
    1940       2.9020
    1941       2.7820
    1942       2.8627
    1943       2.8751
    1944       2.9280
    1945       2.8575
    1946       2.8357
    1947       2.8386
    1948       2.8705
    1949       2.8075
    1950       2.9045
    1951       2.7802
    1952       2.8596
    1953       2.7201
    1954       2.8798
    1955       2.8901
    1956       2.8529
    1957       2.8961
    1958       2.8853
    1959       2.8532
    1960       2.8183
    1961       2.7853
    1962       2.8216
    1963       2.9415
    1964       2.9869
    1965       2.9298
    1966       2.8618
    1967       2.7317
    1968       2.8713
    1969       2.9119
    1970       3.0055
    1971       2.8685
    1972       3.1464
    1973       3.0905
    1974       3.1471
    1975       3.0366
    1976       3.1199
    1977       3.1327
    1978       3.1820
    1979       3.1118
    1980       2.8453
    1981       2.7361
    1982       2.7390
    1983       2.8886
    1984       2.9882
    1985       2.9062
    1986       3.1131
    1987       2.9879
    1988       2.9815
    1989       2.9843
    1990       3.1293
    1991       3.2241
    1992       3.0501
    1993       2.9792
    1994       3.0992
    1995       3.3249
    1996       2.9741
    1997       2.8539
    1998       3.1557
    1999       3.2098
    2000       3.0004
    2001       3.1271
    2002       3.0620
    2003       2.9344
    2004       3.0054
    2005       2.9289
    2006       3.0415
    2007       3.0162
    2008       3.0755
    2009       3.0851
    2010       3.0491
    2011       2.9066
    2012       3.0186
    2013       3.0339
    2014       2.9757
    2015       3.0279
    2016       2.9842
    2017       3.0851
    2018       3.0387
    2019       3.0088
    2020       3.0137
    2021       3.0113
    2022       3.0130
    2023       2.9370
    2024       3.0948
    2025       3.0417
    2026       2.9096
    2027       2.7664
    2028       2.9037
    2029       3.0109
    2030       2.9805
    2031       2.9326
    2032       2.9281
    2033       2.9411
    2034       2.9926
    2035       3.0941
    2036       2.9688
    2037       3.2154
    2038       3.0740
    2039       2.8125
    2040       2.9128
    2041       2.8961
    2042       2.8653
    2043       2.7047
    2044       2.8314
    2045       2.8515
    2046       3.0188
    2047       2.8927
    2048       2.8997
    2049       3.0166
    2050       3.0253
    2051       2.8973
    2052       2.7519
    2053       2.9880
    2054       2.9580
    2055       3.0569
    2056       2.8445
    2057       2.9799
    2058       3.1293
    2059       3.0578
    2060       2.9793
    2061       3.1044
    2062       3.0804
    2063       2.9362
    2064       3.0599
    2065       3.0726
    2066       3.0412
    2067       2.9859
    2068       2.9850
    2069       2.8959
    2070       2.9106
    2071       2.9623
    2072       2.7289
    2073       2.6836
    2074       2.8304
    2075       2.8065
    2076       2.6349
    2077       2.6646
    2078       2.7026
    2079       2.7955
    2080       2.9175
    2081       2.5941
    2082       2.6640
    2083       2.8188
    2084       2.8385
    2085       2.9047
    2086       2.8340
    2087       2.8756
    2088       2.8396
    2089       2.9688
    2090       3.1024
    2091       2.8472
    2092       2.8179
    2093       2.8227
    2094       2.8240
    2095       2.8556
    2096       2.7505
    2097       2.9062
    2098       2.8200
    2099       2.9023
    2100       2.8947
    2101       2.8516
    2102       2.7305
    2103       2.8778
    2104       2.8034
    2105       2.8864
    2106       3.0594
    2107       2.9082
    2108       2.8336
    2109       2.7474
    2110       2.8281
    2111       2.7970
    2112       2.8021
    2113       2.9408
    2114       3.0167
    2115       2.8494
    2116       2.8212
    2117       2.7758
    2118       2.8325
    2119       2.7652
    2120       2.8757
    2121       2.7592
    2122       2.6409
    2123       2.8555
    2124       2.6726
    2125       2.9470
    2126       2.9029
    2127       2.6941
    2128       2.7128
    2129       2.9025
    2130       2.6816
    2131       2.7440
    2132       2.8059
    2133       2.7776
    2134       2.7009
    2135       2.9107
    2136       2.7061
    2137       2.7135
    2138       2.8466
    2139       2.8197
    2140       2.8980
    2141       2.8263
    2142       2.7318
    2143       2.6032
    2144       2.7679
    2145       2.9368
    2146       2.8139
    2147       2.7993
    2148       2.7777
    2149       2.8200
    2150       2.7293
    2151       2.7705
    2152       2.6940
    2153       2.7079
    2154       2.7367
    2155       2.7643
    2156       2.8619
    2157       2.8167
    2158       2.8701
    2159       2.9814
    2160       2.8853
    2161       2.7641
    2162       2.8112
    2163       2.7078
    2164       2.7622
    2165       2.9045
    2166       3.0126
    2167       2.8959
    2168       2.9155
    2169       2.9019
    2170       2.9387
    2171       2.7771
    2172       2.9088
    2173       2.9448
    2174       3.0965
    2175       3.0726
    2176       2.8028
    2177       2.9448
    2178       2.8676
    2179       2.9134
    2180       2.7111
    2181       2.7339
    2182       2.9306
    2183       3.0634
    2184       3.0456
    2185       2.7428
    2186       2.8876
    2187       2.7435
    2188       2.8207
    2189       2.7868
    2190       2.7409
    2191       2.8560
    2192       2.8131
    2193       2.7945
    2194       2.9494
    2195       2.7664
    2196       2.8574
    2197       2.7703
    2198       2.7415
    2199       2.8618
    2200       2.7316
    2201       2.7051
    2202       2.7592
    2203       2.5577
    2204       2.7245
    2205       2.7696
    2206       2.7607
    2207       2.7038
    2208       2.8022
    2209       2.8789
    2210       2.6735
    2211       2.8593
    2212       2.8467
    2213       3.0181
    2214       2.8295
    2215       2.9162
    2216       2.9396
    2217       2.9179
    2218       2.9735
    2219       2.9671
    2220       2.9280
    2221       2.8579
    2222       3.0603
    2223       2.9568
    2224       2.9584
    2225       2.8374
    2226       2.9212
    2227       3.0665
    2228       2.8927
    2229       3.0277
    2230       3.2036
    2231       3.2772
    2232       2.8031
    2233       2.9911
    2234       2.9015
    2235       2.8230
    2236       2.8121
    2237       2.9169
    2238       2.9296
    2239       2.7311
    2240       2.6347
    2241       2.7450
    2242       2.7880
    2243       2.7318
    2244       2.6519
    2245       2.7125
    2246       2.7194
    2247       2.8081
    2248       2.8124
    2249       2.9641
    2250       3.0466
    2251       3.0558
    2252       3.0056
    2253       3.2085
    2254       3.0559
    2255       3.1061
    2256       3.0034
    2257       3.0602
    2258       2.7367
    2259       2.8455
    2260       2.9246
    2261       2.9316
    2262       2.7904
    2263       2.8564
    2264       2.9497
    2265       2.9776
    2266       2.8439
    2267       3.0041
    2268       2.8679
    2269       3.0060
    2270       2.8914
    2271       2.9458
    2272       2.9313
    2273       2.9645
    2274       3.1001
    2275       2.9091
    2276       2.9950
    2277       3.0171
    2278       3.1927
    2279       2.9996
    2280       3.0208
    2281       2.9458
    2282       3.0307
    2283       2.9768
    2284       3.1280
    2285       2.8304
    2286       3.0886
    2287       2.9942
    2288       2.9862
    2289       2.9509
    2290       2.8696
    2291       2.9379
    2292       2.8071
    2293       3.0124
    2294       2.9734
    2295       3.0643
    2296       3.1159
    2297       2.9106
    2298       3.0783
    2299       3.0164
    2300       3.0913
    2301       2.8846
    2302       2.8336
    2303       2.9299
    2304       2.9054
    2305       2.9275
    2306       2.8120
    2307       3.0820
    2308       2.9958
    2309       2.7901
    2310       2.7827
    2311       2.8261
    2312       2.9165
    2313       2.9860
    2314       3.1535
    2315       2.8845
    2316       3.1157
    2317       3.0130
    2318       3.0737
    2319       2.9315
    2320       2.9084
    2321       3.0072
    2322       3.0340
    2323       3.0414
    2324       2.9713
    2325       3.0597
    2326       3.0066
    2327       2.8619
    2328       2.8791
    2329       3.0187
    2330       3.2026
    2331       2.8906
    2332       3.0029
    2333       2.9137
    2334       2.9144
    2335       2.7966
    2336       2.8741
    2337       2.9549
    2338       2.9138
    2339       2.7695
    2340       2.6509
    2341       2.6761
    2342       2.8404
    2343       2.7487
    2344       2.7718
    2345       2.7869
    2346       2.7858
    2347       2.9350
    2348       2.8695
    2349       2.7733
    2350       2.7114
    2351       2.6338
    2352       2.8890
    2353       2.9024
    2354       2.7913
    2355       2.8943
    2356       2.9369
    2357       3.0692
    2358       3.0523
    2359       3.1513
    2360       3.0239
    2361       3.2052
    2362       3.2221
    2363       2.9824
    2364       2.9972
    2365       3.0394
    2366       3.0349
    2367       3.0120
    2368       3.0310
    2369       2.9299
    2370       2.9346
    2371       2.9439
    2372       3.0004
    2373       2.9725
    2374       2.8868
    2375       2.8551
    2376       2.9887
    2377       2.9862
    2378       2.8097
    2379       2.8594
    2380       2.8272
    2381       2.8464
    2382       2.7813
    2383       2.8414
    2384       2.9781
    2385       2.8879
    2386       2.9306
    2387       2.9994
    2388       2.8770
    2389       3.1642
    2390       2.9331
    2391       2.8745
    2392       2.8154
    2393       2.9691
    2394       2.7284
    2395       2.9274
    2396       2.8044
    2397       2.8274
    2398       2.7869
    2399       2.7572
    2400       2.8367
    2401       2.7825
    2402       2.8590
    2403       2.9534
    2404       2.8080
    2405       2.8634
    2406       3.1427
    2407       2.8044
    2408       2.9093
    2409       3.0287
    2410       3.0781
    2411       2.9270
    2412       2.8618
    2413       2.8604
    2414       2.8407
    2415       2.9366
    2416       2.8277
    2417       2.8181
    2418       2.9666
    2419       2.9897
    2420       2.8215
    2421       2.9865
    2422       2.8717
    2423       2.8973
    2424       2.9010
    2425       2.9440
    2426       2.9138
    2427       3.0104
    2428       2.9602
    2429       3.0121
    2430       3.0376
    2431       2.9862
    2432       2.9102
    2433       2.8720
    2434       2.9442
    2435       2.8730
    2436       2.8662
    2437       2.9411
    2438       2.9074
    2439       3.0188
    2440       2.8680
    2441       3.1529
    2442       2.9994
    2443       2.9091
    2444       3.0439
    2445       3.0110
    2446       2.9029
    2447       2.8410
    2448       2.9790
    2449       2.9153
    2450       2.9111
    2451       3.0020
    2452       2.8439
    2453       2.8345
    2454       2.8680
    2455       2.8127
    2456       2.8262
    2457       2.8227
    2458       3.0477
    2459       2.9891
    2460       2.8594
    2461       2.9449
    2462       2.9317
    2463       2.9783
    2464       2.9086
    2465       3.0359
    2466       2.8239
    2467       2.8417
    2468       2.9846
    2469       2.8630
    2470       2.8683
    2471       2.9239
    2472       2.8709
    2473       2.9715
    2474       2.8689
    2475       3.0160
    2476       2.9318
    2477       2.7364
    2478       2.7750
    2479       2.9330
    2480       3.0179
    2481       2.9884
    2482       2.9477
    2483       2.8237
    2484       2.8644
    2485       2.8644
    2486       2.7531
    2487       2.8067
    2488       2.6002
    2489       2.9130
    2490       2.9100
    2491       3.1744
    2492       3.3251
    2493       3.0888
    2494       2.9945
    2495       2.9541
    2496       2.9677
    2497       2.9702
    2498       3.0047
    2499       3.2201
    2500       3.0940
    2501       3.0276
    2502       3.0235
    2503       2.9010
    2504       2.9696
    2505       2.8746
    2506       3.1046
    2507       3.1163
    2508       3.0838
    2509       3.1129
    2510       3.4215
    2511       3.4044
    2512       3.2836
    2513       3.1114
    2514       2.8868
    2515       3.0215
    2516       3.1282
    2517       3.1663
    2518       3.1073
    2519       3.1261
    2520       3.2073
    2521       3.1806
    2522       3.2407
    2523       3.3383
    2524       3.0879
    2525       3.1069
    2526       2.9483
    2527       2.9570
    2528       2.9451
    2529       3.0921
    2530       3.1155
    2531       2.9669
    2532       2.9849
    2533       3.0046
    2534       3.0554
    2535       3.1108
    2536       3.1329
    2537       3.0704
    2538       2.9497
    2539       3.0005
    2540       3.2138
    2541       3.2767
    2542       3.2198
    2543       3.3822
    2544       3.4188
    2545       3.3203
    2546       3.1685
    2547       3.2409
    2548       3.1765
    2549       2.9332
    2550       3.0914
    2551       3.1346
    2552       3.3537
    2553       3.2215
    2554       3.2976
    2555       3.2268
    2556       3.0124
    2557       3.1295
    2558       3.1593
    2559       3.1410
    2560       3.1644
    2561       3.2525
    2562       2.8910
    2563       3.0023
    2564       3.0891
    2565       3.3527
    2566       3.5981
    2567       3.2748
    2568       3.3417
    2569       3.3184
    2570       3.0355
    2571       2.9666
    2572       3.0446
    2573       3.1245
    2574       3.1719
    2575       2.9865
    2576       3.1827
    2577       3.1900
    2578       3.2427
    2579       3.6021
    2580       3.1446
    2581       3.0104
    2582       3.1699
    2583       3.3682
    2584       3.3530
    2585       3.3837
    2586       3.3117
    2587       3.4627
    2588       3.3586
    2589       3.3961
    2590       3.3998
    2591       3.3697
    2592       3.1710
    2593       3.1713
    2594       3.4618
    2595       3.2639
    2596       3.3916
    2597       3.2728
    2598       3.5558
    2599       3.3845
    2600       3.3895
    2601       3.4446
    2602       3.2933
    2603       3.3124
    2604       3.2581
    2605       3.5725
    2606       3.2720
    2607       3.3058
    2608       3.4064
    2609       3.3321
    2610       3.4708
    2611       3.3840
    2612       3.4588
    2613       3.3435
    2614       3.3431
    2615       3.3300
    2616       3.3587
    2617       3.2884
    2618       3.4739
    2619       3.2239
    2620       3.4090
    2621       3.3938
    2622       3.6059
    2623       3.5689
    2624       3.5608
    2625       3.3036
    2626       3.2134
    2627       3.4158
    2628       3.4676
    2629       3.5563
    2630       3.5717
    2631       3.4211
    2632       3.4732
    2633       3.4043
    2634       3.4558
    2635       3.6640
    2636       3.6244
    2637       3.4113
    2638       3.5314
    2639       3.4862
    2640       3.5397
    2641       3.4443
    2642       3.5399
    2643       3.7608
    2644       3.5059
    2645       3.5707
    2646       3.4634
    2647       3.2751
    2648       3.3154
    2649       3.3959
    2650       3.4992
    2651       3.2566
    2652       3.3830
    2653       3.3000
    2654       3.4263
    2655       3.3004
    2656       3.3421
    2657       3.2788
    2658       3.4355
    2659       3.5035
    2660       3.3957
    2661       3.1866
    2662       3.0736
    2663       3.2529
    2664       3.3115
    2665       3.0527
    2666       3.3419
    2667       3.4439
    2668       3.3519
    2669       3.2665
    2670       3.6062
    2671       3.3575
    2672       3.5745
    2673       3.3898
    2674       3.3448
    2675       3.6150
    2676       3.6288
    2677       3.4858
    2678       3.3332
    2679       3.5087
    2680       3.2715
    2681       3.2057
    2682       3.4359
    2683       3.2229
    2684       3.4984
    2685       3.3571
    2686       3.5775
    2687       3.5699
    2688       3.2649
    2689       3.2163
    2690       2.9881
    2691       3.2780
    2692       3.2788
    2693       3.3882
    2694       3.2302
    2695       3.3178
    2696       3.0526
    2697       3.0088
    2698       3.1655
    2699       2.9741
    2700       3.0768
    2701       3.0108
    2702       2.9312
    2703       2.8706
    2704       2.9172
    2705       2.9032
    2706       2.8966
    2707       3.0145
    2708       3.1625
    2709       3.1978
    2710       3.1595
    2711       3.0523
    2712       3.1063
    2713       2.9210
    2714       2.9915
    2715       3.1352
    2716       3.1491
    2717       3.0882
    2718       3.1427
    2719       3.0623
    2720       3.0278
    2721       3.0591
    2722       3.1292
    2723       3.3152
    2724       3.2086
    2725       3.1802
    2726       3.1957
    2727       3.0324
    2728       3.2276
    2729       3.2619
    2730       3.1701
    2731       3.0156
    2732       3.0205
    2733       3.1115
    2734       3.0017
    2735       3.0392
    2736       3.0961
    2737       3.2787
    2738       3.2629
    2739       3.3684
    2740       3.4984
    2741       3.4662
    2742       3.4896
    2743       3.4557
    2744       3.3333
    2745       3.2782
    2746       3.0169
    2747       3.2715
    2748       3.3949
    2749       3.3508
    2750       3.3462
    2751       3.3501
    2752       3.2056
    2753       3.3201
    2754       3.4523
    2755       3.2645
    2756       2.9391
    2757       3.1748
    2758       3.5033
    2759       3.2257
    2760       3.3502
    2761       3.2890
    2762       3.4355
    2763       3.2099
    2764       3.1854
    2765       3.2332
    2766       3.1910
    2767       3.5327
    2768       3.2130
    2769       3.2625
    2770       3.4371
    2771       3.2204
    2772       3.2920
    2773       3.2157
    2774       3.1009
    2775       3.2919
    2776       3.2529
    2777       2.9337
    2778       3.0900
    2779       3.1564
    2780       3.2190
    2781       3.1719
    2782       3.0384
    2783       3.3136
    2784       3.2744
    2785       3.2656
    2786       3.5341
    2787       3.5084
    2788       3.2432
    2789       3.3640
    2790       3.2890
    2791       3.4004
    2792       3.5540
    2793       3.5253
    2794       3.0697
    2795       3.0655
    2796       3.1875
    2797       3.2340
    2798       3.2921
    2799       3.2778
    2800       3.3410
    2801       3.2700
    2802       3.3581
    2803       3.2790
    2804       3.1865
    2805       3.2078
    2806       3.1625
    2807       3.2016
    2808       3.3910
    2809       3.3872
    2810       3.3001
    2811       3.1946
    2812       3.0699
    2813       3.3194
    2814       2.9709
    2815       3.0196
    2816       2.9531
    2817       3.0934
    2818       3.1011
    2819       3.1579
    2820       3.3287
    2821       3.1536
    2822       3.1786
    2823       3.0498
    2824       3.6473
    2825       3.3439
    2826       3.2268
    2827       3.3033
    2828       3.1948
    2829       3.1343
    2830       3.1744
    2831       3.2643
    2832       3.2069
    2833       3.1278
    2834       3.1668
    2835       3.1225
    2836       3.3987
    2837       3.2844
    2838       3.0448
    2839       3.0636
    2840       3.0893
    2841       3.0877
    2842       2.9534
    2843       3.0086
    2844       3.1112
    2845       3.1786
    2846       3.1396
    2847       3.0446
    2848       3.0715
    2849       3.1885
    2850       2.9864
    2851       2.9087
    2852       2.9661
    2853       2.9667
    2854       3.0946
    2855       2.9829
    2856       3.0650
    2857       3.2387
    2858       3.1669
    2859       3.0663
    2860       3.0023
    2861       3.1490
    2862       3.3131
    2863       3.3668
    2864       3.2958
    2865       3.5604
    2866       3.4413
    2867       3.3512
    2868       3.4117
    2869       3.1173
    2870       3.1560
    2871       3.0799
    2872       3.0089
    2873       3.0830
    2874       3.1123
    2875       2.7412
    2876       2.8453
    2877       2.7406
    2878       2.7647
    2879       2.8489
    2880       2.7585
    2881       2.9311
    2882       2.8314
    2883       2.7972
    2884       2.8207
    2885       2.8498
    2886       2.7557
    2887       2.7475
    2888       2.6531
    2889       2.6522
    2890       2.8265
    2891       2.6718
    2892       2.6511
    2893       2.5956
    2894       2.8143
    2895       2.6425
    2896       2.8440
    2897       2.7718
    2898       2.8535
    2899       2.7930
    2900       2.5913
    2901       2.8079
    2902       2.9488
    2903       2.9195
    2904       2.9052
    2905       2.7939
    2906       3.0336
    2907       2.9168
    2908       2.8114
    2909       2.9271
    2910       2.9444
    2911       2.8287
    2912       2.7972
    2913       2.9434
    2914       2.9349
    2915       3.0336
    2916       3.1088
    2917       3.0746
    2918       3.0647
    2919       2.8433
    2920       3.0280
    2921       2.9413
    2922       2.9590
    2923       2.9829
    2924       3.1000
    2925       2.9384
    2926       3.1277
    2927       2.8960
    2928       2.7843
    2929       2.7647
    2930       2.8062
    2931       3.0895
    2932       2.8398
    2933       3.0519
    2934       2.6455
    2935       2.8003
    2936       2.8007
    2937       2.8506
    2938       2.8136
    2939       2.8323
    2940       2.8702
    2941       2.8713
    2942       2.8163
    2943       2.7655
    2944       2.6466
    2945       2.7349
    2946       2.7880
    2947       2.7803
    2948       2.9255
    2949       2.8347
    2950       2.8094
    2951       2.8282
    2952       2.8241
    2953       2.8191
    2954       2.9992
    2955       2.8506
    2956       2.8949
    2957       2.7378
    2958       2.7842
    2959       2.8062
    2960       2.8600
    2961       2.9341
    2962       2.7887
    2963       2.8531
    2964       2.9285
    2965       3.1136
    2966       2.9881
    2967       2.8766
    2968       2.9766
    2969       2.9682
    2970       2.9369
    2971       3.1295
    2972       3.0098
    2973       2.9747
    2974       2.9100
    2975       3.0211
    2976       3.0171
    2977       2.9203
    2978       2.9843
    2979       3.0442
    2980       2.8784
    2981       2.9512
    2982       2.8421
    2983       2.9491
    2984       2.9161
    2985       2.9803
    2986       2.8273
    2987       2.9735
    2988       2.8411
    2989       2.9548
    2990       2.8350
    2991       2.7936
    2992       2.9584
    2993       2.7429
    2994       2.7493
    2995       2.8501
    2996       2.8592
    2997       2.8525
    2998       2.8420
    2999       2.8256
    3000       2.7576
    3001       2.7869
    3002       2.6685
    3003       2.8207
    3004       2.7305
    3005       2.8214
    3006       2.8862
    3007       2.8338
    3008       2.8544
    3009       2.7100
    3010       2.6696
    3011       2.6528
    3012       2.8213
    3013       2.7336
    3014       2.8070
    3015       2.8414
    3016       2.8621
    3017       2.8135
    3018       2.7343
    3019       2.6929
    3020       2.6021
    3021       2.6658
    3022       2.6935
    3023       2.8383
    3024       2.8651
    3025       2.9002
    3026       2.6635
    3027       2.6643
    3028       2.8143
    3029       2.6752
    3030       2.6176
    3031       2.4238
    3032       2.4337
    3033       2.5968
    3034       2.6250
    3035       2.4641
    3036       2.6391
    3037       2.6351
    3038       2.8304
    3039       2.6524
    3040       2.7962
    3041       2.9520
    3042       3.1288
    3043       2.8808
    3044       2.4680
    3045       2.4958
    3046       2.4577
    3047       2.4001
    3048       2.7031
    3049       2.5543
    3050       2.5027
    3051       2.5783
    3052       2.6991
    3053       2.6201
    3054       2.7187
    3055       2.7869
    3056       2.8080
    3057       2.7737
    3058       2.7973
    3059       2.8540
    3060       2.7033
    3061       2.7376
    3062       2.6557
    3063       2.7363
    3064       2.8807
    3065       2.6280
    3066       2.6377
    3067       2.8201
    3068       2.8778
    3069       2.8169
    3070       2.8258
    3071       2.8559
    3072       2.8927
    3073       2.7860
    3074       2.8658
    3075       2.8866
    3076       2.8181
    3077       2.9471
    3078       2.9293
    3079       3.0628
    3080       2.8905
    3081       2.8994
    3082       2.7336
    3083       2.8163
    3084       2.7606
    3085       2.7092
    3086       2.8560
    3087       2.8935
    3088       2.8549
    3089       2.9355
    3090       2.9281
    3091       2.9023
    3092       3.0175
    3093       2.9048
    3094       2.8101
    3095       3.0219
    3096       2.8626
    3097       2.7205
    3098       2.6756
    3099       2.6931
    3100       2.6184
    3101       2.4909
    3102       2.7950
    3103       2.7729
    3104       2.6920
    3105       2.7485
    3106       2.6353
    3107       2.5908
    3108       2.7127
    3109       2.7430
    3110       2.7565
    3111       2.5053
    3112       2.7628
    3113       2.7249
    3114       2.8035
    3115       2.6418
    3116       2.6139
    3117       2.8724
    3118       2.8579
    3119       2.8581
    3120       2.8406
    3121       2.7930
    3122       2.7396
    3123       2.7554
    3124       2.9250
    3125       2.7572
    3126       2.9447
    3127       2.7737
    3128       2.9053
    3129       2.8249
    3130       2.7717
    3131       2.7206
    3132       2.7913
    3133       2.7415
    3134       2.8720
    3135       2.7602
    3136       2.9125
    3137       2.7723
    3138       2.8388
    3139       2.8512
    3140       2.8283
    3141       2.8035
    3142       2.9125
    3143       2.8963
    3144       2.9729
    3145       2.9067
    3146       3.0515
    3147       2.9346
    3148       3.0571
    3149       2.9559
    3150       2.8505
    3151       2.8013
    3152       2.8467
    3153       2.9011
    3154       2.8946
    3155       2.8919
    3156       2.9661
    3157       2.9254
    3158       2.8026
    3159       2.7026
    3160       2.7526
    3161       2.9525
    3162       2.8662
    3163       2.7850
    3164       2.7235
    3165       2.5500
    3166       2.6662
    3167       2.7368
    3168       2.7660
    3169       2.6344
    3170       2.7156
    3171       2.7455
    3172       2.8205
    3173       2.7521
    3174       2.7553
    3175       2.8821
    3176       2.6478
    3177       2.7615
    3178       2.8046
    3179       2.7191
    3180       2.7917
    3181       2.6543
    3182       2.7089
    3183       2.8667
    3184       2.8642
    3185       2.8526
    3186       2.6278
    3187       2.6445
    3188       2.6805
    3189       2.6925
    3190       3.0162
    3191       2.7488
    3192       2.9398
    3193       2.8197
    3194       2.7215
    3195       2.9499
    3196       3.0096
    3197       2.8200
    3198       2.7495
    3199       2.9212
    3200       2.7243
    3201       2.8723
    3202       2.7908
    3203       2.8149
    3204       2.7352
    3205       2.8337
    3206       2.9620
    3207       2.8589
    3208       2.8865
    3209       2.8253
    3210       2.8830
    3211       3.0174
    3212       2.8283
    3213       2.9135
    3214       3.0133
    3215       2.9007
    3216       2.9280
    3217       2.7816
    3218       2.7006
    3219       2.7863
    3220       2.8657
    3221       2.8835
    3222       2.9865
    3223       2.7540
    3224       2.8453
    3225       2.8479
    3226       2.8202
    3227       2.8787
    3228       2.9237
    3229       2.6730
    3230       2.6372
    3231       2.8349
    3232       2.8412
    3233       2.8228
    3234       2.5914
    3235       2.5398
    3236       2.8986
    3237       2.8607
    3238       3.0187
    3239       2.7796
    3240       2.7673
    3241       2.8132
    3242       2.7874
    3243       2.6825
    3244       2.6596
    3245       2.7594
    3246       2.7406
    3247       2.6649
    3248       2.7784
    3249       2.5763
    3250       2.6553
    3251       2.7390
    3252       2.9662
    3253       2.8234
    3254       2.7310
    3255       2.6699
    3256       2.7333
    3257       2.7412
    3258       2.5741
    3259       2.7210
    3260       2.7384
    3261       2.7572
    3262       2.8567
    3263       2.8545
    3264       2.8131
    3265       2.7285
    3266       2.5839
    3267       2.5596
    3268       2.5896
    3269       2.5581
    3270       2.6703
    3271       2.7528
    3272       2.7853
    3273       2.7854
    3274       2.8104
    3275       2.9412
    3276       3.0377
    3277       2.9797
    3278       2.7607
    3279       2.7293
    3280       2.7659
    3281       2.9462
    3282       2.7473
    3283       2.7279
    3284       2.7689
    3285       2.7378
    3286       3.1143
    3287       2.7086
    3288       2.7687
    3289       2.7917
    3290       2.7673
    3291       2.7525
    3292       2.8470
    3293       2.9829
    3294       3.0333
    3295       2.9584
    3296       2.8467
    3297       2.8079
    3298       2.7205
    3299       2.7158
    3300       2.7843
    3301       2.8389
    3302       2.6841
    3303       2.7432
    3304       2.7873
    3305       2.8168
    3306       2.7501
    3307       2.7146
    3308       2.8208
    3309       2.6930
    3310       2.6859
    3311       2.7028
    3312       2.6751
    3313       2.6519
    3314       2.7545
    3315       2.7389
    3316       2.7640
    3317       2.6263
    3318       2.5614
    3319       2.7623
    3320       2.7794
    3321       2.7388
    3322       2.6220
    3323       2.7533
    3324       2.6888
    3325       2.7983
    3326       2.7737
    3327       2.7592
    3328       2.6838
    3329       2.7580
    3330       2.6743
    3331       2.6516
    3332       2.7324
    3333       2.7352
    3334       2.6511
    3335       2.6332
    3336       2.6665
    3337       2.6274
    3338       2.7062
    3339       2.6940
    3340       2.6637
    3341       2.9727
    3342       2.6857
    3343       2.7098
    3344       2.6309
    3345       2.6006
    3346       2.6140
    3347       2.6980
    3348       2.7066
    3349       2.5753
    3350       2.7459
    3351       2.7466
    3352       2.6515
    3353       2.7379
    3354       2.6889
    3355       2.5624
    3356       2.6723
    3357       2.6701
    3358       2.5606
    3359       2.6863
    3360       2.6690
    3361       2.7167
    3362       2.6720
    3363       2.6221
    3364       2.6636
    3365       2.6807
    3366       2.6615
    3367       2.8108
    3368       2.8346
    3369       2.7543
    3370       2.6299
    3371       2.6106
    3372       2.5215
    3373       2.6082
    3374       2.6186
    3375       2.5878
    3376       2.6237
    3377       2.5728
    3378       2.7863
    3379       2.5237
    3380       2.6054
    3381       2.4533
    3382       2.5603
    3383       2.6035
    3384       2.6601
    3385       2.6213
    3386       2.7748
    3387       2.7858
    3388       2.8044
    3389       2.6116
    3390       2.7021
    3391       2.7316
    3392       2.6784
    3393       2.7185
    3394       2.7138
    3395       2.7479
    3396       2.6590
    3397       2.6412
    3398       2.6986
    3399       2.7062
    3400       2.7203
    3401       2.7826
    3402       2.6019
    3403       2.8150
    3404       2.7626
    3405       2.8293
    3406       2.8660
    3407       2.7955
    3408       2.8174
    3409       2.7781
    3410       2.9400
    3411       2.9677
    3412       3.0088
    3413       3.2214
    3414       3.2019
    3415       3.2567
    3416       3.1427
    3417       3.2070
    3418       3.2139
    3419       3.1077
    3420       3.1133
    3421       3.2806
    3422       2.9258
    3423       3.1647
    3424       3.2522
    3425       3.1537
    3426       3.1375
    3427       2.9530
    3428       2.8728
    3429       3.0037
    3430       3.0159
    3431       2.9004
    3432       2.9617
    3433       2.9816
    3434       2.8855
    3435       3.0385
    3436       2.9059
    3437       2.8267
    3438       2.7667
    3439       2.9819
    3440       2.9518
    3441       2.9473
    3442       2.7103
    3443       3.0737
    3444       3.0159
    3445       2.9134
    3446       2.7835
    3447       2.6944
    3448       3.0493
    3449       2.7647
    3450       2.8401
    3451       2.7740
    3452       2.7451
    3453       2.7733
    3454       2.7812
    3455       2.9464
    3456       2.8720
    3457       2.7746
    3458       2.7420
    3459       2.9342
    3460       2.8054
    3461       2.7783
    3462       2.6933
    3463       2.6807
    3464       2.7025
    3465       2.5274
    3466       2.6112
    3467       2.6973
    3468       2.7075
    3469       2.6160
    3470       2.5793
    3471       2.6043
    3472       2.5765
    3473       2.6503
    3474       2.8132
    3475       2.7239
    3476       2.6077
    3477       2.7142
    3478       2.6822
    3479       2.7588
    3480       2.7567
    3481       2.9503
    3482       2.7167
    3483       2.6737
    3484       2.7116
    3485       2.8100
    3486       2.7622
    3487       2.7541
    3488       2.8804
    3489       2.8088
    3490       2.7695
    3491       2.7470
    3492       2.7258
    3493       2.7793
    3494       2.6843
    3495       2.8061
    3496       2.6520
    3497       2.6528
    3498       2.7216
    3499       2.7088
    3500       2.8471
    3501       2.7592
    3502       2.7627
    3503       2.7008
    3504       2.6564
    3505       2.5975
    3506       2.7063
    3507       2.7709
    3508       2.6567
    3509       2.6056
    3510       2.9901
    3511       3.0483
    3512       2.9021
    3513       2.6691
    3514       2.8090
    3515       2.9260
    3516       2.7235
    3517       2.6637
    3518       2.7075
    3519       2.6571
    3520       2.6821
    3521       2.8369
    3522       2.7404
    3523       2.8006
    3524       2.6390
    3525       2.5556
    3526       2.7093
    3527       2.8718
    3528       2.8714
    3529       2.7300
    3530       2.7377
    3531       2.7886
    3532       2.6999
    3533       2.7511
    3534       2.5972
    3535       2.6781
    3536       2.6510
    3537       2.6370
    3538       2.6118
    3539       2.6313
    3540       2.7302
    3541       2.6990
    3542       2.8417
    3543       2.6678
    3544       2.7659
    3545       2.6979
    3546       2.6184
    3547       2.6146
    3548       2.7387
    3549       2.6275
    3550       2.8839
    3551       2.8018
    3552       2.7978
    3553       2.7483
    3554       2.7285
    3555       2.6958
    3556       2.6116
    3557       2.6437
    3558       2.6292
    3559       2.7536
    3560       2.5789
    3561       2.5491
    3562       2.7203
    3563       2.6141
    3564       2.7103
    3565       2.5858
    3566       2.6480
    3567       2.5352
    3568       2.6021
    3569       2.5425
    3570       2.6175
    3571       2.6758
    3572       2.6242
    3573       2.8350
    3574       2.7185
    3575       2.6442
    3576       2.7618
    3577       2.7443
    3578       2.6390
    3579       2.6622
    3580       2.6728
    3581       2.6896
    3582       2.7147
    3583       2.7061
    3584       2.7526
    3585       2.7055
    3586       2.8016
    3587       2.8141
    3588       2.7472
    3589       2.8365
    3590       2.7503
    3591       2.7379
    3592       2.8102
    3593       2.7018
    3594       2.7973
    3595       2.8171
    3596       2.6799
    3597       2.6551
    3598       2.7128
    3599       2.6513
    3600       2.7254
    3601       2.6337
    3602       2.7019
    3603       2.7457
    3604       2.6553
    3605       2.7574
    3606       2.9043
    3607       2.9539
    3608       3.0396
    3609       2.9280
    3610       2.8943
    3611       2.7771
    3612       2.8396
    3613       2.8861
    3614       3.0009
    3615       2.8349
    3616       2.8103
    3617       2.9876
    3618       2.9802
    3619       2.7411
    3620       2.8725
    3621       2.9290
    3622       2.8115
    3623       2.9809
    3624       2.8426
    3625       2.8866
    3626       2.8862
    3627       2.9533
    3628       2.8415
    3629       2.7575
    3630       2.6910
    3631       2.8381
    3632       2.8070
    3633       2.7605
    3634       2.7178
    3635       2.7122
    3636       2.8704
    3637       2.8325
    3638       2.8634
    3639       2.7224
    3640       2.6440
    3641       2.8059
    3642       2.7902
    3643       2.7020
    3644       2.7211
    3645       2.6561
    3646       2.9067
    3647       2.7682
    3648       2.8190
    3649       2.8202
    3650       2.7609
    3651       2.8412
    3652       2.7758
    3653       2.8206
    3654       2.7627
    3655       2.8923
    3656       2.8432
    3657       2.8981
    3658       2.7159
    3659       2.8310
    3660       2.9252
    3661       2.8071
    3662       2.8654
    3663       3.0255
    3664       3.1412
    3665       3.1245
    3666       2.8638
    3667       3.0039
    3668       2.7968
    3669       2.8122
    3670       2.8499
    3671       2.7935
    3672       2.8670
    3673       3.0467
    3674       2.7993
    3675       2.9386
    3676       2.8918
    3677       2.7832
    3678       2.7852
    3679       2.6252
    3680       2.6704
    3681       2.7600
    3682       2.7529
    3683       2.8538
    3684       2.7168
    3685       2.9643
    3686       2.9346
    3687       2.7767
    3688       2.8771
    3689       3.1123
    3690       2.9988
    3691       2.9587
    3692       3.1413
    3693       3.0684
    3694       2.9546
    3695       3.2012
    3696       2.9884
    3697       3.0725
    3698       3.1681
    3699       3.0913
    3700       3.1709
    3701       3.1375
    3702       3.0976
    3703       3.0210
    3704       3.0536
    3705       3.1509
    3706       3.1135
    3707       3.0321
    3708       3.1020
    3709       3.0289
    3710       3.1513
    3711       3.0797
    3712       3.0588
    3713       3.1372
    3714       2.9934
    3715       3.1866
    3716       3.2203
    3717       3.4845
    3718       3.3502
    3719       3.1650
    3720       3.2219
    3721       3.1595
    3722       3.1845
    3723       3.3399
    3724       3.1806
    3725       3.2528
    3726       3.2154
    3727       3.1462
    3728       3.2758
    3729       3.1818
    3730       3.2526
    3731       3.2847
    3732       3.2789
    3733       3.2557
    3734       3.1959
    3735       3.2381
    3736       3.0917
    3737       3.1073
    3738       3.1387
    3739       3.0887
    3740       3.2328
    3741       3.1102
    3742       3.0877
    3743       3.1202
    3744       3.0770
    3745       3.2352
    3746       3.1540
    3747       3.3672
    3748       3.2965
    3749       3.6112
    3750       3.7329
    3751       3.3775
    3752       3.2925
    3753       3.2658
    3754       3.3327
    3755       3.2863
    3756       3.3360
    3757       3.3809
    3758       3.2176
    3759       3.3344
    3760       3.3914
    3761       3.1482
    3762       3.2658
    3763       3.3032
    3764       3.3028
    3765       3.3414
    3766       3.2805
    3767       3.2817
    3768       3.2196
    3769       3.2528
    3770       3.2631
    3771       3.3305
    3772       3.3569
    3773       3.3154
    3774       3.3497
    3775       3.3452
    3776       3.2879
    3777       3.1922
    3778       3.2170
    3779       3.2727
    3780       3.2610
    3781       3.2385
    3782       3.3065
    3783       3.2003
    3784       3.2397
    3785       3.3840
    3786       3.3625
    3787       3.5527
    3788       3.3259
    3789       3.3723
    3790       3.3423
    3791       3.2643
    3792       3.3143
    3793       3.4889
    3794       3.3081
    3795       3.4673
    3796       3.4394
    3797       3.5943
    3798       3.5902
    3799       3.5313
    3800       3.4722
    3801       3.5356
    3802       3.5069
    3803       3.6404
    3804       3.4924
    3805       3.4335
    3806       3.5455
    3807       3.7573
    3808       3.5075
    3809       3.8673
    3810       3.7051
    3811       3.6220
    3812       3.5680
    3813       3.5625
    3814       3.4440
    3815       3.7875
    3816       3.6258
    3817       3.6040
    3818       3.6676
    3819       3.5600
    3820       3.5857
    3821       3.7126
    3822       3.6968
    3823       3.8350
    3824       3.5814
    3825       3.8945
    3826       3.7374
    3827       3.9485
    3828       3.7971
    3829       3.7524
    3830       3.7599
    3831       4.0660
    3832       4.0754
    3833       4.4732
    3834       4.3218
    3835       4.4732
    3836       4.2331
    3837       4.1814
    3838       4.2608
    3839       4.3438
    3840       4.3272
    3841       4.0738
    3842       3.9322
    3843       3.7540
    3844       3.7092
    3845       4.0676
    3846       3.6605
    3847       3.8721
    3848       4.0073
    3849       4.0947
    3850       3.6850
    3851       3.8699
    3852       3.8874
    3853       3.7580
    3854       3.8024
    3855       3.4456
    3856       3.5003
    3857       3.7528
    3858       3.6389
    3859       3.6166
    3860       3.5730
    3861       3.5209
    3862       3.6840
    3863       3.7189
    3864       3.6560
    3865       3.6419
    3866       3.7857
    3867       4.0021
    3868       4.0077
    3869       3.9435
    3870       4.2205
    3871       3.9766
    3872       3.8945
    3873       3.8716
    3874       3.8929
    3875       3.9352
    3876       4.1424
    3877       4.1327
    3878       4.2572
    3879       4.2063
    3880       4.1760
    3881       4.0820
    3882       3.9164
    3883       3.7095
    3884       3.8515
    3885       3.7985
    3886       3.4608
    3887       3.4632
    3888       3.4819
    3889       3.5590
    3890       3.5169
    3891       3.4786
    3892       3.3811
    3893       3.5291
    3894       3.5762
    3895       3.6936
    3896       3.6908
    3897       3.8285
    3898       3.7769
    3899       3.8188
    3900       3.5147
    3901       3.7176
    3902       3.5126
    3903       3.5735
    3904       3.7072
    3905       3.5783
    3906       3.6346
    3907       3.8244
    3908       3.8983
    3909       3.7554
    3910       3.7430
    3911       3.7089
    3912       3.5814
    3913       3.6398
    3914       3.6177
    3915       3.6793
    3916       3.7346
    3917       3.5551
    3918       3.5090
    3919       3.7295
    3920       3.5809
    3921       3.5912
    3922       3.5599
    3923       3.4818
    3924       3.4154
    3925       3.7595
    3926       3.8587
    3927       4.0388
    3928       3.8109
    3929       3.6752
    3930       3.5146
    3931       3.5005
    3932       3.6022
    3933       3.5198
    3934       3.7611
    3935       3.9095
    3936       3.7758
    3937       3.6097
    3938       3.5218
    3939       3.4885
    3940       3.4376
    3941       3.4319
    3942       3.4262
    3943       3.3118
    3944       3.4499
    3945       3.5352
    3946       3.4497
    3947       3.4592
    3948       3.5872
    3949       3.4837
    3950       3.4105
    3951       3.3821
    3952       3.3392
    3953       3.5505
    3954       3.5127
    3955       3.4061
    3956       3.5921
    3957       3.6260
    3958       3.7120
    3959       3.5901
    3960       3.5124
    3961       3.4270
    3962       3.6367
    3963       3.5663
    3964       3.4627
    3965       3.4370
    3966       3.5406
    3967       3.2269
    3968       3.3969
    3969       3.4293
    3970       3.5477
    3971       3.5690
    3972       3.5738
    3973       3.9229
    3974       3.4745
    3975       3.6548
    3976       3.4769
    3977       3.5163
    3978       3.8656
    3979       3.6399
    3980       3.5075
    3981       3.5696
    3982       3.7548
    3983       3.7639
    3984       3.6068
    3985       3.5151
    3986       3.5454
    3987       3.6545
    3988       3.4353
    3989       3.5626
    3990       3.6815
    3991       3.7971
    3992       3.7427
    3993       3.9980
    3994       3.7885
    3995       3.8382
    3996       3.8428
    3997       4.0066
    3998       3.8630
    3999       4.0498
    4000       3.6961
    4001       3.9290
    4002       3.8741
    4003       4.0049
    4004       4.2256
    4005       4.2335
    4006       4.2796
    4007       4.3061
    4008       4.4056
    4009       4.2237
    4010       3.9333
    4011       3.9853
    4012       4.0141
    4013       4.2448
    4014       4.2604
    4015       3.9904
    4016       4.1730
    4017       4.1476
    4018       4.0936
    4019       4.0584
    4020       4.0805
    4021       4.0866
    4022       4.1003
    4023       3.9799
    4024       4.1223
    4025       4.2005
    4026       4.2274
    4027       4.4018
    4028       4.1336
    4029       4.2689
    4030       4.2041
    4031       4.2725
    4032       4.3910
    4033       4.1804
    4034       4.3034
    4035       4.3938
    4036       4.4833
    4037       4.5794
    4038       4.6634
    4039       4.8309
    4040       4.6251
    4041       4.6499
    4042       4.5209
    4043       4.3138
    4044       4.2127
    4045       4.0244
    4046       4.2311
    4047       4.1683
    4048       3.9967
    4049       3.7583
    4050       3.6329
    4051       3.7801
    4052       4.0442
    4053       4.3720
    4054       4.5207
    4055       4.5117
    4056       4.3417
    4057       4.1478
    4058       4.2526
    4059       4.2877
    4060       4.4507
    4061       4.4427
    4062       4.5838
    4063       4.6903
    4064       4.8290
    4065       4.6226
    4066       5.0364
    4067       4.7143
    4068       4.5921
    4069       4.6242
    4070       4.6497
    4071       4.4264
    4072       4.4473
    4073       4.4006
    4074       4.4046
    4075       4.4787
    4076       4.2022
    4077       4.3515
    4078       4.1841
    4079       3.8383
    4080       3.9182
    4081       3.8417
    4082       3.9019
    4083       3.9031
    4084       3.8814
    4085       4.0527
    4086       3.6738
    4087       3.9293
    4088       3.8192
    4089       3.6902
    4090       3.6127
    4091       3.7994
    4092       3.6142
    4093       3.4403
    4094       3.5841
    4095       3.4149
    4096       3.4924
    4097       3.5180
    4098       3.4718
    4099       3.7600
    4100       3.5818
