#Frame         ToCrys
       1       1.2341
       2       1.2913
       3       1.4131
       4       1.4520
       5       1.3867
       6       1.3947
       7       1.4048
       8       1.4305
       9       1.3295
      10       1.3008
      11       1.3293
      12       1.4160
      13       1.2809
      14       1.3984
      15       1.3761
      16       1.3555
      17       1.4432
      18       1.4861
      19       1.4486
      20       1.4532
      21       1.4626
      22       1.3641
      23       1.4308
      24       1.3954
      25       1.4929
      26       1.4659
      27       1.5425
      28       1.5237
      29       1.4430
      30       1.3848
      31       1.4287
      32       1.5348
      33       1.4625
      34       1.5485
      35       1.4697
      36       1.4647
      37       1.5323
      38       1.4244
      39       1.4093
      40       1.5025
      41       1.4709
      42       1.4909
      43       1.5272
      44       1.6010
      45       1.5334
      46       1.5874
      47       1.6302
      48       1.4680
      49       1.4368
      50       1.4258
      51       1.5814
      52       1.4532
      53       1.4719
      54       1.5482
      55       1.5254
      56       1.5836
      57       1.5539
      58       1.5637
      59       1.5662
      60       1.5645
      61       1.5476
      62       1.5417
      63       1.5443
      64       1.5312
      65       1.5525
      66       1.5966
      67       1.5431
      68       1.5111
      69       1.5554
      70       1.6260
      71       1.6072
      72       1.6046
      73       1.5863
      74       1.6942
      75       1.7339
      76       1.7385
      77       1.6234
      78       1.7041
      79       1.7530
      80       1.7800
      81       1.8105
      82       1.8184
      83       1.8875
      84       1.7553
      85       1.7376
      86       1.7104
      87       1.8725
      88       1.7777
      89       1.7456
      90       1.7686
      91       1.8481
      92       1.8535
      93       1.7020
      94       1.7861
      95       1.7987
      96       1.8684
      97       1.8015
      98       1.7075
      99       1.7478
     100       1.7142
     101       1.8068
     102       1.7744
     103       1.6880
     104       1.7933
     105       1.8693
     106       1.7587
     107       1.7782
     108       1.6919
     109       1.7018
     110       1.7477
     111       1.6897
     112       1.6613
     113       1.6691
     114       1.6664
     115       1.7359
     116       1.6875
     117       1.6877
     118       1.8049
     119       1.6653
     120       1.7882
     121       1.7741
     122       1.7035
     123       1.6733
     124       1.7262
     125       1.7163
     126       1.7704
     127       1.7090
     128       1.6732
     129       1.7960
     130       1.7562
     131       1.7720
     132       1.7036
     133       1.6296
     134       1.6350
     135       1.6836
     136       1.6804
     137       1.7627
     138       1.8257
     139       1.7631
     140       1.6891
     141       1.6229
     142       1.8059
     143       1.7212
     144       1.7574
     145       1.8301
     146       1.7529
     147       1.7881
     148       1.7778
     149       1.7769
     150       1.7323
     151       1.7573
     152       1.7749
     153       1.7806
     154       1.7895
     155       1.7965
     156       1.8014
     157       1.8640
     158       1.7085
     159       1.8184
     160       1.8436
     161       1.7828
     162       1.7906
     163       1.8455
     164       1.7762
     165       1.7441
     166       1.8161
     167       1.7224
     168       1.7736
     169       1.8235
     170       1.7576
     171       1.7346
     172       1.7110
     173       1.6401
     174       1.6897
     175       1.7245
     176       1.7237
     177       1.7746
     178       1.6445
     179       1.6552
     180       1.5894
     181       1.6384
     182       1.7098
     183       1.6456
     184       1.6056
     185       1.6041
     186       1.6273
     187       1.5188
     188       1.5582
     189       1.6338
     190       1.6462
     191       1.6395
     192       1.7303
     193       1.6808
     194       1.6203
     195       1.6852
     196       1.6860
     197       1.6894
     198       1.6893
     199       1.6636
     200       1.5992
     201       1.6489
     202       1.6098
     203       1.6979
     204       1.6480
     205       1.7635
     206       1.6998
     207       1.6503
     208       1.7609
     209       1.7150
     210       1.6691
     211       1.7217
     212       1.6668
     213       1.5867
     214       1.6574
     215       1.7173
     216       1.6774
     217       1.6430
     218       1.8080
     219       1.7489
     220       1.6976
     221       1.7291
     222       1.6852
     223       1.8072
     224       1.7438
     225       1.5788
     226       1.5759
     227       1.6121
     228       1.7233
     229       1.6634
     230       1.5965
     231       1.6023
     232       1.5677
     233       1.5810
     234       1.5622
     235       1.6368
     236       1.7006
     237       1.5808
     238       1.5982
     239       1.6138
     240       1.6195
     241       1.6097
     242       1.5987
     243       1.6641
     244       1.6824
     245       1.5870
     246       1.5954
     247       1.5868
     248       1.6171
     249       1.6122
     250       1.5756
     251       1.5697
     252       1.6099
     253       1.5877
     254       1.6010
     255       1.5990
     256       1.5836
     257       1.6124
     258       1.7118
     259       1.6000
     260       1.7481
     261       1.6106
     262       1.5715
     263       1.5753
     264       1.5484
     265       1.5705
     266       1.5633
     267       1.6196
     268       1.6703
     269       1.8032
     270       1.6728
     271       1.6596
     272       1.7974
     273       1.6883
     274       1.6207
     275       1.6133
     276       1.5549
     277       1.5544
     278       1.5988
     279       1.5802
     280       1.5762
     281       1.5852
     282       1.6151
     283       1.5625
     284       1.4899
     285       1.5725
     286       1.5901
     287       1.5821
     288       1.5129
     289       1.5951
     290       1.5466
     291       1.6101
     292       1.5851
     293       1.5481
     294       1.6152
     295       1.5636
     296       1.6366
     297       1.5070
     298       1.6422
     299       1.5553
     300       1.5785
     301       1.6071
     302       1.5807
     303       1.6260
     304       1.5264
     305       1.5812
     306       1.6011
     307       1.6449
     308       1.5494
     309       1.6104
     310       1.5602
     311       1.5633
     312       1.5653
     313       1.5649
     314       1.6085
     315       1.7216
     316       1.7358
     317       1.6583
     318       1.6939
     319       1.7404
     320       1.7587
     321       1.6611
     322       1.6281
     323       1.6617
     324       1.6601
     325       1.5905
     326       1.5763
     327       1.5583
     328       1.6425
     329       1.6974
     330       1.6598
     331       1.7885
     332       1.7923
     333       1.7217
     334       1.8267
     335       1.7012
     336       1.6596
     337       1.5914
     338       1.5830
     339       1.6803
     340       1.6418
     341       1.7401
     342       1.7205
     343       1.7063
     344       1.6689
     345       1.5595
     346       1.5988
     347       1.6042
     348       1.6213
     349       1.6278
     350       1.7200
     351       1.7769
     352       1.6922
     353       1.7438
     354       1.6748
     355       1.8030
     356       1.6957
     357       1.6719
     358       1.7224
     359       1.7168
     360       1.7467
     361       1.7187
     362       1.7458
     363       1.8762
     364       1.6723
     365       1.7154
     366       1.8123
     367       1.6833
     368       1.7986
     369       1.6796
     370       1.7173
     371       1.6676
     372       1.7186
     373       1.7085
     374       1.7867
     375       1.6483
     376       1.8048
     377       1.7028
     378       1.7028
     379       1.7862
     380       1.7014
     381       1.7053
     382       1.7520
     383       1.6461
     384       1.5986
     385       1.6691
     386       1.6133
     387       1.6953
     388       1.7426
     389       1.7433
     390       1.7855
     391       1.7427
     392       1.7693
     393       1.7378
     394       1.8192
     395       1.6927
     396       1.7200
     397       1.7973
     398       1.7294
     399       1.7354
     400       1.7962
     401       1.6849
     402       1.7986
     403       1.7934
     404       1.7845
     405       1.8242
     406       1.7435
     407       1.8547
     408       1.8521
     409       1.9243
     410       1.7562
     411       1.6507
     412       1.7049
     413       1.6627
     414       1.7158
     415       1.7548
     416       1.6339
     417       1.7410
     418       1.8289
     419       1.7403
     420       1.8406
     421       1.7677
     422       1.7733
     423       1.8011
     424       1.8024
     425       1.8312
     426       1.8126
     427       1.7634
     428       1.7973
     429       1.7292
     430       1.8131
     431       1.7021
     432       1.8467
     433       1.8139
     434       1.7687
     435       1.8400
     436       1.7186
     437       1.8113
     438       1.7653
     439       1.7072
     440       1.7865
     441       1.8190
     442       1.7408
     443       1.8723
     444       1.8200
     445       1.8349
     446       1.8756
     447       1.6594
     448       1.7412
     449       1.8210
     450       1.8594
     451       1.6855
     452       1.6551
     453       1.7652
     454       1.8862
     455       1.8284
     456       1.8397
     457       1.8048
     458       1.7705
     459       1.7621
     460       1.8514
     461       1.7752
     462       1.7557
     463       1.6814
     464       1.6839
     465       1.7217
     466       1.9204
     467       1.7044
     468       1.7950
     469       1.6986
     470       1.6897
     471       1.7130
     472       1.8130
     473       1.7181
     474       1.7202
     475       1.7389
     476       1.5897
     477       1.6686
     478       1.7056
     479       1.7398
     480       1.6630
     481       1.6669
     482       1.6921
     483       1.6794
     484       1.6595
     485       1.6336
     486       1.6271
     487       1.6228
     488       1.7118
     489       1.7032
     490       1.7589
     491       1.6752
     492       1.6639
     493       1.6715
     494       1.6322
     495       1.6122
     496       1.6690
     497       1.6641
     498       1.6386
     499       1.6401
     500       1.6429
     501       1.6796
     502       1.6947
     503       1.6889
     504       1.7179
     505       1.6820
     506       1.6715
     507       1.7198
     508       1.6665
     509       1.6499
     510       1.7106
     511       1.7521
     512       1.6007
     513       1.7458
     514       1.7404
     515       1.7027
     516       1.7854
     517       1.7004
     518       1.7185
     519       1.6997
     520       1.7037
     521       1.7529
     522       1.8190
     523       1.6977
     524       1.7794
     525       1.7812
     526       1.7869
     527       1.7885
     528       1.7071
     529       1.7271
     530       1.7073
     531       1.7509
     532       1.6486
     533       1.7229
     534       1.6799
     535       1.7075
     536       1.7404
     537       1.7981
     538       1.6486
     539       1.7348
     540       1.6655
     541       1.6796
     542       1.6896
     543       1.6427
     544       1.6584
     545       1.6041
     546       1.7124
     547       1.6771
     548       1.6468
     549       1.7034
     550       1.6656
     551       1.6461
     552       1.7336
     553       1.7088
     554       1.7465
     555       1.8057
     556       1.7127
     557       1.6920
     558       1.6933
     559       1.7155
     560       1.6834
     561       1.7416
     562       1.7088
     563       1.6735
     564       1.6893
     565       1.6711
     566       1.7147
     567       1.6613
     568       1.7192
     569       1.5979
     570       1.6972
     571       1.7375
     572       1.7908
     573       1.7433
     574       1.7586
     575       1.7414
     576       1.7254
     577       1.7251
     578       1.7804
     579       1.7401
     580       1.7675
     581       1.6816
     582       1.7342
     583       1.6893
     584       1.6779
     585       1.7304
     586       1.7553
     587       1.7856
     588       1.8575
     589       1.7572
     590       1.7823
     591       1.7738
     592       1.8291
     593       1.8316
     594       1.7803
     595       1.7608
     596       1.7720
     597       1.7632
     598       1.7509
     599       1.7368
     600       1.7916
     601       1.7309
     602       1.7348
     603       1.9225
     604       1.8858
     605       1.8171
     606       1.7295
     607       1.7398
     608       1.7158
     609       1.7155
     610       1.6434
     611       1.6450
     612       1.6751
     613       1.7280
     614       1.7037
     615       1.6327
     616       1.7109
     617       1.6429
     618       1.6227
     619       1.6603
     620       1.5871
     621       1.6533
     622       1.7150
     623       1.5954
     624       1.6979
     625       1.6237
     626       1.6738
     627       1.6298
     628       1.6786
     629       1.6295
     630       1.6806
     631       1.6340
     632       1.7273
     633       1.7046
     634       1.8234
     635       1.6480
     636       1.7400
     637       1.6644
     638       1.7324
     639       1.6650
     640       1.6933
     641       1.7346
     642       1.7903
     643       1.6919
     644       1.7657
     645       1.6879
     646       1.7239
     647       1.7847
     648       1.8133
     649       1.7458
     650       1.6829
     651       1.7063
     652       1.6735
     653       1.6011
     654       1.6888
     655       1.7009
     656       1.7268
     657       1.6988
     658       1.6947
     659       1.7173
     660       1.7219
     661       1.6102
     662       1.7422
     663       1.6896
     664       1.6969
     665       1.7260
     666       1.7081
     667       1.6909
     668       1.7212
     669       1.6084
     670       1.6750
     671       1.6736
     672       1.6955
     673       1.7081
     674       1.6718
     675       1.6537
     676       1.6613
     677       1.6718
     678       1.5893
     679       1.6485
     680       1.6510
     681       1.6599
     682       1.7226
     683       1.7705
     684       1.6919
     685       1.7400
     686       1.7216
     687       1.7305
     688       1.7483
     689       1.7267
     690       1.7423
     691       1.7322
     692       1.6912
     693       1.7582
     694       1.7670
     695       1.7973
     696       1.7030
     697       1.8213
     698       1.8044
     699       1.7495
     700       1.7191
     701       1.7250
     702       1.6927
     703       1.7241
     704       1.7436
     705       1.6769
     706       1.7627
     707       1.8323
     708       1.7673
     709       1.7527
     710       1.7735
     711       1.7356
     712       1.6724
     713       1.7297
     714       1.7332
     715       1.8015
     716       1.7220
     717       1.7682
     718       1.8265
     719       1.7889
     720       1.7293
     721       1.7462
     722       1.7427
     723       1.8218
     724       1.7839
     725       1.7159
     726       1.7602
     727       1.8352
     728       1.7990
     729       1.8768
     730       1.8132
     731       1.7895
     732       1.8462
     733       1.8931
     734       1.7825
     735       1.7996
     736       1.8020
     737       1.8561
     738       1.7403
     739       1.7807
     740       1.7208
     741       1.7022
     742       1.6626
     743       1.6778
     744       1.6883
     745       1.6577
     746       1.7217
     747       1.7365
     748       1.7219
     749       1.6977
     750       1.7235
     751       1.6494
     752       1.6175
     753       1.6883
     754       1.6856
     755       1.7186
     756       1.7748
     757       1.7879
     758       1.7493
     759       1.8042
     760       1.9365
     761       1.7992
     762       1.7769
     763       1.7749
     764       1.8475
     765       1.8303
     766       1.7804
     767       1.7318
     768       1.8333
     769       1.8314
     770       1.8432
     771       1.8767
     772       1.8074
     773       1.7292
     774       1.7806
     775       1.8148
     776       1.7795
     777       1.8410
     778       1.7776
     779       1.8681
     780       1.7253
     781       1.7914
     782       1.7394
     783       1.7848
     784       1.8193
     785       1.6977
     786       1.7436
     787       1.7595
     788       1.6972
     789       1.7194
     790       1.7460
     791       1.6441
     792       1.7491
     793       1.7655
     794       1.7347
     795       1.8000
     796       1.7818
     797       1.7251
     798       1.6773
     799       1.7158
     800       1.6801
     801       1.6980
     802       1.6330
     803       1.8045
     804       1.7638
     805       1.6365
     806       1.7566
     807       1.8102
     808       1.7529
     809       1.7796
     810       1.7840
     811       1.7591
     812       1.8018
     813       1.7598
     814       1.7395
     815       1.6832
     816       1.7825
     817       1.7344
     818       1.6761
     819       1.6902
     820       1.7191
     821       1.7114
     822       1.7612
     823       1.7059
     824       1.8111
     825       1.6560
     826       1.6529
     827       1.7129
     828       1.7043
     829       1.6755
     830       1.6410
     831       1.7089
     832       1.7613
     833       1.7188
     834       1.7130
     835       1.7228
     836       1.6549
     837       1.7195
     838       1.7151
     839       1.6579
     840       1.6810
     841       1.6836
     842       1.8915
     843       1.7889
     844       1.7836
     845       1.6405
     846       1.7520
     847       1.6917
     848       1.7243
     849       1.6921
     850       1.7543
     851       1.7264
     852       1.8077
     853       1.7836
     854       1.7412
     855       1.8589
     856       1.9251
     857       1.8675
     858       1.9153
     859       1.8480
     860       1.8117
     861       1.8681
     862       1.7731
     863       1.7195
     864       1.7043
     865       1.7289
     866       1.6070
     867       1.6695
     868       1.7074
     869       1.7451
     870       1.6120
     871       1.6269
     872       1.6177
     873       1.6123
     874       1.6436
     875       1.5658
     876       1.6712
     877       1.6838
     878       1.7407
     879       1.7622
     880       1.7584
     881       1.7088
     882       1.7717
     883       1.7183
     884       1.6899
     885       1.7435
     886       1.7109
     887       1.8128
     888       1.7085
     889       1.6893
     890       1.7153
     891       1.7856
     892       1.7232
     893       1.6816
     894       1.7984
     895       1.7301
     896       1.7945
     897       1.8240
     898       1.8388
     899       1.7284
     900       1.7386
     901       1.7832
     902       1.8356
     903       1.7783
     904       1.9035
     905       1.7177
     906       1.8706
     907       1.9813
     908       1.8433
     909       1.8584
     910       1.8655
     911       1.7689
     912       1.7584
     913       1.7398
     914       1.7492
     915       1.7724
     916       1.8519
     917       1.7639
     918       1.9021
     919       1.8620
     920       1.6760
     921       1.8865
     922       1.8079
     923       1.8187
     924       1.7887
     925       1.8114
     926       1.7635
     927       1.8426
     928       1.7895
     929       1.8275
     930       1.8218
     931       1.8011
     932       1.7625
     933       1.8102
     934       1.8089
     935       1.8862
     936       1.8970
     937       1.8950
     938       1.9003
     939       1.9200
     940       1.9126
     941       1.9260
     942       1.8829
     943       1.8913
     944       1.9763
     945       1.8500
     946       1.7783
     947       1.9231
     948       1.8002
     949       1.8005
     950       1.7658
     951       1.7897
     952       1.8184
     953       1.8659
     954       1.7772
     955       1.7624
     956       1.8014
     957       1.7555
     958       1.7599
     959       1.8606
     960       1.8017
     961       1.8004
     962       1.7806
     963       1.8574
     964       1.8248
     965       1.7742
     966       1.7813
     967       1.8331
     968       1.7557
     969       1.6248
     970       1.7599
     971       1.7228
     972       1.7099
     973       1.6886
     974       1.7306
     975       1.6748
     976       1.7425
     977       1.7900
     978       1.8099
     979       1.7156
     980       1.7068
     981       1.7177
     982       1.7451
     983       1.6952
     984       1.6482
     985       1.6723
     986       1.6987
     987       1.6331
     988       1.6301
     989       1.6723
     990       1.7281
     991       1.6694
     992       1.6549
     993       1.6663
     994       1.7155
     995       1.6202
     996       1.8364
     997       1.8795
     998       1.7818
     999       1.7177
    1000       1.7211
    1001       1.6913
    1002       1.7461
    1003       1.7404
    1004       1.6786
    1005       1.7025
    1006       1.7043
    1007       1.7427
    1008       1.7612
    1009       1.7093
    1010       1.7521
    1011       1.6890
    1012       1.6950
    1013       1.7585
    1014       1.6566
    1015       1.7781
    1016       1.7748
    1017       1.6119
    1018       1.7022
    1019       1.7004
    1020       1.6891
    1021       1.6758
    1022       1.7252
    1023       1.7214
    1024       1.6650
    1025       1.7521
    1026       1.6888
    1027       1.5894
    1028       1.5785
    1029       1.7439
    1030       1.6759
    1031       1.7147
    1032       1.6741
    1033       1.7228
    1034       1.7906
    1035       1.6595
    1036       1.7033
    1037       1.7428
    1038       1.7051
    1039       1.7589
    1040       1.7686
    1041       1.7177
    1042       1.7904
    1043       1.8152
    1044       1.7420
    1045       1.7823
    1046       1.8168
    1047       1.7252
    1048       1.8191
    1049       1.7858
    1050       1.8092
    1051       1.8425
    1052       1.7720
    1053       1.7890
    1054       1.8613
    1055       1.9412
    1056       1.8385
    1057       1.7475
    1058       1.6988
    1059       1.7403
    1060       1.8075
    1061       1.7621
    1062       1.7509
    1063       1.7577
    1064       1.7532
    1065       1.7470
    1066       1.7208
    1067       1.8255
    1068       1.7873
    1069       1.8305
    1070       1.8231
    1071       1.7700
    1072       1.8068
    1073       1.8057
    1074       1.8187
    1075       1.8385
    1076       1.7954
    1077       1.7916
    1078       1.8495
    1079       1.8212
    1080       1.7822
    1081       1.7600
    1082       1.7575
    1083       1.7560
    1084       1.7775
    1085       1.8588
    1086       1.9395
    1087       1.9067
    1088       1.7829
    1089       1.7706
    1090       1.8160
    1091       1.7476
    1092       1.7196
    1093       1.7837
    1094       1.7185
    1095       1.8752
    1096       1.7079
    1097       1.7491
    1098       1.8599
    1099       1.8763
    1100       1.9618
    1101       1.9441
    1102       1.9899
    1103       2.0185
    1104       1.8818
    1105       1.9129
    1106       1.9214
    1107       1.8800
    1108       1.8353
    1109       1.8094
    1110       1.9598
    1111       1.8680
    1112       1.9653
    1113       2.0028
    1114       1.9240
    1115       1.9161
    1116       1.8542
    1117       1.7616
    1118       1.7629
    1119       1.8311
    1120       1.8101
    1121       1.7959
    1122       1.8122
    1123       1.8507
    1124       1.8391
    1125       1.8302
    1126       1.7756
    1127       1.9055
    1128       1.7801
    1129       1.8609
    1130       1.8083
    1131       1.8331
    1132       1.8628
    1133       1.9356
    1134       1.7792
    1135       1.7961
    1136       1.7456
    1137       1.6947
    1138       1.8626
    1139       1.7377
    1140       1.7761
    1141       1.7449
    1142       1.8370
    1143       1.8598
    1144       1.8466
    1145       1.7752
    1146       1.7651
    1147       1.6987
    1148       1.7577
    1149       1.8138
    1150       1.7465
    1151       1.7033
    1152       1.8071
    1153       1.7172
    1154       1.7345
    1155       1.7921
    1156       1.7529
    1157       1.7505
    1158       1.7517
    1159       1.8493
    1160       1.8952
    1161       1.9848
    1162       1.9209
    1163       1.8136
    1164       1.9128
    1165       1.8948
    1166       1.8551
    1167       1.9000
    1168       2.0202
    1169       1.8874
    1170       2.0416
    1171       1.9343
    1172       1.9375
    1173       1.9177
    1174       1.9298
    1175       1.7885
    1176       1.8571
    1177       1.8779
    1178       1.8351
    1179       1.8450
    1180       2.1233
    1181       2.2020
    1182       2.3014
    1183       2.3407
    1184       2.3127
    1185       2.4450
    1186       2.3571
    1187       2.2738
    1188       2.4212
    1189       2.2569
    1190       2.2326
    1191       2.2377
    1192       2.3043
    1193       2.2791
    1194       2.3472
    1195       2.3934
    1196       2.2972
    1197       2.3048
    1198       2.3316
    1199       2.2984
    1200       2.3352
    1201       2.2910
    1202       2.2884
    1203       2.4089
    1204       2.3551
    1205       2.3028
    1206       2.4131
    1207       2.3819
    1208       2.2578
    1209       2.1695
    1210       2.2142
    1211       2.1431
    1212       2.1462
    1213       2.1547
    1214       2.1477
    1215       2.2213
    1216       2.1763
    1217       2.1466
    1218       2.2067
    1219       2.1401
    1220       2.2656
    1221       2.2349
    1222       2.2048
    1223       2.1838
    1224       2.2948
    1225       2.3185
    1226       2.2212
    1227       2.2491
    1228       2.2662
    1229       2.3014
    1230       2.3396
    1231       2.2538
    1232       2.2860
    1233       2.3008
    1234       2.2321
    1235       2.2144
    1236       2.2923
    1237       2.1871
    1238       2.1914
    1239       2.3060
    1240       2.1444
    1241       2.2365
    1242       2.2654
    1243       2.2948
    1244       2.3062
    1245       2.3381
    1246       2.2809
    1247       2.3096
    1248       2.1829
    1249       2.1855
    1250       2.2905
    1251       2.2798
    1252       2.3401
    1253       2.3585
    1254       2.4474
    1255       2.2978
    1256       2.2919
    1257       2.3289
    1258       2.2036
    1259       2.3465
    1260       2.2748
    1261       2.4119
    1262       2.3588
    1263       2.2798
    1264       2.3141
    1265       2.3210
    1266       2.3818
    1267       2.3881
    1268       2.3369
    1269       2.3316
    1270       2.2945
    1271       2.2881
    1272       2.3180
    1273       2.2136
    1274       2.2390
    1275       2.2701
    1276       2.3288
    1277       2.3063
    1278       2.2687
    1279       2.2363
    1280       2.3008
    1281       2.3698
    1282       2.3699
    1283       2.4196
    1284       2.4492
    1285       2.4624
    1286       2.3150
    1287       2.2835
    1288       2.2837
    1289       2.3125
    1290       2.3596
    1291       2.4164
    1292       2.2833
    1293       2.3310
    1294       2.3301
    1295       2.3170
    1296       2.3817
    1297       2.3802
    1298       2.4063
    1299       2.3857
    1300       2.3720
    1301       2.3409
    1302       2.3947
    1303       2.3907
    1304       2.3508
    1305       2.4078
    1306       2.3551
    1307       2.3705
    1308       2.3501
    1309       2.3994
    1310       2.3695
    1311       2.3442
    1312       2.3828
    1313       2.3689
    1314       2.3680
    1315       2.3656
    1316       2.3833
    1317       2.4018
    1318       2.2887
    1319       2.4384
    1320       2.3594
    1321       2.2933
    1322       2.3400
    1323       2.3973
    1324       2.3823
    1325       2.3625
    1326       2.4218
    1327       2.4974
    1328       2.4544
    1329       2.4321
    1330       2.3966
    1331       2.3492
    1332       2.3300
    1333       2.3161
    1334       2.3251
    1335       2.3410
    1336       2.3942
    1337       2.3415
    1338       2.2870
    1339       2.2997
    1340       2.3657
    1341       2.3912
    1342       2.3463
    1343       2.3410
    1344       2.3269
    1345       2.3863
    1346       2.3978
    1347       2.3397
    1348       2.4130
    1349       2.3208
    1350       2.3528
    1351       2.3920
    1352       2.4284
    1353       2.5068
    1354       2.3458
    1355       2.3477
    1356       2.3857
    1357       2.2862
    1358       2.3486
    1359       2.3170
    1360       2.3271
    1361       2.2417
    1362       2.2965
    1363       2.4113
    1364       2.4150
    1365       2.3662
    1366       2.3342
    1367       2.4502
    1368       2.3056
    1369       2.3521
    1370       2.3001
    1371       2.3301
    1372       2.3677
    1373       2.2626
    1374       2.2837
    1375       2.3411
    1376       2.3054
    1377       2.3204
    1378       2.3496
    1379       2.3629
    1380       2.3398
    1381       2.3384
    1382       2.3354
    1383       2.4199
    1384       2.2970
    1385       2.2431
    1386       2.3442
    1387       2.3209
    1388       2.2804
    1389       2.3896
    1390       2.3103
    1391       2.4164
    1392       2.3846
    1393       2.3996
    1394       2.2188
    1395       2.2748
    1396       2.2850
    1397       2.3094
    1398       2.3622
    1399       2.3690
    1400       2.2926
    1401       2.3826
    1402       2.2858
    1403       2.2587
    1404       2.2743
    1405       2.2423
    1406       2.3700
    1407       2.3607
    1408       2.2767
    1409       2.3374
    1410       2.3110
    1411       2.3548
    1412       2.2509
    1413       2.2864
    1414       2.3299
    1415       2.2960
    1416       2.2858
    1417       2.2426
    1418       2.2677
    1419       2.2845
    1420       2.3396
    1421       2.3237
    1422       2.3422
    1423       2.2475
    1424       2.1945
    1425       2.1848
    1426       2.2750
    1427       2.2775
    1428       2.3467
    1429       2.3687
    1430       2.3683
    1431       2.3423
    1432       2.3238
    1433       2.3369
    1434       2.3461
    1435       2.3776
    1436       2.3795
    1437       2.3486
    1438       2.3735
    1439       2.2363
    1440       2.2975
    1441       2.2785
    1442       2.3480
    1443       2.3757
    1444       2.3535
    1445       2.3348
    1446       2.3940
    1447       2.2946
    1448       2.4149
    1449       2.3119
    1450       2.3086
    1451       2.3540
    1452       2.3662
    1453       2.3770
    1454       2.4160
    1455       2.3723
    1456       2.4631
    1457       2.4588
    1458       2.3354
    1459       2.4055
    1460       2.3003
    1461       2.4003
    1462       2.3480
    1463       2.2268
    1464       2.2827
    1465       2.3038
    1466       2.3088
    1467       2.3050
    1468       2.3431
    1469       2.3784
    1470       2.2711
    1471       2.3518
    1472       2.3458
    1473       2.2822
    1474       2.2447
    1475       2.2885
    1476       2.3806
    1477       2.3384
    1478       2.2910
    1479       2.3531
    1480       2.3123
    1481       2.3592
    1482       2.4160
    1483       2.3809
    1484       2.4340
    1485       2.3914
    1486       2.3543
    1487       2.2867
    1488       2.2799
    1489       2.3225
    1490       2.3597
    1491       2.4534
    1492       2.2902
    1493       2.3383
    1494       2.3083
    1495       2.3514
    1496       2.3275
    1497       2.3423
    1498       2.3110
    1499       2.2844
    1500       2.2292
    1501       2.2628
    1502       2.3318
    1503       2.3257
    1504       2.3773
    1505       2.2955
    1506       2.3289
    1507       2.4440
    1508       2.3086
    1509       2.2749
    1510       2.2345
    1511       2.2500
    1512       2.3341
    1513       2.3020
    1514       2.2312
    1515       2.3594
    1516       2.3200
    1517       2.2670
    1518       2.3224
    1519       2.3825
    1520       2.4203
    1521       2.3776
    1522       2.3609
    1523       2.2604
    1524       2.2801
    1525       2.3101
    1526       2.3136
    1527       2.2230
    1528       2.2547
    1529       2.4091
    1530       2.3880
    1531       2.2649
    1532       2.3729
    1533       2.4011
    1534       2.2931
    1535       2.4076
    1536       2.3455
    1537       2.3912
    1538       2.3349
    1539       2.3402
    1540       2.3208
    1541       2.3248
    1542       2.4033
    1543       2.3926
    1544       2.3861
    1545       2.3176
    1546       2.3293
    1547       2.3396
    1548       2.3029
    1549       2.4111
    1550       2.4035
    1551       2.3320
    1552       2.3953
    1553       2.3361
    1554       2.3474
    1555       2.3323
    1556       2.4185
    1557       2.3201
    1558       2.4275
    1559       2.3437
    1560       2.3831
    1561       2.3142
    1562       2.3177
    1563       2.3650
    1564       2.3934
    1565       2.3731
    1566       2.2788
    1567       2.3922
    1568       2.3211
    1569       2.2778
    1570       2.2858
    1571       2.3154
    1572       2.3592
    1573       2.4399
    1574       2.3194
    1575       2.3696
    1576       2.4090
    1577       2.3760
    1578       2.2864
    1579       2.3379
    1580       2.2900
    1581       2.2892
    1582       2.3163
    1583       2.3040
    1584       2.3425
    1585       2.3589
    1586       2.3905
    1587       2.3286
    1588       2.3455
    1589       2.3062
    1590       2.3422
    1591       2.2506
    1592       2.2637
    1593       2.3020
    1594       2.2848
    1595       2.2948
    1596       2.4179
    1597       2.3603
    1598       2.3574
    1599       2.3909
    1600       2.3949
    1601       2.3539
    1602       2.3577
    1603       2.4132
    1604       2.3413
    1605       2.2874
    1606       2.3432
    1607       2.3681
    1608       2.3016
    1609       2.3183
    1610       2.3083
    1611       2.3187
    1612       2.3605
    1613       2.3221
    1614       2.3252
    1615       2.3735
    1616       2.3466
    1617       2.3575
    1618       2.2707
    1619       2.3669
    1620       2.2871
    1621       2.2451
    1622       2.2289
    1623       2.2276
    1624       2.4062
    1625       2.3725
    1626       2.3935
    1627       2.2525
    1628       2.3071
    1629       2.3588
    1630       2.3400
    1631       2.3276
    1632       2.3281
    1633       2.2644
    1634       2.2525
    1635       2.2712
    1636       2.2882
    1637       2.2595
    1638       2.2419
    1639       2.2932
    1640       2.3076
    1641       2.2001
    1642       2.3612
    1643       2.2865
    1644       2.2565
    1645       2.2828
    1646       2.3026
    1647       2.2368
    1648       2.2794
    1649       2.2238
    1650       2.3461
    1651       2.3635
    1652       2.4185
    1653       2.2976
    1654       2.3540
    1655       2.2939
    1656       2.3374
    1657       2.3675
    1658       2.2591
    1659       2.3453
    1660       2.2886
    1661       2.2196
    1662       2.2977
    1663       2.2941
    1664       2.2704
    1665       2.2922
    1666       2.2048
    1667       2.2844
    1668       2.3209
    1669       2.3788
    1670       2.3540
    1671       2.3979
    1672       2.3630
    1673       2.3488
    1674       2.3426
    1675       2.3304
    1676       2.2757
    1677       2.3059
    1678       2.3219
    1679       2.2961
    1680       2.2278
    1681       2.3288
    1682       2.2393
    1683       2.3065
    1684       2.3466
    1685       2.3094
    1686       2.3126
    1687       2.3595
    1688       2.3490
    1689       2.3478
    1690       2.3405
    1691       2.3392
    1692       2.2635
    1693       2.3089
    1694       2.2319
    1695       2.2448
    1696       2.2631
    1697       2.2403
    1698       2.3629
    1699       2.3106
    1700       2.2869
    1701       2.2622
    1702       2.3327
    1703       2.3216
    1704       2.2389
    1705       2.3438
    1706       2.2910
    1707       2.2910
    1708       2.3458
    1709       2.2994
    1710       2.3358
    1711       2.3124
    1712       2.3455
    1713       2.3125
    1714       2.2998
    1715       2.2677
    1716       2.3182
    1717       2.1877
    1718       2.2320
    1719       2.2809
    1720       2.2417
    1721       2.2715
    1722       2.2442
    1723       2.2889
    1724       2.2284
    1725       2.2436
    1726       2.2725
    1727       2.2894
    1728       2.2809
    1729       2.2669
    1730       2.3173
    1731       2.1859
    1732       2.2024
    1733       2.2593
    1734       2.3043
    1735       2.3620
    1736       2.2465
    1737       2.2704
    1738       2.3132
    1739       2.2864
    1740       2.3367
    1741       2.3240
    1742       2.2758
    1743       2.3174
    1744       2.2945
    1745       2.3306
    1746       2.2721
    1747       2.2543
    1748       2.3240
    1749       2.3176
    1750       2.1952
    1751       2.3578
    1752       2.2964
    1753       2.2577
    1754       2.2716
    1755       2.3297
    1756       2.2942
    1757       2.3046
    1758       2.3121
    1759       2.2267
    1760       2.1990
    1761       2.2806
    1762       2.2409
    1763       2.2497
    1764       2.1809
    1765       2.2126
    1766       2.2725
    1767       2.2995
    1768       2.3057
    1769       2.3125
    1770       2.3091
    1771       2.2632
    1772       2.3124
    1773       2.3130
    1774       2.3142
    1775       2.2691
    1776       2.2187
    1777       2.2654
    1778       2.2609
    1779       2.3495
    1780       2.2533
    1781       2.2405
    1782       2.2960
    1783       2.1694
    1784       2.2859
    1785       2.2483
    1786       2.1899
    1787       2.2581
    1788       2.2368
    1789       2.3032
    1790       2.2997
    1791       2.3329
    1792       2.2767
    1793       2.2925
    1794       2.3751
    1795       2.3192
    1796       2.3726
    1797       2.2704
    1798       2.3298
    1799       2.3552
    1800       2.3174
    1801       2.3396
    1802       2.3110
    1803       2.3656
    1804       2.2930
    1805       2.2427
    1806       2.3149
    1807       2.1976
    1808       2.1972
    1809       2.2180
    1810       2.2301
    1811       2.2743
    1812       2.2581
    1813       2.2993
    1814       2.2798
    1815       2.2961
    1816       2.2425
    1817       2.2700
    1818       2.2784
    1819       2.2736
    1820       2.2614
    1821       2.2439
    1822       2.3190
    1823       2.3420
    1824       2.2724
    1825       2.2324
    1826       2.2505
    1827       2.2503
    1828       2.4013
    1829       2.3314
    1830       2.2808
    1831       2.2943
    1832       2.4114
    1833       2.2953
    1834       2.2916
    1835       2.2919
    1836       2.3126
    1837       2.4013
    1838       2.3689
    1839       2.2439
    1840       2.2878
    1841       2.3657
    1842       2.2879
    1843       2.4071
    1844       2.3834
    1845       2.3265
    1846       2.3960
    1847       2.3459
    1848       2.3604
    1849       2.3971
    1850       2.3912
    1851       2.3325
    1852       2.4205
    1853       2.4488
    1854       2.3643
    1855       2.3854
    1856       2.4416
    1857       2.3567
    1858       2.3639
    1859       2.3396
    1860       2.3621
    1861       2.3605
    1862       2.4195
    1863       2.3072
    1864       2.3645
    1865       2.2817
    1866       2.4081
    1867       2.3894
    1868       2.3185
    1869       2.3268
    1870       2.2875
    1871       2.3188
    1872       2.2296
    1873       2.3375
    1874       2.3575
    1875       2.2685
    1876       2.2958
    1877       2.2237
    1878       2.2470
    1879       2.2162
    1880       2.3162
    1881       2.3252
    1882       2.2254
    1883       2.2366
    1884       2.2463
    1885       2.3355
    1886       2.2160
    1887       2.2403
    1888       2.2393
    1889       2.2806
    1890       2.3272
    1891       2.2075
    1892       2.2523
    1893       2.2195
    1894       2.3259
    1895       2.3515
    1896       2.3140
    1897       2.2971
    1898       2.2737
    1899       2.2820
    1900       2.3708
    1901       2.2758
    1902       2.3374
    1903       2.3504
    1904       2.2488
    1905       2.3305
    1906       2.3866
    1907       2.3890
    1908       2.3439
    1909       2.4147
    1910       2.2959
    1911       2.2973
    1912       2.2915
    1913       2.2443
    1914       2.2602
    1915       2.2291
    1916       2.3004
    1917       2.3152
    1918       2.3137
    1919       2.3105
    1920       2.3110
    1921       2.2316
    1922       2.2162
    1923       2.2249
    1924       2.3088
    1925       2.3821
    1926       2.2724
    1927       2.3300
    1928       2.2990
    1929       2.4140
    1930       2.3512
    1931       2.1614
    1932       2.2611
    1933       2.3151
    1934       2.3103
    1935       2.2419
    1936       2.3071
    1937       2.1727
    1938       2.2243
    1939       2.2634
    1940       2.2656
    1941       2.2981
    1942       2.2257
    1943       2.2529
    1944       2.2366
    1945       2.2810
    1946       2.2614
    1947       2.2761
    1948       2.2782
    1949       2.2683
    1950       2.2117
    1951       2.2770
    1952       2.2998
    1953       2.2459
    1954       2.3143
    1955       2.3463
    1956       2.2504
    1957       2.3465
    1958       2.2472
    1959       2.2657
    1960       2.2556
    1961       2.2314
    1962       2.2968
    1963       2.3016
    1964       2.3516
    1965       2.2567
    1966       2.2844
    1967       2.2514
    1968       2.2902
    1969       2.4337
    1970       2.3173
    1971       2.3741
    1972       2.3701
    1973       2.3594
    1974       2.4406
    1975       2.3480
    1976       2.4128
    1977       2.3853
    1978       2.4050
    1979       2.3875
    1980       2.3637
    1981       2.2870
    1982       2.2930
    1983       2.3772
    1984       2.3236
    1985       2.2483
    1986       2.3417
    1987       2.3100
    1988       2.3124
    1989       2.3550
    1990       2.5049
    1991       2.4052
    1992       2.4695
    1993       2.3844
    1994       2.4423
    1995       2.4741
    1996       2.3882
    1997       2.3421
    1998       2.4301
    1999       2.4757
    2000       2.3715
    2001       2.4396
    2002       2.3975
    2003       2.3790
    2004       2.4292
    2005       2.4020
    2006       2.4225
    2007       2.4006
    2008       2.4730
    2009       2.3976
    2010       2.3306
    2011       2.3941
    2012       2.4249
    2013       2.4470
    2014       2.3934
    2015       2.4110
    2016       2.4974
    2017       2.3141
    2018       2.3329
    2019       2.3519
    2020       2.3856
    2021       2.4446
    2022       2.4092
    2023       2.2123
    2024       2.4546
    2025       2.3957
    2026       2.3518
    2027       2.3639
    2028       2.3583
    2029       2.3810
    2030       2.3726
    2031       2.3489
    2032       2.3945
    2033       2.3994
    2034       2.3090
    2035       2.4158
    2036       2.3459
    2037       2.3933
    2038       2.3272
    2039       2.3469
    2040       2.3800
    2041       2.3692
    2042       2.2871
    2043       2.3648
    2044       2.3938
    2045       2.3869
    2046       2.3845
    2047       2.2977
    2048       2.3304
    2049       2.3478
    2050       2.3727
    2051       2.3181
    2052       2.2542
    2053       2.3899
    2054       2.3783
    2055       2.4615
    2056       2.3613
    2057       2.4751
    2058       2.4769
    2059       2.4009
    2060       2.3458
    2061       2.3719
    2062       2.4244
    2063       2.4395
    2064       2.5165
    2065       2.4420
    2066       2.3869
    2067       2.3920
    2068       2.4279
    2069       2.3320
    2070       2.3423
    2071       2.3938
    2072       2.2844
    2073       2.2387
    2074       2.3439
    2075       2.3680
    2076       2.2997
    2077       2.2785
    2078       2.2918
    2079       2.3877
    2080       2.3764
    2081       2.2629
    2082       2.2402
    2083       2.3013
    2084       2.2364
    2085       2.3706
    2086       2.2622
    2087       2.3388
    2088       2.2887
    2089       2.2983
    2090       2.3184
    2091       2.3112
    2092       2.2970
    2093       2.3502
    2094       2.2967
    2095       2.2738
    2096       2.3066
    2097       2.3642
    2098       2.2590
    2099       2.3644
    2100       2.2693
    2101       2.2940
    2102       2.2714
    2103       2.3265
    2104       2.3505
    2105       2.3789
    2106       2.3298
    2107       2.2801
    2108       2.3129
    2109       2.2307
    2110       2.2556
    2111       2.3099
    2112       2.3341
    2113       2.3858
    2114       2.3557
    2115       2.2738
    2116       2.3177
    2117       2.3222
    2118       2.3409
    2119       2.3262
    2120       2.3844
    2121       2.3192
    2122       2.2768
    2123       2.2760
    2124       2.3076
    2125       2.3257
    2126       2.2991
    2127       2.2722
    2128       2.2639
    2129       2.3124
    2130       2.2530
    2131       2.3313
    2132       2.2861
    2133       2.3084
    2134       2.2269
    2135       2.3913
    2136       2.3114
    2137       2.2481
    2138       2.4026
    2139       2.3135
    2140       2.3741
    2141       2.4060
    2142       2.2432
    2143       2.2450
    2144       2.3286
    2145       2.4165
    2146       2.3082
    2147       2.3278
    2148       2.3983
    2149       2.3362
    2150       2.3602
    2151       2.2831
    2152       2.3352
    2153       2.3156
    2154       2.3358
    2155       2.2830
    2156       2.3372
    2157       2.3256
    2158       2.2837
    2159       2.3524
    2160       2.4180
    2161       2.4119
    2162       2.2617
    2163       2.3110
    2164       2.2458
    2165       2.3206
    2166       2.3719
    2167       2.3760
    2168       2.3343
    2169       2.3400
    2170       2.3648
    2171       2.3320
    2172       2.3283
    2173       2.3573
    2174       2.3861
    2175       2.3847
    2176       2.4096
    2177       2.4036
    2178       2.4065
    2179       2.3164
    2180       2.2884
    2181       2.2275
    2182       2.3354
    2183       2.3076
    2184       2.3218
    2185       2.3308
    2186       2.3810
    2187       2.3303
    2188       2.3153
    2189       2.2967
    2190       2.3261
    2191       2.3500
    2192       2.3792
    2193       2.3724
    2194       2.3399
    2195       2.2774
    2196       2.2115
    2197       2.2586
    2198       2.1760
    2199       2.2678
    2200       2.2584
    2201       2.1938
    2202       2.2530
    2203       2.2159
    2204       2.2882
    2205       2.2753
    2206       2.2405
    2207       2.2334
    2208       2.2488
    2209       2.3399
    2210       2.2084
    2211       2.3544
    2212       2.3506
    2213       2.4231
    2214       2.3135
    2215       2.2971
    2216       2.3543
    2217       2.3763
    2218       2.3184
    2219       2.4200
    2220       2.3727
    2221       2.3951
    2222       2.3287
    2223       2.3562
    2224       2.4063
    2225       2.3218
    2226       2.4318
    2227       2.4373
    2228       2.3590
    2229       2.3365
    2230       2.3949
    2231       2.4849
    2232       2.3923
    2233       2.2738
    2234       2.3458
    2235       2.3096
    2236       2.2637
    2237       2.3441
    2238       2.3476
    2239       2.3192
    2240       2.3371
    2241       2.3273
    2242       2.3566
    2243       2.3431
    2244       2.2752
    2245       2.3082
    2246       2.3012
    2247       2.3152
    2248       2.3782
    2249       2.3336
    2250       2.3192
    2251       2.4192
    2252       2.3697
    2253       2.3304
    2254       2.3850
    2255       2.4290
    2256       2.3181
    2257       2.3218
    2258       2.3518
    2259       2.3023
    2260       2.3701
    2261       2.4341
    2262       2.3716
    2263       2.3814
    2264       2.4137
    2265       2.3295
    2266       2.3840
    2267       2.3604
    2268       2.3315
    2269       2.4048
    2270       2.3612
    2271       2.4552
    2272       2.3969
    2273       2.4184
    2274       2.4807
    2275       2.4848
    2276       2.4712
    2277       2.4823
    2278       2.4152
    2279       2.5027
    2280       2.4282
    2281       2.3586
    2282       2.3745
    2283       2.3668
    2284       2.4034
    2285       2.3189
    2286       2.4189
    2287       2.4347
    2288       2.4120
    2289       2.4401
    2290       2.3245
    2291       2.4290
    2292       2.3145
    2293       2.3892
    2294       2.3453
    2295       2.3672
    2296       2.4021
    2297       2.3678
    2298       2.4688
    2299       2.4333
    2300       2.4434
    2301       2.3664
    2302       2.3427
    2303       2.3580
    2304       2.4626
    2305       2.4084
    2306       2.3390
    2307       2.4209
    2308       2.4330
    2309       2.4338
    2310       2.3547
    2311       2.3334
    2312       2.4498
    2313       2.4415
    2314       2.4453
    2315       2.3701
    2316       2.4911
    2317       2.4475
    2318       2.4901
    2319       2.4554
    2320       2.4303
    2321       2.4045
    2322       2.3965
    2323       2.3665
    2324       2.3449
    2325       2.3714
    2326       2.3109
    2327       2.3501
    2328       2.3827
    2329       2.3935
    2330       2.4402
    2331       2.3637
    2332       2.3509
    2333       2.3231
    2334       2.4068
    2335       2.3753
    2336       2.3749
    2337       2.3610
    2338       2.4258
    2339       2.4130
    2340       2.2665
    2341       2.3575
    2342       2.3969
    2343       2.3573
    2344       2.2769
    2345       2.3456
    2346       2.3302
    2347       2.3596
    2348       2.3512
    2349       2.3275
    2350       2.2938
    2351       2.3320
    2352       2.3368
    2353       2.3356
    2354       2.3496
    2355       2.4281
    2356       2.2882
    2357       2.3548
    2358       2.3730
    2359       2.3327
    2360       2.3738
    2361       2.4353
    2362       2.4040
    2363       2.3347
    2364       2.4005
    2365       2.3321
    2366       2.3365
    2367       2.2692
    2368       2.3312
    2369       2.3928
    2370       2.3783
    2371       2.3218
    2372       2.3350
    2373       2.3540
    2374       2.2911
    2375       2.3837
    2376       2.3035
    2377       2.3335
    2378       2.3674
    2379       2.3647
    2380       2.3762
    2381       2.4342
    2382       2.3688
    2383       2.3878
    2384       2.4031
    2385       2.3405
    2386       2.3497
    2387       2.3319
    2388       2.2729
    2389       2.3158
    2390       2.3790
    2391       2.3706
    2392       2.2982
    2393       2.3625
    2394       2.3167
    2395       2.3338
    2396       2.3469
    2397       2.3469
    2398       2.2932
    2399       2.3449
    2400       2.3262
    2401       2.2874
    2402       2.3055
    2403       2.4217
    2404       2.3055
    2405       2.3594
    2406       2.3164
    2407       2.2854
    2408       2.3944
    2409       2.3813
    2410       2.3791
    2411       2.2236
    2412       2.3011
    2413       2.3487
    2414       2.2784
    2415       2.3057
    2416       2.2766
    2417       2.2774
    2418       2.2927
    2419       2.3525
    2420       2.2492
    2421       2.3809
    2422       2.2820
    2423       2.3549
    2424       2.3509
    2425       2.3236
    2426       2.3288
    2427       2.4028
    2428       2.3842
    2429       2.3042
    2430       2.2955
    2431       2.3885
    2432       2.3091
    2433       2.3297
    2434       2.3393
    2435       2.3746
    2436       2.3253
    2437       2.3789
    2438       2.3307
    2439       2.3233
    2440       2.3090
    2441       2.3421
    2442       2.3466
    2443       2.3254
    2444       2.3593
    2445       2.3207
    2446       2.3476
    2447       2.3127
    2448       2.3180
    2449       2.3137
    2450       2.3241
    2451       2.2989
    2452       2.2625
    2453       2.2713
    2454       2.2751
    2455       2.2914
    2456       2.2613
    2457       2.2691
    2458       2.2940
    2459       2.3993
    2460       2.3083
    2461       2.2676
    2462       2.3266
    2463       2.4207
    2464       2.3398
    2465       2.3845
    2466       2.3493
    2467       2.2371
    2468       2.2943
    2469       2.3249
    2470       2.3497
    2471       2.2617
    2472       2.3251
    2473       2.3672
    2474       2.3344
    2475       2.3805
    2476       2.3890
    2477       2.2763
    2478       2.2857
    2479       2.2061
    2480       2.3243
    2481       2.2526
    2482       2.3393
    2483       2.2321
    2484       2.2376
    2485       2.2010
    2486       2.2261
    2487       2.1670
    2488       2.1967
    2489       2.2378
    2490       2.2733
    2491       2.4010
    2492       2.3443
    2493       2.2870
    2494       2.3208
    2495       2.2584
    2496       2.3543
    2497       2.2731
    2498       2.3293
    2499       2.4009
    2500       2.4030
    2501       2.4194
    2502       2.3591
    2503       2.2856
    2504       2.3613
    2505       2.3328
    2506       2.4261
    2507       2.3632
    2508       2.2871
    2509       2.3682
    2510       2.3218
    2511       2.3791
    2512       2.3486
    2513       2.3208
    2514       2.3115
    2515       2.2924
    2516       2.3377
    2517       2.3800
    2518       2.3666
    2519       2.3293
    2520       2.3847
    2521       2.3106
    2522       2.2990
    2523       2.4103
    2524       2.2274
    2525       2.3700
    2526       2.3289
    2527       2.3442
    2528       2.3142
    2529       2.2851
    2530       2.3125
    2531       2.2890
    2532       2.2701
    2533       2.3025
    2534       2.2999
    2535       2.3029
    2536       2.3036
    2537       2.2310
    2538       2.2126
    2539       2.3058
    2540       2.3108
    2541       2.4100
    2542       2.3567
    2543       2.3825
    2544       2.4220
    2545       2.3582
    2546       2.3186
    2547       2.3871
    2548       2.3556
    2549       2.2682
    2550       2.3792
    2551       2.3839
    2552       2.4354
    2553       2.4241
    2554       2.4346
    2555       2.3985
    2556       2.4323
    2557       2.4471
    2558       2.3529
    2559       2.4197
    2560       2.4768
    2561       2.3436
    2562       2.3548
    2563       2.3805
    2564       2.3631
    2565       2.4281
    2566       2.5142
    2567       2.4478
    2568       2.4980
    2569       2.5910
    2570       2.4816
    2571       2.4373
    2572       2.4301
    2573       2.4610
    2574       2.5246
    2575       2.3643
    2576       2.3311
    2577       2.4965
    2578       2.4957
    2579       2.5387
    2580       2.4412
    2581       2.4028
    2582       2.4109
    2583       2.5129
    2584       2.5521
    2585       2.4948
    2586       2.4583
    2587       2.5892
    2588       2.5479
    2589       2.5124
    2590       2.5100
    2591       2.4756
    2592       2.4233
    2593       2.4643
    2594       2.6473
    2595       2.5609
    2596       2.5923
    2597       2.5617
    2598       2.6107
    2599       2.4927
    2600       2.5382
    2601       2.5180
    2602       2.5540
    2603       2.4998
    2604       2.4867
    2605       2.6171
    2606       2.5308
    2607       2.5472
    2608       2.5971
    2609       2.4739
    2610       2.6189
    2611       2.5364
    2612       2.5037
    2613       2.3909
    2614       2.4283
    2615       2.5084
    2616       2.5198
    2617       2.5127
    2618       2.5978
    2619       2.4645
    2620       2.4780
    2621       2.5053
    2622       2.4816
    2623       2.5906
    2624       2.5235
    2625       2.4906
    2626       2.4675
    2627       2.5192
    2628       2.5194
    2629       2.5203
    2630       2.5319
    2631       2.5775
    2632       2.4968
    2633       2.5185
    2634       2.5571
    2635       2.5869
    2636       2.5732
    2637       2.4997
    2638       2.4787
    2639       2.4936
    2640       2.5262
    2641       2.5269
    2642       2.5320
    2643       2.5041
    2644       2.5187
    2645       2.4785
    2646       2.4653
    2647       2.4726
    2648       2.4011
    2649       2.4451
    2650       2.4520
    2651       2.4628
    2652       2.5528
    2653       2.5069
    2654       2.4545
    2655       2.5040
    2656       2.4396
    2657       2.5080
    2658       2.5415
    2659       2.6430
    2660       2.5142
    2661       2.4675
    2662       2.3054
    2663       2.4077
    2664       2.4063
    2665       2.2935
    2666       2.4249
    2667       2.4243
    2668       2.3776
    2669       2.3866
    2670       2.3311
    2671       2.3633
    2672       2.4899
    2673       2.4227
    2674       2.3959
    2675       2.3412
    2676       2.4623
    2677       2.4622
    2678       2.4392
    2679       2.4657
    2680       2.3494
    2681       2.3313
    2682       2.2903
    2683       2.3681
    2684       2.3942
    2685       2.2877
    2686       2.4777
    2687       2.4641
    2688       2.4403
    2689       2.3583
    2690       2.3049
    2691       2.3696
    2692       2.3607
    2693       2.3122
    2694       2.3035
    2695       2.3271
    2696       2.3842
    2697       2.3422
    2698       2.3527
    2699       2.3392
    2700       2.3253
    2701       2.3321
    2702       2.3132
    2703       2.3660
    2704       2.3839
    2705       2.3219
    2706       2.2764
    2707       2.3050
    2708       2.3561
    2709       2.3525
    2710       2.3535
    2711       2.3690
    2712       2.3731
    2713       2.3932
    2714       2.3703
    2715       2.4369
    2716       2.4275
    2717       2.4336
    2718       2.3067
    2719       2.3550
    2720       2.3955
    2721       2.3859
    2722       2.3835
    2723       2.3975
    2724       2.3739
    2725       2.3076
    2726       2.4207
    2727       2.4266
    2728       2.4092
    2729       2.4099
    2730       2.2987
    2731       2.3577
    2732       2.3826
    2733       2.3311
    2734       2.3313
    2735       2.3458
    2736       2.2827
    2737       2.3178
    2738       2.3070
    2739       2.3620
    2740       2.3274
    2741       2.3988
    2742       2.4899
    2743       2.3562
    2744       2.3563
    2745       2.4112
    2746       2.3360
    2747       2.3973
    2748       2.4217
    2749       2.3768
    2750       2.3212
    2751       2.3352
    2752       2.3632
    2753       2.3903
    2754       2.3572
    2755       2.3546
    2756       2.3030
    2757       2.4259
    2758       2.3943
    2759       2.4212
    2760       2.4276
    2761       2.4381
    2762       2.3801
    2763       2.4610
    2764       2.3748
    2765       2.3601
    2766       2.3470
    2767       2.3932
    2768       2.3317
    2769       2.2826
    2770       2.4335
    2771       2.3631
    2772       2.2604
    2773       2.3670
    2774       2.3461
    2775       2.3421
    2776       2.3208
    2777       2.2783
    2778       2.3169
    2779       2.2664
    2780       2.3199
    2781       2.3454
    2782       2.2679
    2783       2.4035
    2784       2.3778
    2785       2.3879
    2786       2.3968
    2787       2.3381
    2788       2.3555
    2789       2.3323
    2790       2.3783
    2791       2.3729
    2792       2.4239
    2793       2.4132
    2794       2.3046
    2795       2.3909
    2796       2.3831
    2797       2.3301
    2798       2.3675
    2799       2.3920
    2800       2.3341
    2801       2.4248
    2802       2.4604
    2803       2.4092
    2804       2.3731
    2805       2.3487
    2806       2.3017
    2807       2.2997
    2808       2.3921
    2809       2.3815
    2810       2.2688
    2811       2.2657
    2812       2.2310
    2813       2.3034
    2814       2.2640
    2815       2.3416
    2816       2.3486
    2817       2.3225
    2818       2.3501
    2819       2.3077
    2820       2.3236
    2821       2.2776
    2822       2.2749
    2823       2.3212
    2824       2.4824
    2825       2.4781
    2826       2.3180
    2827       2.3435
    2828       2.2729
    2829       2.2887
    2830       2.3353
    2831       2.3204
    2832       2.2392
    2833       2.3428
    2834       2.3684
    2835       2.3353
    2836       2.3973
    2837       2.3521
    2838       2.3488
    2839       2.3749
    2840       2.3999
    2841       2.4294
    2842       2.3150
    2843       2.3661
    2844       2.3456
    2845       2.3415
    2846       2.2719
    2847       2.2660
    2848       2.2940
    2849       2.4026
    2850       2.2882
    2851       2.2869
    2852       2.2178
    2853       2.2451
    2854       2.3124
    2855       2.2860
    2856       2.2902
    2857       2.3320
    2858       2.4036
    2859       2.3733
    2860       2.3066
    2861       2.3228
    2862       2.5135
    2863       2.4662
    2864       2.3951
    2865       2.4019
    2866       2.4733
    2867       2.3692
    2868       2.4547
    2869       2.3932
    2870       2.4475
    2871       2.4228
    2872       2.4475
    2873       2.4314
    2874       2.4812
    2875       2.3534
    2876       2.4129
    2877       2.3534
    2878       2.3451
    2879       2.3880
    2880       2.3930
    2881       2.4929
    2882       2.4185
    2883       2.4148
    2884       2.4301
    2885       2.4788
    2886       2.4121
    2887       2.3328
    2888       2.4172
    2889       2.2994
    2890       2.3505
    2891       2.3163
    2892       2.2999
    2893       2.4109
    2894       2.4242
    2895       2.3900
    2896       2.4538
    2897       2.4022
    2898       2.3131
    2899       2.4310
    2900       2.2169
    2901       2.3766
    2902       2.2938
    2903       2.1770
    2904       2.3115
    2905       2.2194
    2906       2.2075
    2907       2.2102
    2908       2.2131
    2909       2.1949
    2910       2.2172
    2911       2.2114
    2912       2.2794
    2913       2.2650
    2914       2.2508
    2915       2.2650
    2916       2.3175
    2917       2.3374
    2918       2.4753
    2919       2.3264
    2920       2.3480
    2921       2.3281
    2922       2.3077
    2923       2.3028
    2924       2.3174
    2925       2.3676
    2926       2.3497
    2927       2.3191
    2928       2.2972
    2929       2.2596
    2930       2.2044
    2931       2.1979
    2932       2.1331
    2933       2.2950
    2934       2.1343
    2935       2.2549
    2936       2.2225
    2937       2.2759
    2938       2.2971
    2939       2.3265
    2940       2.2531
    2941       2.3074
    2942       2.2278
    2943       2.3013
    2944       2.2525
    2945       2.3129
    2946       2.2194
    2947       2.3581
    2948       2.3085
    2949       2.3258
    2950       2.2849
    2951       2.3137
    2952       2.2693
    2953       2.4169
    2954       2.4521
    2955       2.5070
    2956       2.4253
    2957       2.4260
    2958       2.4545
    2959       2.4678
    2960       2.4157
    2961       2.4534
    2962       2.4069
    2963       2.4939
    2964       2.3755
    2965       2.3712
    2966       2.3942
    2967       2.3604
    2968       2.4190
    2969       2.3350
    2970       2.3651
    2971       2.3510
    2972       2.4152
    2973       2.3956
    2974       2.3226
    2975       2.4574
    2976       2.4142
    2977       2.3693
    2978       2.3534
    2979       2.4178
    2980       2.3432
    2981       2.3470
    2982       2.3272
    2983       2.3376
    2984       2.3595
    2985       2.4018
    2986       2.2703
    2987       2.2937
    2988       2.2664
    2989       2.1800
    2990       2.1981
    2991       2.2840
    2992       2.3739
    2993       2.2194
    2994       2.3175
    2995       2.3236
    2996       2.2685
    2997       2.1826
    2998       2.2779
    2999       2.3997
    3000       2.2349
    3001       2.2501
    3002       2.3007
    3003       2.3233
    3004       2.2721
    3005       2.2865
    3006       2.2939
    3007       2.2005
    3008       2.3042
    3009       2.2453
    3010       2.2305
    3011       2.2321
    3012       2.3678
    3013       2.2825
    3014       2.2894
    3015       2.2875
    3016       2.3150
    3017       2.3573
    3018       2.2421
    3019       2.3362
    3020       2.2132
    3021       2.2808
    3022       2.2209
    3023       2.1882
    3024       2.2559
    3025       2.2640
    3026       2.2320
    3027       2.2738
    3028       2.3446
    3029       2.2269
    3030       2.2669
    3031       2.1088
    3032       2.1448
    3033       2.2219
    3034       2.1130
    3035       2.1657
    3036       2.1875
    3037       2.1651
    3038       2.2986
    3039       2.1902
    3040       2.2568
    3041       2.2115
    3042       2.2176
    3043       2.2373
    3044       2.2338
    3045       2.2212
    3046       2.2006
    3047       2.1693
    3048       2.1932
    3049       2.2334
    3050       2.2178
    3051       2.1171
    3052       2.1609
    3053       2.2776
    3054       2.3838
    3055       2.4262
    3056       2.4315
    3057       2.4224
    3058       2.5041
    3059       2.3856
    3060       2.2806
    3061       2.3511
    3062       2.3396
    3063       2.3644
    3064       2.4187
    3065       2.3415
    3066       2.3414
    3067       2.3980
    3068       2.3955
    3069       2.5082
    3070       2.3942
    3071       2.4768
    3072       2.5295
    3073       2.4498
    3074       2.5148
    3075       2.5332
    3076       2.4333
    3077       2.5465
    3078       2.5748
    3079       2.5980
    3080       2.5040
    3081       2.4965
    3082       2.3429
    3083       2.4417
    3084       2.4128
    3085       2.2916
    3086       2.4717
    3087       2.5630
    3088       2.3711
    3089       2.5219
    3090       2.4861
    3091       2.4851
    3092       2.5016
    3093       2.4800
    3094       2.4251
    3095       2.5565
    3096       2.4341
    3097       2.3007
    3098       2.2758
    3099       2.2510
    3100       2.2634
    3101       2.2448
    3102       2.3813
    3103       2.3246
    3104       2.2804
    3105       2.3809
    3106       2.3867
    3107       2.2919
    3108       2.3521
    3109       2.3452
    3110       2.3402
    3111       2.2295
    3112       2.3875
    3113       2.3691
    3114       2.3316
    3115       2.4011
    3116       2.2729
    3117       2.4138
    3118       2.4276
    3119       2.4528
    3120       2.4418
    3121       2.4399
    3122       2.3938
    3123       2.4070
    3124       2.5542
    3125       2.5354
    3126       2.5924
    3127       2.4709
    3128       2.5147
    3129       2.4983
    3130       2.4871
    3131       2.3352
    3132       2.4856
    3133       2.3629
    3134       2.4492
    3135       2.4483
    3136       2.5479
    3137       2.4163
    3138       2.4929
    3139       2.5212
    3140       2.4033
    3141       2.4185
    3142       2.4370
    3143       2.4733
    3144       2.4209
    3145       2.4768
    3146       2.5402
    3147       2.4542
    3148       2.5398
    3149       2.4103
    3150       2.3649
    3151       2.3179
    3152       2.4203
    3153       2.3876
    3154       2.4647
    3155       2.3893
    3156       2.4137
    3157       2.3968
    3158       2.4071
    3159       2.3817
    3160       2.4282
    3161       2.4941
    3162       2.4828
    3163       2.3625
    3164       2.3399
    3165       2.2242
    3166       2.3775
    3167       2.4843
    3168       2.4091
    3169       2.3167
    3170       2.3850
    3171       2.2907
    3172       2.3777
    3173       2.2845
    3174       2.3339
    3175       2.3421
    3176       2.3296
    3177       2.3677
    3178       2.4086
    3179       2.3935
    3180       2.3499
    3181       2.3909
    3182       2.4256
    3183       2.4425
    3184       2.4772
    3185       2.4175
    3186       2.3785
    3187       2.3395
    3188       2.3311
    3189       2.2823
    3190       2.4583
    3191       2.3711
    3192       2.4164
    3193       2.4304
    3194       2.3924
    3195       2.4846
    3196       2.4600
    3197       2.3740
    3198       2.3782
    3199       2.5700
    3200       2.3492
    3201       2.4123
    3202       2.3539
    3203       2.4254
    3204       2.3114
    3205       2.2989
    3206       2.3354
    3207       2.3904
    3208       2.3979
    3209       2.3676
    3210       2.3679
    3211       2.4887
    3212       2.3397
    3213       2.3458
    3214       2.3822
    3215       2.3583
    3216       2.3291
    3217       2.3096
    3218       2.2334
    3219       2.2782
    3220       2.2603
    3221       2.2920
    3222       2.3646
    3223       2.2260
    3224       2.2786
    3225       2.3140
    3226       2.3206
    3227       2.2983
    3228       2.3610
    3229       2.2714
    3230       2.3282
    3231       2.2983
    3232       2.3564
    3233       2.4117
    3234       2.3399
    3235       2.2831
    3236       2.3993
    3237       2.3921
    3238       2.4508
    3239       2.3403
    3240       2.3411
    3241       2.3995
    3242       2.3884
    3243       2.4157
    3244       2.3217
    3245       2.3706
    3246       2.3338
    3247       2.3591
    3248       2.4060
    3249       2.3549
    3250       2.3320
    3251       2.3746
    3252       2.4986
    3253       2.2659
    3254       2.4005
    3255       2.3145
    3256       2.3988
    3257       2.3648
    3258       2.3087
    3259       2.4170
    3260       2.4142
    3261       2.3647
    3262       2.4107
    3263       2.3997
    3264       2.3788
    3265       2.3564
    3266       2.2729
    3267       2.2506
    3268       2.2718
    3269       2.2734
    3270       2.3500
    3271       2.3620
    3272       2.3480
    3273       2.3609
    3274       2.3327
    3275       2.3588
    3276       2.3979
    3277       2.4572
    3278       2.3633
    3279       2.3522
    3280       2.3866
    3281       2.4259
    3282       2.4481
    3283       2.3954
    3284       2.4163
    3285       2.3371
    3286       2.4772
    3287       2.3201
    3288       2.3810
    3289       2.4075
    3290       2.4360
    3291       2.3441
    3292       2.3905
    3293       2.5077
    3294       2.4645
    3295       2.3551
    3296       2.4977
    3297       2.3927
    3298       2.3497
    3299       2.3799
    3300       2.4776
    3301       2.4201
    3302       2.4185
    3303       2.3752
    3304       2.4480
    3305       2.3875
    3306       2.3276
    3307       2.3922
    3308       2.3958
    3309       2.4097
    3310       2.4642
    3311       2.3970
    3312       2.3940
    3313       2.4211
    3314       2.5027
    3315       2.4149
    3316       2.4665
    3317       2.4628
    3318       2.3366
    3319       2.4685
    3320       2.4681
    3321       2.4454
    3322       2.3510
    3323       2.3882
    3324       2.4508
    3325       2.4325
    3326       2.4162
    3327       2.4240
    3328       2.4333
    3329       2.4511
    3330       2.4214
    3331       2.4374
    3332       2.4473
    3333       2.4179
    3334       2.4640
    3335       2.4369
    3336       2.3756
    3337       2.3575
    3338       2.4293
    3339       2.5650
    3340       2.4535
    3341       2.4636
    3342       2.4378
    3343       2.4518
    3344       2.3839
    3345       2.3540
    3346       2.3867
    3347       2.4634
    3348       2.4422
    3349       2.3682
    3350       2.4965
    3351       2.4410
    3352       2.4268
    3353       2.4107
    3354       2.3834
    3355       2.3011
    3356       2.3235
    3357       2.3582
    3358       2.3353
    3359       2.3308
    3360       2.3664
    3361       2.3611
    3362       2.3777
    3363       2.3169
    3364       2.3884
    3365       2.3400
    3366       2.3552
    3367       2.4270
    3368       2.4142
    3369       2.4093
    3370       2.3030
    3371       2.3842
    3372       2.3418
    3373       2.2837
    3374       2.4072
    3375       2.3117
    3376       2.3944
    3377       2.3328
    3378       2.2821
    3379       2.3802
    3380       2.4050
    3381       2.3434
    3382       2.3867
    3383       2.4161
    3384       2.3425
    3385       2.3056
    3386       2.3827
    3387       2.3927
    3388       2.4784
    3389       2.4110
    3390       2.4003
    3391       2.4715
    3392       2.4160
    3393       2.4860
    3394       2.4413
    3395       2.4511
    3396       2.4550
    3397       2.3996
    3398       2.4691
    3399       2.4364
    3400       2.4138
    3401       2.4493
    3402       2.3907
    3403       2.5481
    3404       2.4411
    3405       2.3781
    3406       2.4365
    3407       2.4784
    3408       2.4782
    3409       2.4057
    3410       2.4429
    3411       2.4751
    3412       2.4388
    3413       2.4871
    3414       2.5388
    3415       2.5738
    3416       2.4746
    3417       2.4940
    3418       2.5164
    3419       2.4595
    3420       2.5022
    3421       2.4849
    3422       2.4061
    3423       2.4936
    3424       2.5600
    3425       2.5138
    3426       2.4768
    3427       2.5350
    3428       2.5541
    3429       2.5567
    3430       2.5686
    3431       2.4653
    3432       2.3962
    3433       2.4831
    3434       2.4626
    3435       2.4972
    3436       2.4978
    3437       2.4529
    3438       2.3925
    3439       2.4727
    3440       2.4349
    3441       2.4203
    3442       2.3590
    3443       2.5631
    3444       2.4495
    3445       2.4347
    3446       2.4043
    3447       2.3916
    3448       2.4651
    3449       2.3363
    3450       2.4675
    3451       2.3406
    3452       2.3500
    3453       2.3697
    3454       2.3251
    3455       2.4742
    3456       2.4725
    3457       2.3705
    3458       2.3304
    3459       2.4430
    3460       2.3660
    3461       2.2541
    3462       2.3652
    3463       2.3477
    3464       2.3519
    3465       2.2137
    3466       2.2985
    3467       2.3230
    3468       2.3312
    3469       2.3678
    3470       2.3202
    3471       2.2741
    3472       2.3149
    3473       2.2724
    3474       2.3662
    3475       2.3706
    3476       2.2423
    3477       2.2671
    3478       2.2841
    3479       2.4334
    3480       2.3874
    3481       2.4101
    3482       2.3061
    3483       2.3002
    3484       2.4107
    3485       2.3708
    3486       2.3517
    3487       2.2834
    3488       2.3390
    3489       2.3565
    3490       2.3238
    3491       2.3791
    3492       2.3181
    3493       2.4000
    3494       2.2831
    3495       2.3536
    3496       2.3587
    3497       2.3932
    3498       2.3307
    3499       2.4200
    3500       2.3570
    3501       2.4245
    3502       2.3750
    3503       2.4153
    3504       2.4288
    3505       2.4214
    3506       2.3367
    3507       2.4566
    3508       2.4613
    3509       2.4331
    3510       2.5401
    3511       2.4851
    3512       2.4369
    3513       2.3772
    3514       2.4356
    3515       2.4075
    3516       2.3444
    3517       2.4309
    3518       2.4859
    3519       2.3822
    3520       2.4505
    3521       2.4446
    3522       2.4357
    3523       2.4541
    3524       2.4835
    3525       2.3576
    3526       2.5054
    3527       2.4449
    3528       2.4317
    3529       2.4188
    3530       2.4274
    3531       2.4389
    3532       2.3930
    3533       2.4233
    3534       2.3338
    3535       2.3886
    3536       2.3480
    3537       2.2887
    3538       2.3917
    3539       2.3925
    3540       2.3685
    3541       2.3825
    3542       2.3826
    3543       2.3561
    3544       2.4114
    3545       2.3944
    3546       2.3473
    3547       2.3486
    3548       2.4696
    3549       2.3844
    3550       2.3859
    3551       2.3287
    3552       2.4058
    3553       2.3593
    3554       2.3130
    3555       2.3788
    3556       2.3140
    3557       2.3207
    3558       2.2986
    3559       2.2853
    3560       2.2988
    3561       2.2463
    3562       2.3317
    3563       2.4111
    3564       2.4106
    3565       2.4023
    3566       2.3358
    3567       2.2737
    3568       2.3626
    3569       2.3390
    3570       2.3942
    3571       2.4406
    3572       2.3669
    3573       2.4933
    3574       2.4135
    3575       2.3701
    3576       2.3783
    3577       2.4081
    3578       2.3641
    3579       2.3112
    3580       2.4003
    3581       2.3462
    3582       2.3859
    3583       2.4754
    3584       2.4799
    3585       2.4576
    3586       2.3808
    3587       2.4683
    3588       2.4493
    3589       2.5293
    3590       2.5328
    3591       2.3963
    3592       2.4378
    3593       2.4441
    3594       2.4475
    3595       2.4826
    3596       2.4293
    3597       2.3625
    3598       2.4170
    3599       2.3654
    3600       2.4610
    3601       2.4115
    3602       2.4137
    3603       2.4960
    3604       2.4491
    3605       2.4451
    3606       2.4777
    3607       2.4779
    3608       2.5476
    3609       2.4463
    3610       2.4720
    3611       2.3923
    3612       2.5179
    3613       2.5478
    3614       2.4555
    3615       2.4372
    3616       2.4039
    3617       2.4973
    3618       2.5247
    3619       2.4392
    3620       2.4542
    3621       2.4934
    3622       2.4593
    3623       2.4921
    3624       2.4838
    3625       2.4313
    3626       2.4129
    3627       2.5172
    3628       2.4683
    3629       2.4584
    3630       2.4158
    3631       2.5527
    3632       2.5055
    3633       2.4464
    3634       2.4704
    3635       2.4478
    3636       2.5254
    3637       2.4938
    3638       2.5512
    3639       2.4138
    3640       2.4040
    3641       2.5131
    3642       2.4871
    3643       2.4066
    3644       2.4877
    3645       2.4335
    3646       2.5931
    3647       2.4675
    3648       2.6054
    3649       2.5359
    3650       2.4354
    3651       2.5777
    3652       2.4571
    3653       2.5459
    3654       2.4703
    3655       2.4980
    3656       2.4979
    3657       2.5307
    3658       2.4088
    3659       2.6017
    3660       2.5520
    3661       2.5274
    3662       2.4707
    3663       2.5546
    3664       2.5427
    3665       2.4295
    3666       2.4015
    3667       2.4728
    3668       2.4250
    3669       2.3553
    3670       2.4272
    3671       2.3050
    3672       2.3576
    3673       2.3873
    3674       2.3256
    3675       2.3827
    3676       2.2693
    3677       2.4233
    3678       2.3922
    3679       2.3031
    3680       2.3762
    3681       2.3159
    3682       2.3266
    3683       2.3988
    3684       2.3167
    3685       2.3434
    3686       2.3086
    3687       2.3260
    3688       2.3018
    3689       2.3221
    3690       2.3077
    3691       2.3574
    3692       2.3676
    3693       2.3678
    3694       2.3762
    3695       2.5301
    3696       2.3708
    3697       2.3993
    3698       2.4417
    3699       2.3945
    3700       2.4626
    3701       2.4298
    3702       2.3857
    3703       2.3293
    3704       2.3308
    3705       2.4232
    3706       2.3910
    3707       2.3887
    3708       2.3898
    3709       2.4060
    3710       2.3834
    3711       2.4230
    3712       2.3922
    3713       2.4227
    3714       2.2301
    3715       2.4293
    3716       2.4851
    3717       2.5580
    3718       2.5448
    3719       2.3680
    3720       2.3946
    3721       2.3854
    3722       2.4260
    3723       2.4982
    3724       2.4522
    3725       2.5109
    3726       2.4736
    3727       2.4076
    3728       2.4843
    3729       2.4529
    3730       2.4774
    3731       2.4667
    3732       2.4793
    3733       2.5156
    3734       2.4003
    3735       2.5007
    3736       2.4309
    3737       2.4037
    3738       2.3417
    3739       2.4682
    3740       2.4326
    3741       2.4070
    3742       2.4159
    3743       2.4070
    3744       2.4024
    3745       2.3781
    3746       2.3575
    3747       2.4865
    3748       2.4082
    3749       2.4960
    3750       2.4971
    3751       2.5066
    3752       2.4911
    3753       2.5700
    3754       2.5268
    3755       2.4634
    3756       2.4688
    3757       2.4259
    3758       2.4105
    3759       2.3320
    3760       2.4452
    3761       2.3869
    3762       2.4554
    3763       2.4262
    3764       2.4132
    3765       2.4632
    3766       2.4446
    3767       2.4309
    3768       2.3859
    3769       2.3879
    3770       2.3860
    3771       2.4501
    3772       2.4837
    3773       2.3798
    3774       2.4525
    3775       2.4850
    3776       2.4664
    3777       2.3489
    3778       2.3755
    3779       2.5097
    3780       2.4723
    3781       2.4298
    3782       2.4025
    3783       2.3966
    3784       2.4051
    3785       2.4945
    3786       2.4843
    3787       2.4873
    3788       2.4935
    3789       2.4096
    3790       2.4062
    3791       2.4055
    3792       2.3729
    3793       2.4265
    3794       2.3178
    3795       2.4254
    3796       2.4346
    3797       2.5737
    3798       2.4191
    3799       2.5262
    3800       2.4796
    3801       2.4213
    3802       2.4423
    3803       2.5259
    3804       2.4831
    3805       2.4474
    3806       2.4744
    3807       2.5742
    3808       2.3601
    3809       2.4475
    3810       2.4438
    3811       2.4795
    3812       2.3993
    3813       2.4178
    3814       2.4276
    3815       2.4774
    3816       2.4357
    3817       2.4471
    3818       2.4616
    3819       2.4907
    3820       2.4638
    3821       2.4950
    3822       2.4510
    3823       2.4610
    3824       2.4404
    3825       2.5062
    3826       2.4898
    3827       2.5045
    3828       2.5282
    3829       2.5205
    3830       2.5243
    3831       2.5667
    3832       2.5528
    3833       2.6080
    3834       2.5200
    3835       2.5128
    3836       2.5015
    3837       2.5369
    3838       2.4940
    3839       2.4260
    3840       2.5371
    3841       2.5296
    3842       2.4839
    3843       2.5205
    3844       2.4319
    3845       2.4681
    3846       2.3547
    3847       2.3676
    3848       2.4531
    3849       2.3596
    3850       2.4026
    3851       2.5553
    3852       2.5126
    3853       2.4908
    3854       2.4521
    3855       2.4455
    3856       2.4780
    3857       2.3594
    3858       2.4374
    3859       2.5318
    3860       2.4913
    3861       2.4150
    3862       2.4375
    3863       2.3289
    3864       2.4164
    3865       2.4468
    3866       2.4485
    3867       2.4345
    3868       2.4763
    3869       2.4026
    3870       2.4660
    3871       2.5317
    3872       2.4771
    3873       2.4052
    3874       2.4002
    3875       2.3980
    3876       2.4254
    3877       2.4719
    3878       2.4240
    3879       2.4988
    3880       2.5174
    3881       2.5551
    3882       2.4110
    3883       2.4621
    3884       2.4826
    3885       2.4117
    3886       2.4191
    3887       2.4497
    3888       2.4565
    3889       2.4346
    3890       2.4620
    3891       2.4419
    3892       2.4115
    3893       2.3853
    3894       2.4908
    3895       2.5456
    3896       2.3819
    3897       2.4936
    3898       2.4722
    3899       2.5253
    3900       2.4594
    3901       2.5189
    3902       2.5272
    3903       2.5948
    3904       2.5266
    3905       2.5736
    3906       2.4518
    3907       2.5834
    3908       2.6277
    3909       2.5020
    3910       2.5537
    3911       2.4403
    3912       2.4920
    3913       2.5017
    3914       2.5038
    3915       2.5567
    3916       2.4787
    3917       2.5237
    3918       2.5081
    3919       2.5258
    3920       2.4999
    3921       2.6006
    3922       2.5062
    3923       2.4809
    3924       2.4373
    3925       2.5762
    3926       2.4961
    3927       2.6395
    3928       2.6240
    3929       2.4804
    3930       2.5054
    3931       2.4654
    3932       2.5237
    3933       2.4726
    3934       2.4607
    3935       2.5185
    3936       2.4853
    3937       2.4477
    3938       2.4157
    3939       2.3868
    3940       2.3996
    3941       2.3752
    3942       2.4711
    3943       2.4013
    3944       2.4485
    3945       2.4283
    3946       2.4320
    3947       2.2730
    3948       2.3666
    3949       2.4666
    3950       2.4790
    3951       2.3725
    3952       2.4235
    3953       2.5185
    3954       2.4284
    3955       2.4420
    3956       2.5021
    3957       2.4620
    3958       2.4345
    3959       2.3947
    3960       2.4263
    3961       2.4423
    3962       2.4733
    3963       2.5067
    3964       2.4703
    3965       2.3318
    3966       2.4520
    3967       2.4449
    3968       2.4665
    3969       2.4736
    3970       2.4754
    3971       2.4179
    3972       2.4730
    3973       2.4752
    3974       2.4203
    3975       2.4819
    3976       2.4461
    3977       2.4968
    3978       2.4731
    3979       2.4283
    3980       2.4292
    3981       2.4410
    3982       2.4641
    3983       2.4632
    3984       2.4151
    3985       2.3736
    3986       2.4588
    3987       2.5595
    3988       2.4331
    3989       2.3991
    3990       2.4282
    3991       2.4803
    3992       2.4502
    3993       2.3922
    3994       2.4569
    3995       2.4186
    3996       2.4535
    3997       2.4749
    3998       2.4149
    3999       2.5162
    4000       2.4183
    4001       2.4685
    4002       2.3965
    4003       2.4394
    4004       2.4682
    4005       2.4825
    4006       2.4819
    4007       2.5135
    4008       2.4819
    4009       2.4771
    4010       2.4262
    4011       2.3653
    4012       2.3776
    4013       2.4525
    4014       2.4552
    4015       2.4666
    4016       2.5384
    4017       2.4489
    4018       2.5115
    4019       2.4633
    4020       2.4251
    4021       2.4679
    4022       2.4376
    4023       2.4835
    4024       2.4726
    4025       2.5091
    4026       2.5090
    4027       2.4210
    4028       2.5212
    4029       2.4850
    4030       2.3974
    4031       2.4038
    4032       2.4018
    4033       2.4230
    4034       2.4414
    4035       2.4553
    4036       2.4442
    4037       2.4381
    4038       2.4526
    4039       2.5418
    4040       2.4750
    4041       2.3303
    4042       2.4727
    4043       2.4413
    4044       2.4493
    4045       2.4452
    4046       2.4246
    4047       2.5162
    4048       2.4741
    4049       2.4135
    4050       2.4170
    4051       2.3826
    4052       2.3675
    4053       2.4363
    4054       2.4897
    4055       2.4695
    4056       2.3680
    4057       2.3320
    4058       2.3625
    4059       2.4707
    4060       2.4972
    4061       2.3987
    4062       2.4163
    4063       2.4873
    4064       2.4521
    4065       2.3715
    4066       2.4131
    4067       2.4325
    4068       2.3659
    4069       2.3765
    4070       2.4269
    4071       2.4448
    4072       2.4930
    4073       2.4458
    4074       2.5700
    4075       2.4899
    4076       2.4294
    4077       2.4706
    4078       2.4703
    4079       2.4559
    4080       2.6296
    4081       2.5036
    4082       2.6524
    4083       2.6299
    4084       2.5984
    4085       2.5946
    4086       2.5156
    4087       2.5648
    4088       2.5516
    4089       2.4609
    4090       2.5499
    4091       2.5772
    4092       2.5782
    4093       2.3837
    4094       2.5536
    4095       2.5203
    4096       2.4316
    4097       2.4803
    4098       2.4206
    4099       2.5346
    4100       2.5280
