-I: Adding /home/shuce/software/Amber/amber18/dat/leap/prep to search path.
-I: Adding /home/shuce/software/Amber/amber18/dat/leap/lib to search path.
-I: Adding /home/shuce/software/Amber/amber18/dat/leap/parm to search path.
-I: Adding /home/shuce/software/Amber/amber18/dat/leap/cmd to search path.
-f: Source tleap_barrel.in.

Welcome to LEaP!
(no leaprc in search path)
Sourcing: ./tleap_barrel.in
----- Source: /home/shuce/software/Amber/amber18/dat/leap/cmd/leaprc.protein.ff14SB
----- Source of /home/shuce/software/Amber/amber18/dat/leap/cmd/leaprc.protein.ff14SB done
Log file: ./leap.log
Loading parameters: /home/shuce/software/Amber/amber18/dat/leap/parm/parm10.dat
Reading title:
PARM99 + frcmod.ff99SB + frcmod.parmbsc0 + OL3 for RNA
Loading parameters: /home/shuce/software/Amber/amber18/dat/leap/parm/frcmod.ff14SB
Reading force field modification type file (frcmod)
Reading title:
ff14SB protein backbone and sidechain parameters
Loading library: /home/shuce/software/Amber/amber18/dat/leap/lib/amino12.lib
Loading library: /home/shuce/software/Amber/amber18/dat/leap/lib/aminoct12.lib
Loading library: /home/shuce/software/Amber/amber18/dat/leap/lib/aminont12.lib
----- Source: /home/shuce/software/Amber/amber18/dat/leap/cmd/leaprc.water.tip3p
----- Source of /home/shuce/software/Amber/amber18/dat/leap/cmd/leaprc.water.tip3p done
Loading library: /home/shuce/software/Amber/amber18/dat/leap/lib/atomic_ions.lib
Loading library: /home/shuce/software/Amber/amber18/dat/leap/lib/solvents.lib
Loading parameters: /home/shuce/software/Amber/amber18/dat/leap/parm/frcmod.tip3p
Reading force field modification type file (frcmod)
Reading title:
This is the additional/replacement parameter set for TIP3P water
Loading parameters: /home/shuce/software/Amber/amber18/dat/leap/parm/frcmod.ions1lm_126_tip3p
Reading force field modification type file (frcmod)
Reading title:
Li/Merz ion parameters of monovalent ions for TIP3P water model (12-6 normal usage set)
Loading parameters: /home/shuce/software/Amber/amber18/dat/leap/parm/frcmod.ionsjc_tip3p
Reading force field modification type file (frcmod)
Reading title:
Monovalent ion parameters for Ewald and TIP3P water from Joung & Cheatham JPCB (2008)
Loading parameters: /home/shuce/software/Amber/amber18/dat/leap/parm/frcmod.ions234lm_126_tip3p
Reading force field modification type file (frcmod)
Reading title:
Li/Merz ion parameters of divalent to tetravalent ions for TIP3P water model (12-6 normal usage set)
Using ArgH and AspGluO modified Bondi2 radii
Loading Prep file: ./rcp.prepin
Loading parameters: ./frcmod.default.rcp
Reading force field modification type file (frcmod)
Reading title:
Remark line goes here
Loading parameters: ./frcmod.clean.rcp
Reading force field modification type file (frcmod)
Reading title:
Remark line goes here
Loading parameters: ./frcmod.known
Reading force field modification type file (frcmod)
Reading title:
FRCMOD file generated by PyRED version JAN-2019 - q4md-forcefieldtools.org
Loading parameters: ./frcmod.correspondence
Reading force field modification type file (frcmod)
Reading title:
FRCMOD file generated by PyRED version JAN-2019 - q4md-forcefieldtools.org
Loading PDB file: ./barrel.pdb
  total atoms in file: 178100
Total unperturbed charge:   0.000000
Total perturbed charge:     0.000000
Scaling up box by a factor of 1.231982 to meet diagonal cut criterion
  Solute vdw bounding box:              163.790 154.603 155.844
  Total bounding box for atom centers:  237.709 237.709 237.709
      (box expansion for 'iso' is   7.6%)
  Solvent unit box:                     18.774 18.774 18.774
  Volume: 6801015.349 A^3 (oct)
  Total mass 3780759.640 amu,  Density 0.923 g/cc
  Added 149823 residues.
Total unperturbed charge:   0.000000
Total perturbed charge:     0.000000
Na+ has a charge of 0.
Adding the ions anyway.
Adding 2 counter ions to "x" using 1A grid
Grid extends from solute vdw + 1.37  to  7.88
Resolution:      1.00 Angstrom.
Calculating grid charges
Terminated
-I: Adding /home/shuce/software/Amber/amber18/dat/leap/prep to search path.
-I: Adding /home/shuce/software/Amber/amber18/dat/leap/lib to search path.
-I: Adding /home/shuce/software/Amber/amber18/dat/leap/parm to search path.
-I: Adding /home/shuce/software/Amber/amber18/dat/leap/cmd to search path.
-f: Source tleap_barrel.in.

Welcome to LEaP!
(no leaprc in search path)
Sourcing: ./tleap_barrel.in
----- Source: /home/shuce/software/Amber/amber18/dat/leap/cmd/leaprc.protein.ff14SB
----- Source of /home/shuce/software/Amber/amber18/dat/leap/cmd/leaprc.protein.ff14SB done
Log file: ./leap.log
Loading parameters: /home/shuce/software/Amber/amber18/dat/leap/parm/parm10.dat
Reading title:
PARM99 + frcmod.ff99SB + frcmod.parmbsc0 + OL3 for RNA
Loading parameters: /home/shuce/software/Amber/amber18/dat/leap/parm/frcmod.ff14SB
Reading force field modification type file (frcmod)
Reading title:
ff14SB protein backbone and sidechain parameters
Loading library: /home/shuce/software/Amber/amber18/dat/leap/lib/amino12.lib
Loading library: /home/shuce/software/Amber/amber18/dat/leap/lib/aminoct12.lib
Loading library: /home/shuce/software/Amber/amber18/dat/leap/lib/aminont12.lib
----- Source: /home/shuce/software/Amber/amber18/dat/leap/cmd/leaprc.water.tip3p
----- Source of /home/shuce/software/Amber/amber18/dat/leap/cmd/leaprc.water.tip3p done
Loading library: /home/shuce/software/Amber/amber18/dat/leap/lib/atomic_ions.lib
Loading library: /home/shuce/software/Amber/amber18/dat/leap/lib/solvents.lib
Loading parameters: /home/shuce/software/Amber/amber18/dat/leap/parm/frcmod.tip3p
Reading force field modification type file (frcmod)
Reading title:
This is the additional/replacement parameter set for TIP3P water
Loading parameters: /home/shuce/software/Amber/amber18/dat/leap/parm/frcmod.ions1lm_126_tip3p
Reading force field modification type file (frcmod)
Reading title:
Li/Merz ion parameters of monovalent ions for TIP3P water model (12-6 normal usage set)
Loading parameters: /home/shuce/software/Amber/amber18/dat/leap/parm/frcmod.ionsjc_tip3p
Reading force field modification type file (frcmod)
Reading title:
Monovalent ion parameters for Ewald and TIP3P water from Joung & Cheatham JPCB (2008)
Loading parameters: /home/shuce/software/Amber/amber18/dat/leap/parm/frcmod.ions234lm_126_tip3p
Reading force field modification type file (frcmod)
Reading title:
Li/Merz ion parameters of divalent to tetravalent ions for TIP3P water model (12-6 normal usage set)
Using ArgH and AspGluO modified Bondi2 radii
Loading Prep file: ./rcp.prepin
Loading parameters: ./frcmod.default.rcp
Reading force field modification type file (frcmod)
Reading title:
Remark line goes here
Loading parameters: ./frcmod.clean.rcp
Reading force field modification type file (frcmod)
Reading title:
Remark line goes here
Loading parameters: ./frcmod.known
Reading force field modification type file (frcmod)
Reading title:
FRCMOD file generated by PyRED version JAN-2019 - q4md-forcefieldtools.org
Loading parameters: ./frcmod.correspondence
Reading force field modification type file (frcmod)
Reading title:
FRCMOD file generated by PyRED version JAN-2019 - q4md-forcefieldtools.org
Loading PDB file: ./barrel.pdb
  total atoms in file: 178100
Total unperturbed charge:   0.000000
Total perturbed charge:     0.000000
Scaling up box by a factor of 1.231982 to meet diagonal cut criterion
  Solute vdw bounding box:              163.790 154.603 155.844
  Total bounding box for atom centers:  237.709 237.709 237.709
      (box expansion for 'iso' is   7.6%)
  Solvent unit box:                     18.774 18.774 18.774
  Volume: 6801015.349 A^3 (oct)
  Total mass 3780759.640 amu,  Density 0.923 g/cc
  Added 149823 residues.
Total unperturbed charge:   0.000000
Total perturbed charge:     0.000000
Checking 'x'....

/home/shuce/software/Amber/amber18/bin/teLeap: Warning!
There is a bond of 0.432571 angstroms between: 

/home/shuce/software/Amber/amber18/bin/teLeap: Warning!
Close contact of 1.473389 angstroms between .R<NVAL 1>.A<HG23 16> and .R<WAT 34694>.A<H1 2>

/home/shuce/software/Amber/amber18/bin/teLeap: Warning!
Close contact of 1.378437 angstroms between .R<THR 31>.A<HG1 12> and .R<WAT 26158>.A<H1 2>

/home/shuce/software/Amber/amber18/bin/teLeap: Warning!
Close contact of 1.431717 angstroms between .R<ASN 51>.A<HA 4> and .R<WAT 24896>.A<H1 2>

/home/shuce/software/Amber/amber18/bin/teLeap: Warning!
Close contact of 1.478508 angstroms between .R<GLU 67>.A<HG3 10> and .R<WAT 34525>.A<H1 2>

/home/shuce/software/Amber/amber18/bin/teLeap: Warning!
Close contact of 1.403645 angstroms between .R<LEU 90>.A<HD11 11> and .R<WAT 34445>.A<H2 3>

/home/shuce/software/Amber/amber18/bin/teLeap: Warning!
Close contact of 1.120658 angstroms between .R<TYR 100>.A<HH 15> and .R<THR 228>.A<HG1 12>

/home/shuce/software/Amber/amber18/bin/teLeap: Warning!
Close contact of 0.582182 angstroms between .R<PRO 110>.A<C 13> and .R<PRO 110>.A<HA 12>

/home/shuce/software/Amber/amber18/bin/teLeap: Warning!
Close contact of 0.471544 angstroms between .R<VAL 111>.A<C 15> and .R<VAL 111>.A<HA 4>

/home/shuce/software/Amber/amber18/bin/teLeap: Warning!
Close contact of 1.441689 angstroms between .R<ILE 125>.A<HG13 13> and .R<WAT 34494>.A<H2 3>

/home/shuce/software/Amber/amber18/bin/teLeap: Warning!
Close contact of 1.474551 angstroms between .R<HID 128>.A<HD2 15> and .R<WAT 34566>.A<H2 3>

/home/shuce/software/Amber/amber18/bin/teLeap: Warning!
Close contact of 0.883351 angstroms between .R<GLU 139>.A<OE2 13> and .R<NHE 231>.A<HN2 3>

/home/shuce/software/Amber/amber18/bin/teLeap: Warning!
Close contact of 1.436576 angstroms between .R<LYS 155>.A<HE3 16> and .R<WAT 34614>.A<H1 2>

/home/shuce/software/Amber/amber18/bin/teLeap: Warning!
Close contact of 1.447308 angstroms between .R<THR 170>.A<HG22 9> and .R<WAT 35994>.A<H1 2>

/home/shuce/software/Amber/amber18/bin/teLeap: Warning!
Close contact of 1.392750 angstroms between .R<HID 190>.A<H 2> and .R<WAT 26116>.A<H1 2>

/home/shuce/software/Amber/amber18/bin/teLeap: Warning!
Close contact of 1.352214 angstroms between .R<WAT 2025>.A<H1 2> and .R<WAT 7114>.A<H1 2>
-I: Adding /cvmfs/restricted.computecanada.ca/easybuild/software/2017/avx2/MPI/gcc5.4/cuda9.0/openmpi2.1/amber/18/dat/leap/prep to search path.
-I: Adding /cvmfs/restricted.computecanada.ca/easybuild/software/2017/avx2/MPI/gcc5.4/cuda9.0/openmpi2.1/amber/18/dat/leap/lib to search path.
-I: Adding /cvmfs/restricted.computecanada.ca/easybuild/software/2017/avx2/MPI/gcc5.4/cuda9.0/openmpi2.1/amber/18/dat/leap/parm to search path.
-I: Adding /cvmfs/restricted.computecanada.ca/easybuild/software/2017/avx2/MPI/gcc5.4/cuda9.0/openmpi2.1/amber/18/dat/leap/cmd to search path.
-f: Source tleap_barrel.in.

Welcome to LEaP!
(no leaprc in search path)
Sourcing: ./tleap_barrel.in
----- Source: /cvmfs/restricted.computecanada.ca/easybuild/software/2017/avx2/MPI/gcc5.4/cuda9.0/openmpi2.1/amber/18/dat/leap/cmd/leaprc.protein.ff14SB
----- Source of /cvmfs/restricted.computecanada.ca/easybuild/software/2017/avx2/MPI/gcc5.4/cuda9.0/openmpi2.1/amber/18/dat/leap/cmd/leaprc.protein.ff14SB done
Log file: ./leap.log
Loading parameters: /cvmfs/restricted.computecanada.ca/easybuild/software/2017/avx2/MPI/gcc5.4/cuda9.0/openmpi2.1/amber/18/dat/leap/parm/parm10.dat
Reading title:
PARM99 + frcmod.ff99SB + frcmod.parmbsc0 + OL3 for RNA
Loading parameters: /cvmfs/restricted.computecanada.ca/easybuild/software/2017/avx2/MPI/gcc5.4/cuda9.0/openmpi2.1/amber/18/dat/leap/parm/frcmod.ff14SB
Reading force field modification type file (frcmod)
Reading title:
ff14SB protein backbone and sidechain parameters
Loading library: /cvmfs/restricted.computecanada.ca/easybuild/software/2017/avx2/MPI/gcc5.4/cuda9.0/openmpi2.1/amber/18/dat/leap/lib/amino12.lib
Loading library: /cvmfs/restricted.computecanada.ca/easybuild/software/2017/avx2/MPI/gcc5.4/cuda9.0/openmpi2.1/amber/18/dat/leap/lib/aminoct12.lib
Loading library: /cvmfs/restricted.computecanada.ca/easybuild/software/2017/avx2/MPI/gcc5.4/cuda9.0/openmpi2.1/amber/18/dat/leap/lib/aminont12.lib
----- Source: /cvmfs/restricted.computecanada.ca/easybuild/software/2017/avx2/MPI/gcc5.4/cuda9.0/openmpi2.1/amber/18/dat/leap/cmd/leaprc.water.tip3p
----- Source of /cvmfs/restricted.computecanada.ca/easybuild/software/2017/avx2/MPI/gcc5.4/cuda9.0/openmpi2.1/amber/18/dat/leap/cmd/leaprc.water.tip3p done
Loading library: /cvmfs/restricted.computecanada.ca/easybuild/software/2017/avx2/MPI/gcc5.4/cuda9.0/openmpi2.1/amber/18/dat/leap/lib/atomic_ions.lib
Loading library: /cvmfs/restricted.computecanada.ca/easybuild/software/2017/avx2/MPI/gcc5.4/cuda9.0/openmpi2.1/amber/18/dat/leap/lib/solvents.lib
Loading parameters: /cvmfs/restricted.computecanada.ca/easybuild/software/2017/avx2/MPI/gcc5.4/cuda9.0/openmpi2.1/amber/18/dat/leap/parm/frcmod.tip3p
Reading force field modification type file (frcmod)
Reading title:
This is the additional/replacement parameter set for TIP3P water
Loading parameters: /cvmfs/restricted.computecanada.ca/easybuild/software/2017/avx2/MPI/gcc5.4/cuda9.0/openmpi2.1/amber/18/dat/leap/parm/frcmod.ionsjc_tip3p
Reading force field modification type file (frcmod)
Reading title:
Monovalent ion parameters for Ewald and TIP3P water from Joung & Cheatham JPCB (2008)
Loading parameters: /cvmfs/restricted.computecanada.ca/easybuild/software/2017/avx2/MPI/gcc5.4/cuda9.0/openmpi2.1/amber/18/dat/leap/parm/frcmod.ions234lm_126_tip3p
Reading force field modification type file (frcmod)
Reading title:
Li/Merz ion parameters of divalent to tetravalent ions for TIP3P water model (12-6 normal usage set)
Using ArgH and AspGluO modified Bondi2 radii
Loading Prep file: ./rcp.prepin
Loading parameters: ./frcmod.default.rcp
Reading force field modification type file (frcmod)
Reading title:
Remark line goes here
Loading parameters: ./frcmod.clean.rcp
Reading force field modification type file (frcmod)
Reading title:
Remark line goes here
Loading parameters: ./frcmod.known
Reading force field modification type file (frcmod)
Reading title:
FRCMOD file generated by PyRED version JAN-2019 - q4md-forcefieldtools.org
Loading parameters: ./frcmod.correspondence
Reading force field modification type file (frcmod)
Reading title:
FRCMOD file generated by PyRED version JAN-2019 - q4md-forcefieldtools.org
Loading PDB file: ./barrel.pdb
  total atoms in file: 178100
Total unperturbed charge:   0.000000
Total perturbed charge:     0.000000
Scaling up box by a factor of 1.231982 to meet diagonal cut criterion
  Solute vdw bounding box:              163.790 154.603 155.844
  Total bounding box for atom centers:  237.709 237.709 237.709
      (box expansion for 'iso' is   7.6%)
  Solvent unit box:                     18.774 18.774 18.774
  Volume: 6801015.349 A^3 (oct)
  Total mass 3780759.640 amu,  Density 0.923 g/cc
  Added 149823 residues.
Total unperturbed charge:   0.000000
Total perturbed charge:     0.000000
Checking 'x'....

/cvmfs/restricted.computecanada.ca/easybuild/software/2017/avx2/MPI/gcc5.4/cuda9.0/openmpi2.1/amber/18/bin/teLeap: Warning!
There is a bond of 0.432571 angstroms between: 

/cvmfs/restricted.computecanada.ca/easybuild/software/2017/avx2/MPI/gcc5.4/cuda9.0/openmpi2.1/amber/18/bin/teLeap: Warning!
Close contact of 1.473389 angstroms between .R<NVAL 1>.A<HG23 16> and .R<WAT 34694>.A<H1 2>

/cvmfs/restricted.computecanada.ca/easybuild/software/2017/avx2/MPI/gcc5.4/cuda9.0/openmpi2.1/amber/18/bin/teLeap: Warning!
Close contact of 1.378437 angstroms between .R<THR 31>.A<HG1 12> and .R<WAT 26158>.A<H1 2>

/cvmfs/restricted.computecanada.ca/easybuild/software/2017/avx2/MPI/gcc5.4/cuda9.0/openmpi2.1/amber/18/bin/teLeap: Warning!
Close contact of 1.431717 angstroms between .R<ASN 51>.A<HA 4> and .R<WAT 24896>.A<H1 2>

/cvmfs/restricted.computecanada.ca/easybuild/software/2017/avx2/MPI/gcc5.4/cuda9.0/openmpi2.1/amber/18/bin/teLeap: Warning!
Close contact of 1.478508 angstroms between .R<GLU 67>.A<HG3 10> and .R<WAT 34525>.A<H1 2>

/cvmfs/restricted.computecanada.ca/easybuild/software/2017/avx2/MPI/gcc5.4/cuda9.0/openmpi2.1/amber/18/bin/teLeap: Warning!
Close contact of 1.403645 angstroms between .R<LEU 90>.A<HD11 11> and .R<WAT 34445>.A<H2 3>

/cvmfs/restricted.computecanada.ca/easybuild/software/2017/avx2/MPI/gcc5.4/cuda9.0/openmpi2.1/amber/18/bin/teLeap: Warning!
Close contact of 1.120658 angstroms between .R<TYR 100>.A<HH 15> and .R<THR 228>.A<HG1 12>

/cvmfs/restricted.computecanada.ca/easybuild/software/2017/avx2/MPI/gcc5.4/cuda9.0/openmpi2.1/amber/18/bin/teLeap: Warning!
Close contact of 0.582182 angstroms between .R<PRO 110>.A<C 13> and .R<PRO 110>.A<HA 12>

/cvmfs/restricted.computecanada.ca/easybuild/software/2017/avx2/MPI/gcc5.4/cuda9.0/openmpi2.1/amber/18/bin/teLeap: Warning!
Close contact of 0.471544 angstroms between .R<VAL 111>.A<C 15> and .R<VAL 111>.A<HA 4>

/cvmfs/restricted.computecanada.ca/easybuild/software/2017/avx2/MPI/gcc5.4/cuda9.0/openmpi2.1/amber/18/bin/teLeap: Warning!
Close contact of 1.441689 angstroms between .R<ILE 125>.A<HG13 13> and .R<WAT 34494>.A<H2 3>

/cvmfs/restricted.computecanada.ca/easybuild/software/2017/avx2/MPI/gcc5.4/cuda9.0/openmpi2.1/amber/18/bin/teLeap: Warning!
Close contact of 1.474551 angstroms between .R<HID 128>.A<HD2 15> and .R<WAT 34566>.A<H2 3>

/cvmfs/restricted.computecanada.ca/easybuild/software/2017/avx2/MPI/gcc5.4/cuda9.0/openmpi2.1/amber/18/bin/teLeap: Warning!
Close contact of 0.883351 angstroms between .R<GLU 139>.A<OE2 13> and .R<NHE 231>.A<HN2 3>

/cvmfs/restricted.computecanada.ca/easybuild/software/2017/avx2/MPI/gcc5.4/cuda9.0/openmpi2.1/amber/18/bin/teLeap: Warning!
Close contact of 1.436576 angstroms between .R<LYS 155>.A<HE3 16> and .R<WAT 34614>.A<H1 2>

/cvmfs/restricted.computecanada.ca/easybuild/software/2017/avx2/MPI/gcc5.4/cuda9.0/openmpi2.1/amber/18/bin/teLeap: Warning!
Close contact of 1.447308 angstroms between .R<THR 170>.A<HG22 9> and .R<WAT 35994>.A<H1 2>

/cvmfs/restricted.computecanada.ca/easybuild/software/2017/avx2/MPI/gcc5.4/cuda9.0/openmpi2.1/amber/18/bin/teLeap: Warning!
Close contact of 1.392750 angstroms between .R<HID 190>.A<H 2> and .R<WAT 26116>.A<H1 2>

/cvmfs/restricted.computecanada.ca/easybuild/software/2017/avx2/MPI/gcc5.4/cuda9.0/openmpi2.1/amber/18/bin/teLeap: Warning!
Close contact of 1.352214 angstroms between .R<WAT 2025>.A<H1 2> and .R<WAT 7114>.A<H1 2>

/cvmfs/restricted.computecanada.ca/easybuild/software/2017/avx2/MPI/gcc5.4/cuda9.0/openmpi2.1/amber/18/bin/teLeap: Warning!
Close contact of 1.228574 angstroms between .R<WAT 8308>.A<H2 3> and .R<WAT 8365>.A<H1 2>
Checking parameters for unit 'x'.
Checking for bond parameters.
Checking for angle parameters.
check:  Warnings: 17
Unit is OK.
Checking Unit.

/cvmfs/restricted.computecanada.ca/easybuild/software/2017/avx2/MPI/gcc5.4/cuda9.0/openmpi2.1/amber/18/bin/teLeap: Warning!
There is a bond of 0.432571 angstroms between: 

/cvmfs/restricted.computecanada.ca/easybuild/software/2017/avx2/MPI/gcc5.4/cuda9.0/openmpi2.1/amber/18/bin/teLeap: Note.
Ignoring the warning from Unit Checking.

Building topology.
Building atom parameters.
Building bond parameters.
Building angle parameters.
Building proper torsion parameters.
Building improper torsion parameters.
 total 730 improper torsions applied
Building H-Bond parameters.
Incorporating Non-Bonded adjustments.
Not Marking per-residue atom chain types.
Marking per-residue atom chain types.
  (Residues lacking connect0/connect1 - 
   these don't have chain types marked:

	res	total affected

	NVAL	1
	WAT	207872
  )
 (no restraints)
	Quit

Exiting LEaP: Errors = 0; Warnings = 18; Notes = 1.
