#Frame          &!@H=
       1       0.0000
       2       1.9349
       3       1.9546
       4       1.1259
       5       1.6223
       6       1.6268
       7       1.6804
       8       2.0472
       9       1.8399
      10       1.9060
      11       1.6963
      12       1.8510
      13       2.1653
      14       1.8593
      15       1.9099
      16       1.9444
      17       1.9669
      18       1.7774
      19       1.9681
      20       1.7988
      21       2.1217
      22       1.8772
      23       2.0477
      24       1.8562
      25       1.9205
      26       2.1572
      27       2.1394
      28       2.2311
      29       2.2220
      30       2.1730
      31       2.1756
      32       1.9194
      33       2.0557
      34       1.8677
      35       1.8440
      36       2.1475
      37       1.9755
      38       1.9460
      39       1.9292
      40       2.1560
      41       2.2456
      42       2.4136
      43       2.6581
      44       2.7872
      45       2.4395
      46       2.4086
      47       2.7434
      48       2.2004
      49       2.3013
      50       2.3156
      51       2.1667
      52       2.1268
      53       2.0949
      54       2.0831
      55       2.3094
      56       2.3127
      57       2.4265
      58       2.3033
      59       2.2418
      60       2.1583
      61       1.8751
      62       2.0717
      63       1.8094
      64       2.0725
      65       1.7536
      66       2.1584
      67       2.0145
      68       1.7576
      69       1.9545
      70       1.8116
      71       2.0152
      72       1.9329
      73       2.0221
      74       1.9476
      75       2.0198
      76       2.0110
      77       2.2828
      78       2.2159
      79       2.0488
      80       2.1092
      81       1.9668
      82       2.0162
      83       1.8612
      84       2.1327
      85       1.8383
      86       1.8992
      87       2.0329
      88       1.9941
      89       1.9357
      90       1.9311
      91       1.9262
      92       1.9422
      93       1.8926
      94       1.9247
      95       1.8827
      96       2.0269
      97       2.0863
      98       1.8997
      99       2.0813
     100       1.9903
     101       2.0431
     102       2.0078
     103       1.9743
     104       2.1041
     105       1.8526
     106       1.8212
     107       2.0279
     108       1.9053
     109       2.0326
     110       2.0154
     111       2.0793
     112       2.1686
     113       1.9167
     114       1.9314
     115       2.1216
     116       1.9092
     117       1.8661
     118       1.7297
     119       2.0471
     120       2.2785
     121       2.1059
     122       2.0095
     123       2.1773
     124       2.0105
     125       1.9743
     126       1.7718
     127       1.9273
     128       1.9626
     129       1.9392
     130       1.9694
     131       2.0062
     132       2.0963
     133       1.9662
     134       2.0981
     135       2.0033
     136       2.1019
     137       1.9541
     138       1.9595
     139       1.9749
     140       1.9018
     141       1.9139
     142       1.7807
     143       1.7960
     144       1.9576
     145       1.9223
     146       1.8323
     147       1.9093
     148       1.6867
     149       1.9164
     150       1.9078
     151       2.0585
     152       1.9017
     153       1.7038
     154       2.0984
     155       1.8288
     156       1.8266
     157       1.8905
     158       1.9750
     159       1.8806
     160       1.8573
     161       1.9407
     162       1.8213
     163       2.0158
     164       1.8248
     165       1.8534
     166       1.9883
     167       2.0395
     168       2.0005
     169       2.0968
     170       2.0985
     171       2.0182
     172       2.0289
     173       1.9866
     174       2.2305
     175       1.7541
     176       1.9574
     177       2.1983
     178       1.8872
     179       1.8973
     180       1.9298
     181       2.0974
     182       2.2450
     183       2.0876
     184       2.0248
     185       2.1965
     186       2.1362
     187       2.1900
     188       2.2899
     189       2.0480
     190       2.0483
     191       1.9768
     192       2.0271
     193       2.1775
     194       1.8713
     195       1.7968
     196       2.2016
     197       1.7489
     198       1.7354
     199       2.2133
     200       1.9536
     201       2.0549
     202       1.9775
     203       1.9873
     204       2.0191
     205       1.9773
     206       2.0211
     207       1.8145
     208       2.0855
     209       1.9856
     210       2.0538
     211       2.2585
     212       2.2836
     213       2.1501
     214       2.1255
     215       2.2867
     216       2.6892
     217       2.1760
     218       2.0926
     219       2.2228
     220       1.9891
     221       1.6915
     222       1.9287
     223       1.9672
     224       1.9123
     225       1.9109
     226       1.9731
     227       2.0259
     228       1.8177
     229       2.0210
     230       2.0914
     231       1.9219
     232       1.8291
     233       1.8201
     234       1.8315
     235       1.8156
     236       1.8599
     237       1.9328
     238       1.7613
     239       1.7161
     240       1.6432
     241       1.7486
     242       1.7596
     243       1.8871
     244       1.7732
     245       1.6664
     246       1.7859
     247       1.7820
     248       1.6983
     249       1.6878
     250       1.6983
     251       1.8195
     252       1.9788
     253       1.7735
     254       1.6768
     255       1.7773
     256       1.7077
     257       1.8100
     258       1.6881
     259       1.8208
     260       1.8165
     261       1.8016
     262       1.9278
     263       1.8302
     264       1.6726
     265       1.6120
     266       1.7470
     267       1.8208
     268       1.7486
     269       1.7958
     270       1.8519
     271       2.1077
     272       1.7162
     273       1.9979
     274       1.7061
     275       1.9705
     276       1.6766
     277       1.8445
     278       1.8992
     279       1.8226
     280       1.7761
     281       1.7839
     282       1.7392
     283       1.7627
     284       1.8232
     285       1.8293
     286       1.8189
     287       1.7014
     288       1.8880
     289       1.9557
     290       1.6045
     291       1.9591
     292       2.0785
     293       1.9279
     294       1.9366
     295       1.9122
     296       1.8862
     297       1.8835
     298       1.9675
     299       2.5709
     300       1.8978
     301       2.0236
     302       1.9216
     303       1.9490
     304       1.9662
     305       1.7594
     306       2.0603
     307       1.8320
     308       2.0446
     309       1.9517
     310       1.8773
     311       1.7592
     312       2.0278
     313       1.9060
     314       1.9010
     315       1.7982
     316       1.7299
     317       1.7243
     318       1.7564
     319       1.8328
     320       1.8228
     321       1.7138
     322       1.8430
     323       1.7662
     324       1.8159
     325       1.7681
     326       1.7053
     327       1.6914
     328       2.0032
     329       1.6941
     330       1.8558
     331       1.8219
     332       2.1247
     333       1.6946
     334       1.6301
     335       1.6947
     336       1.9173
     337       1.7579
     338       1.8307
     339       1.8007
     340       1.9871
     341       1.7458
     342       1.9544
     343       1.9564
     344       1.9072
     345       2.0381
     346       1.8612
     347       1.9570
     348       1.9327
     349       1.9844
     350       1.8543
     351       1.8716
     352       1.8483
     353       1.9867
     354       1.9451
     355       1.9675
     356       1.9591
     357       1.8701
     358       1.9333
     359       1.9703
     360       2.0481
     361       1.8671
     362       1.9562
     363       1.9510
     364       1.9463
     365       1.9541
     366       2.0070
     367       2.2030
     368       2.1307
     369       2.0437
     370       2.2477
     371       2.2001
     372       2.1986
     373       1.7975
     374       1.9906
     375       2.0978
     376       1.9641
     377       1.9064
     378       1.8181
     379       1.9268
     380       2.0556
     381       2.0213
     382       2.1252
     383       2.0000
     384       2.0080
     385       1.9662
     386       1.7924
     387       1.8607
     388       1.8160
     389       1.8957
     390       1.7727
     391       2.0767
     392       1.9110
     393       1.9266
     394       1.9721
     395       1.9196
     396       1.7696
     397       1.8849
     398       1.8359
     399       1.7759
     400       1.9148
     401       1.8924
     402       1.8803
     403       1.8241
     404       1.8762
     405       1.8165
     406       1.9940
     407       1.6707
     408       1.7472
     409       1.6624
     410       1.6376
     411       1.9315
     412       1.7509
     413       1.8007
     414       1.8299
     415       2.1825
     416       1.8210
     417       1.7688
     418       1.6530
     419       1.9443
     420       1.5898
     421       1.8915
     422       1.8602
     423       1.6707
     424       1.6694
     425       2.1543
     426       1.8689
     427       2.1416
     428       1.9403
     429       2.0920
     430       1.9664
     431       2.0189
     432       1.8354
     433       1.8700
     434       1.9096
     435       1.7126
     436       1.6887
     437       1.7389
     438       1.9008
     439       1.8604
     440       1.4344
     441       2.0424
     442       1.8530
     443       1.8182
     444       1.9564
     445       1.8120
     446       1.6943
     447       2.0334
     448       1.6343
     449       1.7117
     450       1.8663
     451       1.9019
     452       1.8928
     453       1.7517
     454       1.6889
     455       1.8580
     456       1.9036
     457       1.8244
     458       2.1003
     459       2.1350
     460       1.9542
     461       1.8589
     462       1.9765
     463       2.0509
     464       1.8875
     465       1.8504
     466       1.8590
     467       1.9285
     468       2.1019
     469       1.7517
     470       1.8362
     471       1.6586
     472       1.6065
     473       1.8268
     474       1.8434
     475       1.6736
     476       1.8968
     477       1.7437
     478       1.8318
     479       1.9793
     480       1.8106
     481       2.0945
     482       2.0265
     483       1.9811
     484       2.1122
     485       2.1439
     486       2.0389
     487       1.8273
     488       1.7143
     489       1.7396
     490       1.7689
     491       1.8558
     492       1.8248
     493       1.7357
     494       1.6627
     495       1.8057
     496       1.8054
     497       1.8423
     498       1.9180
     499       1.6545
     500       1.7230
     501       1.6785
     502       1.8201
     503       1.8782
     504       1.7613
     505       2.0269
     506       1.8035
     507       1.7002
     508       1.7860
     509       1.8586
     510       1.8047
     511       1.7688
     512       1.7348
     513       1.9878
     514       1.7659
     515       1.9353
     516       1.7786
     517       1.8992
     518       1.9009
     519       1.7127
     520       1.9684
     521       2.0204
     522       1.9637
     523       1.8916
     524       1.8533
     525       1.7927
     526       1.8468
     527       1.6902
     528       1.5994
     529       1.9701
     530       1.7560
     531       1.6888
     532       1.7444
     533       1.6482
     534       1.7187
     535       1.8071
     536       1.8948
     537       1.6365
     538       1.6880
     539       1.7526
     540       1.6564
     541       1.8353
     542       1.5435
     543       1.6886
     544       1.7094
     545       1.7444
     546       1.8881
     547       1.7202
     548       1.8009
     549       1.8140
     550       1.9731
     551       1.7977
     552       1.7968
     553       1.8172
     554       1.9174
     555       2.0099
     556       1.8293
     557       1.9371
     558       1.7405
     559       1.8259
     560       1.9898
     561       1.8715
     562       1.8236
     563       1.9049
     564       1.7479
     565       1.8972
     566       1.9330
     567       1.9773
     568       1.8690
     569       1.8929
     570       1.9396
     571       1.8429
     572       1.7068
     573       1.7503
     574       1.7093
     575       1.7001
     576       1.9275
     577       1.7428
     578       1.7633
     579       1.7964
     580       1.8558
     581       1.7149
     582       1.8209
     583       1.8879
     584       2.0174
     585       2.0557
     586       2.0743
     587       1.9661
     588       2.0621
     589       1.8218
     590       1.6774
     591       1.8138
     592       1.7836
     593       1.9325
     594       1.9625
     595       1.9135
     596       1.8854
     597       2.0024
     598       1.9093
     599       1.9693
     600       1.8686
     601       1.8570
     602       2.0029
     603       1.9871
     604       1.8500
     605       1.8220
     606       1.9536
     607       1.7954
     608       1.9260
     609       1.8911
     610       1.6778
     611       2.0201
     612       1.8483
     613       1.8234
     614       1.9362
     615       1.8581
     616       1.8634
     617       2.0546
     618       1.6121
     619       1.9834
     620       1.9005
     621       1.8990
     622       1.7484
     623       1.9103
     624       1.9447
     625       1.8452
     626       1.7564
     627       1.6780
     628       1.7114
     629       1.9683
     630       1.6878
     631       2.0567
     632       1.7821
     633       1.9027
     634       1.9613
     635       1.8975
     636       1.7550
     637       1.8471
     638       1.7496
     639       1.6792
     640       1.6510
     641       1.7436
     642       1.7820
     643       1.9889
     644       2.0917
     645       1.7454
     646       1.8285
     647       1.9106
     648       1.7142
     649       2.0024
     650       1.8096
     651       1.9271
     652       1.9801
     653       2.0386
     654       1.8549
     655       2.1568
     656       2.0037
     657       1.8532
     658       1.9003
     659       2.0184
     660       2.0698
     661       1.7676
     662       1.8641
     663       1.8367
     664       2.0156
     665       1.9694
     666       2.0424
     667       1.8074
     668       2.0369
     669       2.7488
     670       2.6706
     671       2.8648
     672       3.0270
     673       3.2771
     674       2.8405
     675       2.9992
     676       2.8135
     677       2.5438
     678       2.8893
     679       2.5971
     680       2.6606
     681       2.4537
     682       2.2340
     683       2.3470
     684       2.8999
     685       2.4653
     686       2.3233
     687       2.4713
     688       2.4058
     689       2.5191
     690       2.2869
     691       2.0563
     692       2.5582
     693       2.2838
     694       2.2917
     695       2.3643
     696       2.1007
     697       2.5885
     698       2.2093
     699       2.2558
     700       2.3522
     701       2.1024
     702       2.3321
     703       2.4054
     704       2.2597
     705       2.0494
     706       2.1529
     707       2.2515
     708       3.4674
     709       2.3036
     710       2.3719
     711       2.2908
     712       2.3245
     713       2.1742
     714       2.1312
     715       2.1464
     716       2.6259
     717       2.3885
     718       2.2234
     719       2.0529
     720       2.2984
     721       2.0696
     722       2.3385
     723       2.5076
     724       2.0439
     725       1.8889
     726       2.0711
     727       2.3986
     728       2.2876
     729       2.2582
     730       2.2677
     731       2.0991
     732       1.9699
     733       1.9933
     734       2.3929
     735       1.9755
     736       2.1139
     737       2.0161
     738       2.2935
     739       2.0376
     740       2.1161
     741       2.0478
     742       1.8948
     743       2.1740
     744       2.0511
     745       2.1280
     746       1.9760
     747       2.1840
     748       1.8134
     749       1.9885
     750       2.3131
     751       1.9077
     752       1.6301
     753       1.8197
     754       1.7397
     755       1.9314
     756       1.8008
     757       1.9153
     758       1.9412
     759       1.8672
     760       1.9359
     761       1.7674
     762       1.6555
     763       1.8904
     764       2.1838
     765       2.2330
     766       1.9614
     767       1.7758
     768       1.8779
     769       1.8887
     770       2.0224
     771       2.1233
     772       1.7037
     773       1.8663
     774       1.9899
     775       1.9217
     776       1.9224
     777       1.7791
     778       1.7389
     779       1.8547
     780       1.8749
     781       1.8256
     782       1.9294
     783       1.8959
     784       1.7087
     785       1.9207
     786       1.8084
     787       1.8347
     788       2.1330
     789       1.9549
     790       1.9530
     791       1.8813
     792       1.8178
     793       1.7384
     794       1.7757
     795       1.8276
     796       1.7911
     797       2.0579
     798       1.7675
     799       1.6029
     800       1.8341
     801       1.9899
     802       2.0164
     803       1.7879
     804       1.8387
     805       1.7779
     806       1.6123
     807       1.7363
     808       1.8122
     809       1.7613
     810       1.8107
     811       1.7510
     812       1.7408
     813       1.9347
     814       1.7860
     815       1.8587
     816       1.7265
     817       1.7737
     818       1.8894
     819       1.8892
     820       2.1087
     821       1.9532
     822       1.8011
     823       1.6784
     824       1.5393
     825       1.8619
     826       1.6485
     827       1.7422
     828       1.8561
     829       1.7834
     830       1.8628
     831       1.7048
     832       1.8263
     833       1.9158
     834       1.7779
     835       1.9669
     836       1.8355
     837       1.6847
     838       2.0104
     839       1.8654
     840       1.9380
     841       2.0492
     842       1.9753
     843       1.7695
     844       1.7673
     845       1.6819
     846       2.0972
     847       1.8512
     848       1.7847
     849       1.8395
     850       1.7873
     851       1.8417
     852       1.8422
     853       1.8504
     854       1.7753
     855       1.7989
     856       2.1111
     857       1.9709
     858       2.0431
     859       1.8698
     860       1.9693
     861       1.9112
     862       1.8442
     863       1.7645
     864       1.7540
     865       2.0067
     866       1.8702
     867       1.8676
     868       1.8660
     869       1.7544
     870       1.7679
     871       1.9974
     872       1.7435
     873       1.8610
     874       2.1425
     875       1.9197
     876       1.7532
     877       1.9748
     878       1.7710
     879       1.8179
     880       1.8449
     881       1.6408
     882       1.7877
     883       1.7294
     884       1.8895
     885       1.7967
     886       1.9146
     887       2.2079
     888       1.8250
     889       1.8550
     890       1.9174
     891       1.7812
     892       1.7726
     893       1.8227
     894       1.7902
     895       1.5995
     896       2.1037
     897       1.8451
     898       1.9526
     899       1.7207
     900       1.8794
     901       1.7724
     902       1.9272
     903       1.8245
     904       1.8786
     905       1.9838
     906       1.6684
     907       1.9423
     908       1.7444
     909       1.8971
     910       1.9246
     911       1.8723
     912       2.0211
     913       1.7945
     914       1.8392
     915       1.9339
     916       1.8066
     917       2.0132
     918       1.8887
     919       1.9212
     920       1.9707
     921       1.9663
     922       1.8475
     923       1.8777
     924       1.8730
     925       1.8668
     926       1.8765
     927       1.7809
     928       1.9877
     929       1.8465
     930       1.8827
     931       1.9939
     932       1.6963
     933       1.7364
     934       1.8907
     935       1.8157
     936       1.7985
     937       1.9985
     938       2.1062
     939       1.7232
     940       1.9207
     941       1.8301
     942       1.7307
     943       1.8645
     944       1.9117
     945       1.7232
     946       1.8896
     947       1.9910
     948       1.9015
     949       1.9847
     950       2.0442
     951       1.6233
     952       1.9291
     953       1.8816
     954       1.8170
     955       1.9559
     956       1.6921
     957       1.8737
     958       1.8298
     959       1.8924
     960       1.8557
     961       1.6986
     962       1.9153
     963       2.0217
     964       1.8035
     965       1.9101
     966       1.8631
     967       1.6914
     968       1.5998
     969       1.9677
     970       1.7640
     971       1.7995
     972       1.8332
     973       1.7884
     974       1.8783
     975       1.8094
     976       1.8495
     977       1.8976
     978       1.7492
     979       1.8621
     980       1.8158
     981       2.1590
     982       1.6986
     983       1.8292
     984       1.7046
     985       1.8916
     986       1.8953
     987       1.8642
     988       2.0268
     989       1.8915
     990       1.8944
     991       1.8053
     992       1.7274
     993       1.8476
     994       2.4290
     995       2.2652
     996       1.8119
     997       1.7611
     998       1.6301
     999       1.9146
    1000       1.7879
    1001       1.7793
    1002       1.6870
    1003       1.8302
    1004       1.7138
    1005       1.7932
    1006       1.6224
    1007       1.5747
    1008       1.7067
    1009       1.6675
    1010       1.7159
    1011       1.5533
    1012       1.7883
    1013       2.2085
    1014       1.5950
    1015       1.7484
    1016       1.7743
    1017       1.8255
    1018       2.0204
    1019       1.8980
    1020       1.9090
    1021       1.7527
    1022       1.9341
    1023       2.0002
    1024       1.6409
    1025       1.5523
    1026       1.6309
    1027       1.8036
    1028       1.7672
    1029       1.6525
    1030       1.9719
    1031       1.7375
    1032       1.8120
    1033       1.9025
    1034       1.8249
    1035       2.0153
    1036       1.7853
    1037       1.8650
    1038       1.7184
    1039       1.7817
    1040       1.6860
    1041       1.7617
    1042       1.9183
    1043       1.9388
    1044       1.9125
    1045       1.8344
    1046       1.8203
    1047       1.8016
    1048       2.2566
    1049       2.3013
    1050       2.3444
    1051       2.5072
    1052       2.1677
    1053       2.3729
    1054       1.7923
    1055       2.0497
    1056       1.8926
    1057       1.6637
    1058       1.8002
    1059       1.7074
    1060       1.8531
    1061       1.9495
    1062       2.0468
    1063       1.8201
    1064       2.4629
    1065       2.4917
    1066       2.5965
    1067       2.3642
    1068       2.6452
    1069       2.4149
    1070       2.2899
    1071       2.2176
    1072       2.0458
    1073       2.1255
    1074       2.3024
    1075       2.3025
    1076       2.1829
    1077       2.0194
    1078       2.2366
    1079       2.0991
    1080       2.2505
    1081       1.7402
    1082       2.0915
    1083       1.9402
    1084       1.9338
    1085       2.0551
    1086       1.9845
    1087       2.6663
    1088       2.4190
    1089       1.9687
    1090       2.3290
    1091       2.1885
    1092       1.6949
    1093       1.8742
    1094       1.7255
    1095       2.0925
    1096       1.7518
    1097       1.9094
    1098       1.7973
    1099       1.8221
    1100       1.8912
    1101       1.6697
    1102       1.8286
    1103       2.0596
    1104       1.9198
    1105       1.7656
    1106       1.6978
    1107       1.7491
    1108       1.6929
    1109       1.8132
    1110       1.8213
    1111       1.9016
    1112       1.8099
    1113       2.1635
    1114       1.9604
    1115       1.7798
    1116       1.8638
    1117       1.6646
    1118       1.7558
    1119       1.8055
    1120       2.2135
    1121       1.9704
    1122       2.1517
    1123       2.0700
    1124       1.9665
    1125       2.0112
    1126       1.9958
    1127       1.7460
    1128       2.1465
    1129       1.8753
    1130       1.9310
    1131       1.7667
    1132       1.9045
    1133       2.0107
    1134       1.8884
    1135       2.1328
    1136       2.2083
    1137       1.9084
    1138       1.7902
    1139       2.0046
    1140       2.0041
    1141       1.8506
    1142       1.7873
    1143       1.7832
    1144       1.7855
    1145       1.7322
    1146       1.8367
    1147       1.8819
    1148       2.0585
    1149       1.7881
    1150       1.9272
    1151       1.8668
    1152       1.7602
    1153       2.0053
    1154       1.7339
    1155       1.8019
    1156       2.0343
    1157       1.8134
    1158       1.8129
    1159       1.7837
    1160       2.0355
    1161       1.9135
    1162       2.0026
    1163       2.2176
    1164       2.0328
    1165       2.1220
    1166       1.7632
    1167       1.8583
    1168       1.7896
    1169       1.9006
    1170       1.9016
    1171       1.8646
    1172       1.9968
    1173       2.0095
    1174       1.8893
    1175       1.9729
    1176       2.1631
    1177       2.1149
    1178       1.9849
    1179       1.8763
    1180       1.8725
    1181       2.0103
    1182       1.8770
    1183       1.8881
    1184       1.7483
    1185       1.6132
    1186       2.0880
    1187       2.1684
    1188       2.0658
    1189       1.8924
    1190       1.9239
    1191       2.0260
    1192       2.0756
    1193       2.2192
    1194       2.0882
    1195       2.3560
    1196       2.2595
    1197       2.2576
    1198       1.9187
    1199       2.2225
    1200       1.9854
    1201       2.1410
    1202       1.9437
    1203       2.0454
    1204       2.0793
    1205       2.2591
    1206       1.9173
    1207       2.1165
    1208       2.0067
    1209       2.1179
    1210       2.0927
    1211       2.0479
    1212       1.8783
    1213       2.0711
    1214       2.1531
    1215       2.4699
    1216       2.1482
    1217       2.0261
    1218       2.0114
    1219       2.1956
    1220       1.8426
    1221       2.2527
    1222       2.4031
    1223       2.3239
    1224       2.1648
    1225       1.9440
    1226       1.8705
    1227       1.9967
    1228       2.1365
    1229       2.2429
    1230       2.1431
    1231       2.2047
    1232       2.1525
    1233       2.1401
    1234       2.1004
    1235       2.1352
    1236       2.3094
    1237       1.9031
    1238       2.1411
    1239       2.0384
    1240       1.9433
    1241       2.0466
    1242       2.1530
    1243       2.2281
    1244       2.3861
    1245       2.4249
    1246       2.4024
    1247       2.4485
    1248       2.6249
    1249       2.2887
    1250       2.0870
    1251       2.1510
    1252       2.0956
    1253       2.1878
    1254       2.1048
    1255       2.2507
    1256       2.4622
    1257       2.6508
    1258       2.1637
    1259       2.0011
    1260       1.8907
    1261       1.9056
    1262       2.0307
    1263       1.9965
    1264       1.9806
    1265       2.3167
    1266       2.0419
    1267       2.0243
    1268       2.0484
    1269       1.8885
    1270       1.9076
    1271       1.9046
    1272       2.3372
    1273       2.1898
    1274       2.0377
    1275       1.9791
    1276       2.1776
    1277       2.1696
    1278       2.0347
    1279       2.0366
    1280       2.1122
    1281       2.3411
    1282       1.8732
    1283       2.1061
    1284       2.3274
    1285       2.4043
    1286       1.8904
    1287       1.8359
    1288       1.8201
    1289       1.9208
    1290       1.7578
    1291       1.7861
    1292       1.7570
    1293       1.9216
    1294       1.5906
    1295       1.8232
    1296       1.7691
    1297       1.8763
    1298       1.7923
    1299       1.6746
    1300       1.5883
    1301       1.8754
    1302       1.8828
    1303       1.7985
    1304       1.7646
    1305       1.8286
    1306       1.9206
    1307       1.8904
    1308       1.7436
    1309       1.6927
    1310       1.8951
    1311       1.7976
    1312       1.8444
    1313       1.7163
    1314       1.8814
    1315       1.8735
    1316       1.9091
    1317       1.8743
    1318       1.9641
    1319       1.9066
    1320       1.9818
    1321       1.8734
    1322       1.8632
    1323       1.8817
    1324       1.7639
    1325       1.7795
    1326       1.7896
    1327       1.7695
    1328       1.7586
    1329       1.6890
    1330       1.9095
    1331       1.6513
    1332       1.7792
    1333       1.7906
    1334       1.8620
    1335       1.8668
    1336       1.7838
    1337       1.8587
    1338       1.7800
    1339       1.7326
    1340       1.8831
    1341       1.8345
    1342       1.7561
    1343       1.7247
    1344       1.7422
    1345       1.6424
    1346       1.7218
    1347       2.0219
    1348       1.8098
    1349       1.8227
    1350       1.7805
    1351       1.6183
    1352       1.6527
    1353       2.0504
    1354       1.8473
    1355       1.9014
    1356       1.8788
    1357       1.9497
    1358       1.8927
    1359       1.9279
    1360       2.0386
    1361       2.1556
    1362       2.0240
    1363       2.1476
    1364       1.7874
    1365       1.7101
    1366       2.2930
    1367       2.0164
    1368       1.9705
    1369       1.6986
    1370       1.9260
    1371       1.8329
    1372       1.9074
    1373       2.0276
    1374       1.9609
    1375       1.9436
    1376       1.8956
    1377       2.1386
    1378       1.9971
    1379       1.8030
    1380       2.0350
    1381       2.2877
    1382       2.1487
    1383       1.9486
    1384       2.0603
    1385       2.2681
    1386       2.0698
    1387       2.0776
    1388       2.1722
    1389       1.8695
    1390       1.8100
    1391       2.0253
    1392       1.9310
    1393       2.0583
    1394       1.7042
    1395       1.8690
    1396       2.0276
    1397       1.9201
    1398       1.7612
    1399       2.2253
    1400       1.8055
    1401       2.0438
    1402       1.7330
    1403       1.8168
    1404       1.7333
    1405       1.9257
    1406       1.7945
    1407       1.8313
    1408       1.9736
    1409       1.8622
    1410       1.8891
    1411       1.7741
    1412       1.9547
    1413       1.7901
    1414       1.8363
    1415       1.8896
    1416       1.9701
    1417       2.0141
    1418       1.8561
    1419       1.7559
    1420       1.9459
    1421       1.9190
    1422       2.2417
    1423       1.9768
    1424       1.9819
    1425       1.6823
    1426       2.1879
    1427       1.9524
    1428       2.4862
    1429       2.4909
    1430       2.8823
    1431       2.8335
    1432       2.5507
    1433       2.5188
    1434       2.3472
    1435       1.9554
    1436       2.3158
    1437       2.0277
    1438       2.2199
    1439       2.6395
    1440       2.3408
    1441       2.3742
    1442       2.2069
    1443       2.0880
    1444       2.2327
    1445       2.1322
    1446       2.2035
    1447       2.2804
    1448       2.1233
    1449       2.2145
    1450       2.4920
    1451       1.9939
    1452       2.2680
    1453       1.8890
    1454       2.4543
    1455       2.4141
    1456       2.1725
    1457       2.4742
    1458       2.3926
    1459       2.1726
    1460       2.3321
    1461       1.9555
    1462       2.1760
    1463       2.4405
    1464       2.8285
    1465       2.5117
    1466       3.1605
    1467       2.9925
    1468       3.0632
    1469       2.4987
    1470       2.3319
    1471       2.8811
    1472       2.4888
    1473       3.4841
    1474       3.0515
    1475       3.2314
    1476       2.9926
    1477       3.0396
    1478       3.3489
    1479       3.1842
    1480       3.4772
    1481       2.9865
    1482       3.4449
    1483       3.2125
    1484       3.3352
    1485       3.1783
    1486       3.0308
    1487       3.1322
    1488       3.1745
    1489       2.8505
    1490       3.1097
    1491       2.9834
    1492       2.8758
    1493       3.1261
    1494       2.7627
    1495       2.3350
    1496       3.0787
    1497       2.6227
    1498       2.5816
    1499       2.8187
    1500       3.4151
    1501       3.3537
    1502       2.9108
    1503       3.6829
    1504       2.8399
    1505       3.2640
    1506       3.2199
    1507       2.9244
    1508       2.9235
    1509       2.9421
    1510       3.3676
    1511       3.1479
    1512       2.8954
    1513       3.1505
    1514       2.9827
    1515       3.2794
    1516       3.2715
    1517       3.0864
    1518       3.5629
    1519       3.3145
    1520       3.4362
    1521       3.3134
    1522       3.2895
    1523       3.2891
    1524       2.9248
    1525       3.1340
    1526       2.6946
    1527       2.9333
    1528       3.0475
    1529       2.9231
    1530       3.0077
    1531       2.6116
    1532       3.1069
    1533       3.2008
    1534       3.3177
    1535       3.1997
    1536       2.8305
    1537       2.9333
    1538       2.9523
    1539       3.0990
    1540       2.8428
    1541       2.9723
    1542       2.8921
    1543       3.1103
    1544       2.8785
    1545       3.0664
    1546       2.5657
    1547       2.5106
    1548       2.4243
    1549       2.8004
    1550       3.0013
    1551       3.1585
    1552       2.5516
    1553       2.7093
    1554       2.3671
    1555       2.1498
    1556       2.2484
    1557       2.3532
    1558       2.1887
    1559       2.6919
    1560       2.2887
    1561       2.0309
    1562       2.0942
    1563       2.4738
    1564       2.3629
    1565       1.8490
    1566       2.1676
    1567       2.0589
    1568       2.4956
    1569       2.2720
    1570       2.3297
    1571       2.7517
    1572       2.6347
    1573       2.7670
    1574       2.5363
    1575       2.7906
    1576       2.6840
    1577       2.7549
    1578       2.3413
    1579       2.5107
    1580       2.6053
    1581       2.6243
    1582       2.6861
    1583       2.9703
    1584       2.5399
    1585       2.8150
    1586       2.6944
    1587       2.5917
    1588       2.6238
    1589       2.4834
    1590       2.7756
    1591       2.5802
    1592       2.3971
    1593       2.4862
    1594       2.8109
    1595       2.6943
    1596       2.7942
    1597       2.7634
    1598       2.4960
    1599       2.6626
    1600       2.9705
    1601       2.7292
    1602       2.7866
    1603       2.6031
    1604       2.8409
    1605       2.6812
    1606       2.7781
    1607       3.2699
    1608       3.0053
    1609       2.4931
    1610       2.8670
    1611       2.7951
    1612       2.7545
    1613       2.9762
    1614       2.8388
    1615       2.1498
    1616       2.7350
    1617       2.8841
    1618       2.7124
    1619       2.7211
    1620       2.5708
    1621       2.6933
    1622       1.9691
    1623       1.8900
    1624       2.0022
    1625       2.4531
    1626       2.1597
    1627       1.9022
    1628       2.1297
    1629       2.2769
    1630       1.9090
    1631       1.9447
    1632       1.8666
    1633       1.8791
    1634       2.0839
    1635       1.8325
    1636       1.7747
    1637       1.8410
    1638       2.0576
    1639       1.8737
    1640       1.8980
    1641       2.0151
    1642       1.9747
    1643       1.9261
    1644       1.5767
    1645       1.8937
    1646       1.9069
    1647       2.1253
    1648       1.8991
    1649       1.9538
    1650       1.9494
    1651       1.9489
    1652       1.8917
    1653       1.7803
    1654       1.8334
    1655       1.5011
    1656       1.8834
    1657       1.8172
    1658       1.6909
    1659       1.8394
    1660       1.7659
    1661       1.8656
    1662       1.7258
    1663       1.7652
    1664       2.0308
    1665       1.8350
    1666       1.8075
    1667       1.7571
    1668       1.7610
    1669       2.0313
    1670       1.9593
    1671       2.0191
    1672       1.8127
    1673       1.7330
    1674       1.7332
    1675       1.9193
    1676       1.8667
    1677       1.7933
    1678       1.8649
    1679       1.9703
    1680       2.0163
    1681       1.8907
    1682       2.0037
    1683       2.0046
    1684       2.4070
    1685       2.3657
    1686       2.4477
    1687       2.4075
    1688       2.3087
    1689       2.2271
    1690       2.2816
    1691       2.3034
    1692       2.3351
    1693       2.2414
    1694       2.4765
    1695       2.1929
    1696       2.2574
    1697       1.9580
    1698       1.9774
    1699       2.2324
    1700       2.1667
    1701       2.3575
    1702       1.9982
    1703       2.2155
    1704       1.9934
    1705       1.8487
    1706       1.9772
    1707       2.0003
    1708       2.0184
    1709       2.2227
    1710       2.0722
    1711       1.8945
    1712       2.2994
    1713       2.2584
    1714       2.2502
    1715       2.2511
    1716       2.1092
    1717       2.1755
    1718       2.3650
    1719       2.5015
    1720       2.3129
    1721       2.3740
    1722       2.6602
    1723       2.6791
    1724       2.5515
    1725       2.3152
    1726       2.2992
    1727       2.0774
    1728       1.9884
    1729       2.3163
    1730       2.2716
    1731       2.3738
    1732       2.4351
    1733       2.1333
    1734       2.1239
    1735       2.2539
    1736       1.9498
    1737       2.1011
    1738       2.1419
    1739       2.0832
    1740       2.1665
    1741       2.1129
    1742       2.0383
    1743       1.9001
    1744       2.0945
    1745       2.1450
    1746       2.4829
    1747       2.5256
    1748       2.0429
    1749       2.2431
    1750       2.4443
    1751       1.8820
    1752       1.8129
    1753       1.9113
    1754       2.2770
    1755       1.8160
    1756       2.1407
    1757       2.3221
    1758       2.1480
    1759       2.2699
    1760       2.0863
    1761       2.4614
    1762       2.0393
    1763       2.0091
    1764       2.0826
    1765       2.3566
    1766       2.2530
    1767       2.3126
    1768       1.9697
    1769       2.1683
    1770       2.3001
    1771       2.2075
    1772       2.2323
    1773       2.2156
    1774       2.3920
    1775       2.3582
    1776       2.4415
    1777       2.3173
    1778       2.5387
    1779       2.5010
    1780       2.1795
    1781       2.2386
    1782       2.0508
    1783       2.0149
    1784       2.0760
    1785       2.2016
    1786       2.0312
    1787       2.2880
    1788       2.0243
    1789       1.8275
    1790       2.2375
    1791       2.0149
    1792       2.2567
    1793       2.0393
    1794       1.8132
    1795       2.0343
    1796       2.4318
    1797       1.8544
    1798       2.0734
    1799       2.1134
    1800       1.9115
    1801       1.9025
    1802       2.1351
    1803       2.3873
    1804       2.6686
    1805       2.4064
    1806       2.1051
    1807       1.9960
    1808       2.0917
    1809       2.3678
    1810       1.7758
    1811       2.2521
    1812       1.9479
    1813       1.6539
    1814       1.8213
    1815       2.2327
    1816       2.2038
    1817       2.0652
    1818       2.0854
    1819       2.1390
    1820       1.9888
    1821       1.9438
    1822       2.0690
    1823       2.0810
    1824       2.2019
    1825       1.9450
    1826       2.0341
    1827       1.7724
    1828       1.9459
    1829       1.8674
    1830       1.9162
    1831       1.6811
    1832       1.8547
    1833       1.8773
    1834       1.6918
    1835       2.0376
    1836       1.9220
    1837       2.0671
    1838       2.0070
    1839       1.8327
    1840       1.8802
    1841       1.5963
    1842       1.8598
    1843       2.0740
    1844       1.8059
    1845       1.7341
    1846       1.9254
    1847       1.9661
    1848       1.7516
    1849       1.6926
    1850       1.6710
    1851       1.8590
    1852       1.9005
    1853       1.9972
    1854       1.8850
    1855       1.7902
    1856       1.7458
    1857       1.6982
    1858       1.7995
    1859       1.7895
    1860       2.0229
    1861       1.8734
    1862       1.8340
    1863       1.9571
    1864       1.9209
    1865       1.8031
    1866       1.8717
    1867       1.9092
    1868       1.8540
    1869       1.7179
    1870       1.7345
    1871       1.5274
    1872       1.8176
    1873       1.9976
    1874       2.1428
    1875       2.1751
    1876       2.1378
    1877       2.2230
    1878       2.2290
    1879       2.1232
    1880       2.1253
    1881       2.2373
    1882       2.2266
    1883       2.2701
    1884       2.1398
    1885       2.1884
    1886       2.3121
    1887       2.3958
    1888       2.1670
    1889       2.2947
    1890       2.2919
    1891       2.3765
    1892       2.3154
    1893       2.1593
    1894       2.4251
    1895       2.1690
    1896       2.0291
    1897       2.4717
    1898       2.1796
    1899       2.6301
    1900       2.5747
    1901       2.4068
    1902       2.2529
    1903       2.1043
    1904       2.0819
    1905       2.0173
    1906       2.1109
    1907       2.1443
    1908       2.2295
    1909       2.1458
    1910       2.3986
    1911       2.0496
    1912       2.2729
    1913       2.0727
    1914       1.9923
    1915       2.0725
    1916       2.1871
    1917       2.1794
    1918       2.1521
    1919       2.4950
    1920       2.1101
    1921       2.0712
    1922       2.1585
    1923       2.4447
    1924       2.3524
    1925       2.1140
    1926       2.5806
    1927       2.4479
    1928       2.3457
    1929       2.0339
    1930       2.6918
    1931       2.0724
    1932       2.3236
    1933       2.0471
    1934       2.1269
    1935       2.1263
    1936       2.1343
    1937       2.0901
    1938       2.4497
    1939       2.7099
    1940       2.3813
    1941       2.1066
    1942       2.2300
    1943       2.0804
    1944       2.1533
    1945       2.4378
    1946       2.3992
    1947       2.5955
    1948       2.1686
    1949       2.2812
    1950       2.2035
    1951       2.4382
    1952       2.3828
    1953       2.3383
    1954       2.4431
    1955       2.2742
    1956       2.2770
    1957       2.1282
    1958       2.5387
    1959       2.4490
    1960       2.3549
    1961       2.4851
    1962       2.3476
    1963       2.1619
    1964       2.1827
    1965       2.4159
    1966       2.2196
    1967       1.9448
    1968       2.0297
    1969       2.5187
    1970       2.0749
    1971       2.4009
    1972       2.6342
    1973       2.3782
    1974       2.2684
    1975       2.4967
    1976       2.1538
    1977       2.3397
    1978       2.2519
    1979       2.2296
    1980       2.4444
    1981       2.1875
    1982       1.9461
    1983       2.2480
    1984       2.2754
    1985       2.3751
    1986       2.0434
    1987       2.0000
    1988       2.1679
    1989       2.2937
    1990       2.3996
    1991       2.4046
    1992       2.3383
    1993       2.4490
    1994       2.4636
    1995       2.4373
    1996       2.1075
    1997       2.0581
    1998       2.2522
    1999       2.0753
    2000       2.2510
    2001       2.0935
    2002       2.4741
    2003       2.4189
    2004       2.5416
    2005       2.5216
    2006       2.5766
    2007       2.3405
    2008       2.4530
    2009       2.1377
    2010       2.2987
    2011       1.9930
    2012       2.2112
    2013       2.2277
    2014       2.1477
    2015       2.2526
    2016       2.2393
    2017       2.2698
    2018       2.1311
    2019       2.0939
    2020       2.0097
    2021       1.9874
    2022       2.0615
    2023       2.3958
    2024       2.0648
    2025       2.2941
    2026       2.2490
    2027       2.2464
    2028       2.5264
    2029       2.1631
    2030       2.2896
    2031       2.1862
    2032       2.0660
    2033       1.8208
    2034       2.1139
    2035       2.1155
    2036       2.0785
    2037       2.0744
    2038       2.1657
    2039       2.2260
    2040       1.9153
    2041       2.3321
    2042       2.1254
    2043       2.1333
    2044       2.0492
    2045       1.9344
    2046       2.0801
    2047       2.4008
    2048       2.3718
    2049       2.3778
    2050       2.8849
    2051       2.5955
    2052       2.5773
    2053       2.7661
    2054       2.8302
    2055       2.6575
    2056       3.9428
    2057       4.5634
    2058       4.2713
    2059       4.3154
    2060       4.0483
    2061       3.9555
    2062       4.0666
    2063       4.2960
    2064       4.0321
    2065       4.2840
    2066       4.0945
    2067       4.2440
    2068       4.5837
    2069       4.1938
    2070       4.0910
    2071       4.1724
    2072       4.1471
    2073       4.6295
    2074       4.3707
    2075       4.4391
    2076       4.2814
    2077       4.2395
    2078       4.0306
    2079       4.4302
    2080       3.9771
    2081       3.9909
    2082       3.9991
    2083       4.2614
    2084       4.4212
    2085       4.2583
    2086       4.2122
    2087       4.3662
    2088       4.1817
    2089       4.2723
    2090       4.5327
    2091       4.0905
    2092       4.1800
    2093       4.1523
    2094       4.0336
    2095       3.9287
    2096       3.8486
    2097       4.0138
    2098       4.0097
    2099       4.0717
    2100       4.0041
    2101       3.9620
    2102       4.2961
    2103       4.2533
    2104       4.0954
    2105       4.1833
    2106       4.0979
    2107       4.0359
    2108       4.0243
    2109       4.1753
    2110       4.3341
    2111       4.3396
    2112       4.1090
    2113       4.3685
    2114       4.3039
    2115       4.1837
    2116       4.2036
    2117       4.1352
    2118       4.1698
    2119       4.1490
    2120       4.2208
    2121       4.1204
    2122       3.9496
    2123       4.0869
    2124       4.1237
    2125       4.3764
    2126       4.4116
    2127       4.1888
    2128       3.9920
    2129       4.3901
    2130       4.6945
    2131       4.7922
    2132       4.2180
    2133       4.6850
    2134       4.6735
    2135       4.6401
    2136       5.0832
    2137       4.2273
    2138       4.2404
    2139       4.0559
    2140       4.0919
    2141       3.9257
    2142       4.2368
    2143       4.3856
    2144       4.2652
    2145       4.3124
    2146       4.4990
    2147       4.2698
    2148       4.3522
    2149       4.4343
    2150       4.2933
    2151       4.2311
    2152       4.2707
    2153       4.4142
    2154       4.6330
    2155       4.1150
    2156       4.4729
    2157       4.2794
    2158       4.2861
    2159       4.1566
    2160       4.1807
    2161       4.2544
    2162       3.8560
    2163       4.0779
    2164       4.2716
    2165       4.2182
    2166       4.2054
    2167       4.4490
    2168       4.0036
    2169       4.0707
    2170       4.3764
    2171       4.3237
    2172       4.4094
    2173       3.9631
    2174       4.0022
    2175       4.1267
    2176       4.5645
    2177       4.5550
    2178       4.1582
    2179       4.1376
    2180       4.3836
    2181       4.5293
    2182       4.1737
    2183       4.2991
    2184       4.4277
    2185       3.9596
    2186       4.0469
    2187       4.3070
    2188       4.2605
    2189       4.3314
    2190       4.6068
    2191       4.0909
    2192       4.3427
    2193       4.5752
    2194       4.9051
    2195       4.4399
    2196       4.6794
    2197       4.4895
    2198       4.5186
    2199       4.7439
    2200       4.6629
    2201       4.6435
    2202       4.6620
    2203       4.4685
    2204       4.4969
    2205       4.4745
    2206       4.3449
    2207       4.3975
    2208       4.1905
    2209       4.1240
    2210       4.5561
    2211       4.3398
    2212       4.5065
    2213       4.1066
    2214       4.5655
    2215       4.1123
    2216       4.1939
    2217       4.5888
    2218       4.0771
    2219       4.1492
    2220       4.2341
    2221       4.5300
    2222       4.3206
    2223       4.4932
    2224       4.7053
    2225       4.5235
    2226       4.3270
    2227       4.3688
    2228       4.5312
    2229       4.6203
    2230       4.6029
    2231       4.6530
    2232       4.6429
    2233       4.9190
    2234       4.7437
    2235       4.7898
    2236       4.3524
    2237       4.5237
    2238       4.6162
    2239       4.4845
    2240       4.5442
    2241       4.3962
    2242       4.4671
    2243       4.8239
    2244       4.5421
    2245       4.3219
    2246       4.5061
    2247       4.4351
    2248       4.6494
    2249       4.5423
    2250       5.1645
    2251       4.6994
    2252       5.1663
    2253       4.6669
    2254       4.4555
    2255       4.4521
    2256       4.6421
    2257       4.3743
    2258       4.3642
    2259       4.3659
    2260       4.7404
    2261       4.1752
    2262       4.5288
    2263       4.6245
    2264       4.6869
    2265       4.7218
    2266       4.1950
    2267       4.3487
    2268       4.4268
    2269       4.5868
    2270       4.5840
    2271       4.7203
    2272       4.6859
    2273       4.5396
    2274       4.6765
    2275       4.7802
    2276       4.3570
    2277       4.8799
    2278       4.3377
    2279       4.7216
    2280       4.8308
    2281       4.2083
    2282       4.5589
    2283       4.3384
    2284       4.6059
    2285       4.4985
    2286       4.5147
    2287       4.6637
    2288       4.9144
    2289       4.7206
    2290       4.8377
    2291       4.7203
    2292       4.4760
    2293       4.7279
    2294       4.8516
    2295       4.5201
    2296       4.3039
    2297       4.3736
    2298       4.4477
    2299       4.4700
    2300       4.3490
    2301       4.4548
    2302       4.7912
    2303       4.5705
    2304       4.1941
    2305       4.7498
    2306       4.5860
    2307       4.5070
    2308       4.8512
    2309       4.8611
    2310       4.3692
    2311       4.5201
    2312       4.8043
    2313       4.3570
    2314       5.0797
    2315       4.6238
    2316       4.5856
    2317       4.4972
    2318       4.8182
    2319       4.5294
    2320       4.2483
    2321       4.4664
    2322       4.3396
    2323       4.4384
    2324       4.8798
    2325       4.6350
    2326       4.6084
    2327       4.6824
    2328       4.6291
    2329       4.6152
    2330       4.5457
    2331       4.5280
    2332       4.2352
    2333       4.4239
    2334       4.6402
    2335       4.2602
    2336       4.6034
    2337       4.4981
    2338       4.4032
    2339       4.3918
    2340       4.4977
    2341       4.7186
    2342       4.6658
    2343       4.6965
    2344       4.2241
    2345       4.3554
    2346       4.5670
    2347       4.6546
    2348       4.4040
    2349       4.5448
    2350       4.1009
    2351       4.4828
    2352       4.5542
    2353       4.3214
    2354       4.4622
    2355       4.5854
    2356       4.5382
    2357       4.4123
    2358       4.9978
    2359       5.0798
    2360       5.0020
    2361       4.8875
    2362       4.9437
    2363       5.5822
    2364       5.2777
    2365       4.7410
    2366       4.6271
    2367       4.4633
    2368       4.4928
    2369       4.6965
    2370       4.9778
    2371       4.9896
    2372       5.0507
    2373       4.7479
    2374       4.6791
    2375       4.6230
    2376       4.9758
    2377       4.9710
    2378       5.0077
    2379       4.7904
    2380       4.6281
    2381       4.9866
    2382       4.7977
    2383       4.8093
    2384       4.8054
    2385       4.5867
    2386       4.9528
    2387       4.7226
    2388       4.5703
    2389       4.9632
    2390       5.3128
    2391       4.9869
    2392       4.6738
    2393       5.1736
    2394       4.5662
    2395       4.7362
    2396       5.1782
    2397       4.7071
    2398       4.6537
    2399       4.8165
    2400       4.5089
    2401       4.1320
    2402       4.3347
    2403       4.4132
    2404       4.7386
    2405       4.8472
    2406       4.6495
    2407       4.9481
    2408       4.5820
    2409       4.6740
    2410       4.8112
    2411       4.8313
    2412       4.7137
    2413       5.1656
    2414       4.6890
    2415       4.7514
    2416       5.2379
    2417       5.1022
    2418       4.7356
    2419       4.7378
    2420       4.9580
    2421       4.3421
    2422       4.5235
    2423       4.9990
    2424       5.1371
    2425       5.0056
    2426       5.0469
    2427       5.1253
    2428       4.6864
    2429       4.6897
    2430       4.4138
    2431       5.0287
    2432       5.1277
    2433       4.1577
    2434       4.3160
    2435       4.4146
    2436       4.7113
    2437       4.0585
    2438       5.0735
    2439       4.0111
    2440       4.3430
    2441       4.3817
    2442       4.4360
    2443       4.2402
    2444       4.3049
    2445       4.1956
    2446       4.5249
    2447       4.0684
    2448       4.1859
    2449       4.2039
    2450       4.2084
    2451       4.3192
    2452       3.7080
    2453       4.2959
    2454       3.8962
    2455       4.1447
    2456       4.5646
    2457       4.3747
    2458       4.3174
    2459       4.4945
    2460       4.4058
    2461       4.3723
    2462       4.3667
    2463       3.9811
    2464       4.2284
    2465       4.3489
    2466       4.2894
    2467       3.8294
    2468       4.3010
    2469       4.3352
    2470       4.2252
    2471       4.3196
    2472       4.4312
    2473       4.7823
    2474       3.8852
    2475       3.9592
    2476       4.1065
    2477       4.0172
    2478       4.4513
    2479       4.1224
    2480       4.3177
    2481       3.8631
    2482       4.6828
    2483       4.9361
    2484       4.7967
    2485       4.6307
    2486       4.4782
    2487       4.5582
    2488       4.1685
    2489       4.0630
    2490       4.2822
    2491       4.0161
    2492       4.1555
    2493       4.3890
    2494       4.0734
    2495       3.7569
    2496       4.2016
    2497       4.0199
    2498       4.4319
    2499       3.7739
    2500       3.9620
    2501       3.9499
    2502       4.2343
    2503       4.4933
    2504       4.1049
    2505       4.1600
    2506       4.2664
    2507       4.4720
    2508       4.1403
    2509       4.3303
    2510       4.0839
    2511       4.4884
    2512       4.1134
    2513       4.3872
    2514       4.0763
    2515       4.5464
    2516       4.1958
    2517       4.1478
    2518       4.0239
    2519       3.9683
    2520       3.8528
    2521       3.9942
    2522       4.3675
    2523       4.2168
    2524       4.0238
    2525       4.2632
    2526       4.3942
    2527       4.7551
    2528       4.8789
    2529       4.6848
    2530       4.2494
    2531       4.0350
    2532       4.1878
    2533       4.2976
    2534       4.2830
    2535       4.3293
    2536       4.3662
    2537       4.3006
    2538       4.2714
    2539       4.0282
    2540       4.1937
    2541       3.9758
    2542       4.3328
    2543       4.3534
    2544       4.3827
    2545       4.7835
    2546       4.5190
    2547       4.4557
    2548       4.0771
    2549       4.5714
    2550       4.0431
    2551       3.9913
    2552       3.9872
    2553       4.1011
    2554       3.7932
    2555       4.3292
    2556       4.0812
    2557       4.1805
    2558       3.9442
    2559       4.0606
    2560       4.2228
    2561       4.3848
    2562       3.9936
    2563       4.0304
    2564       4.0475
    2565       4.4669
    2566       4.0239
    2567       4.0125
    2568       4.0276
    2569       4.2328
    2570       3.9916
    2571       4.1618
    2572       4.5894
    2573       4.2182
    2574       4.3271
    2575       4.1317
    2576       4.2208
    2577       4.5549
    2578       4.4506
    2579       4.5622
    2580       4.4515
    2581       4.1284
    2582       4.1342
    2583       4.2087
    2584       4.2126
    2585       4.0702
    2586       4.1144
    2587       4.2152
    2588       4.4844
    2589       4.1712
    2590       4.1682
    2591       4.2302
    2592       4.3985
    2593       4.5002
    2594       4.4342
    2595       4.2814
    2596       4.7522
    2597       4.1571
    2598       4.1536
    2599       4.1487
    2600       4.0898
    2601       3.8521
    2602       3.8605
    2603       3.9678
    2604       3.8394
    2605       4.0885
    2606       4.4181
    2607       4.1761
    2608       4.3471
    2609       4.4953
    2610       4.2465
    2611       4.1132
    2612       4.1056
    2613       4.3914
    2614       4.4449
    2615       4.0489
    2616       4.4286
    2617       4.5619
    2618       4.8580
    2619       4.4861
    2620       4.9085
    2621       4.2692
    2622       4.2662
    2623       4.5172
    2624       4.0691
    2625       4.6704
    2626       4.2814
    2627       3.8030
    2628       4.3190
    2629       4.2414
    2630       4.2928
    2631       4.1189
    2632       3.7107
    2633       4.1079
    2634       4.1360
    2635       4.2640
    2636       4.1780
    2637       4.6462
    2638       4.2885
    2639       4.0971
    2640       4.4322
    2641       4.0198
    2642       4.0838
    2643       4.4210
    2644       3.8656
    2645       3.9657
    2646       4.3059
    2647       3.9561
    2648       4.5133
    2649       4.0855
    2650       4.1785
    2651       4.0197
    2652       4.1874
    2653       4.1980
    2654       4.2049
    2655       4.1696
    2656       4.0546
    2657       4.1027
    2658       3.7108
    2659       3.6985
    2660       3.3653
    2661       4.2647
    2662       4.3610
    2663       4.3498
    2664       4.1891
    2665       4.5627
    2666       4.6633
    2667       4.5208
    2668       4.3660
    2669       3.9871
    2670       4.4565
    2671       4.2065
    2672       4.6782
    2673       4.4925
    2674       4.4528
    2675       4.2165
    2676       4.4720
    2677       4.8352
    2678       4.1256
    2679       4.7157
    2680       4.2222
    2681       4.5156
    2682       4.4551
    2683       4.7174
    2684       4.4046
    2685       4.3987
    2686       4.6639
    2687       4.3877
    2688       4.5392
    2689       4.2454
    2690       4.2728
    2691       4.4384
    2692       4.1501
    2693       4.5396
    2694       4.3907
    2695       4.5246
    2696       4.5178
    2697       4.2763
    2698       3.9837
    2699       4.2330
    2700       4.0321
    2701       3.7950
    2702       4.1395
    2703       3.7467
    2704       3.9451
    2705       3.5747
    2706       4.4938
    2707       4.1808
    2708       4.0756
    2709       4.0536
    2710       3.9934
    2711       4.4472
    2712       4.4429
    2713       4.2503
    2714       4.0642
    2715       4.1100
    2716       3.8621
    2717       4.3979
    2718       4.3525
    2719       4.0701
    2720       4.2024
    2721       4.0446
    2722       3.8351
    2723       4.5754
    2724       4.7709
    2725       4.8718
    2726       4.8156
    2727       4.5480
    2728       4.5707
    2729       4.4212
    2730       4.2048
    2731       4.1803
    2732       4.2508
    2733       4.6086
    2734       4.7040
    2735       4.5058
    2736       4.3330
    2737       4.3745
    2738       4.6490
    2739       4.4150
    2740       4.4410
    2741       4.4887
    2742       4.6114
    2743       4.3625
    2744       4.2556
    2745       4.9169
    2746       4.6719
    2747       4.8085
    2748       4.8844
    2749       4.5835
    2750       4.9126
    2751       5.1017
    2752       4.6703
    2753       5.1168
    2754       4.9983
    2755       4.7097
    2756       4.6413
    2757       4.7246
    2758       4.6771
    2759       5.1613
    2760       4.6024
    2761       4.6113
    2762       4.8258
    2763       5.1418
    2764       4.7403
    2765       4.5346
    2766       4.5170
    2767       4.7559
    2768       4.8976
    2769       4.8961
    2770       5.0745
    2771       5.2060
    2772       5.2329
    2773       5.0164
    2774       4.9260
    2775       4.8725
    2776       4.5586
    2777       4.4639
    2778       4.9805
    2779       4.8743
    2780       5.0264
    2781       4.7816
    2782       4.6273
    2783       4.5572
    2784       4.2496
    2785       4.6275
    2786       4.7184
    2787       4.3562
    2788       4.3989
    2789       4.3446
    2790       4.4509
    2791       4.7348
    2792       4.3067
    2793       4.2965
    2794       4.1407
    2795       4.3816
    2796       4.4473
    2797       4.4108
    2798       4.7147
    2799       4.7746
    2800       4.7851
    2801       4.7403
    2802       4.5121
    2803       4.6387
    2804       4.8815
    2805       4.8935
    2806       4.9456
    2807       4.9895
    2808       4.9377
    2809       4.9892
    2810       5.3219
    2811       4.7696
    2812       5.1858
    2813       4.9008
    2814       5.6023
    2815       5.2336
    2816       5.0971
    2817       4.8880
    2818       5.2282
    2819       4.8943
    2820       4.9554
    2821       4.7040
    2822       4.9826
    2823       4.9201
    2824       4.9071
    2825       4.8869
    2826       4.8323
    2827       5.1717
    2828       4.9320
    2829       5.4807
    2830       4.6780
    2831       4.9467
    2832       4.8857
    2833       5.1878
    2834       4.4514
    2835       4.7512
    2836       4.9703
    2837       4.8006
    2838       4.9967
    2839       4.8299
    2840       4.7401
    2841       4.9126
    2842       5.0276
    2843       4.8712
    2844       4.6852
    2845       5.2463
    2846       4.8880
    2847       4.5236
    2848       4.4414
    2849       4.8531
    2850       4.8848
    2851       4.7276
    2852       5.0028
    2853       4.9241
    2854       4.9892
    2855       4.8133
    2856       5.4695
    2857       4.8603
    2858       4.2904
    2859       4.7323
    2860       4.9489
    2861       4.5674
    2862       4.4580
    2863       4.1299
    2864       4.5843
    2865       4.6290
    2866       4.5959
    2867       4.2942
    2868       4.4040
    2869       4.6918
    2870       4.3503
    2871       4.2293
    2872       4.3477
    2873       4.5270
    2874       4.5160
    2875       4.8718
    2876       4.7984
    2877       4.3743
    2878       4.2409
    2879       4.2144
    2880       4.6382
    2881       4.8378
    2882       4.4827
    2883       4.9315
    2884       4.5654
    2885       4.4381
    2886       4.4669
    2887       4.1396
    2888       4.6550
    2889       4.5958
    2890       4.4701
    2891       4.4682
    2892       3.9259
    2893       4.6734
    2894       4.6559
    2895       4.3437
    2896       4.6384
    2897       4.3414
    2898       4.4604
    2899       4.5446
    2900       4.6820
    2901       4.4670
    2902       4.4890
    2903       4.1700
    2904       4.0640
    2905       4.5538
    2906       4.5183
    2907       4.7474
    2908       4.5391
    2909       4.5821
    2910       4.5474
    2911       4.6854
    2912       4.4629
    2913       4.5232
    2914       4.6125
    2915       4.7786
    2916       4.4827
    2917       4.3570
    2918       4.4197
    2919       4.6839
    2920       4.2900
    2921       4.0316
    2922       4.2245
    2923       4.3868
    2924       4.2292
    2925       4.4772
    2926       4.6050
    2927       4.5865
    2928       4.7243
    2929       4.4146
    2930       4.6258
    2931       4.5558
    2932       4.6121
    2933       4.3549
    2934       4.2929
    2935       4.3317
    2936       4.4337
    2937       4.2771
    2938       4.4180
    2939       4.3371
    2940       4.3452
    2941       4.6896
    2942       4.3287
    2943       4.7709
    2944       4.6225
    2945       4.0277
    2946       4.3905
    2947       4.6856
    2948       4.5076
    2949       4.3999
    2950       4.3386
    2951       4.3261
    2952       4.6483
    2953       4.5198
    2954       4.5617
    2955       4.7884
    2956       4.6724
    2957       4.7934
    2958       4.4638
    2959       4.9154
    2960       4.6570
    2961       4.7453
    2962       4.3021
    2963       4.2782
    2964       4.7365
    2965       4.3128
    2966       4.5992
    2967       4.3702
    2968       4.1789
    2969       4.3469
    2970       4.3662
    2971       4.5062
    2972       4.6088
    2973       4.3693
    2974       4.6678
    2975       4.5457
    2976       4.1581
    2977       4.6418
    2978       4.8000
    2979       4.3902
    2980       4.9113
    2981       4.4886
    2982       4.5112
    2983       4.1766
    2984       4.1520
    2985       4.5239
    2986       4.5706
    2987       4.0782
    2988       4.2264
    2989       4.3272
    2990       4.0416
    2991       4.1240
    2992       4.3292
    2993       3.9710
    2994       4.2120
    2995       4.0041
    2996       4.4493
    2997       4.1994
    2998       4.1269
    2999       4.1507
    3000       4.0099
    3001       4.4241
    3002       4.3373
    3003       4.4725
    3004       4.2942
    3005       4.3157
    3006       4.5534
    3007       4.6379
    3008       4.5013
    3009       4.3205
    3010       4.3072
    3011       4.4931
    3012       4.4393
    3013       4.7449
    3014       4.9587
    3015       4.6054
    3016       4.4317
    3017       4.8710
    3018       4.3184
    3019       4.2486
    3020       4.4547
    3021       4.6207
    3022       4.3659
    3023       4.4418
    3024       4.4734
    3025       4.4165
    3026       4.3283
    3027       4.3609
    3028       4.4296
    3029       4.5088
    3030       4.5901
    3031       4.2480
    3032       4.3377
    3033       4.6051
    3034       4.7961
    3035       4.7257
    3036       4.5012
    3037       4.3957
    3038       4.3961
    3039       4.5560
    3040       4.4538
    3041       4.3020
    3042       5.0241
    3043       4.5197
    3044       4.5470
    3045       4.1613
    3046       4.2004
    3047       4.6542
    3048       4.4642
    3049       4.5669
    3050       4.5577
    3051       4.7486
    3052       4.5076
    3053       4.4080
    3054       4.1730
    3055       4.4608
    3056       4.5761
    3057       4.1786
    3058       4.3855
    3059       4.2509
    3060       4.3797
    3061       4.2663
    3062       4.1879
    3063       4.3841
    3064       4.4632
    3065       4.3134
    3066       4.3020
    3067       4.0781
    3068       4.3800
    3069       4.1953
    3070       4.2706
    3071       4.7250
    3072       4.3357
    3073       4.7836
    3074       4.3966
    3075       4.4133
    3076       4.6233
    3077       4.2549
    3078       4.4232
    3079       4.3913
    3080       4.6876
    3081       4.3287
    3082       4.4302
    3083       4.5476
    3084       4.2658
    3085       4.2746
    3086       4.5125
    3087       4.2528
    3088       4.4006
    3089       4.3582
    3090       4.4950
    3091       4.2358
    3092       4.1144
    3093       4.3115
    3094       4.2135
    3095       4.2597
    3096       4.2166
    3097       4.0641
    3098       4.3332
    3099       4.4030
    3100       4.4867
    3101       4.6661
    3102       4.3040
    3103       4.6250
    3104       4.3264
    3105       4.4421
    3106       4.2977
    3107       4.5708
    3108       4.4901
    3109       4.3810
    3110       4.3421
    3111       4.2558
    3112       4.3222
    3113       4.3492
    3114       4.2264
    3115       4.5103
    3116       4.4060
    3117       4.2484
    3118       4.2643
    3119       4.3699
    3120       4.4869
    3121       4.4411
    3122       4.4926
    3123       4.2338
    3124       4.4845
    3125       4.5294
    3126       4.2427
    3127       4.2955
    3128       4.2088
    3129       4.5661
    3130       4.6943
    3131       4.5640
    3132       4.4670
    3133       4.3635
    3134       4.4021
    3135       4.5491
    3136       4.3431
    3137       4.3779
    3138       4.2332
    3139       4.5543
    3140       4.2474
    3141       4.4308
    3142       4.5701
    3143       4.5925
    3144       4.3927
    3145       4.4435
    3146       4.1931
    3147       4.3742
    3148       4.3543
    3149       4.0735
    3150       4.1702
    3151       4.3862
    3152       4.5163
    3153       4.6454
    3154       4.3068
    3155       4.6444
    3156       4.6774
    3157       4.7678
    3158       4.7371
    3159       4.1903
    3160       4.7043
    3161       4.5275
    3162       4.3324
    3163       4.7225
    3164       5.0319
    3165       4.3690
    3166       4.3056
    3167       4.5232
    3168       4.6236
    3169       4.5769
    3170       4.7572
    3171       4.8541
    3172       4.5650
    3173       4.8982
    3174       4.7327
    3175       5.0518
    3176       4.8914
    3177       5.1057
    3178       4.6540
    3179       4.5234
    3180       4.7072
    3181       4.7431
    3182       4.7530
    3183       4.6231
    3184       5.0753
    3185       4.6294
    3186       4.6343
    3187       5.1985
    3188       4.7873
    3189       3.8730
    3190       4.4602
    3191       4.6917
    3192       4.9199
    3193       4.8186
    3194       4.4601
    3195       4.5097
    3196       4.7149
    3197       5.1174
    3198       4.6971
    3199       4.7234
    3200       4.9483
    3201       4.8816
    3202       4.6683
    3203       4.6947
    3204       4.7799
    3205       4.5545
    3206       4.9646
    3207       4.7779
    3208       4.4792
    3209       4.4791
    3210       4.7568
    3211       4.8383
    3212       4.5578
    3213       4.6363
    3214       4.6737
    3215       4.6518
    3216       4.7123
    3217       5.0898
    3218       5.1554
    3219       4.8663
    3220       4.8311
    3221       5.2376
    3222       4.9701
    3223       4.7272
    3224       4.7944
    3225       4.6305
    3226       4.8056
    3227       4.9791
    3228       4.5896
    3229       4.8948
    3230       4.7660
    3231       4.8807
    3232       4.8620
    3233       4.9865
    3234       4.8508
    3235       4.6553
    3236       5.1230
    3237       5.2279
    3238       4.7639
    3239       4.9818
    3240       5.2514
    3241       4.9812
    3242       4.6403
    3243       4.9476
    3244       4.9177
    3245       5.0000
    3246       5.1426
    3247       5.0013
    3248       4.7696
    3249       4.6524
    3250       4.4974
    3251       4.5799
    3252       4.8044
    3253       4.2204
    3254       4.1889
    3255       4.1159
    3256       4.1455
    3257       4.3058
    3258       4.2735
    3259       4.3253
    3260       4.0802
    3261       4.2591
    3262       4.2178
    3263       4.0597
    3264       3.7455
    3265       4.0584
    3266       4.1266
    3267       4.3499
    3268       4.0584
    3269       3.8786
    3270       4.2684
    3271       4.3158
    3272       4.2528
    3273       4.3059
    3274       4.4119
    3275       4.0188
    3276       4.3560
    3277       4.3066
    3278       4.6037
    3279       4.4836
    3280       4.2700
    3281       4.9052
    3282       4.9423
    3283       4.9877
    3284       4.8932
    3285       4.9477
    3286       4.5487
    3287       4.5886
    3288       4.3039
    3289       4.3699
    3290       4.3678
    3291       4.3659
    3292       4.2677
    3293       4.1436
    3294       4.4564
    3295       4.2951
    3296       4.3040
    3297       4.2161
    3298       4.4417
    3299       4.5349
    3300       4.8562
    3301       4.7455
    3302       4.5241
    3303       4.6514
    3304       4.2265
    3305       4.4797
    3306       4.5146
    3307       4.4201
    3308       4.4744
    3309       4.5971
    3310       4.4624
    3311       4.4000
    3312       4.5519
    3313       4.4155
    3314       4.3247
    3315       4.4897
    3316       4.4246
    3317       4.3711
    3318       4.6153
    3319       4.2639
    3320       4.4123
    3321       4.8017
    3322       4.6314
    3323       4.4331
    3324       4.5725
    3325       4.2266
    3326       4.4767
    3327       4.0283
    3328       4.2137
    3329       4.6305
    3330       4.3314
    3331       4.6282
    3332       4.7837
    3333       4.6879
    3334       4.9257
    3335       4.6537
    3336       4.9284
    3337       5.1754
    3338       4.7414
    3339       4.6649
    3340       4.5166
    3341       4.8134
    3342       4.5051
    3343       4.8924
    3344       4.5216
    3345       4.6749
    3346       4.5741
    3347       4.6727
    3348       4.3172
    3349       4.4629
    3350       4.3979
    3351       4.3121
    3352       4.6716
    3353       4.5424
    3354       4.2087
    3355       4.3217
    3356       4.5188
    3357       4.4497
    3358       4.4898
    3359       4.4686
    3360       4.4379
    3361       4.6243
    3362       4.4731
    3363       4.7994
    3364       4.7847
    3365       4.7107
    3366       4.6142
    3367       4.5448
    3368       4.9765
    3369       4.2915
    3370       4.4289
    3371       4.5562
    3372       4.3836
    3373       4.4569
    3374       4.2894
    3375       4.5356
    3376       4.5061
    3377       4.3305
    3378       4.5396
    3379       4.2876
    3380       4.5977
    3381       4.6070
    3382       4.4273
    3383       4.6260
    3384       4.3178
    3385       4.6254
    3386       4.1320
    3387       4.4368
    3388       4.5225
    3389       4.6346
    3390       4.5704
    3391       4.9296
    3392       4.3223
    3393       4.4290
    3394       4.5701
    3395       4.4102
    3396       4.5942
    3397       4.2841
    3398       4.6675
    3399       4.5073
    3400       4.5625
    3401       4.3669
    3402       4.5100
    3403       4.6868
    3404       4.3898
    3405       4.5030
    3406       4.4985
    3407       4.5298
    3408       4.3294
    3409       4.6133
    3410       4.6042
    3411       4.2715
    3412       4.7943
    3413       4.4711
    3414       4.5322
    3415       4.4180
    3416       4.3890
    3417       4.6088
    3418       4.2041
    3419       4.6139
    3420       4.7821
    3421       4.7791
    3422       4.5086
    3423       4.6125
    3424       4.4255
    3425       4.8954
    3426       4.3145
    3427       4.7343
    3428       4.8404
    3429       4.8626
    3430       4.3283
    3431       4.5569
    3432       4.2695
    3433       4.6695
    3434       4.6048
    3435       4.2710
    3436       4.4306
    3437       4.4130
    3438       4.5003
    3439       4.4741
    3440       4.4943
    3441       5.0154
    3442       4.9527
    3443       4.5202
    3444       4.4691
    3445       4.7075
    3446       4.6264
    3447       4.5497
    3448       4.5832
    3449       4.5538
    3450       4.6382
    3451       4.3083
    3452       4.1108
    3453       4.2305
    3454       4.4362
    3455       4.2978
    3456       4.4556
    3457       4.9426
    3458       4.5705
    3459       4.2149
    3460       4.5374
    3461       3.9999
    3462       4.1690
    3463       4.2738
    3464       4.3082
    3465       5.0211
    3466       4.4819
    3467       4.2429
    3468       4.3314
    3469       4.5798
    3470       4.5383
    3471       4.5765
    3472       4.2135
    3473       4.1196
    3474       4.1918
    3475       4.5447
    3476       4.0772
    3477       4.2327
    3478       3.9820
    3479       3.9195
    3480       3.8547
    3481       4.4145
    3482       4.0515
    3483       4.1441
    3484       3.9870
    3485       4.0595
    3486       4.5809
    3487       4.3228
    3488       3.9821
    3489       4.4060
    3490       4.4580
    3491       4.2958
    3492       4.4578
    3493       4.7718
    3494       4.4928
    3495       4.4034
    3496       4.1258
    3497       3.9399
    3498       4.4151
    3499       4.3665
    3500       4.5212
    3501       4.0502
    3502       4.0951
    3503       4.4811
    3504       4.4558
    3505       4.3531
    3506       4.3174
    3507       4.5378
    3508       4.5225
    3509       4.3886
    3510       4.3795
    3511       4.1863
    3512       4.3579
    3513       3.9862
    3514       3.9944
    3515       3.9366
    3516       4.0359
    3517       4.2037
    3518       4.4491
    3519       4.2837
    3520       4.4419
    3521       4.5904
    3522       4.2810
    3523       4.6955
    3524       4.3801
    3525       4.8090
    3526       4.3850
    3527       4.1123
    3528       4.3332
    3529       4.6108
    3530       4.1334
    3531       4.5095
    3532       4.6532
    3533       4.6437
    3534       4.5860
    3535       4.3298
    3536       4.4567
    3537       4.2746
    3538       4.5248
    3539       4.3512
    3540       4.5323
    3541       4.3482
    3542       4.0712
    3543       3.8404
    3544       4.0766
    3545       4.1370
    3546       4.1775
    3547       4.2422
    3548       4.1681
    3549       4.5310
    3550       4.4939
    3551       4.2908
    3552       4.9246
    3553       4.3508
    3554       4.7002
    3555       4.2362
    3556       4.1876
    3557       4.3959
    3558       4.4502
    3559       4.7160
    3560       4.5312
    3561       4.4694
    3562       4.1411
    3563       4.0636
    3564       4.6407
    3565       4.5918
    3566       4.1235
    3567       4.1375
    3568       4.2848
    3569       4.1505
    3570       4.1447
    3571       4.2578
    3572       4.4945
    3573       4.4755
    3574       4.4326
    3575       4.4119
    3576       4.3699
    3577       4.2731
    3578       4.0174
    3579       4.0809
    3580       4.0362
    3581       4.4111
    3582       3.9537
    3583       4.3855
    3584       4.2855
    3585       4.1897
    3586       4.0604
    3587       4.6279
    3588       3.9623
    3589       4.1680
    3590       4.2804
    3591       4.3061
    3592       4.1792
    3593       4.1223
    3594       4.3024
    3595       3.9620
    3596       4.5553
    3597       4.5286
    3598       4.2969
    3599       4.2453
    3600       4.1088
    3601       4.2627
    3602       4.0973
    3603       4.5334
    3604       4.1709
    3605       4.1130
    3606       4.4946
    3607       4.3000
    3608       4.0535
    3609       4.2351
    3610       4.0836
    3611       4.4091
    3612       4.4542
    3613       4.3234
    3614       3.9991
    3615       4.2733
    3616       4.0948
    3617       4.2204
    3618       4.3904
    3619       4.5224
    3620       4.5768
    3621       4.6094
    3622       4.5231
    3623       4.4012
    3624       4.5243
    3625       4.0674
    3626       4.6397
    3627       4.2075
    3628       4.3255
    3629       4.1679
    3630       4.7540
    3631       4.3398
    3632       4.7754
    3633       4.3319
    3634       4.2481
    3635       4.3194
    3636       4.3476
    3637       4.3999
    3638       4.2846
    3639       4.4685
    3640       4.5082
    3641       4.1973
    3642       4.2619
    3643       4.0833
    3644       4.1993
    3645       4.3696
    3646       4.2341
    3647       4.2895
    3648       4.3208
    3649       4.1303
    3650       4.0619
    3651       4.4849
    3652       4.4511
    3653       3.9413
    3654       4.3308
    3655       3.6549
    3656       4.2628
    3657       3.8154
    3658       4.1131
    3659       4.0515
    3660       4.0239
    3661       4.2791
    3662       4.3672
    3663       4.1091
    3664       4.5568
    3665       4.0300
    3666       3.9673
    3667       3.9418
    3668       3.9204
    3669       4.4319
    3670       4.1224
    3671       4.2165
    3672       4.2970
    3673       4.0567
    3674       4.0686
    3675       4.0205
    3676       4.1219
    3677       3.9760
    3678       4.6162
    3679       4.3227
    3680       4.6742
    3681       4.0468
    3682       4.4808
    3683       4.4848
    3684       4.3957
    3685       4.6413
    3686       4.7118
    3687       4.4965
    3688       4.6195
    3689       4.3094
    3690       4.5025
    3691       4.4218
    3692       4.7282
    3693       4.3704
    3694       4.2265
    3695       4.1821
    3696       4.0750
    3697       4.0830
    3698       4.4169
    3699       4.1189
    3700       4.2405
    3701       4.3880
    3702       4.1244
    3703       4.4484
    3704       4.5878
    3705       4.6548
    3706       4.5818
    3707       5.1092
    3708       4.5673
    3709       5.1945
    3710       4.5507
    3711       4.5390
    3712       4.7245
    3713       4.4065
    3714       4.6064
    3715       4.8169
    3716       4.8228
    3717       4.7214
    3718       4.1526
    3719       4.5228
    3720       4.3561
    3721       5.1885
    3722       4.6590
    3723       4.5945
    3724       4.5711
    3725       5.2392
    3726       4.5974
    3727       4.4155
    3728       4.9073
    3729       4.6216
    3730       4.6540
    3731       4.5076
    3732       5.0491
    3733       4.5837
    3734       4.8168
    3735       4.8497
    3736       4.3022
    3737       4.4439
    3738       4.8691
    3739       4.6952
    3740       4.9478
    3741       5.0700
    3742       4.9667
    3743       4.6710
    3744       3.7417
    3745       4.3596
    3746       3.8211
    3747       3.9364
    3748       3.5683
    3749       3.6179
    3750       4.0701
    3751       3.6582
    3752       3.5594
    3753       4.0329
    3754       4.0345
    3755       4.5599
    3756       4.3849
    3757       4.1492
    3758       3.9955
    3759       4.2252
    3760       3.7715
    3761       4.2859
    3762       4.6184
    3763       4.4108
    3764       3.4942
    3765       3.5252
    3766       3.3259
    3767       3.4284
    3768       3.2845
    3769       3.8841
    3770       3.4041
    3771       3.4046
    3772       3.2776
    3773       3.4069
    3774       3.6203
    3775       3.4974
    3776       3.6797
    3777       3.4005
    3778       3.3684
    3779       3.3536
    3780       3.3621
    3781       3.4091
    3782       3.3083
    3783       3.2614
    3784       3.4542
    3785       3.4417
    3786       3.2569
    3787       3.4229
    3788       3.1170
    3789       3.3085
    3790       3.2311
    3791       3.3165
    3792       3.5693
    3793       3.6161
    3794       3.2118
    3795       3.5049
    3796       3.3739
    3797       3.3630
    3798       3.5087
    3799       3.0809
    3800       3.5573
    3801       3.3043
    3802       3.4462
    3803       3.3078
    3804       4.5939
    3805       4.0060
    3806       3.9814
    3807       3.2494
    3808       3.0875
    3809       3.3815
    3810       3.3360
    3811       3.6450
    3812       4.6583
    3813       3.3048
    3814       3.6614
    3815       3.2812
    3816       3.6456
    3817       3.6486
    3818       3.3729
    3819       3.3759
    3820       3.7129
    3821       3.6552
    3822       3.7184
    3823       3.3316
    3824       3.2046
    3825       3.4438
    3826       3.5141
    3827       3.4692
    3828       4.2452
    3829       2.9812
    3830       3.2754
    3831       3.1645
    3832       3.1631
    3833       2.8643
    3834       3.0024
    3835       2.8449
    3836       3.6127
    3837       3.2972
    3838       3.1640
    3839       3.2550
    3840       3.3277
    3841       3.3364
    3842       3.5300
    3843       3.4670
    3844       3.2637
    3845       3.4127
    3846       3.3772
    3847       3.5559
    3848       3.1291
    3849       3.2524
    3850       3.3882
    3851       3.0344
    3852       3.4883
    3853       3.2896
    3854       3.4500
    3855       3.1357
    3856       3.1079
    3857       3.5654
    3858       3.3997
    3859       3.2690
    3860       3.2664
    3861       3.6524
    3862       3.6315
    3863       3.5408
    3864       3.5029
    3865       3.5947
    3866       3.9523
    3867       3.1691
    3868       3.3562
    3869       3.3008
    3870       3.0041
    3871       2.8539
    3872       3.1604
    3873       3.3783
    3874       3.4351
    3875       3.5718
    3876       3.1135
    3877       3.3267
    3878       3.0671
    3879       3.1842
    3880       3.1777
    3881       3.4329
    3882       3.1965
    3883       3.0292
    3884       3.3213
    3885       2.8924
    3886       3.0195
    3887       3.6504
    3888       3.1189
    3889       3.7253
    3890       3.3974
    3891       3.5978
    3892       3.4943
    3893       3.4290
    3894       3.3686
    3895       3.3873
    3896       3.6872
    3897       3.5709
    3898       3.5622
    3899       3.7474
    3900       3.2677
    3901       4.4670
    3902       4.4890
    3903       4.1700
    3904       4.0640
    3905       4.5538
    3906       4.5183
    3907       4.7474
    3908       4.5391
    3909       4.5821
    3910       4.5474
    3911       4.6854
    3912       4.4629
    3913       4.5232
    3914       4.6125
    3915       4.7786
    3916       4.4827
    3917       4.3570
    3918       4.4197
    3919       4.6839
    3920       4.2900
    3921       4.0316
    3922       4.2245
    3923       4.3868
    3924       4.2292
    3925       4.4772
    3926       4.6050
    3927       4.5865
    3928       4.7243
    3929       4.4146
    3930       4.6258
    3931       4.5558
    3932       4.6121
    3933       4.3549
    3934       4.2929
    3935       4.3317
    3936       4.4337
    3937       4.2771
    3938       4.4180
    3939       4.3371
    3940       4.3452
    3941       4.6896
    3942       4.3287
    3943       4.7709
    3944       4.6225
    3945       4.0277
    3946       4.3905
    3947       4.6856
    3948       4.5076
    3949       4.3999
    3950       4.3386
    3951       4.3261
    3952       4.6483
    3953       4.5198
    3954       4.5617
    3955       4.7884
    3956       4.6724
    3957       4.7934
    3958       4.4638
    3959       4.9154
    3960       4.6570
    3961       4.7453
    3962       4.3021
    3963       4.2782
    3964       4.7365
    3965       4.3128
    3966       4.5992
    3967       4.3702
    3968       4.1789
    3969       4.3469
    3970       4.3662
    3971       4.5062
    3972       4.6088
    3973       4.3693
    3974       4.6678
    3975       4.5457
    3976       4.1581
    3977       4.6418
    3978       4.8000
    3979       4.3902
    3980       4.9113
    3981       4.4886
    3982       4.5112
    3983       4.1766
    3984       4.1520
    3985       4.5239
    3986       4.5706
    3987       4.0782
    3988       4.2264
    3989       4.3272
    3990       4.0416
    3991       4.1240
    3992       4.3292
    3993       3.9710
    3994       4.2120
    3995       4.0041
    3996       4.4493
    3997       4.1994
    3998       4.1269
    3999       4.1507
    4000       4.0099
    4001       3.0888
    4002       3.1201
    4003       3.2861
    4004       3.2362
    4005       3.2757
    4006       2.7680
    4007       2.6951
    4008       2.9983
    4009       2.8571
    4010       2.8621
    4011       2.9718
    4012       2.8052
    4013       3.1160
    4014       2.8317
    4015       3.0103
    4016       2.8965
    4017       2.9051
    4018       2.9733
    4019       2.9962
    4020       3.4218
    4021       2.9398
    4022       3.4085
    4023       3.2790
    4024       3.2809
    4025       3.0148
    4026       3.0864
    4027       2.9030
    4028       3.0687
    4029       2.9080
    4030       3.1586
    4031       2.8796
    4032       2.8050
    4033       2.7448
    4034       2.7929
    4035       2.8013
    4036       2.6289
    4037       3.1238
    4038       2.8067
    4039       3.0275
    4040       3.3535
    4041       3.1433
    4042       2.8547
    4043       3.1164
    4044       3.1110
    4045       3.0466
    4046       3.2226
    4047       2.9393
    4048       3.4094
    4049       3.9218
    4050       4.0105
    4051       3.7126
    4052       3.6430
    4053       3.7614
    4054       3.6532
    4055       3.5242
    4056       3.7918
    4057       3.7272
    4058       3.5083
    4059       3.3311
    4060       3.3740
    4061       3.8409
    4062       3.7070
    4063       3.7794
    4064       3.7370
    4065       3.7964
    4066       3.8862
    4067       3.7263
    4068       3.6262
    4069       3.5654
    4070       3.4749
    4071       3.4403
    4072       3.4014
    4073       3.4268
    4074       3.2818
    4075       2.8571
    4076       2.8439
    4077       2.8565
    4078       3.0528
    4079       3.2244
    4080       3.2137
    4081       3.0337
    4082       2.9936
    4083       2.8392
    4084       2.9787
    4085       2.7828
    4086       2.6728
    4087       3.1058
    4088       2.7688
    4089       2.9508
    4090       3.1624
    4091       3.6202
    4092       3.1150
    4093       3.1185
    4094       3.5712
    4095       3.7521
    4096       3.0197
    4097       3.2789
    4098       3.2507
    4099       3.3597
    4100       3.7735
