#Frame         ToCrys
       1       1.5350
       2       1.6423
       3       1.7843
       4       1.6693
       5       1.7479
       6       1.7956
       7       1.8087
       8       1.7829
       9       1.8560
      10       1.8825
      11       1.8707
      12       1.8456
      13       1.9256
      14       1.9852
      15       1.8943
      16       1.9330
      17       1.8503
      18       1.9048
      19       1.8394
      20       1.9929
      21       1.9465
      22       1.9052
      23       1.8632
      24       1.9476
      25       1.9135
      26       1.9156
      27       2.0458
      28       2.0088
      29       2.0359
      30       1.9437
      31       1.9302
      32       2.0174
      33       1.9642
      34       1.9202
      35       1.9418
      36       2.1063
      37       2.1076
      38       2.0144
      39       2.2048
      40       2.0265
      41       2.1342
      42       2.1870
      43       2.2186
      44       2.3752
      45       2.1878
      46       2.1989
      47       2.2144
      48       2.1985
      49       2.1898
      50       2.1144
      51       2.1896
      52       2.1980
      53       2.0752
      54       2.1076
      55       2.2903
      56       2.2607
      57       2.3288
      58       2.3310
      59       2.2843
      60       2.2781
      61       2.1599
      62       2.1065
      63       2.2244
      64       2.1640
      65       2.1352
      66       2.1912
      67       2.2320
      68       1.9987
      69       2.0266
      70       2.0775
      71       2.0600
      72       2.0808
      73       2.0901
      74       2.0709
      75       2.1638
      76       2.0802
      77       2.0887
      78       2.0469
      79       2.0779
      80       1.8584
      81       1.8777
      82       1.9456
      83       1.9482
      84       1.9786
      85       1.8322
      86       1.8122
      87       1.8584
      88       1.8609
      89       1.8442
      90       1.7407
      91       1.8211
      92       1.7907
      93       1.7934
      94       1.8438
      95       1.7538
      96       1.7927
      97       1.8351
      98       1.7921
      99       1.9263
     100       1.8119
     101       1.9034
     102       1.8589
     103       1.8103
     104       1.7809
     105       1.7624
     106       1.7432
     107       1.7982
     108       1.7405
     109       1.7964
     110       1.7952
     111       1.7255
     112       1.8692
     113       1.8152
     114       1.8332
     115       1.8735
     116       1.7738
     117       1.8514
     118       1.8975
     119       2.0028
     120       2.0942
     121       2.0567
     122       1.9522
     123       2.0931
     124       2.0538
     125       2.0103
     126       1.9308
     127       2.0732
     128       2.0875
     129       2.0560
     130       2.0835
     131       2.0256
     132       2.0337
     133       2.0914
     134       2.1456
     135       2.1072
     136       2.0563
     137       2.0686
     138       1.9368
     139       2.0929
     140       2.0549
     141       2.0060
     142       1.9752
     143       1.9628
     144       2.0377
     145       1.9837
     146       2.0812
     147       2.0099
     148       2.0280
     149       2.0628
     150       2.0138
     151       2.0294
     152       2.0303
     153       2.0494
     154       1.9360
     155       2.1163
     156       2.0166
     157       2.1325
     158       2.0148
     159       2.0657
     160       2.0955
     161       2.1248
     162       2.0397
     163       1.9889
     164       1.9479
     165       1.9319
     166       1.9795
     167       2.0066
     168       1.9480
     169       1.9709
     170       2.1205
     171       2.0276
     172       2.0373
     173       2.0342
     174       1.9838
     175       1.9954
     176       2.1169
     177       2.0080
     178       2.0468
     179       1.9631
     180       2.0143
     181       1.9966
     182       1.9940
     183       1.9436
     184       1.9107
     185       1.9413
     186       2.0130
     187       2.0569
     188       2.0707
     189       2.0460
     190       1.9847
     191       1.9747
     192       2.0233
     193       2.0574
     194       2.0041
     195       1.9602
     196       2.0366
     197       2.0582
     198       2.0065
     199       2.1301
     200       2.0339
     201       2.0815
     202       2.0483
     203       2.0165
     204       2.0253
     205       2.0591
     206       2.0418
     207       2.0121
     208       2.0447
     209       2.1426
     210       2.0909
     211       1.9822
     212       2.0693
     213       2.1166
     214       2.1323
     215       2.0867
     216       2.1302
     217       2.0674
     218       2.0236
     219       2.0715
     220       2.0726
     221       2.0334
     222       1.9895
     223       2.0709
     224       2.0139
     225       2.0263
     226       1.9800
     227       1.9967
     228       1.9361
     229       2.0165
     230       2.0470
     231       2.0184
     232       2.1346
     233       2.0798
     234       2.0259
     235       2.0342
     236       2.1187
     237       2.0488
     238       2.0273
     239       2.0125
     240       1.9571
     241       1.9832
     242       1.9465
     243       1.9856
     244       2.0382
     245       1.9842
     246       2.1589
     247       2.0410
     248       2.0372
     249       2.0798
     250       1.9592
     251       2.0228
     252       2.0453
     253       2.0373
     254       2.0033
     255       2.0379
     256       2.0382
     257       1.9873
     258       1.9714
     259       2.0318
     260       2.0352
     261       1.9719
     262       2.1607
     263       2.0426
     264       2.0009
     265       1.9689
     266       1.9931
     267       2.0165
     268       2.0465
     269       2.1305
     270       2.0340
     271       2.1303
     272       2.0488
     273       2.1282
     274       2.2257
     275       2.0605
     276       2.0685
     277       2.1190
     278       2.2421
     279       2.1874
     280       2.1491
     281       2.0549
     282       2.1381
     283       2.1223
     284       2.1185
     285       2.1539
     286       2.0885
     287       2.0615
     288       2.1768
     289       2.1287
     290       2.2011
     291       2.1850
     292       2.2247
     293       2.2095
     294       2.2992
     295       2.2887
     296       2.2130
     297       2.2601
     298       2.1976
     299       2.3208
     300       2.0925
     301       2.2025
     302       2.2698
     303       2.1381
     304       2.1389
     305       2.1807
     306       2.1707
     307       2.1376
     308       2.1503
     309       2.0402
     310       2.0914
     311       2.1101
     312       2.1991
     313       2.0762
     314       2.1028
     315       2.0610
     316       2.1586
     317       2.1961
     318       2.2647
     319       2.1605
     320       2.1828
     321       2.2669
     322       2.1958
     323       2.2499
     324       2.2295
     325       2.1679
     326       2.1248
     327       2.1771
     328       2.2176
     329       2.1839
     330       2.1875
     331       2.1404
     332       2.2173
     333       2.1933
     334       2.1546
     335       2.2258
     336       2.3093
     337       2.1916
     338       2.2560
     339       2.2531
     340       2.1879
     341       2.1624
     342       2.2232
     343       2.2340
     344       2.2664
     345       2.2132
     346       2.2162
     347       2.2968
     348       2.2696
     349       2.2565
     350       2.2326
     351       2.2659
     352       2.3839
     353       2.3242
     354       2.2494
     355       2.2498
     356       2.2415
     357       2.2858
     358       2.3768
     359       2.2821
     360       2.3316
     361       2.3888
     362       2.2729
     363       2.3439
     364       2.2184
     365       2.2697
     366       2.2288
     367       2.2313
     368       2.2116
     369       2.2654
     370       2.1803
     371       2.1249
     372       2.2251
     373       2.1222
     374       2.1665
     375       2.0489
     376       2.1674
     377       2.1035
     378       2.1322
     379       2.1772
     380       2.1378
     381       2.1594
     382       2.1019
     383       2.1016
     384       2.3290
     385       2.2189
     386       2.1793
     387       2.1847
     388       2.2050
     389       2.1545
     390       2.1556
     391       2.2222
     392       2.0841
     393       2.1351
     394       2.1337
     395       2.0258
     396       2.0182
     397       2.1273
     398       2.1241
     399       2.0224
     400       2.1435
     401       2.0522
     402       2.0927
     403       2.1468
     404       2.0870
     405       2.1362
     406       2.1571
     407       2.1576
     408       2.2017
     409       2.0775
     410       2.0978
     411       2.2312
     412       2.0168
     413       2.1153
     414       2.0627
     415       1.9722
     416       2.0400
     417       2.0419
     418       2.0797
     419       2.0912
     420       2.1375
     421       2.1495
     422       2.0842
     423       2.0950
     424       2.0690
     425       2.0962
     426       2.1779
     427       2.0742
     428       2.1104
     429       2.0701
     430       2.1315
     431       2.1310
     432       2.0218
     433       2.0496
     434       2.0722
     435       2.0398
     436       2.1318
     437       2.1372
     438       2.1344
     439       2.1643
     440       2.1206
     441       2.1750
     442       2.1631
     443       2.1721
     444       2.1566
     445       2.0628
     446       2.1176
     447       2.1159
     448       2.1320
     449       2.1390
     450       2.1148
     451       2.1145
     452       2.1416
     453       2.0579
     454       2.0489
     455       2.0945
     456       2.0522
     457       2.1113
     458       2.1150
     459       2.0305
     460       2.0728
     461       1.9885
     462       2.1319
     463       2.1428
     464       2.0660
     465       2.0336
     466       2.0259
     467       2.0363
     468       2.1011
     469       2.1133
     470       2.1232
     471       2.0841
     472       2.2107
     473       2.1070
     474       2.0592
     475       2.1726
     476       2.1871
     477       2.2698
     478       2.2261
     479       2.3196
     480       2.2800
     481       2.2509
     482       2.1942
     483       2.1572
     484       2.2837
     485       2.2499
     486       2.1880
     487       2.1596
     488       2.2428
     489       2.2406
     490       2.2324
     491       2.1464
     492       2.1334
     493       2.1559
     494       2.1600
     495       2.1135
     496       2.0611
     497       2.1286
     498       2.2612
     499       2.0983
     500       2.2270
     501       2.1378
     502       2.1721
     503       2.1365
     504       2.1888
     505       2.1134
     506       2.1631
     507       2.1781
     508       2.2320
     509       2.1951
     510       2.1580
     511       2.2034
     512       2.1494
     513       2.1950
     514       2.2119
     515       2.1305
     516       2.0487
     517       2.1083
     518       2.1985
     519       2.1025
     520       2.2106
     521       2.1690
     522       2.1356
     523       2.1346
     524       2.1392
     525       2.0675
     526       2.1711
     527       2.1304
     528       2.1579
     529       2.1845
     530       2.1494
     531       2.1424
     532       2.1218
     533       2.1923
     534       2.1825
     535       2.1313
     536       2.2196
     537       2.1966
     538       2.2731
     539       2.1841
     540       2.0704
     541       2.1339
     542       2.1614
     543       2.1638
     544       2.0995
     545       2.0963
     546       2.0734
     547       2.0418
     548       2.1090
     549       2.1161
     550       2.1066
     551       2.2477
     552       2.2314
     553       2.1533
     554       2.1277
     555       2.1808
     556       2.1491
     557       2.2525
     558       2.2200
     559       2.2565
     560       2.2512
     561       2.2657
     562       2.1435
     563       2.1667
     564       2.1767
     565       2.1105
     566       2.2192
     567       2.2352
     568       2.2770
     569       2.1561
     570       2.1980
     571       2.2319
     572       2.2261
     573       2.2205
     574       2.1438
     575       2.1700
     576       2.2180
     577       2.1642
     578       2.2896
     579       2.1894
     580       2.1976
     581       2.1825
     582       2.2306
     583       2.1841
     584       2.1488
     585       2.2937
     586       2.3293
     587       2.2188
     588       2.2552
     589       2.2205
     590       2.2986
     591       2.1871
     592       2.2542
     593       2.2207
     594       2.2054
     595       2.2189
     596       2.2401
     597       2.1370
     598       2.2389
     599       2.1852
     600       2.2001
     601       2.2123
     602       2.1964
     603       2.3385
     604       2.1894
     605       2.2317
     606       2.1874
     607       2.1241
     608       2.1638
     609       2.1257
     610       2.1223
     611       2.0998
     612       2.1030
     613       2.1385
     614       2.1463
     615       2.0897
     616       2.3162
     617       2.2224
     618       2.1779
     619       2.2077
     620       2.1230
     621       2.1128
     622       2.0816
     623       2.1273
     624       2.1758
     625       2.1011
     626       2.1788
     627       2.2172
     628       2.0708
     629       2.1445
     630       2.1013
     631       2.1518
     632       2.1709
     633       2.1690
     634       2.1920
     635       2.0867
     636       2.1705
     637       2.2888
     638       2.2764
     639       2.1827
     640       2.1728
     641       2.1604
     642       2.1613
     643       2.1690
     644       2.3745
     645       2.2067
     646       2.2652
     647       2.3317
     648       2.2121
     649       2.2886
     650       2.2165
     651       2.2317
     652       2.2474
     653       2.2307
     654       2.3618
     655       2.2904
     656       2.2028
     657       2.1166
     658       2.2259
     659       2.2297
     660       2.3287
     661       2.1576
     662       2.1901
     663       2.1836
     664       2.1221
     665       2.1906
     666       2.1632
     667       2.2013
     668       2.2058
     669       2.0778
     670       2.1793
     671       2.1572
     672       2.1635
     673       2.2588
     674       2.2188
     675       2.2463
     676       2.2570
     677       2.2960
     678       2.3987
     679       2.3612
     680       2.3990
     681       2.4005
     682       2.3299
     683       2.4941
     684       2.5277
     685       2.5294
     686       2.3780
     687       2.3141
     688       2.1010
     689       2.1189
     690       2.0748
     691       2.1186
     692       2.1293
     693       2.3228
     694       2.1945
     695       2.3220
     696       2.1617
     697       2.2579
     698       2.1459
     699       2.1965
     700       2.1710
     701       2.1089
     702       2.2815
     703       2.2276
     704       2.2674
     705       2.1433
     706       2.2719
     707       2.3348
     708       2.2865
     709       2.2355
     710       2.2953
     711       2.2911
     712       2.1862
     713       2.2729
     714       2.2314
     715       2.2933
     716       2.2393
     717       2.3744
     718       2.3091
     719       2.3361
     720       2.3035
     721       2.2905
     722       2.3708
     723       2.3733
     724       2.2356
     725       2.2507
     726       2.2530
     727       2.3228
     728       2.3490
     729       2.3286
     730       2.3229
     731       2.3136
     732       2.2360
     733       2.2037
     734       2.2751
     735       2.2837
     736       2.2006
     737       2.1309
     738       2.1610
     739       2.2430
     740       2.1422
     741       2.2297
     742       2.1908
     743       2.1257
     744       2.2686
     745       2.2779
     746       2.2574
     747       2.2976
     748       2.3394
     749       2.3279
     750       2.3209
     751       2.0538
     752       2.1271
     753       2.1213
     754       2.1450
     755       2.2031
     756       2.2369
     757       2.2580
     758       2.3116
     759       2.1339
     760       2.2290
     761       2.2227
     762       2.2051
     763       2.1999
     764       2.0867
     765       2.2559
     766       2.1079
     767       2.3012
     768       2.2337
     769       2.1289
     770       2.2497
     771       2.3963
     772       2.2768
     773       2.2381
     774       2.2788
     775       2.2244
     776       2.3623
     777       2.1797
     778       2.2307
     779       2.3079
     780       2.3351
     781       2.3250
     782       2.2977
     783       2.2919
     784       2.3162
     785       2.2956
     786       2.3531
     787       2.2769
     788       2.2164
     789       2.2123
     790       2.1797
     791       2.1583
     792       2.2099
     793       2.2569
     794       2.1281
     795       2.1665
     796       2.2071
     797       2.1732
     798       2.1778
     799       2.1934
     800       2.0914
     801       2.1415
     802       2.1921
     803       2.2172
     804       2.1860
     805       2.2759
     806       2.1809
     807       2.2160
     808       2.3675
     809       2.2706
     810       2.2660
     811       2.2421
     812       2.2355
     813       2.2390
     814       2.3056
     815       2.1944
     816       2.0793
     817       2.2565
     818       2.2349
     819       2.1631
     820       2.1883
     821       2.1584
     822       2.2548
     823       2.1632
     824       2.2666
     825       2.2773
     826       2.2052
     827       2.2318
     828       2.1490
     829       2.0628
     830       2.0074
     831       2.1587
     832       2.2189
     833       2.1505
     834       2.1789
     835       2.2335
     836       2.1844
     837       2.1782
     838       2.1882
     839       2.1034
     840       2.2626
     841       2.2246
     842       2.1612
     843       2.3307
     844       2.1637
     845       2.1681
     846       2.2171
     847       2.2753
     848       2.1651
     849       2.0698
     850       2.1733
     851       2.2124
     852       2.2175
     853       2.2467
     854       2.3104
     855       2.1020
     856       2.1737
     857       2.1145
     858       2.1162
     859       2.0808
     860       2.1235
     861       2.0985
     862       2.1335
     863       2.2517
     864       2.3439
     865       2.1385
     866       2.1352
     867       2.2582
     868       2.2675
     869       2.1339
     870       2.1719
     871       2.2298
     872       2.2083
     873       2.1959
     874       2.1919
     875       2.2304
     876       2.2437
     877       2.0935
     878       2.1518
     879       2.1212
     880       2.1996
     881       2.1892
     882       2.2892
     883       2.2879
     884       2.1436
     885       2.1500
     886       2.1191
     887       2.1324
     888       2.1684
     889       2.1400
     890       2.1601
     891       2.2060
     892       2.1778
     893       2.2293
     894       2.2818
     895       2.1219
     896       2.1636
     897       2.1643
     898       2.1116
     899       2.2147
     900       2.2537
     901       2.1822
     902       2.2825
     903       2.1766
     904       2.1344
     905       2.3352
     906       2.1254
     907       2.2251
     908       2.2391
     909       2.1975
     910       2.2404
     911       2.2296
     912       2.2622
     913       2.2687
     914       2.3872
     915       2.2254
     916       2.1575
     917       2.2606
     918       2.2386
     919       2.2505
     920       2.1688
     921       2.1981
     922       2.1050
     923       2.2000
     924       2.1483
     925       2.1659
     926       2.1743
     927       2.0759
     928       2.2104
     929       2.1930
     930       2.2299
     931       2.0839
     932       2.0384
     933       2.1010
     934       2.1622
     935       2.1533
     936       2.1607
     937       2.1622
     938       2.0755
     939       2.0616
     940       1.9950
     941       2.0686
     942       2.1821
     943       2.1296
     944       2.1625
     945       2.0847
     946       2.1234
     947       2.0797
     948       2.1834
     949       2.0472
     950       2.1497
     951       2.0566
     952       2.1038
     953       2.0049
     954       2.1441
     955       2.0928
     956       2.1093
     957       2.0931
     958       2.1917
     959       2.2444
     960       2.1375
     961       2.1628
     962       2.1772
     963       2.0948
     964       2.1521
     965       2.1513
     966       2.1990
     967       2.1031
     968       2.1866
     969       2.0627
     970       2.0655
     971       2.1954
     972       2.1116
     973       2.0542
     974       2.1042
     975       2.0989
     976       2.1346
     977       2.2901
     978       2.1504
     979       2.1354
     980       2.0330
     981       2.1613
     982       2.0961
     983       2.0656
     984       2.0525
     985       2.0441
     986       2.0231
     987       1.9832
     988       2.0381
     989       2.0118
     990       2.0199
     991       2.0476
     992       2.0771
     993       2.0649
     994       2.0294
     995       2.0339
     996       2.0716
     997       2.0059
     998       2.0314
     999       2.1054
    1000       2.0972
    1001       2.0388
    1002       2.0716
    1003       2.0417
    1004       2.0510
    1005       2.1185
    1006       2.1574
    1007       2.1123
    1008       2.2032
    1009       2.0637
    1010       2.0924
    1011       2.0980
    1012       2.1470
    1013       2.0989
    1014       2.1108
    1015       2.1031
    1016       2.1149
    1017       2.1227
    1018       2.1803
    1019       2.1052
    1020       2.1928
    1021       2.0648
    1022       2.1082
    1023       2.0127
    1024       2.1225
    1025       2.0974
    1026       2.1513
    1027       2.2162
    1028       2.1687
    1029       2.2867
    1030       2.2308
    1031       2.2540
    1032       2.1542
    1033       2.1412
    1034       2.1457
    1035       2.1669
    1036       2.1599
    1037       2.0926
    1038       2.1878
    1039       2.1892
    1040       2.2711
    1041       2.1341
    1042       2.2227
    1043       2.0982
    1044       2.1222
    1045       2.0971
    1046       2.1178
    1047       2.2201
    1048       2.1894
    1049       2.1689
    1050       2.2298
    1051       2.2256
    1052       2.1812
    1053       2.1457
    1054       2.2425
    1055       2.2667
    1056       2.2286
    1057       2.1787
    1058       2.2087
    1059       2.0537
    1060       2.1144
    1061       2.1265
    1062       2.1672
    1063       2.1542
    1064       2.1187
    1065       2.1838
    1066       2.2022
    1067       2.1396
    1068       2.1712
    1069       2.1266
    1070       2.1084
    1071       2.2158
    1072       2.1659
    1073       2.2140
    1074       2.2456
    1075       2.2787
    1076       2.2214
    1077       2.2892
    1078       2.3164
    1079       2.2037
    1080       2.1935
    1081       2.1704
    1082       2.1208
    1083       2.1228
    1084       2.1662
    1085       2.2582
    1086       2.3205
    1087       2.3563
    1088       2.3633
    1089       2.3184
    1090       2.3125
    1091       2.3128
    1092       2.2424
    1093       2.2622
    1094       2.2338
    1095       2.2659
    1096       2.1232
    1097       2.1406
    1098       2.2313
    1099       2.2105
    1100       2.2385
    1101       2.0787
    1102       2.1502
    1103       2.1388
    1104       2.0362
    1105       2.1127
    1106       2.0445
    1107       2.0572
    1108       2.1081
    1109       2.1477
    1110       2.2335
    1111       2.1561
    1112       2.1818
    1113       2.1765
    1114       2.1918
    1115       2.2866
    1116       2.2741
    1117       2.2794
    1118       2.2613
    1119       2.2716
    1120       2.2817
    1121       2.2419
    1122       2.1854
    1123       2.2259
    1124       2.1018
    1125       2.1838
    1126       2.2283
    1127       2.3621
    1128       2.1795
    1129       2.1667
    1130       2.1911
    1131       2.0783
    1132       2.0887
    1133       2.1083
    1134       2.1009
    1135       2.1938
    1136       2.2027
    1137       2.1110
    1138       2.0640
    1139       2.1843
    1140       2.1002
    1141       2.0088
    1142       2.0872
    1143       2.2341
    1144       2.0985
    1145       2.0279
    1146       2.1692
    1147       2.1068
    1148       2.1492
    1149       2.0362
    1150       2.0628
    1151       2.0417
    1152       1.8727
    1153       2.0016
    1154       2.1602
    1155       2.0381
    1156       2.0763
    1157       2.0755
    1158       2.1185
    1159       2.0772
    1160       1.9907
    1161       2.0967
    1162       2.0904
    1163       2.0486
    1164       2.0566
    1165       2.0181
    1166       2.0103
    1167       2.0127
    1168       2.0060
    1169       2.0582
    1170       1.9868
    1171       2.0598
    1172       2.1015
    1173       2.0901
    1174       1.9880
    1175       2.0833
    1176       2.1351
    1177       2.1765
    1178       2.1190
    1179       2.1652
    1180       2.1246
    1181       2.1625
    1182       2.1226
    1183       2.2101
    1184       2.1464
    1185       2.1626
    1186       2.1864
    1187       2.1475
    1188       2.1219
    1189       2.0600
    1190       2.1151
    1191       2.0270
    1192       2.1304
    1193       2.1146
    1194       2.1101
    1195       2.1647
    1196       2.1537
    1197       2.0918
    1198       2.0744
    1199       2.1725
    1200       2.0760
    1201       2.0424
    1202       2.1968
    1203       1.9972
    1204       1.9952
    1205       2.2013
    1206       2.0895
    1207       2.0040
    1208       2.0117
    1209       2.0301
    1210       1.9726
    1211       2.0245
    1212       1.9913
    1213       1.9553
    1214       2.0138
    1215       2.0670
    1216       2.1054
    1217       2.0638
    1218       2.1656
    1219       2.1411
    1220       2.1232
    1221       2.1051
    1222       2.2122
    1223       2.1047
    1224       2.0613
    1225       2.0579
    1226       2.0515
    1227       1.9954
    1228       2.0921
    1229       2.0033
    1230       2.1097
    1231       2.0183
    1232       2.0068
    1233       2.0873
    1234       2.0455
    1235       2.1075
    1236       2.1238
    1237       2.0734
    1238       2.1209
    1239       2.1353
    1240       2.0255
    1241       2.0142
    1242       1.9973
    1243       2.0870
    1244       2.1103
    1245       2.1146
    1246       2.1405
    1247       2.1417
    1248       2.1870
    1249       2.1524
    1250       2.1444
    1251       2.0793
    1252       2.1292
    1253       2.0191
    1254       2.0992
    1255       2.0486
    1256       2.1429
    1257       2.0436
    1258       2.0279
    1259       2.1692
    1260       2.1488
    1261       1.9934
    1262       2.0175
    1263       2.0400
    1264       2.0369
    1265       2.0547
    1266       2.0763
    1267       2.1819
    1268       2.1118
    1269       2.1030
    1270       1.9586
    1271       1.9889
    1272       2.0259
    1273       2.0037
    1274       2.1281
    1275       2.0386
    1276       1.9615
    1277       2.0908
    1278       1.9813
    1279       1.9927
    1280       2.0428
    1281       2.1400
    1282       2.0143
    1283       2.0755
    1284       2.0644
    1285       2.1309
    1286       2.0350
    1287       2.0545
    1288       2.1128
    1289       1.9919
    1290       2.0622
    1291       2.0350
    1292       2.1774
    1293       2.1672
    1294       2.1321
    1295       2.1580
    1296       2.0783
    1297       2.0489
    1298       2.1209
    1299       2.0263
    1300       2.1437
    1301       2.1689
    1302       2.1191
    1303       2.1636
    1304       2.2342
    1305       2.1641
    1306       2.1468
    1307       2.1552
    1308       2.1084
    1309       2.1005
    1310       2.1360
    1311       2.1585
    1312       2.0953
    1313       2.1827
    1314       2.1545
    1315       2.1611
    1316       2.2227
    1317       2.1772
    1318       2.0559
    1319       2.1438
    1320       2.0642
    1321       2.1235
    1322       2.0747
    1323       2.1057
    1324       2.1323
    1325       2.2052
    1326       2.1251
    1327       2.2525
    1328       2.0568
    1329       2.0922
    1330       2.2399
    1331       2.1647
    1332       2.2045
    1333       2.1917
    1334       2.3044
    1335       2.2475
    1336       2.3062
    1337       2.2483
    1338       2.2261
    1339       2.2530
    1340       2.2799
    1341       2.3384
    1342       2.2565
    1343       2.2124
    1344       2.2272
    1345       2.1763
    1346       2.2178
    1347       2.2541
    1348       2.1663
    1349       2.2183
    1350       2.1960
    1351       2.1931
    1352       2.2253
    1353       2.2123
    1354       2.2454
    1355       2.2352
    1356       2.1221
    1357       2.2699
    1358       2.1576
    1359       2.1703
    1360       2.2240
    1361       2.3171
    1362       2.2285
    1363       2.2342
    1364       2.3059
    1365       2.2282
    1366       2.1733
    1367       2.2595
    1368       2.1364
    1369       2.1482
    1370       2.0283
    1371       2.2455
    1372       2.1569
    1373       2.2090
    1374       2.3493
    1375       2.2025
    1376       2.2288
    1377       2.2998
    1378       2.1722
    1379       2.1509
    1380       2.1757
    1381       2.2638
    1382       2.1910
    1383       2.1588
    1384       2.2974
    1385       2.2622
    1386       2.2198
    1387       2.1326
    1388       2.1385
    1389       2.1609
    1390       2.1886
    1391       2.2676
    1392       2.1886
    1393       2.2079
    1394       2.1597
    1395       2.2157
    1396       2.2665
    1397       2.1769
    1398       2.1107
    1399       2.0881
    1400       2.1011
    1401       2.2328
    1402       2.1666
    1403       2.1481
    1404       2.1940
    1405       2.2101
    1406       2.1251
    1407       2.1682
    1408       2.1528
    1409       2.2112
    1410       2.1813
    1411       2.2043
    1412       2.1801
    1413       2.2327
    1414       2.2091
    1415       2.2478
    1416       2.2745
    1417       2.3687
    1418       2.2245
    1419       2.1654
    1420       2.1427
    1421       2.2032
    1422       2.2076
    1423       2.2054
    1424       2.2122
    1425       2.1800
    1426       2.2384
    1427       2.2058
    1428       2.3912
    1429       2.3357
    1430       2.4460
    1431       2.3792
    1432       2.3043
    1433       2.2418
    1434       2.2656
    1435       2.2838
    1436       2.2755
    1437       2.2451
    1438       2.2723
    1439       2.2139
    1440       2.2638
    1441       2.2149
    1442       2.2036
    1443       2.1635
    1444       2.2268
    1445       2.2131
    1446       2.3217
    1447       2.3081
    1448       2.3412
    1449       2.2279
    1450       2.3866
    1451       2.2532
    1452       2.3070
    1453       2.2213
    1454       2.2583
    1455       2.3288
    1456       2.3170
    1457       2.2878
    1458       2.3875
    1459       2.3614
    1460       2.2711
    1461       2.2371
    1462       2.2532
    1463       2.1834
    1464       2.2479
    1465       2.1661
    1466       2.2059
    1467       2.2520
    1468       2.1904
    1469       2.2169
    1470       2.2213
    1471       2.2412
    1472       2.1707
    1473       2.3168
    1474       2.2801
    1475       2.4215
    1476       2.2785
    1477       2.3503
    1478       2.2717
    1479       2.3706
    1480       2.2620
    1481       2.2687
    1482       2.3599
    1483       2.2877
    1484       2.3215
    1485       2.2744
    1486       2.2800
    1487       2.2807
    1488       2.3004
    1489       2.2949
    1490       2.3182
    1491       2.2869
    1492       2.1753
    1493       2.3151
    1494       2.1897
    1495       2.2172
    1496       2.2934
    1497       2.2354
    1498       2.2604
    1499       2.2807
    1500       2.2915
    1501       2.3270
    1502       2.1899
    1503       2.4123
    1504       2.1265
    1505       2.2668
    1506       2.3186
    1507       2.2610
    1508       2.2416
    1509       2.1972
    1510       2.2540
    1511       2.1921
    1512       2.2871
    1513       2.2592
    1514       2.2021
    1515       2.3304
    1516       2.2004
    1517       2.1401
    1518       2.3338
    1519       2.2907
    1520       2.2644
    1521       2.2692
    1522       2.3063
    1523       2.2473
    1524       2.3289
    1525       2.3819
    1526       2.2924
    1527       2.2568
    1528       2.3902
    1529       2.3100
    1530       2.3019
    1531       2.3547
    1532       2.4001
    1533       2.3925
    1534       2.4054
    1535       2.3407
    1536       2.2070
    1537       2.3107
    1538       2.2531
    1539       2.3540
    1540       2.2234
    1541       2.2714
    1542       2.2921
    1543       2.3011
    1544       2.2181
    1545       2.2001
    1546       2.2174
    1547       2.1878
    1548       2.2947
    1549       2.3044
    1550       2.2414
    1551       2.3727
    1552       2.2303
    1553       2.2664
    1554       2.2749
    1555       2.1915
    1556       2.1904
    1557       2.2670
    1558       2.2350
    1559       2.3286
    1560       2.2804
    1561       2.2619
    1562       2.2284
    1563       2.2809
    1564       2.2978
    1565       2.2649
    1566       2.3258
    1567       2.2805
    1568       2.3608
    1569       2.3571
    1570       2.3165
    1571       2.3903
    1572       2.3519
    1573       2.4082
    1574       2.3503
    1575       2.4920
    1576       2.3864
    1577       2.3201
    1578       2.3777
    1579       2.4725
    1580       2.4656
    1581       2.4282
    1582       2.2789
    1583       2.4406
    1584       2.3316
    1585       2.3376
    1586       2.3295
    1587       2.3078
    1588       2.3556
    1589       2.4399
    1590       2.4359
    1591       2.3511
    1592       2.3290
    1593       2.2746
    1594       2.3350
    1595       2.3739
    1596       2.3711
    1597       2.3019
    1598       2.3395
    1599       2.3820
    1600       2.3911
    1601       2.3851
    1602       2.3949
    1603       2.3777
    1604       2.3383
    1605       2.3331
    1606       2.4363
    1607       2.4089
    1608       2.4034
    1609       2.4097
    1610       2.4171
    1611       2.3840
    1612       2.3253
    1613       2.3098
    1614       2.2867
    1615       2.2338
    1616       2.3466
    1617       2.3445
    1618       2.2933
    1619       2.3103
    1620       2.2512
    1621       2.3041
    1622       2.2979
    1623       2.2795
    1624       2.2267
    1625       2.2501
    1626       2.2657
    1627       2.1039
    1628       2.3030
    1629       2.2552
    1630       2.2273
    1631       2.2266
    1632       2.2656
    1633       2.2881
    1634       2.2268
    1635       2.3097
    1636       2.2875
    1637       2.2135
    1638       2.2619
    1639       2.2327
    1640       2.1901
    1641       2.1920
    1642       2.2214
    1643       2.2102
    1644       2.1937
    1645       2.1688
    1646       2.1895
    1647       2.2206
    1648       2.2142
    1649       2.2298
    1650       2.2387
    1651       2.1823
    1652       2.1850
    1653       2.3004
    1654       2.1842
    1655       2.1632
    1656       2.2020
    1657       2.1508
    1658       2.1617
    1659       2.1557
    1660       2.2570
    1661       2.3011
    1662       2.2017
    1663       2.1984
    1664       2.2621
    1665       2.2605
    1666       2.3191
    1667       2.2911
    1668       2.2992
    1669       2.1946
    1670       2.2125
    1671       2.2766
    1672       2.2104
    1673       2.2221
    1674       2.2538
    1675       2.2784
    1676       2.3301
    1677       2.2915
    1678       2.3410
    1679       2.2395
    1680       2.2965
    1681       2.3514
    1682       2.3077
    1683       2.3151
    1684       2.3324
    1685       2.3145
    1686       2.2581
    1687       2.3944
    1688       2.2687
    1689       2.3768
    1690       2.2417
    1691       2.1676
    1692       2.2963
    1693       2.2027
    1694       2.2838
    1695       2.2191
    1696       2.1646
    1697       2.1918
    1698       2.1754
    1699       2.1905
    1700       2.2286
    1701       2.2045
    1702       2.1412
    1703       2.2201
    1704       2.2468
    1705       2.1960
    1706       2.2038
    1707       2.0781
    1708       2.1213
    1709       2.1058
    1710       2.2177
    1711       2.1587
    1712       2.1542
    1713       2.1139
    1714       2.2185
    1715       2.2302
    1716       2.2554
    1717       2.3119
    1718       2.3359
    1719       2.5495
    1720       2.4847
    1721       2.5355
    1722       2.4081
    1723       2.5311
    1724       2.5427
    1725       2.3565
    1726       2.3508
    1727       2.3299
    1728       2.2310
    1729       2.3161
    1730       2.2073
    1731       2.2032
    1732       2.1441
    1733       2.1886
    1734       2.2911
    1735       2.1677
    1736       2.2717
    1737       2.2487
    1738       2.2466
    1739       2.2411
    1740       2.2312
    1741       2.2428
    1742       2.1902
    1743       2.0950
    1744       2.2564
    1745       2.2062
    1746       2.2691
    1747       2.2208
    1748       2.1957
    1749       2.2272
    1750       2.2444
    1751       2.2947
    1752       2.1977
    1753       2.2947
    1754       2.3433
    1755       2.2108
    1756       2.2337
    1757       2.3194
    1758       2.2618
    1759       2.3138
    1760       2.2196
    1761       2.2708
    1762       2.2175
    1763       2.1793
    1764       2.2352
    1765       2.2642
    1766       2.2120
    1767       2.1579
    1768       2.1361
    1769       2.2043
    1770       2.2940
    1771       2.1767
    1772       2.1748
    1773       2.1913
    1774       2.2485
    1775       2.2721
    1776       2.2552
    1777       2.2458
    1778       2.2359
    1779       2.2412
    1780       2.1709
    1781       2.2698
    1782       2.2217
    1783       2.2491
    1784       2.2788
    1785       2.2030
    1786       2.2504
    1787       2.2914
    1788       2.1652
    1789       2.2252
    1790       2.2104
    1791       2.3028
    1792       2.2551
    1793       2.3483
    1794       2.2915
    1795       2.2762
    1796       2.3299
    1797       2.2286
    1798       2.3515
    1799       2.3419
    1800       2.2536
    1801       2.2824
    1802       2.2557
    1803       2.2859
    1804       2.2172
    1805       2.2608
    1806       2.1770
    1807       2.1773
    1808       2.2327
    1809       2.3000
    1810       2.2181
    1811       2.2328
    1812       2.2539
    1813       2.2331
    1814       2.3394
    1815       2.2690
    1816       2.2337
    1817       2.2727
    1818       2.2863
    1819       2.2410
    1820       2.1869
    1821       2.3585
    1822       2.2689
    1823       2.3801
    1824       2.3852
    1825       2.3305
    1826       2.3301
    1827       2.3013
    1828       2.4123
    1829       2.4398
    1830       2.4676
    1831       2.2279
    1832       2.2970
    1833       2.3827
    1834       2.2898
    1835       2.3568
    1836       2.3982
    1837       2.3627
    1838       2.3368
    1839       2.3633
    1840       2.4158
    1841       2.3011
    1842       2.3560
    1843       2.2940
    1844       2.3008
    1845       2.2808
    1846       2.2990
    1847       2.3399
    1848       2.3103
    1849       2.3156
    1850       2.3216
    1851       2.3231
    1852       2.3644
    1853       2.3150
    1854       2.3406
    1855       2.3339
    1856       2.2633
    1857       2.2086
    1858       2.2544
    1859       2.1846
    1860       2.2547
    1861       2.2749
    1862       2.2126
    1863       2.2494
    1864       2.2750
    1865       2.2100
    1866       2.2586
    1867       2.2571
    1868       2.1550
    1869       2.2498
    1870       2.3725
    1871       2.3051
    1872       2.3608
    1873       2.2155
    1874       2.2744
    1875       2.2565
    1876       2.2944
    1877       2.2856
    1878       2.2714
    1879       2.2752
    1880       2.2850
    1881       2.2387
    1882       2.3338
    1883       2.2481
    1884       2.2898
    1885       2.2867
    1886       2.2845
    1887       2.2327
    1888       2.2053
    1889       2.2513
    1890       2.2415
    1891       2.2204
    1892       2.2647
    1893       2.3690
    1894       2.3712
    1895       2.1752
    1896       2.2253
    1897       2.2529
    1898       2.2106
    1899       2.2495
    1900       2.2886
    1901       2.2067
    1902       2.1883
    1903       2.1416
    1904       2.2043
    1905       2.2424
    1906       2.2706
    1907       2.1806
    1908       2.1593
    1909       2.2648
    1910       2.2624
    1911       2.1758
    1912       2.3135
    1913       2.1764
    1914       2.2828
    1915       2.2474
    1916       2.2643
    1917       2.1902
    1918       2.2272
    1919       2.2439
    1920       2.2636
    1921       2.2171
    1922       2.1717
    1923       2.2182
    1924       2.2681
    1925       2.2665
    1926       2.2978
    1927       2.2947
    1928       2.3761
    1929       2.3152
    1930       2.4049
    1931       2.3333
    1932       2.4340
    1933       2.3022
    1934       2.3749
    1935       2.3816
    1936       2.3219
    1937       2.3148
    1938       2.3362
    1939       2.3720
    1940       2.3905
    1941       2.3794
    1942       2.3046
    1943       2.3617
    1944       2.2818
    1945       2.2693
    1946       2.3137
    1947       2.4280
    1948       2.2568
    1949       2.2784
    1950       2.2482
    1951       2.3376
    1952       2.2374
    1953       2.2903
    1954       2.3469
    1955       2.2693
    1956       2.2165
    1957       2.2365
    1958       2.2167
    1959       2.2784
    1960       2.2461
    1961       2.2631
    1962       2.2473
    1963       2.2207
    1964       2.1666
    1965       2.2899
    1966       2.2224
    1967       2.2608
    1968       2.2625
    1969       2.2888
    1970       2.1882
    1971       2.2032
    1972       2.3073
    1973       2.2101
    1974       2.2715
    1975       2.2195
    1976       2.2784
    1977       2.2335
    1978       2.1348
    1979       2.2878
    1980       2.1871
    1981       2.2213
    1982       2.1420
    1983       2.1291
    1984       2.0944
    1985       2.1998
    1986       2.2703
    1987       2.2172
    1988       2.1748
    1989       2.2091
    1990       2.1840
    1991       2.2193
    1992       2.2015
    1993       2.2242
    1994       2.2184
    1995       2.2069
    1996       2.2127
    1997       2.2089
    1998       2.3090
    1999       2.1797
    2000       2.2092
    2001       2.2514
    2002       2.3085
    2003       2.2794
    2004       2.2777
    2005       2.3270
    2006       2.3000
    2007       2.2091
    2008       2.1488
    2009       2.0859
    2010       2.2335
    2011       2.1290
    2012       2.1634
    2013       2.1356
    2014       2.1775
    2015       2.2209
    2016       2.1705
    2017       2.2524
    2018       2.1679
    2019       2.1786
    2020       2.1893
    2021       2.1560
    2022       2.1718
    2023       2.1869
    2024       2.1692
    2025       2.2773
    2026       2.1898
    2027       2.1748
    2028       2.1708
    2029       2.1354
    2030       2.1275
    2031       2.0489
    2032       2.1183
    2033       2.1495
    2034       2.2290
    2035       2.2914
    2036       2.2246
    2037       2.1579
    2038       2.1333
    2039       2.2093
    2040       2.2656
    2041       2.0930
    2042       2.1869
    2043       2.2037
    2044       2.2020
    2045       2.1861
    2046       2.1324
    2047       2.3017
    2048       2.1638
    2049       2.2620
    2050       2.2718
    2051       2.2890
    2052       2.2242
    2053       2.2838
    2054       2.3904
    2055       2.2698
    2056       2.5094
    2057       2.5797
    2058       2.3352
    2059       2.4429
    2060       2.4485
    2061       2.5279
    2062       2.4442
    2063       2.4996
    2064       2.3878
    2065       2.5132
    2066       2.5313
    2067       2.4716
    2068       2.4782
    2069       2.4485
    2070       2.4407
    2071       2.4573
    2072       2.4995
    2073       2.4963
    2074       2.4021
    2075       2.4527
    2076       2.3762
    2077       2.4126
    2078       2.3925
    2079       2.5202
    2080       2.3776
    2081       2.3527
    2082       2.4101
    2083       2.4553
    2084       2.5228
    2085       2.4779
    2086       2.4736
    2087       2.4471
    2088       2.3711
    2089       2.3833
    2090       2.4027
    2091       2.3642
    2092       2.3919
    2093       2.4228
    2094       2.3536
    2095       2.3752
    2096       2.3223
    2097       2.3414
    2098       2.3467
    2099       2.5052
    2100       2.5526
    2101       2.5338
    2102       2.5177
    2103       2.4883
    2104       2.4103
    2105       2.3262
    2106       2.3417
    2107       2.3339
    2108       2.3594
    2109       2.3409
    2110       2.4633
    2111       2.3396
    2112       2.3491
    2113       2.3614
    2114       2.4205
    2115       2.2274
    2116       2.3863
    2117       2.4204
    2118       2.4613
    2119       2.4657
    2120       2.3192
    2121       2.3091
    2122       2.3827
    2123       2.3866
    2124       2.4088
    2125       2.4242
    2126       2.4339
    2127       2.3007
    2128       2.4223
    2129       2.5338
    2130       2.4451
    2131       2.4120
    2132       2.3820
    2133       2.4962
    2134       2.4770
    2135       2.4033
    2136       2.5004
    2137       2.4429
    2138       2.3567
    2139       2.4235
    2140       2.3447
    2141       2.4523
    2142       2.5057
    2143       2.5854
    2144       2.5855
    2145       2.6247
    2146       2.5352
    2147       2.3749
    2148       2.5503
    2149       2.5121
    2150       2.4057
    2151       2.3811
    2152       2.5228
    2153       2.6226
    2154       2.5070
    2155       2.4782
    2156       2.4262
    2157       2.4201
    2158       2.2924
    2159       2.3751
    2160       2.4714
    2161       2.3639
    2162       2.3759
    2163       2.5354
    2164       2.4559
    2165       2.4548
    2166       2.4646
    2167       2.4796
    2168       2.4369
    2169       2.4753
    2170       2.4384
    2171       2.3977
    2172       2.4712
    2173       2.3525
    2174       2.4109
    2175       2.4417
    2176       2.5614
    2177       2.5325
    2178       2.4312
    2179       2.3940
    2180       2.4490
    2181       2.5173
    2182       2.5054
    2183       2.4774
    2184       2.3936
    2185       2.3205
    2186       2.3271
    2187       2.4242
    2188       2.3201
    2189       2.3541
    2190       2.4062
    2191       2.3436
    2192       2.4311
    2193       2.4480
    2194       2.3518
    2195       2.3573
    2196       2.4324
    2197       2.2869
    2198       2.3436
    2199       2.4221
    2200       2.4388
    2201       2.3682
    2202       2.3363
    2203       2.3457
    2204       2.3036
    2205       2.3164
    2206       2.2416
    2207       2.2897
    2208       2.2666
    2209       2.2469
    2210       2.2877
    2211       2.3050
    2212       2.3820
    2213       2.3982
    2214       2.4247
    2215       2.2589
    2216       2.3185
    2217       2.4368
    2218       2.2401
    2219       2.2953
    2220       2.3263
    2221       2.3601
    2222       2.2891
    2223       2.1986
    2224       2.3948
    2225       2.3285
    2226       2.3227
    2227       2.2815
    2228       2.3438
    2229       2.3246
    2230       2.3344
    2231       2.3097
    2232       2.4006
    2233       2.3987
    2234       2.4415
    2235       2.3491
    2236       2.3176
    2237       2.3948
    2238       2.2373
    2239       2.2653
    2240       2.3060
    2241       2.2129
    2242       2.3529
    2243       2.3573
    2244       2.3275
    2245       2.2941
    2246       2.3213
    2247       2.2656
    2248       2.3662
    2249       2.2990
    2250       2.4701
    2251       2.4117
    2252       2.4142
    2253       2.3778
    2254       2.3168
    2255       2.2129
    2256       2.3142
    2257       2.2833
    2258       2.3142
    2259       2.2755
    2260       2.3539
    2261       2.2632
    2262       2.2639
    2263       2.3260
    2264       2.3259
    2265       2.3847
    2266       2.3108
    2267       2.4398
    2268       2.3294
    2269       2.3769
    2270       2.3904
    2271       2.4287
    2272       2.3082
    2273       2.2499
    2274       2.4080
    2275       2.3924
    2276       2.2690
    2277       2.2638
    2278       2.3056
    2279       2.3064
    2280       2.4046
    2281       2.2351
    2282       2.2671
    2283       2.2809
    2284       2.2790
    2285       2.3277
    2286       2.2544
    2287       2.2936
    2288       2.3082
    2289       2.4111
    2290       2.4185
    2291       2.4648
    2292       2.2621
    2293       2.2853
    2294       2.2945
    2295       2.2659
    2296       2.2995
    2297       2.2733
    2298       2.2641
    2299       2.2317
    2300       2.1651
    2301       2.2169
    2302       2.2797
    2303       2.2024
    2304       2.2029
    2305       2.2537
    2306       2.3454
    2307       2.2341
    2308       2.2221
    2309       2.2502
    2310       2.1983
    2311       2.2203
    2312       2.3259
    2313       2.2028
    2314       2.3798
    2315       2.2607
    2316       2.3129
    2317       2.3726
    2318       2.2684
    2319       2.2963
    2320       2.2414
    2321       2.2590
    2322       2.3213
    2323       2.2387
    2324       2.2758
    2325       2.2396
    2326       2.2690
    2327       2.3438
    2328       2.3505
    2329       2.2647
    2330       2.3011
    2331       2.2865
    2332       2.2496
    2333       2.2615
    2334       2.3264
    2335       2.3897
    2336       2.3224
    2337       2.2481
    2338       2.3384
    2339       2.2904
    2340       2.4051
    2341       2.2876
    2342       2.3226
    2343       2.3209
    2344       2.2734
    2345       2.2064
    2346       2.3169
    2347       2.3105
    2348       2.2294
    2349       2.2064
    2350       2.2399
    2351       2.2987
    2352       2.3461
    2353       2.2601
    2354       2.2069
    2355       2.3301
    2356       2.2828
    2357       2.2451
    2358       2.2905
    2359       2.2705
    2360       2.2698
    2361       2.2722
    2362       2.3727
    2363       2.3858
    2364       2.4515
    2365       2.4300
    2366       2.4224
    2367       2.3273
    2368       2.3186
    2369       2.3597
    2370       2.3952
    2371       2.3071
    2372       2.2647
    2373       2.2175
    2374       2.2239
    2375       2.2335
    2376       2.3445
    2377       2.2879
    2378       2.3494
    2379       2.2181
    2380       2.3397
    2381       2.2838
    2382       2.3622
    2383       2.2957
    2384       2.3606
    2385       2.3104
    2386       2.3034
    2387       2.2959
    2388       2.2933
    2389       2.3807
    2390       2.2749
    2391       2.3421
    2392       2.2972
    2393       2.3014
    2394       2.3518
    2395       2.3427
    2396       2.3932
    2397       2.3774
    2398       2.3214
    2399       2.3959
    2400       2.3483
    2401       2.3212
    2402       2.1888
    2403       2.2434
    2404       2.1992
    2405       2.2600
    2406       2.2796
    2407       2.4146
    2408       2.3216
    2409       2.3324
    2410       2.3210
    2411       2.3577
    2412       2.3056
    2413       2.3673
    2414       2.2962
    2415       2.3188
    2416       2.2864
    2417       2.3657
    2418       2.3364
    2419       2.3364
    2420       2.3354
    2421       2.3685
    2422       2.2958
    2423       2.4442
    2424       2.3413
    2425       2.4755
    2426       2.4195
    2427       2.4782
    2428       2.4329
    2429       2.3507
    2430       2.2977
    2431       2.3509
    2432       2.3306
    2433       2.2615
    2434       2.3897
    2435       2.4841
    2436       2.3859
    2437       2.2499
    2438       2.2910
    2439       2.2423
    2440       2.2402
    2441       2.3173
    2442       2.2610
    2443       2.4104
    2444       2.3426
    2445       2.2914
    2446       2.3361
    2447       2.3735
    2448       2.3998
    2449       2.3854
    2450       2.4161
    2451       2.3054
    2452       2.3526
    2453       2.4222
    2454       2.3088
    2455       2.3795
    2456       2.4462
    2457       2.3595
    2458       2.4128
    2459       2.4480
    2460       2.3369
    2461       2.4004
    2462       2.3410
    2463       2.2291
    2464       2.3703
    2465       2.3974
    2466       2.3286
    2467       2.2190
    2468       2.4101
    2469       2.3093
    2470       2.3251
    2471       2.2323
    2472       2.2287
    2473       2.2359
    2474       2.2830
    2475       2.2224
    2476       2.2807
    2477       2.2905
    2478       2.3223
    2479       2.2577
    2480       2.3521
    2481       2.3459
    2482       2.3294
    2483       2.4054
    2484       2.4803
    2485       2.4493
    2486       2.4225
    2487       2.3360
    2488       2.3323
    2489       2.3643
    2490       2.4056
    2491       2.3480
    2492       2.3001
    2493       2.4011
    2494       2.3672
    2495       2.2825
    2496       2.3989
    2497       2.3854
    2498       2.3994
    2499       2.2583
    2500       2.4097
    2501       2.3862
    2502       2.3899
    2503       2.3558
    2504       2.4146
    2505       2.4169
    2506       2.3403
    2507       2.4092
    2508       2.4165
    2509       2.4470
    2510       2.3134
    2511       2.3641
    2512       2.3186
    2513       2.3926
    2514       2.3617
    2515       2.3462
    2516       2.4251
    2517       2.3947
    2518       2.4204
    2519       2.4224
    2520       2.4046
    2521       2.4324
    2522       2.5097
    2523       2.4630
    2524       2.5114
    2525       2.3897
    2526       2.3958
    2527       2.5434
    2528       2.4402
    2529       2.5230
    2530       2.4291
    2531       2.3479
    2532       2.3747
    2533       2.4724
    2534       2.4566
    2535       2.4969
    2536       2.3876
    2537       2.3858
    2538       2.4107
    2539       2.3777
    2540       2.4842
    2541       2.3293
    2542       2.4836
    2543       2.4502
    2544       2.4689
    2545       2.5450
    2546       2.4397
    2547       2.4205
    2548       2.4013
    2549       2.4334
    2550       2.4156
    2551       2.3946
    2552       2.3979
    2553       2.4277
    2554       2.2695
    2555       2.4146
    2556       2.4250
    2557       2.3211
    2558       2.3688
    2559       2.4169
    2560       2.4186
    2561       2.4399
    2562       2.4217
    2563       2.4175
    2564       2.4787
    2565       2.4776
    2566       2.3651
    2567       2.4881
    2568       2.3974
    2569       2.4979
    2570       2.4078
    2571       2.4315
    2572       2.4893
    2573       2.4750
    2574       2.4751
    2575       2.4890
    2576       2.5349
    2577       2.4921
    2578       2.4931
    2579       2.3880
    2580       2.4329
    2581       2.3955
    2582       2.3799
    2583       2.4164
    2584       2.3704
    2585       2.2884
    2586       2.4484
    2587       2.4149
    2588       2.3984
    2589       2.3511
    2590       2.3800
    2591       2.3036
    2592       2.3795
    2593       2.3626
    2594       2.3275
    2595       2.3625
    2596       2.3638
    2597       2.3698
    2598       2.3479
    2599       2.3083
    2600       2.3982
    2601       2.2890
    2602       2.2980
    2603       2.3450
    2604       2.3079
    2605       2.3911
    2606       2.3922
    2607       2.4256
    2608       2.4213
    2609       2.5521
    2610       2.4342
    2611       2.3899
    2612       2.4335
    2613       2.4538
    2614       2.4475
    2615       2.4156
    2616       2.5389
    2617       2.4986
    2618       2.6117
    2619       2.5101
    2620       2.6201
    2621       2.5043
    2622       2.4973
    2623       2.5650
    2624       2.5054
    2625       2.4279
    2626       2.4407
    2627       2.4244
    2628       2.4490
    2629       2.4425
    2630       2.4714
    2631       2.6127
    2632       2.4102
    2633       2.4798
    2634       2.5405
    2635       2.4559
    2636       2.4884
    2637       2.5930
    2638       2.4959
    2639       2.3401
    2640       2.4895
    2641       2.3609
    2642       2.3469
    2643       2.3650
    2644       2.2962
    2645       2.3722
    2646       2.4326
    2647       2.3771
    2648       2.4854
    2649       2.4589
    2650       2.4170
    2651       2.4341
    2652       2.3630
    2653       2.6047
    2654       2.5443
    2655       2.5035
    2656       2.5587
    2657       2.5251
    2658       2.3907
    2659       2.4522
    2660       2.3465
    2661       2.4974
    2662       2.4567
    2663       2.5252
    2664       2.5878
    2665       2.4582
    2666       2.4514
    2667       2.4545
    2668       2.3896
    2669       2.4366
    2670       2.5199
    2671       2.4310
    2672       2.4337
    2673       2.4405
    2674       2.4423
    2675       2.4194
    2676       2.3847
    2677       2.4593
    2678       2.4142
    2679       2.5451
    2680       2.3703
    2681       2.3776
    2682       2.3617
    2683       2.4409
    2684       2.3974
    2685       2.4375
    2686       2.4669
    2687       2.4933
    2688       2.5040
    2689       2.4190
    2690       2.2707
    2691       2.3663
    2692       2.3828
    2693       2.4070
    2694       2.4580
    2695       2.3650
    2696       2.3236
    2697       2.2931
    2698       2.3698
    2699       2.4154
    2700       2.3566
    2701       2.4392
    2702       2.4041
    2703       2.4577
    2704       2.4124
    2705       2.3658
    2706       2.5353
    2707       2.4278
    2708       2.4910
    2709       2.5110
    2710       2.3758
    2711       2.5439
    2712       2.5059
    2713       2.4732
    2714       2.4679
    2715       2.4950
    2716       2.4805
    2717       2.4152
    2718       2.4307
    2719       2.4806
    2720       2.3661
    2721       2.3153
    2722       2.4024
    2723       2.3397
    2724       2.3588
    2725       2.3019
    2726       2.3756
    2727       2.3675
    2728       2.3607
    2729       2.2564
    2730       2.2916
    2731       2.2880
    2732       2.2621
    2733       2.3966
    2734       2.3696
    2735       2.3321
    2736       2.3509
    2737       2.3218
    2738       2.4955
    2739       2.3473
    2740       2.3618
    2741       2.4277
    2742       2.4532
    2743       2.3552
    2744       2.3215
    2745       2.3514
    2746       2.3355
    2747       2.3222
    2748       2.2979
    2749       2.2086
    2750       2.3477
    2751       2.3496
    2752       2.2989
    2753       2.3645
    2754       2.3184
    2755       2.3774
    2756       2.3459
    2757       2.4557
    2758       2.4237
    2759       2.4265
    2760       2.2888
    2761       2.3888
    2762       2.3082
    2763       2.4213
    2764       2.3209
    2765       2.3186
    2766       2.3082
    2767       2.3498
    2768       2.3902
    2769       2.3478
    2770       2.2786
    2771       2.4499
    2772       2.4107
    2773       2.3519
    2774       2.3262
    2775       2.3465
    2776       2.3081
    2777       2.2997
    2778       2.2600
    2779       2.3538
    2780       2.3113
    2781       2.3522
    2782       2.2798
    2783       2.3206
    2784       2.3054
    2785       2.3992
    2786       2.2735
    2787       2.3121
    2788       2.3184
    2789       2.3078
    2790       2.3262
    2791       2.3335
    2792       2.2859
    2793       2.4158
    2794       2.4056
    2795       2.4273
    2796       2.4143
    2797       2.4638
    2798       2.3167
    2799       2.2749
    2800       2.4272
    2801       2.3575
    2802       2.3931
    2803       2.3781
    2804       2.3112
    2805       2.4140
    2806       2.3059
    2807       2.2785
    2808       2.2601
    2809       2.3575
    2810       2.3207
    2811       2.2671
    2812       2.3183
    2813       2.2995
    2814       2.3441
    2815       2.3619
    2816       2.3266
    2817       2.4487
    2818       2.5409
    2819       2.2966
    2820       2.4342
    2821       2.2830
    2822       2.4968
    2823       2.4033
    2824       2.3616
    2825       2.3639
    2826       2.3460
    2827       2.4296
    2828       2.3977
    2829       2.4257
    2830       2.2937
    2831       2.4743
    2832       2.4694
    2833       2.4190
    2834       2.4245
    2835       2.4279
    2836       2.4874
    2837       2.4111
    2838       2.3952
    2839       2.4062
    2840       2.2418
    2841       2.2146
    2842       2.2862
    2843       2.3200
    2844       2.2772
    2845       2.4344
    2846       2.3740
    2847       2.2994
    2848       2.2589
    2849       2.2615
    2850       2.3039
    2851       2.3377
    2852       2.2907
    2853       2.3119
    2854       2.3085
    2855       2.3133
    2856       2.3116
    2857       2.4095
    2858       2.2665
    2859       2.3685
    2860       2.3920
    2861       2.3716
    2862       2.2303
    2863       2.2220
    2864       2.3946
    2865       2.4397
    2866       2.4250
    2867       2.3214
    2868       2.2552
    2869       2.3327
    2870       2.2950
    2871       2.2449
    2872       2.3126
    2873       2.3183
    2874       2.3864
    2875       2.4116
    2876       2.4322
    2877       2.2763
    2878       2.2806
    2879       2.2150
    2880       2.3293
    2881       2.3725
    2882       2.3896
    2883       2.4583
    2884       2.3079
    2885       2.2788
    2886       2.3569
    2887       2.2331
    2888       2.3256
    2889       2.2685
    2890       2.2634
    2891       2.2510
    2892       2.2093
    2893       2.3842
    2894       2.3622
    2895       2.3410
    2896       2.3227
    2897       2.2312
    2898       2.2081
    2899       2.3402
    2900       2.3832
    2901       2.2961
    2902       2.3300
    2903       2.3010
    2904       2.2270
    2905       2.3395
    2906       2.3070
    2907       2.3562
    2908       2.3322
    2909       2.3856
    2910       2.3680
    2911       2.4061
    2912       2.2281
    2913       2.3392
    2914       2.2812
    2915       2.2530
    2916       2.2424
    2917       2.2184
    2918       2.2510
    2919       2.2635
    2920       2.1690
    2921       2.1095
    2922       2.2208
    2923       2.2108
    2924       2.2312
    2925       2.1931
    2926       2.2855
    2927       2.2563
    2928       2.2995
    2929       2.3350
    2930       2.2909
    2931       2.3638
    2932       2.2909
    2933       2.2919
    2934       2.2934
    2935       2.2901
    2936       2.3444
    2937       2.2277
    2938       2.3153
    2939       2.1898
    2940       2.1668
    2941       2.2703
    2942       2.3286
    2943       2.3561
    2944       2.4299
    2945       2.1262
    2946       2.2880
    2947       2.3311
    2948       2.2176
    2949       2.2452
    2950       2.2206
    2951       2.2348
    2952       2.2850
    2953       2.1900
    2954       2.3802
    2955       2.3200
    2956       2.2301
    2957       2.1727
    2958       2.2653
    2959       2.2803
    2960       2.2848
    2961       2.3693
    2962       2.1601
    2963       2.2347
    2964       2.2700
    2965       2.1960
    2966       2.2915
    2967       2.2075
    2968       2.2103
    2969       2.3042
    2970       2.1851
    2971       2.2282
    2972       2.2579
    2973       2.3087
    2974       2.2484
    2975       2.2591
    2976       2.1713
    2977       2.2606
    2978       2.2733
    2979       2.2536
    2980       2.2702
    2981       2.2500
    2982       2.2675
    2983       2.2000
    2984       2.2485
    2985       2.3015
    2986       2.3775
    2987       2.2378
    2988       2.3382
    2989       2.2284
    2990       2.2215
    2991       2.1722
    2992       2.2657
    2993       2.2534
    2994       2.2402
    2995       2.1404
    2996       2.3303
    2997       2.3205
    2998       2.1801
    2999       2.2471
    3000       2.2577
    3001       2.3112
    3002       2.2988
    3003       2.2075
    3004       2.2142
    3005       2.2473
    3006       2.3296
    3007       2.2767
    3008       2.4726
    3009       2.3271
    3010       2.3327
    3011       2.2775
    3012       2.3774
    3013       2.4528
    3014       2.4616
    3015       2.4552
    3016       2.3772
    3017       2.3597
    3018       2.3030
    3019       2.2065
    3020       2.3197
    3021       2.3423
    3022       2.2485
    3023       2.1962
    3024       2.2418
    3025       2.2272
    3026       2.1988
    3027       2.3122
    3028       2.2970
    3029       2.3697
    3030       2.2665
    3031       2.2341
    3032       2.3148
    3033       2.2753
    3034       2.3585
    3035       2.2972
    3036       2.3343
    3037       2.2806
    3038       2.3182
    3039       2.2818
    3040       2.3220
    3041       2.2727
    3042       2.4259
    3043       2.3111
    3044       2.2947
    3045       2.3214
    3046       2.3521
    3047       2.4447
    3048       2.4233
    3049       2.3950
    3050       2.4343
    3051       2.3930
    3052       2.3323
    3053       2.3648
    3054       2.2949
    3055       2.3414
    3056       2.2893
    3057       2.1943
    3058       2.2500
    3059       2.2050
    3060       2.2201
    3061       2.1912
    3062       2.2385
    3063       2.2843
    3064       2.2356
    3065       2.2990
    3066       2.2879
    3067       2.2695
    3068       2.2461
    3069       2.2098
    3070       2.2568
    3071       2.2720
    3072       2.2418
    3073       2.3285
    3074       2.3302
    3075       2.3035
    3076       2.3617
    3077       2.2413
    3078       2.2466
    3079       2.2715
    3080       2.3449
    3081       2.2519
    3082       2.2536
    3083       2.3086
    3084       2.2563
    3085       2.2022
    3086       2.2930
    3087       2.3289
    3088       2.2914
    3089       2.3061
    3090       2.2784
    3091       2.2159
    3092       2.2034
    3093       2.1961
    3094       2.2048
    3095       2.1953
    3096       2.2417
    3097       2.1841
    3098       2.3059
    3099       2.2658
    3100       2.3872
    3101       2.3608
    3102       2.2378
    3103       2.3652
    3104       2.3065
    3105       2.3788
    3106       2.3535
    3107       2.3805
    3108       2.3944
    3109       2.3847
    3110       2.3997
    3111       2.3802
    3112       2.3398
    3113       2.3216
    3114       2.4142
    3115       2.4019
    3116       2.3672
    3117       2.3882
    3118       2.4551
    3119       2.3959
    3120       2.4688
    3121       2.3964
    3122       2.4240
    3123       2.4274
    3124       2.3528
    3125       2.3633
    3126       2.3514
    3127       2.3005
    3128       2.3248
    3129       2.4793
    3130       2.3864
    3131       2.4541
    3132       2.4460
    3133       2.3711
    3134       2.4233
    3135       2.4344
    3136       2.3952
    3137       2.3515
    3138       2.3002
    3139       2.4325
    3140       2.3935
    3141       2.3683
    3142       2.4716
    3143       2.4528
    3144       2.4190
    3145       2.2950
    3146       2.2441
    3147       2.3902
    3148       2.3537
    3149       2.2139
    3150       2.4056
    3151       2.3873
    3152       2.4686
    3153       2.4785
    3154       2.3414
    3155       2.4040
    3156       2.5335
    3157       2.4621
    3158       2.4242
    3159       2.3566
    3160       2.2906
    3161       2.3546
    3162       2.3168
    3163       2.3462
    3164       2.4325
    3165       2.4095
    3166       2.3568
    3167       2.4467
    3168       2.5715
    3169       2.4230
    3170       2.4648
    3171       2.4901
    3172       2.2526
    3173       2.3522
    3174       2.2673
    3175       2.2168
    3176       2.3417
    3177       2.4343
    3178       2.3200
    3179       2.4145
    3180       2.3068
    3181       2.2856
    3182       2.3463
    3183       2.2793
    3184       2.3768
    3185       2.3625
    3186       2.3444
    3187       2.3760
    3188       2.3300
    3189       2.1783
    3190       2.3501
    3191       2.3684
    3192       2.2559
    3193       2.3522
    3194       2.2795
    3195       2.3374
    3196       2.2981
    3197       2.2879
    3198       2.3315
    3199       2.3441
    3200       2.3657
    3201       2.2750
    3202       2.3187
    3203       2.2663
    3204       2.4212
    3205       2.3563
    3206       2.2550
    3207       2.3461
    3208       2.2220
    3209       2.3748
    3210       2.4330
    3211       2.3275
    3212       2.2775
    3213       2.3341
    3214       2.3315
    3215       2.3513
    3216       2.3798
    3217       2.3969
    3218       2.3557
    3219       2.3316
    3220       2.3360
    3221       2.4047
    3222       2.4179
    3223       2.3185
    3224       2.3976
    3225       2.2979
    3226       2.2337
    3227       2.3485
    3228       2.2929
    3229       2.2180
    3230       2.2482
    3231       2.2610
    3232       2.2485
    3233       2.2440
    3234       2.2660
    3235       2.2669
    3236       2.3215
    3237       2.2737
    3238       2.2362
    3239       2.2764
    3240       2.2146
    3241       2.2926
    3242       2.2382
    3243       2.2677
    3244       2.2545
    3245       2.2943
    3246       2.2680
    3247       2.2736
    3248       2.2038
    3249       2.3412
    3250       2.3250
    3251       2.3643
    3252       2.3921
    3253       2.2969
    3254       2.1709
    3255       2.1887
    3256       2.2416
    3257       2.2406
    3258       2.3096
    3259       2.2640
    3260       2.2738
    3261       2.1990
    3262       2.2591
    3263       2.1572
    3264       2.1564
    3265       2.2795
    3266       2.2511
    3267       2.2288
    3268       2.2155
    3269       2.1975
    3270       2.2675
    3271       2.3224
    3272       2.2434
    3273       2.3159
    3274       2.3251
    3275       2.1600
    3276       2.3016
    3277       2.2048
    3278       2.2472
    3279       2.2277
    3280       2.2256
    3281       2.2638
    3282       2.2628
    3283       2.3550
    3284       2.3403
    3285       2.3045
    3286       2.3550
    3287       2.3164
    3288       2.3712
    3289       2.3027
    3290       2.2848
    3291       2.2962
    3292       2.3289
    3293       2.2873
    3294       2.3111
    3295       2.3367
    3296       2.2277
    3297       2.2636
    3298       2.3732
    3299       2.3154
    3300       2.3787
    3301       2.4178
    3302       2.3571
    3303       2.4356
    3304       2.4445
    3305       2.3386
    3306       2.3645
    3307       2.3269
    3308       2.3413
    3309       2.3253
    3310       2.3191
    3311       2.3735
    3312       2.3914
    3313       2.3319
    3314       2.3451
    3315       2.4061
    3316       2.3705
    3317       2.3372
    3318       2.4093
    3319       2.2365
    3320       2.3025
    3321       2.3206
    3322       2.4120
    3323       2.3663
    3324       2.4408
    3325       2.3348
    3326       2.4258
    3327       2.3000
    3328       2.3413
    3329       2.4038
    3330       2.2654
    3331       2.2548
    3332       2.4311
    3333       2.3759
    3334       2.4809
    3335       2.4165
    3336       2.4265
    3337       2.4335
    3338       2.4855
    3339       2.4672
    3340       2.4897
    3341       2.4364
    3342       2.4723
    3343       2.5260
    3344       2.3936
    3345       2.4660
    3346       2.3707
    3347       2.3623
    3348       2.3081
    3349       2.3916
    3350       2.3501
    3351       2.3787
    3352       2.4485
    3353       2.4828
    3354       2.4078
    3355       2.4490
    3356       2.3321
    3357       2.4034
    3358       2.4343
    3359       2.5227
    3360       2.3456
    3361       2.5267
    3362       2.4691
    3363       2.4165
    3364       2.4488
    3365       2.3716
    3366       2.5136
    3367       2.4118
    3368       2.4553
    3369       2.3850
    3370       2.2915
    3371       2.3576
    3372       2.2916
    3373       2.3824
    3374       2.3317
    3375       2.3843
    3376       2.3526
    3377       2.3043
    3378       2.3310
    3379       2.2709
    3380       2.2473
    3381       2.3814
    3382       2.3158
    3383       2.3361
    3384       2.3465
    3385       2.3184
    3386       2.2719
    3387       2.3573
    3388       2.3437
    3389       2.4057
    3390       2.3172
    3391       2.4125
    3392       2.2806
    3393       2.2912
    3394       2.4944
    3395       2.3998
    3396       2.3533
    3397       2.3674
    3398       2.3627
    3399       2.3851
    3400       2.3760
    3401       2.5005
    3402       2.3887
    3403       2.4103
    3404       2.3509
    3405       2.3825
    3406       2.3812
    3407       2.3572
    3408       2.3274
    3409       2.3451
    3410       2.3578
    3411       2.3246
    3412       2.3835
    3413       2.3411
    3414       2.3161
    3415       2.4030
    3416       2.4340
    3417       2.4637
    3418       2.3172
    3419       2.4468
    3420       2.3974
    3421       2.4427
    3422       2.3170
    3423       2.5022
    3424       2.3245
    3425       2.4286
    3426       2.4403
    3427       2.4145
    3428       2.3979
    3429       2.3284
    3430       2.3143
    3431       2.3445
    3432       2.2922
    3433       2.4437
    3434       2.3802
    3435       2.3457
    3436       2.4438
    3437       2.4120
    3438       2.3192
    3439       2.4088
    3440       2.3743
    3441       2.4384
    3442       2.4166
    3443       2.3547
    3444       2.3533
    3445       2.4137
    3446       2.4752
    3447       2.3856
    3448       2.4432
    3449       2.3894
    3450       2.3584
    3451       2.3371
    3452       2.3358
    3453       2.4302
    3454       2.3574
    3455       2.3984
    3456       2.3551
    3457       2.4336
    3458       2.3877
    3459       2.3926
    3460       2.3610
    3461       2.3085
    3462       2.4070
    3463       2.3797
    3464       2.4044
    3465       2.4597
    3466       2.4131
    3467       2.3105
    3468       2.4212
    3469       2.4279
    3470       2.4500
    3471       2.4902
    3472       2.4080
    3473       2.3999
    3474       2.3789
    3475       2.3822
    3476       2.3375
    3477       2.3145
    3478       2.3262
    3479       2.2778
    3480       2.3837
    3481       2.3085
    3482       2.3630
    3483       2.3094
    3484       2.2199
    3485       2.3416
    3486       2.2972
    3487       2.3097
    3488       2.2645
    3489       2.3062
    3490       2.3317
    3491       2.3825
    3492       2.3722
    3493       2.3923
    3494       2.4032
    3495       2.3600
    3496       2.2961
    3497       2.2931
    3498       2.3736
    3499       2.3550
    3500       2.2837
    3501       2.2531
    3502       2.2105
    3503       2.3294
    3504       2.3156
    3505       2.3159
    3506       2.3296
    3507       2.3506
    3508       2.3602
    3509       2.2837
    3510       2.3275
    3511       2.2915
    3512       2.2423
    3513       2.2526
    3514       2.3179
    3515       2.2771
    3516       2.2117
    3517       2.2677
    3518       2.3822
    3519       2.2625
    3520       2.2904
    3521       2.3356
    3522       2.2883
    3523       2.3983
    3524       2.3692
    3525       2.4565
    3526       2.2891
    3527       2.2394
    3528       2.2743
    3529       2.3759
    3530       2.3045
    3531       2.3342
    3532       2.3107
    3533       2.3240
    3534       2.2876
    3535       2.3081
    3536       2.2906
    3537       2.3743
    3538       2.4129
    3539       2.2150
    3540       2.3118
    3541       2.3143
    3542       2.2257
    3543       2.2281
    3544       2.2291
    3545       2.2723
    3546       2.3013
    3547       2.2575
    3548       2.2472
    3549       2.2799
    3550       2.2486
    3551       2.2426
    3552       2.2919
    3553       2.3000
    3554       2.3551
    3555       2.2690
    3556       2.3115
    3557       2.2421
    3558       2.2731
    3559       2.3314
    3560       2.3352
    3561       2.3532
    3562       2.2651
    3563       2.2772
    3564       2.2251
    3565       2.2902
    3566       2.2537
    3567       2.2973
    3568       2.3034
    3569       2.2966
    3570       2.1744
    3571       2.2676
    3572       2.1737
    3573       2.3103
    3574       2.1390
    3575       2.2394
    3576       2.2768
    3577       2.2763
    3578       2.3247
    3579       2.3343
    3580       2.2262
    3581       2.2620
    3582       2.2189
    3583       2.2575
    3584       2.2363
    3585       2.2065
    3586       2.2213
    3587       2.3575
    3588       2.4192
    3589       2.2906
    3590       2.2935
    3591       2.3066
    3592       2.3751
    3593       2.2896
    3594       2.2857
    3595       2.1726
    3596       2.2936
    3597       2.3998
    3598       2.2541
    3599       2.1846
    3600       2.1831
    3601       2.1225
    3602       2.1527
    3603       2.2067
    3604       2.2714
    3605       2.1633
    3606       2.1879
    3607       2.1671
    3608       2.2775
    3609       2.1946
    3610       2.1600
    3611       2.2026
    3612       2.2011
    3613       2.2548
    3614       2.1894
    3615       2.1889
    3616       2.2303
    3617       2.2317
    3618       2.2896
    3619       2.2604
    3620       2.2638
    3621       2.2745
    3622       2.2504
    3623       2.2057
    3624       2.2719
    3625       2.1775
    3626       2.2577
    3627       2.1771
    3628       2.1860
    3629       2.1983
    3630       2.2192
    3631       2.1996
    3632       2.3118
    3633       2.2924
    3634       2.1891
    3635       2.2106
    3636       2.2513
    3637       2.1951
    3638       2.2386
    3639       2.2804
    3640       2.3337
    3641       2.1596
    3642       2.1966
    3643       2.2572
    3644       2.2864
    3645       2.3171
    3646       2.3523
    3647       2.2131
    3648       2.2999
    3649       2.2055
    3650       2.2161
    3651       2.3046
    3652       2.2864
    3653       2.2330
    3654       2.2999
    3655       2.1705
    3656       2.1637
    3657       2.1569
    3658       2.1485
    3659       2.1331
    3660       2.2110
    3661       2.2065
    3662       2.2335
    3663       2.1019
    3664       2.2302
    3665       2.1196
    3666       2.1198
    3667       2.2127
    3668       2.1700
    3669       2.2486
    3670       2.1726
    3671       2.1778
    3672       2.2282
    3673       2.2084
    3674       2.2283
    3675       2.2030
    3676       2.1897
    3677       2.1257
    3678       2.1986
    3679       2.2213
    3680       2.3143
    3681       2.2098
    3682       2.1988
    3683       2.2249
    3684       2.1892
    3685       2.1886
    3686       2.1835
    3687       2.2565
    3688       2.2347
    3689       2.2059
    3690       2.1893
    3691       2.1983
    3692       2.2904
    3693       2.2805
    3694       2.2123
    3695       2.2554
    3696       2.1606
    3697       2.1369
    3698       2.1815
    3699       2.1651
    3700       2.2101
    3701       2.1684
    3702       2.1286
    3703       2.1461
    3704       2.2245
    3705       2.2181
    3706       2.2281
    3707       2.2083
    3708       2.1586
    3709       2.1678
    3710       2.2281
    3711       2.1421
    3712       2.2782
    3713       2.2259
    3714       2.2072
    3715       2.2826
    3716       2.2394
    3717       2.1812
    3718       2.1177
    3719       2.1964
    3720       2.1827
    3721       2.2632
    3722       2.2024
    3723       2.1517
    3724       2.2157
    3725       2.2992
    3726       2.2885
    3727       2.2285
    3728       2.2899
    3729       2.2273
    3730       2.2293
    3731       2.3266
    3732       2.3089
    3733       2.3287
    3734       2.3395
    3735       2.2520
    3736       2.2709
    3737       2.3015
    3738       2.2884
    3739       2.2745
    3740       2.3518
    3741       2.3731
    3742       2.4343
    3743       2.2998
    3744       2.2297
    3745       2.3189
    3746       2.3346
    3747       2.3266
    3748       2.2303
    3749       2.2612
    3750       2.3015
    3751       2.2003
    3752       2.1760
    3753       2.2375
    3754       2.2648
    3755       2.3892
    3756       2.2515
    3757       2.3603
    3758       2.2662
    3759       2.2106
    3760       2.2615
    3761       2.2466
    3762       2.3726
    3763       2.2670
    3764       2.3661
    3765       2.1962
    3766       2.2347
    3767       2.2287
    3768       2.1408
    3769       2.1918
    3770       2.2475
    3771       2.2711
    3772       2.2732
    3773       2.2238
    3774       2.2144
    3775       2.2307
    3776       2.1721
    3777       2.2837
    3778       2.2193
    3779       2.2809
    3780       2.1941
    3781       2.2713
    3782       2.1703
    3783       2.2234
    3784       2.3073
    3785       2.2154
    3786       2.1578
    3787       2.2059
    3788       2.1862
    3789       2.1720
    3790       2.1840
    3791       2.1746
    3792       2.1855
    3793       2.2708
    3794       2.1833
    3795       2.2242
    3796       2.2014
    3797       2.2715
    3798       2.2998
    3799       2.2166
    3800       2.2114
    3801       2.2206
    3802       2.2682
    3803       2.2278
    3804       2.3212
    3805       2.2805
    3806       2.2259
    3807       2.2768
    3808       2.2542
    3809       2.2161
    3810       2.2576
    3811       2.2345
    3812       2.2845
    3813       2.2057
    3814       2.2040
    3815       2.2204
    3816       2.2154
    3817       2.3220
    3818       2.1996
    3819       2.0728
    3820       2.1681
    3821       2.1540
    3822       2.2467
    3823       2.2312
    3824       2.0650
    3825       2.2448
    3826       2.1502
    3827       2.1244
    3828       2.2784
    3829       2.1828
    3830       2.1070
    3831       2.1740
    3832       2.0734
    3833       2.1658
    3834       2.0497
    3835       2.0246
    3836       2.0543
    3837       2.0112
    3838       1.9825
    3839       1.9755
    3840       2.0759
    3841       1.9079
    3842       1.9571
    3843       2.0087
    3844       2.1138
    3845       2.0454
    3846       2.1702
    3847       2.1015
    3848       2.0221
    3849       2.0860
    3850       2.0443
    3851       2.1033
    3852       2.1043
    3853       2.1193
    3854       2.1304
    3855       2.1466
    3856       2.0974
    3857       2.0834
    3858       2.0964
    3859       2.1427
    3860       2.1117
    3861       2.1149
    3862       2.1961
    3863       2.1072
    3864       2.0436
    3865       2.1020
    3866       2.1583
    3867       2.0600
    3868       2.1906
    3869       2.1060
    3870       2.1358
    3871       2.0588
    3872       2.0290
    3873       2.0399
    3874       2.0493
    3875       2.0494
    3876       2.0329
    3877       2.1692
    3878       2.0527
    3879       2.0134
    3880       2.0638
    3881       2.0514
    3882       2.0285
    3883       2.0782
    3884       2.0824
    3885       2.0157
    3886       2.0835
    3887       2.1096
    3888       2.1023
    3889       2.1081
    3890       2.2043
    3891       2.1537
    3892       2.1557
    3893       2.1362
    3894       2.1075
    3895       2.0542
    3896       2.0901
    3897       2.0572
    3898       2.1106
    3899       2.0956
    3900       2.0702
    3901       2.2961
    3902       2.3300
    3903       2.3010
    3904       2.2270
    3905       2.3395
    3906       2.3070
    3907       2.3562
    3908       2.3322
    3909       2.3856
    3910       2.3680
    3911       2.4061
    3912       2.2281
    3913       2.3392
    3914       2.2812
    3915       2.2530
    3916       2.2424
    3917       2.2184
    3918       2.2510
    3919       2.2635
    3920       2.1690
    3921       2.1095
    3922       2.2208
    3923       2.2108
    3924       2.2312
    3925       2.1931
    3926       2.2855
    3927       2.2563
    3928       2.2995
    3929       2.3350
    3930       2.2909
    3931       2.3638
    3932       2.2909
    3933       2.2919
    3934       2.2934
    3935       2.2901
    3936       2.3444
    3937       2.2277
    3938       2.3153
    3939       2.1898
    3940       2.1668
    3941       2.2703
    3942       2.3286
    3943       2.3561
    3944       2.4299
    3945       2.1262
    3946       2.2880
    3947       2.3311
    3948       2.2176
    3949       2.2452
    3950       2.2206
    3951       2.2348
    3952       2.2850
    3953       2.1900
    3954       2.3802
    3955       2.3200
    3956       2.2301
    3957       2.1727
    3958       2.2653
    3959       2.2803
    3960       2.2848
    3961       2.3693
    3962       2.1601
    3963       2.2347
    3964       2.2700
    3965       2.1960
    3966       2.2915
    3967       2.2075
    3968       2.2103
    3969       2.3042
    3970       2.1851
    3971       2.2282
    3972       2.2579
    3973       2.3087
    3974       2.2484
    3975       2.2591
    3976       2.1713
    3977       2.2606
    3978       2.2733
    3979       2.2536
    3980       2.2702
    3981       2.2500
    3982       2.2675
    3983       2.2000
    3984       2.2485
    3985       2.3015
    3986       2.3775
    3987       2.2378
    3988       2.3382
    3989       2.2284
    3990       2.2215
    3991       2.1722
    3992       2.2657
    3993       2.2534
    3994       2.2402
    3995       2.1404
    3996       2.3303
    3997       2.3205
    3998       2.1801
    3999       2.2471
    4000       2.2577
    4001       2.2568
    4002       2.2913
    4003       2.3530
    4004       2.3363
    4005       2.3816
    4006       2.2606
    4007       2.2947
    4008       2.2888
    4009       2.2481
    4010       2.2872
    4011       2.2945
    4012       2.1538
    4013       2.2561
    4014       2.2666
    4015       2.2338
    4016       2.3493
    4017       2.2673
    4018       2.2328
    4019       2.2164
    4020       2.2503
    4021       2.2697
    4022       2.3096
    4023       2.2332
    4024       2.1938
    4025       2.2469
    4026       2.2745
    4027       2.2154
    4028       2.2658
    4029       2.2740
    4030       2.2521
    4031       2.3595
    4032       2.2491
    4033       2.3132
    4034       2.2651
    4035       2.2162
    4036       2.2323
    4037       2.3521
    4038       2.3664
    4039       2.3738
    4040       2.4025
    4041       2.3572
    4042       2.2372
    4043       2.2330
    4044       2.2894
    4045       2.3140
    4046       2.2228
    4047       2.1645
    4048       2.2932
    4049       2.2401
    4050       2.3115
    4051       2.2991
    4052       2.3513
    4053       2.2590
    4054       2.2979
    4055       2.2363
    4056       2.2887
    4057       2.3065
    4058       2.3459
    4059       2.2888
    4060       2.3122
    4061       2.3101
    4062       2.3449
    4063       2.3124
    4064       2.3603
    4065       2.2558
    4066       2.2808
    4067       2.2612
    4068       2.3359
    4069       2.2792
    4070       2.3330
    4071       2.3998
    4072       2.2594
    4073       2.3469
    4074       2.3283
    4075       2.2377
    4076       2.2241
    4077       2.3126
    4078       2.2300
    4079       2.3726
    4080       2.3534
    4081       2.2861
    4082       2.2828
    4083       2.3437
    4084       2.2753
    4085       2.2165
    4086       2.1853
    4087       2.2919
    4088       2.2821
    4089       2.2312
    4090       2.2078
    4091       2.3019
    4092       2.3208
    4093       2.3627
    4094       2.3247
    4095       2.1949
    4096       2.1950
    4097       2.3221
    4098       2.2623
    4099       2.2865
    4100       2.2553
