#Frame     RMSD_00002
       1       0.0000
       2       1.4360
       3       1.7185
       4       1.7162
       5       1.7028
       6       1.7498
       7       1.9327
       8       2.0092
       9       1.9865
      10       1.8910
      11       1.9075
      12       1.9733
      13       2.4471
      14       2.2442
      15       2.2861
      16       2.2815
      17       2.1169
      18       2.1171
      19       2.0269
      20       2.1679
      21       2.2379
      22       2.1097
      23       2.1410
      24       2.1962
      25       2.1603
      26       2.2100
      27       2.2983
      28       2.1713
      29       2.3063
      30       2.2358
      31       2.2411
      32       2.3721
      33       2.3244
      34       2.4059
      35       2.5493
      36       2.7778
      37       2.6600
      38       2.7388
      39       2.8814
      40       2.6975
      41       2.7552
      42       2.8436
      43       2.8348
      44       2.9887
      45       2.8012
      46       2.7227
      47       2.8031
      48       2.6986
      49       2.6912
      50       2.6093
      51       2.6007
      52       2.5803
      53       2.5915
      54       2.6232
      55       2.7500
      56       2.6418
      57       2.6573
      58       2.6573
      59       2.6317
      60       2.5699
      61       2.4830
      62       2.4603
      63       2.5935
      64       2.6652
      65       2.4950
      66       2.5515
      67       2.6712
      68       2.4815
      69       2.5222
      70       2.5068
      71       2.4741
      72       2.7385
      73       2.8387
      74       2.8528
      75       2.6127
      76       2.6283
      77       2.6161
      78       2.7584
      79       2.6172
      80       2.7531
      81       2.5522
      82       2.8231
      83       2.5916
      84       2.6532
      85       2.5506
      86       2.7018
      87       2.6637
      88       2.6667
      89       2.6356
      90       2.4266
      91       2.5286
      92       2.6225
      93       2.4560
      94       2.4733
      95       2.4690
      96       2.4078
      97       2.6695
      98       2.4563
      99       2.6632
     100       2.4500
     101       2.6466
     102       2.4562
     103       2.5550
     104       2.6121
     105       2.6240
     106       2.4379
     107       2.4620
     108       2.6471
     109       2.7316
     110       2.7928
     111       2.7189
     112       2.6961
     113       2.6719
     114       2.8367
     115       2.7931
     116       2.7539
     117       2.7146
     118       2.9561
     119       2.8605
     120       3.0444
     121       2.8980
     122       2.8925
     123       2.9823
     124       2.9541
     125       3.0104
     126       2.9423
     127       2.9409
     128       2.9224
     129       2.7121
     130       2.8493
     131       2.9934
     132       2.9527
     133       2.8435
     134       2.9375
     135       2.9907
     136       2.9994
     137       2.9571
     138       2.9022
     139       2.9752
     140       2.9504
     141       2.8518
     142       2.7325
     143       2.8738
     144       2.9255
     145       2.8537
     146       2.8425
     147       2.6776
     148       2.8144
     149       2.9797
     150       3.0153
     151       3.0402
     152       2.9808
     153       3.1432
     154       3.0666
     155       3.0866
     156       2.8991
     157       3.1455
     158       3.1034
     159       3.0341
     160       3.0913
     161       3.1697
     162       3.1836
     163       3.0660
     164       2.9979
     165       2.9922
     166       2.9241
     167       2.8814
     168       2.7175
     169       2.9602
     170       3.1511
     171       3.0436
     172       3.0338
     173       2.9703
     174       3.0631
     175       2.9573
     176       3.2240
     177       2.9506
     178       3.0520
     179       3.0431
     180       2.9643
     181       2.9497
     182       2.9164
     183       2.8223
     184       2.7374
     185       2.8254
     186       2.8893
     187       3.0153
     188       2.9954
     189       3.0116
     190       2.8311
     191       2.9109
     192       3.0142
     193       2.9735
     194       2.9080
     195       2.9802
     196       2.8943
     197       2.9127
     198       2.9278
     199       3.0124
     200       3.0084
     201       2.8592
     202       2.9732
     203       2.8500
     204       2.9891
     205       3.0800
     206       2.8964
     207       3.0159
     208       2.9483
     209       2.9732
     210       2.9660
     211       2.8841
     212       3.0287
     213       3.1124
     214       3.1788
     215       3.1380
     216       3.1764
     217       3.1989
     218       3.1192
     219       3.1992
     220       3.2277
     221       3.1072
     222       3.1769
     223       3.1054
     224       3.1240
     225       3.0513
     226       3.0522
     227       3.0549
     228       3.1214
     229       3.1607
     230       3.1028
     231       3.1697
     232       3.0965
     233       3.1268
     234       3.1898
     235       3.1255
     236       3.1191
     237       3.1228
     238       3.1354
     239       3.1295
     240       3.1148
     241       2.9707
     242       3.0101
     243       3.0731
     244       2.9700
     245       3.0120
     246       3.1079
     247       2.9080
     248       3.0799
     249       3.1117
     250       2.9352
     251       3.1577
     252       3.1627
     253       2.9864
     254       3.0741
     255       3.0072
     256       2.9694
     257       3.1094
     258       2.7610
     259       2.9233
     260       2.8918
     261       2.9079
     262       2.8618
     263       2.8060
     264       2.6890
     265       2.6187
     266       2.4956
     267       2.6085
     268       2.5328
     269       2.5201
     270       2.5374
     271       2.7505
     272       2.5829
     273       2.7126
     274       2.7178
     275       2.5903
     276       2.6559
     277       2.7070
     278       2.9034
     279       2.7596
     280       2.7810
     281       2.8019
     282       2.8486
     283       2.7702
     284       2.8741
     285       2.8306
     286       2.6433
     287       2.7252
     288       2.8319
     289       2.7330
     290       2.8715
     291       2.8260
     292       2.8520
     293       3.0078
     294       2.9872
     295       2.9390
     296       2.8489
     297       2.8201
     298       2.9333
     299       3.0120
     300       2.7881
     301       2.9281
     302       2.9071
     303       2.8531
     304       2.8506
     305       2.9529
     306       3.0356
     307       2.9187
     308       2.7347
     309       2.6948
     310       2.7013
     311       2.7855
     312       2.8824
     313       2.7013
     314       2.7676
     315       2.8179
     316       2.8359
     317       2.8665
     318       2.8171
     319       2.8182
     320       2.8012
     321       2.8840
     322       2.8711
     323       2.7372
     324       2.8671
     325       2.8304
     326       2.7198
     327       2.7816
     328       2.8367
     329       2.6319
     330       2.7129
     331       2.7204
     332       2.8851
     333       2.8288
     334       2.7535
     335       2.8423
     336       2.8957
     337       2.7888
     338       2.7969
     339       2.8704
     340       2.7809
     341       2.8535
     342       2.9027
     343       2.7550
     344       2.8010
     345       2.7630
     346       2.8328
     347       3.0002
     348       2.9037
     349       2.8669
     350       2.9540
     351       2.9465
     352       3.0741
     353       2.9157
     354       2.9288
     355       2.9986
     356       3.0972
     357       3.0397
     358       3.0389
     359       3.0545
     360       3.0775
     361       3.0789
     362       3.0026
     363       3.1319
     364       2.8401
     365       3.0974
     366       2.9946
     367       2.9410
     368       2.8471
     369       2.9668
     370       2.8339
     371       2.8488
     372       2.9699
     373       2.7586
     374       2.7240
     375       2.7471
     376       2.7490
     377       2.6115
     378       2.8849
     379       2.7503
     380       2.7655
     381       2.7397
     382       2.8143
     383       2.7664
     384       3.0962
     385       2.9324
     386       2.7318
     387       2.7147
     388       2.7401
     389       2.7520
     390       2.9381
     391       2.9794
     392       2.8812
     393       2.7447
     394       2.8110
     395       2.6927
     396       2.8322
     397       2.7595
     398       2.7974
     399       2.6102
     400       2.8217
     401       2.7997
     402       2.7908
     403       2.8977
     404       2.8712
     405       2.8612
     406       2.8718
     407       2.8553
     408       2.8997
     409       2.7487
     410       2.9519
     411       3.0564
     412       2.9461
     413       3.0464
     414       3.0719
     415       3.1481
     416       3.2527
     417       3.3066
     418       3.4516
     419       3.4022
     420       3.4791
     421       3.3205
     422       3.3669
     423       3.4110
     424       3.3876
     425       3.3055
     426       3.3706
     427       3.3464
     428       3.3753
     429       3.3567
     430       3.3594
     431       3.5018
     432       3.3767
     433       3.3303
     434       3.2521
     435       3.3040
     436       3.3320
     437       3.3912
     438       3.2502
     439       3.3848
     440       3.4668
     441       3.4235
     442       3.4584
     443       3.5138
     444       3.3548
     445       3.4192
     446       3.3535
     447       3.3786
     448       3.5324
     449       3.3702
     450       3.2012
     451       3.2551
     452       3.2002
     453       3.2106
     454       3.1502
     455       3.2437
     456       3.2204
     457       3.1101
     458       3.1511
     459       3.2943
     460       3.1442
     461       3.2685
     462       3.4006
     463       3.3074
     464       3.3210
     465       3.2547
     466       3.2064
     467       3.0329
     468       3.1734
     469       3.2225
     470       3.4142
     471       3.1819
     472       3.3558
     473       3.5500
     474       3.5461
     475       3.6742
     476       3.6123
     477       3.6576
     478       3.6012
     479       3.7188
     480       3.6198
     481       3.5641
     482       3.5644
     483       3.5707
     484       3.5065
     485       3.6086
     486       3.4873
     487       3.4676
     488       3.4645
     489       3.5219
     490       3.4502
     491       3.5367
     492       3.4527
     493       3.3970
     494       3.3783
     495       3.4584
     496       3.4969
     497       3.3612
     498       3.4066
     499       3.4069
     500       3.4060
     501       3.3250
     502       3.4041
     503       3.4261
     504       3.3644
     505       3.4821
     506       3.4304
     507       3.5122
     508       3.5413
     509       3.4843
     510       3.4421
     511       3.3682
     512       3.4168
     513       3.3819
     514       3.5348
     515       3.4148
     516       3.4352
     517       3.5336
     518       3.4643
     519       3.3640
     520       3.5333
     521       3.4283
     522       3.5373
     523       3.4621
     524       3.3877
     525       3.3846
     526       3.4040
     527       3.4324
     528       3.5904
     529       3.5582
     530       3.3936
     531       3.4956
     532       3.5199
     533       3.4546
     534       3.4933
     535       3.5535
     536       3.5723
     537       3.4466
     538       3.4672
     539       3.3603
     540       3.4764
     541       3.3703
     542       3.5808
     543       3.5852
     544       3.5116
     545       3.4802
     546       3.4798
     547       3.5264
     548       3.5750
     549       3.5441
     550       3.6789
     551       3.9030
     552       3.5620
     553       3.5438
     554       3.4478
     555       3.5103
     556       3.4715
     557       3.5348
     558       3.3821
     559       3.4241
     560       3.5186
     561       3.4210
     562       3.4121
     563       3.3913
     564       3.5491
     565       3.5638
     566       3.5221
     567       3.7148
     568       3.6894
     569       3.5390
     570       3.5701
     571       3.7129
     572       3.5381
     573       3.6526
     574       3.7282
     575       3.6712
     576       3.6569
     577       3.5956
     578       3.6301
     579       3.7151
     580       3.7289
     581       3.6302
     582       3.5925
     583       3.4858
     584       3.5998
     585       3.6086
     586       3.4819
     587       3.5992
     588       3.5392
     589       3.4847
     590       3.5761
     591       3.5719
     592       3.5468
     593       3.5886
     594       3.5367
     595       3.5484
     596       3.5819
     597       3.5983
     598       3.6139
     599       3.5750
     600       3.6476
     601       3.6965
     602       3.6555
     603       3.7303
     604       3.6091
     605       3.6131
     606       3.5834
     607       3.5771
     608       3.5499
     609       3.5145
     610       3.4386
     611       3.5223
     612       3.4429
     613       3.5897
     614       3.5721
     615       3.3222
     616       3.5827
     617       3.5984
     618       3.4423
     619       3.4431
     620       3.6690
     621       3.6002
     622       3.3793
     623       3.5423
     624       3.4729
     625       3.6223
     626       3.5000
     627       3.5408
     628       3.4039
     629       3.5243
     630       3.3787
     631       3.4750
     632       3.4458
     633       3.5397
     634       3.4977
     635       3.4909
     636       3.4513
     637       3.4833
     638       3.5279
     639       3.5378
     640       3.5036
     641       3.5259
     642       3.6179
     643       3.4651
     644       3.5314
     645       3.5773
     646       3.4862
     647       3.5401
     648       3.5108
     649       3.5368
     650       3.4043
     651       3.5482
     652       3.5468
     653       3.5893
     654       3.6456
     655       3.6077
     656       3.4811
     657       3.5528
     658       3.4472
     659       3.6055
     660       3.6848
     661       3.5387
     662       3.4296
     663       3.6208
     664       3.5452
     665       3.6723
     666       3.4642
     667       3.5539
     668       3.6052
     669       3.5987
     670       3.5654
     671       3.5548
     672       3.5544
     673       3.6064
     674       3.5234
     675       3.5140
     676       3.6143
     677       3.5791
     678       3.6272
     679       3.7470
     680       3.6979
     681       3.7057
     682       3.7087
     683       3.7708
     684       3.8271
     685       3.7927
     686       3.7030
     687       3.5293
     688       3.5503
     689       3.5306
     690       3.4769
     691       3.5486
     692       3.5573
     693       3.5185
     694       3.6000
     695       3.7059
     696       3.5191
     697       3.7792
     698       3.5950
     699       3.7189
     700       3.5645
     701       3.6407
     702       3.6702
     703       3.6217
     704       3.7065
     705       3.4882
     706       3.6065
     707       3.5232
     708       3.5855
     709       3.8218
     710       3.7295
     711       3.6838
     712       3.6139
     713       3.6583
     714       3.5829
     715       3.7201
     716       3.5453
     717       3.6967
     718       3.6099
     719       3.6017
     720       3.6315
     721       3.7070
     722       3.7413
     723       3.7201
     724       3.7170
     725       3.5830
     726       3.5765
     727       3.5259
     728       3.5850
     729       3.6163
     730       3.5974
     731       3.6430
     732       3.5146
     733       3.5619
     734       3.6026
     735       3.5235
     736       3.5970
     737       3.6466
     738       3.5853
     739       3.4928
     740       3.6650
     741       3.6722
     742       3.5624
     743       3.5130
     744       3.6253
     745       3.8306
     746       3.6623
     747       3.7097
     748       3.7711
     749       3.5968
     750       3.6414
     751       3.6070
     752       3.5888
     753       3.7254
     754       3.7056
     755       3.6149
     756       3.5848
     757       3.6682
     758       3.7329
     759       3.5979
     760       3.6791
     761       3.6657
     762       3.7053
     763       3.4820
     764       3.7133
     765       3.6600
     766       3.6244
     767       3.6445
     768       3.5741
     769       3.5209
     770       3.5511
     771       3.6744
     772       3.5203
     773       3.5542
     774       3.6191
     775       3.5358
     776       3.6199
     777       3.5915
     778       3.5377
     779       3.7036
     780       3.6702
     781       3.6990
     782       3.7264
     783       3.7457
     784       3.8242
     785       3.8286
     786       3.6734
     787       3.7628
     788       3.7769
     789       3.6948
     790       3.6223
     791       3.6038
     792       3.6259
     793       3.6112
     794       3.6315
     795       3.6347
     796       3.6774
     797       3.5925
     798       3.6269
     799       3.6587
     800       3.6112
     801       3.6379
     802       3.7881
     803       3.6449
     804       3.6728
     805       3.6356
     806       3.6686
     807       3.7075
     808       3.6849
     809       3.6055
     810       3.7057
     811       3.6217
     812       3.6219
     813       3.6010
     814       3.6599
     815       3.6247
     816       3.6402
     817       3.5991
     818       3.7320
     819       3.6571
     820       3.6356
     821       3.6561
     822       3.6178
     823       3.7575
     824       3.6477
     825       3.7682
     826       3.6941
     827       3.7008
     828       3.6875
     829       3.6600
     830       3.6717
     831       3.7190
     832       3.6431
     833       3.7635
     834       3.7195
     835       3.7401
     836       3.6067
     837       3.6371
     838       3.6304
     839       3.6010
     840       3.7344
     841       3.6478
     842       3.7203
     843       3.8229
     844       3.7372
     845       3.8003
     846       3.7692
     847       3.6208
     848       3.7148
     849       3.6928
     850       3.7220
     851       3.7566
     852       3.7671
     853       3.8004
     854       3.8245
     855       3.5866
     856       3.8455
     857       3.6230
     858       3.6975
     859       3.6605
     860       3.7509
     861       3.7863
     862       3.7253
     863       3.7285
     864       3.8029
     865       3.6329
     866       3.8048
     867       3.8130
     868       3.7499
     869       3.5829
     870       3.7432
     871       3.8197
     872       3.9068
     873       3.7006
     874       3.7564
     875       3.7878
     876       3.8450
     877       3.7077
     878       3.6691
     879       3.7568
     880       3.8182
     881       3.8106
     882       3.7538
     883       3.8040
     884       3.8759
     885       3.7604
     886       3.7499
     887       3.8416
     888       3.7716
     889       3.6953
     890       3.7825
     891       3.7900
     892       3.7764
     893       3.7776
     894       3.8352
     895       3.7932
     896       3.7158
     897       3.8432
     898       3.8148
     899       3.7993
     900       3.7725
     901       3.8459
     902       3.6684
     903       3.7408
     904       3.7700
     905       3.8798
     906       3.7254
     907       3.7851
     908       3.8893
     909       3.6907
     910       3.6697
     911       3.8618
     912       3.6972
     913       3.6413
     914       3.7808
     915       3.5468
     916       3.6972
     917       3.6505
     918       3.6870
     919       3.7965
     920       3.6834
     921       3.5126
     922       3.5751
     923       3.6075
     924       3.4787
     925       3.4978
     926       3.5270
     927       3.5919
     928       3.5821
     929       3.6193
     930       3.6774
     931       3.5693
     932       3.5643
     933       3.6124
     934       3.6008
     935       3.5227
     936       3.5014
     937       3.5485
     938       3.4061
     939       3.5244
     940       3.4338
     941       3.5513
     942       3.4839
     943       3.4042
     944       3.4487
     945       3.4113
     946       3.5110
     947       3.3664
     948       3.5267
     949       3.3477
     950       3.2413
     951       3.1095
     952       3.3119
     953       3.2709
     954       3.2855
     955       3.3626
     956       3.3957
     957       3.3361
     958       3.3075
     959       3.5300
     960       3.3561
     961       3.4267
     962       3.2741
     963       3.2207
     964       3.3282
     965       3.2680
     966       3.3919
     967       3.2723
     968       3.4722
     969       3.2504
     970       3.5271
     971       3.5140
     972       3.4018
     973       3.4159
     974       3.3475
     975       3.4716
     976       3.5146
     977       3.5042
     978       3.5407
     979       3.7548
     980       3.6476
     981       3.5469
     982       3.2792
     983       3.4286
     984       3.4030
     985       3.4326
     986       3.4213
     987       3.5835
     988       3.4861
     989       3.5652
     990       3.5710
     991       3.6305
     992       3.5822
     993       3.6018
     994       3.5189
     995       3.5580
     996       3.6401
     997       3.6349
     998       3.5746
     999       3.6663
    1000       3.5337
    1001       3.6555
    1002       3.7743
    1003       3.7549
    1004       3.8673
    1005       3.9402
    1006       3.9428
    1007       4.0011
    1008       3.9187
    1009       4.0108
    1010       3.9017
    1011       3.8875
    1012       3.7471
    1013       3.7971
    1014       3.9230
    1015       3.8426
    1016       3.7989
    1017       3.6523
    1018       3.7854
    1019       3.6241
    1020       3.6583
    1021       3.6746
    1022       3.5842
    1023       3.5243
    1024       3.5998
    1025       3.5558
    1026       3.5635
    1027       3.6184
    1028       3.6279
    1029       3.6406
    1030       3.4937
    1031       3.6374
    1032       3.6635
    1033       3.8182
    1034       3.7720
    1035       3.7717
    1036       3.9728
    1037       3.8459
    1038       3.8708
    1039       3.8136
    1040       3.8071
    1041       3.6780
    1042       3.7132
    1043       3.7543
    1044       3.7703
    1045       3.6871
    1046       3.8174
    1047       3.8798
    1048       3.7638
    1049       3.7404
    1050       3.7112
    1051       3.8259
    1052       3.7826
    1053       3.8027
    1054       3.8261
    1055       3.8883
    1056       3.8161
    1057       3.6209
    1058       3.8335
    1059       3.7479
    1060       3.7314
    1061       3.7882
    1062       3.7917
    1063       3.8088
    1064       3.7667
    1065       3.7671
    1066       3.6595
    1067       3.6791
    1068       3.6394
    1069       3.6609
    1070       3.6512
    1071       3.6570
    1072       3.6814
    1073       3.7157
    1074       3.8632
    1075       3.8438
    1076       3.8627
    1077       3.7823
    1078       3.8636
    1079       3.7433
    1080       3.7143
    1081       3.6101
    1082       3.6541
    1083       3.6604
    1084       3.7293
    1085       3.7147
    1086       3.6905
    1087       3.7948
    1088       3.7933
    1089       3.8134
    1090       3.6986
    1091       3.6743
    1092       3.5231
    1093       3.7354
    1094       3.6753
    1095       3.6894
    1096       3.6875
    1097       3.7642
    1098       3.7571
    1099       3.7449
    1100       3.7882
    1101       3.7981
    1102       3.6039
    1103       3.8098
    1104       3.6726
    1105       3.7457
    1106       3.6970
    1107       3.5835
    1108       3.8010
    1109       3.8075
    1110       3.8044
    1111       3.7874
    1112       3.7785
    1113       3.8671
    1114       3.8709
    1115       3.9361
    1116       3.8761
    1117       3.9781
    1118       3.9193
    1119       3.7891
    1120       3.8543
    1121       3.7301
    1122       3.8022
    1123       3.7720
    1124       3.7991
    1125       3.7084
    1126       3.7266
    1127       3.8233
    1128       3.8347
    1129       3.6898
    1130       3.7351
    1131       3.6869
    1132       3.6768
    1133       3.6900
    1134       3.6464
    1135       3.7270
    1136       3.7007
    1137       3.6901
    1138       3.5806
    1139       3.6474
    1140       3.6844
    1141       3.4844
    1142       3.5828
    1143       3.6744
    1144       3.6506
    1145       3.5178
    1146       3.5861
    1147       3.6284
    1148       3.5819
    1149       3.4900
    1150       3.3662
    1151       3.4687
    1152       3.2260
    1153       3.3015
    1154       3.3973
    1155       3.4494
    1156       3.3903
    1157       3.4239
    1158       3.5197
    1159       3.5095
    1160       3.5177
    1161       3.5323
    1162       3.4958
    1163       3.4524
    1164       3.4608
    1165       3.4329
    1166       3.3626
    1167       3.4290
    1168       3.4052
    1169       3.3819
    1170       3.3973
    1171       3.3963
    1172       3.4821
    1173       3.5428
    1174       3.2725
    1175       3.4526
    1176       3.7002
    1177       3.5351
    1178       3.3614
    1179       3.4987
    1180       3.4829
    1181       3.4847
    1182       3.5244
    1183       3.5368
    1184       3.4445
    1185       3.4095
    1186       3.4028
    1187       3.3451
    1188       3.3817
    1189       3.5440
    1190       3.4439
    1191       3.3573
    1192       3.4385
    1193       3.4334
    1194       3.4504
    1195       3.5939
    1196       3.6902
    1197       3.6079
    1198       3.4940
    1199       3.5477
    1200       3.5596
    1201       3.4916
    1202       3.5457
    1203       3.4521
    1204       3.3673
    1205       3.5020
    1206       3.5487
    1207       3.3850
    1208       3.4012
    1209       3.4198
    1210       3.3124
    1211       3.4088
    1212       3.3852
    1213       3.3730
    1214       3.3940
    1215       3.3983
    1216       3.4713
    1217       3.5297
    1218       3.4717
    1219       3.4492
    1220       3.5399
    1221       3.3808
    1222       3.4633
    1223       3.4638
    1224       3.4123
    1225       3.4575
    1226       3.4407
    1227       3.3925
    1228       3.5020
    1229       3.3266
    1230       3.4275
    1231       3.4014
    1232       3.4317
    1233       3.4610
    1234       3.4135
    1235       3.4410
    1236       3.4701
    1237       3.3824
    1238       3.4125
    1239       3.3809
    1240       3.3024
    1241       3.3757
    1242       3.4525
    1243       3.4394
    1244       3.3883
    1245       3.5392
    1246       3.5269
    1247       3.5380
    1248       3.6160
    1249       3.5810
    1250       3.5524
    1251       3.4915
    1252       3.4342
    1253       3.4190
    1254       3.5569
    1255       3.4727
    1256       3.5876
    1257       3.4125
    1258       3.4644
    1259       3.6029
    1260       3.5043
    1261       3.4811
    1262       3.4745
    1263       3.4026
    1264       3.4985
    1265       3.4903
    1266       3.3962
    1267       3.5767
    1268       3.5034
    1269       3.3328
    1270       3.3670
    1271       3.2698
    1272       3.4754
    1273       3.4115
    1274       3.4002
    1275       3.4000
    1276       3.5062
    1277       3.5002
    1278       3.4229
    1279       3.3424
    1280       3.4390
    1281       3.4019
    1282       3.5204
    1283       3.6024
    1284       3.4781
    1285       3.4791
    1286       3.4205
    1287       3.3658
    1288       3.4505
    1289       3.4265
    1290       3.4753
    1291       3.4608
    1292       3.5092
    1293       3.5260
    1294       3.5033
    1295       3.4877
    1296       3.4527
    1297       3.4679
    1298       3.4699
    1299       3.4071
    1300       3.5288
    1301       3.4962
    1302       3.5012
    1303       3.5047
    1304       3.5009
    1305       3.4684
    1306       3.5508
    1307       3.5600
    1308       3.5522
    1309       3.5778
    1310       3.7650
    1311       3.5526
    1312       3.6003
    1313       3.5575
    1314       3.7299
    1315       3.6065
    1316       3.5282
    1317       3.6168
    1318       3.6028
    1319       3.5834
    1320       3.6414
    1321       3.6039
    1322       3.6127
    1323       3.4688
    1324       3.5568
    1325       3.4869
    1326       3.5713
    1327       3.6145
    1328       3.5244
    1329       3.5759
    1330       3.6188
    1331       3.7097
    1332       3.6844
    1333       3.5580
    1334       3.6379
    1335       3.6430
    1336       3.6696
    1337       3.6007
    1338       3.6581
    1339       3.6622
    1340       3.5550
    1341       3.6980
    1342       3.6918
    1343       3.6325
    1344       3.6479
    1345       3.6758
    1346       3.5859
    1347       3.6370
    1348       3.5925
    1349       3.5896
    1350       3.5932
    1351       3.6213
    1352       3.6259
    1353       3.6063
    1354       3.6742
    1355       3.7679
    1356       3.7594
    1357       3.5755
    1358       3.5970
    1359       3.7899
    1360       3.6260
    1361       3.6377
    1362       3.7616
    1363       3.6805
    1364       3.8017
    1365       3.6843
    1366       3.6679
    1367       3.7356
    1368       3.6642
    1369       3.6828
    1370       3.6124
    1371       3.6325
    1372       3.6291
    1373       3.7265
    1374       3.7168
    1375       3.7677
    1376       3.7946
    1377       3.6933
    1378       3.7023
    1379       3.7687
    1380       3.6991
    1381       3.7226
    1382       3.6996
    1383       3.5893
    1384       3.7411
    1385       3.6911
    1386       3.6473
    1387       3.6922
    1388       3.7436
    1389       3.5810
    1390       3.5070
    1391       3.5735
    1392       3.5504
    1393       3.5216
    1394       3.6019
    1395       3.5512
    1396       3.6303
    1397       3.6866
    1398       3.6616
    1399       3.6396
    1400       3.5730
    1401       3.6783
    1402       3.6808
    1403       3.6360
    1404       3.5913
    1405       3.7063
    1406       3.5776
    1407       3.6211
    1408       3.5864
    1409       3.6132
    1410       3.5928
    1411       3.6204
    1412       3.6626
    1413       3.6135
    1414       3.6801
    1415       3.6477
    1416       3.5907
    1417       3.7139
    1418       3.5613
    1419       3.5501
    1420       3.5844
    1421       3.5966
    1422       3.5772
    1423       3.5563
    1424       3.6613
    1425       3.5503
    1426       3.6382
    1427       3.6948
    1428       3.8190
    1429       3.7940
    1430       3.8165
    1431       3.7174
    1432       3.7457
    1433       3.6522
    1434       3.6769
    1435       3.6782
    1436       3.6705
    1437       3.6540
    1438       3.6734
    1439       3.5641
    1440       3.6540
    1441       3.6839
    1442       3.4791
    1443       3.5382
    1444       3.7182
    1445       3.6166
    1446       3.6204
    1447       3.7091
    1448       3.6954
    1449       3.6515
    1450       3.6735
    1451       3.6946
    1452       3.7069
    1453       3.6858
    1454       3.5529
    1455       3.8252
    1456       3.6539
    1457       3.6753
    1458       3.7984
    1459       3.8162
    1460       3.8515
    1461       3.6076
    1462       3.8192
    1463       3.7117
    1464       3.7257
    1465       3.7590
    1466       3.7026
    1467       3.6778
    1468       3.6697
    1469       3.5716
    1470       3.5655
    1471       3.6946
    1472       3.7719
    1473       3.7657
    1474       3.8332
    1475       3.8441
    1476       3.7777
    1477       3.7553
    1478       3.6960
    1479       3.8703
    1480       3.7006
    1481       3.6243
    1482       3.9665
    1483       3.7753
    1484       3.7633
    1485       3.6812
    1486       3.6685
    1487       3.7237
    1488       3.7322
    1489       3.6469
    1490       3.7689
    1491       3.6556
    1492       3.6139
    1493       3.7687
    1494       3.6291
    1495       3.6645
    1496       3.7046
    1497       3.6708
    1498       3.6426
    1499       3.7394
    1500       3.7760
    1501       3.8117
    1502       3.5380
    1503       3.9185
    1504       3.9016
    1505       3.8601
    1506       3.8063
    1507       3.7030
    1508       3.7975
    1509       3.7595
    1510       3.6120
    1511       3.6785
    1512       3.7408
    1513       3.8165
    1514       3.7507
    1515       3.8381
    1516       3.7410
    1517       3.8147
    1518       3.8847
    1519       3.8285
    1520       3.7898
    1521       3.8695
    1522       3.7697
    1523       3.8576
    1524       3.7568
    1525       3.8654
    1526       3.8020
    1527       3.7974
    1528       3.8484
    1529       3.7970
    1530       3.7468
    1531       3.8676
    1532       3.8748
    1533       3.8712
    1534       3.8988
    1535       3.8241
    1536       3.9018
    1537       3.9483
    1538       3.7558
    1539       4.0161
    1540       3.7682
    1541       3.7761
    1542       3.8578
    1543       3.8479
    1544       3.7682
    1545       3.7599
    1546       3.7680
    1547       3.8229
    1548       3.7318
    1549       3.7664
    1550       3.7753
    1551       3.7846
    1552       3.7899
    1553       3.6860
    1554       3.8967
    1555       3.7146
    1556       3.6897
    1557       3.6895
    1558       3.6531
    1559       3.6989
    1560       3.7322
    1561       3.6603
    1562       3.6146
    1563       3.5947
    1564       3.7677
    1565       3.7206
    1566       3.7792
    1567       3.7968
    1568       3.7949
    1569       3.7385
    1570       3.6961
    1571       3.7378
    1572       3.6493
    1573       3.7962
    1574       3.6844
    1575       3.7365
    1576       3.7470
    1577       3.6781
    1578       3.8307
    1579       3.8935
    1580       3.7612
    1581       3.8651
    1582       3.8453
    1583       3.8802
    1584       3.6756
    1585       3.8135
    1586       3.7590
    1587       3.7232
    1588       3.8310
    1589       3.8323
    1590       3.8616
    1591       3.7696
    1592       3.7876
    1593       3.7524
    1594       3.7821
    1595       3.7026
    1596       3.8062
    1597       3.6835
    1598       3.7191
    1599       3.7707
    1600       3.7595
    1601       3.7283
    1602       3.7861
    1603       3.7627
    1604       3.7140
    1605       3.7974
    1606       3.9452
    1607       3.9111
    1608       3.8486
    1609       3.8888
    1610       3.9405
    1611       3.8594
    1612       3.7528
    1613       3.6560
    1614       3.7612
    1615       3.7388
    1616       3.8455
    1617       3.8232
    1618       3.7638
    1619       3.6834
    1620       3.6975
    1621       3.6914
    1622       3.7026
    1623       3.5969
    1624       3.5973
    1625       3.7036
    1626       3.7665
    1627       3.5673
    1628       3.7421
    1629       3.7823
    1630       3.6601
    1631       3.7058
    1632       3.8201
    1633       3.8256
    1634       3.7204
    1635       3.6650
    1636       3.7736
    1637       3.8734
    1638       3.6739
    1639       3.6150
    1640       3.6470
    1641       3.7210
    1642       3.6130
    1643       3.6625
    1644       3.6045
    1645       3.7506
    1646       3.7359
    1647       3.6954
    1648       3.7170
    1649       3.6531
    1650       3.7344
    1651       3.6615
    1652       3.6175
    1653       3.6729
    1654       3.7263
    1655       3.6430
    1656       3.6733
    1657       3.6431
    1658       3.6216
    1659       3.5683
    1660       3.6670
    1661       3.7190
    1662       3.6216
    1663       3.6525
    1664       3.6438
    1665       3.6941
    1666       3.7070
    1667       3.6887
    1668       3.6867
    1669       3.6283
    1670       3.6943
    1671       3.7387
    1672       3.6606
    1673       3.7019
    1674       3.6114
    1675       3.6701
    1676       3.7833
    1677       3.7621
    1678       3.6592
    1679       3.5866
    1680       3.7853
    1681       3.6702
    1682       3.7163
    1683       3.7178
    1684       3.7430
    1685       3.6078
    1686       3.7064
    1687       3.6902
    1688       3.5810
    1689       3.6991
    1690       3.5494
    1691       3.4985
    1692       3.6579
    1693       3.6552
    1694       3.6156
    1695       3.6243
    1696       3.5213
    1697       3.6437
    1698       3.5771
    1699       3.5107
    1700       3.5605
    1701       3.5513
    1702       3.5654
    1703       3.5574
    1704       3.5449
    1705       3.5007
    1706       3.6085
    1707       3.5646
    1708       3.5357
    1709       3.5543
    1710       3.6294
    1711       3.5184
    1712       3.5705
    1713       3.6341
    1714       3.5721
    1715       3.6839
    1716       3.6727
    1717       3.7195
    1718       3.7148
    1719       3.8374
    1720       3.8045
    1721       3.8631
    1722       3.9261
    1723       4.0568
    1724       3.9636
    1725       3.8578
    1726       3.9145
    1727       3.7994
    1728       3.7979
    1729       3.9045
    1730       3.8106
    1731       3.7936
    1732       3.7761
    1733       3.9175
    1734       3.8202
    1735       3.6758
    1736       3.7006
    1737       3.6844
    1738       3.6546
    1739       3.6456
    1740       3.6764
    1741       3.7851
    1742       3.8377
    1743       3.6714
    1744       3.7768
    1745       3.7487
    1746       3.8232
    1747       3.7610
    1748       3.7813
    1749       3.8289
    1750       3.7794
    1751       3.6968
    1752       3.7369
    1753       3.7485
    1754       3.7379
    1755       3.6315
    1756       3.6122
    1757       3.7751
    1758       3.7194
    1759       3.6857
    1760       3.6427
    1761       3.6535
    1762       3.6456
    1763       3.6160
    1764       3.5743
    1765       3.5743
    1766       3.6382
    1767       3.5827
    1768       3.6111
    1769       3.5205
    1770       3.5732
    1771       3.5272
    1772       3.4546
    1773       3.5418
    1774       3.6182
    1775       3.5371
    1776       3.5567
    1777       3.6101
    1778       3.6537
    1779       3.5676
    1780       3.6255
    1781       3.6481
    1782       3.6582
    1783       3.6542
    1784       3.6501
    1785       3.5938
    1786       3.6315
    1787       3.6956
    1788       3.5543
    1789       3.5161
    1790       3.6484
    1791       3.6282
    1792       3.6311
    1793       3.5846
    1794       3.5881
    1795       3.5820
    1796       3.6350
    1797       3.5815
    1798       3.6663
    1799       3.7011
    1800       3.6069
    1801       3.5210
    1802       3.6092
    1803       3.6467
    1804       3.5838
    1805       3.6309
    1806       3.5633
    1807       3.5257
    1808       3.6567
    1809       3.6079
    1810       3.4998
    1811       3.5613
    1812       3.6404
    1813       3.7363
    1814       3.7635
    1815       3.7135
    1816       3.6753
    1817       3.6023
    1818       3.6477
    1819       3.7274
    1820       3.5785
    1821       3.7162
    1822       3.6722
    1823       3.8073
    1824       3.7464
    1825       3.7307
    1826       3.6714
    1827       3.7263
    1828       3.7205
    1829       3.8156
    1830       3.7257
    1831       3.5823
    1832       3.6892
    1833       3.6987
    1834       3.7380
    1835       3.7434
    1836       3.7262
    1837       3.7914
    1838       3.8206
    1839       3.8122
    1840       3.9034
    1841       3.7780
    1842       3.8011
    1843       3.7818
    1844       3.7479
    1845       3.7801
    1846       3.8085
    1847       3.8475
    1848       3.8071
    1849       3.7630
    1850       3.7410
    1851       3.7717
    1852       3.6666
    1853       3.7102
    1854       3.7525
    1855       3.7247
    1856       3.7174
    1857       3.6358
    1858       3.7386
    1859       3.6232
    1860       3.6976
    1861       3.6416
    1862       3.6748
    1863       3.6368
    1864       3.6472
    1865       3.6604
    1866       3.6210
    1867       3.6256
    1868       3.6357
    1869       3.5954
    1870       3.6819
    1871       3.5742
    1872       3.6922
    1873       3.7516
    1874       3.6699
    1875       3.6955
    1876       3.7422
    1877       3.6335
    1878       3.5874
    1879       3.6066
    1880       3.6266
    1881       3.6277
    1882       3.6762
    1883       3.5882
    1884       3.6495
    1885       3.5671
    1886       3.6228
    1887       3.7114
    1888       3.6248
    1889       3.7150
    1890       3.7862
    1891       3.6620
    1892       3.6829
    1893       3.8027
    1894       3.8612
    1895       3.7076
    1896       3.6916
    1897       3.7324
    1898       3.6695
    1899       3.6693
    1900       3.7172
    1901       3.5830
    1902       3.5955
    1903       3.5897
    1904       3.6508
    1905       3.6406
    1906       3.6607
    1907       3.5718
    1908       3.6396
    1909       3.6605
    1910       3.6773
    1911       3.6341
    1912       3.6263
    1913       3.6674
    1914       3.6959
    1915       3.5541
    1916       3.5825
    1917       3.7214
    1918       3.7768
    1919       3.6752
    1920       3.6287
    1921       3.6272
    1922       3.5353
    1923       3.6893
    1924       3.5785
    1925       3.6440
    1926       3.7731
    1927       3.7319
    1928       3.7259
    1929       3.8019
    1930       3.8376
    1931       3.7774
    1932       3.7512
    1933       3.7063
    1934       3.7806
    1935       3.6927
    1936       3.6413
    1937       3.6624
    1938       3.7410
    1939       3.8230
    1940       3.8144
    1941       3.6928
    1942       3.6484
    1943       3.7294
    1944       3.6580
    1945       3.6481
    1946       3.6509
    1947       3.6848
    1948       3.6668
    1949       3.7095
    1950       3.6885
    1951       3.6840
    1952       3.6333
    1953       3.6978
    1954       3.7116
    1955       3.6607
    1956       3.6487
    1957       3.7346
    1958       3.6864
    1959       3.6935
    1960       3.5974
    1961       3.7229
    1962       3.6889
    1963       3.7464
    1964       3.6884
    1965       3.7384
    1966       3.6799
    1967       3.7174
    1968       3.8081
    1969       3.6767
    1970       3.6940
    1971       3.6994
    1972       3.7448
    1973       3.5816
    1974       3.6563
    1975       3.6719
    1976       3.7291
    1977       3.6464
    1978       3.6033
    1979       3.5998
    1980       3.6006
    1981       3.5954
    1982       3.6099
    1983       3.6388
    1984       3.6594
    1985       3.6416
    1986       3.7072
    1987       3.5178
    1988       3.5434
    1989       3.6122
    1990       3.5827
    1991       3.5500
    1992       3.6459
    1993       3.6553
    1994       3.6529
    1995       3.6279
    1996       3.6172
    1997       3.6537
    1998       3.5071
    1999       3.5945
    2000       3.6054
    2001       3.6465
    2002       3.7053
    2003       3.6225
    2004       3.6908
    2005       3.6623
    2006       3.6578
    2007       3.5465
    2008       3.4689
    2009       3.5096
    2010       3.5612
    2011       3.5451
    2012       3.5690
    2013       3.5807
    2014       3.5710
    2015       3.5305
    2016       3.6592
    2017       3.6233
    2018       3.6679
    2019       3.5835
    2020       3.5308
    2021       3.6319
    2022       3.6051
    2023       3.6791
    2024       3.5746
    2025       3.5952
    2026       3.4481
    2027       3.5795
    2028       3.6575
    2029       3.5728
    2030       3.4801
    2031       3.6012
    2032       3.4907
    2033       3.5830
    2034       3.6485
    2035       3.6298
    2036       3.6393
    2037       3.6416
    2038       3.5934
    2039       3.5462
    2040       3.6429
    2041       3.4426
    2042       3.5380
    2043       3.5398
    2044       3.4991
    2045       3.5677
    2046       3.6079
    2047       3.6013
    2048       3.5524
    2049       3.6465
    2050       3.6261
    2051       3.7343
    2052       3.5763
    2053       3.6449
    2054       3.6780
    2055       3.6418
    2056       3.8038
    2057       3.9113
    2058       3.7903
    2059       3.8858
    2060       3.7526
    2061       3.7566
    2062       3.6579
    2063       3.8133
    2064       3.7524
    2065       3.8228
    2066       3.8040
    2067       3.7412
    2068       3.8014
    2069       3.8364
    2070       3.7536
    2071       3.7620
    2072       3.8828
    2073       3.7882
    2074       3.8504
    2075       3.8822
    2076       3.6274
    2077       3.8760
    2078       3.7858
    2079       3.9072
    2080       3.7416
    2081       3.6781
    2082       3.8456
    2083       3.7742
    2084       3.8274
    2085       3.8480
    2086       3.7657
    2087       3.6217
    2088       3.7287
    2089       3.7478
    2090       3.7892
    2091       3.6792
    2092       3.7807
    2093       3.7872
    2094       3.7593
    2095       3.7291
    2096       3.7399
    2097       3.6226
    2098       3.6722
    2099       3.7894
    2100       3.8909
    2101       3.7902
    2102       3.8261
    2103       3.7371
    2104       3.7837
    2105       3.7041
    2106       3.6053
    2107       3.5951
    2108       3.6199
    2109       3.6359
    2110       3.7444
    2111       3.7079
    2112       3.6187
    2113       3.6699
    2114       3.5942
    2115       3.4892
    2116       3.4708
    2117       3.5310
    2118       3.6297
    2119       3.6386
    2120       3.4558
    2121       3.4999
    2122       3.5542
    2123       3.5072
    2124       3.6640
    2125       3.5624
    2126       3.5526
    2127       3.4899
    2128       3.6053
    2129       3.7556
    2130       3.7449
    2131       3.6139
    2132       3.6636
    2133       3.6108
    2134       3.5982
    2135       3.5175
    2136       3.7293
    2137       3.6293
    2138       3.4705
    2139       3.5243
    2140       3.5592
    2141       3.6553
    2142       3.7829
    2143       3.8597
    2144       3.8065
    2145       3.6990
    2146       3.7465
    2147       3.5805
    2148       3.7012
    2149       3.6779
    2150       3.7097
    2151       3.6749
    2152       3.6263
    2153       3.6963
    2154       3.7519
    2155       3.7668
    2156       3.7360
    2157       3.7143
    2158       3.6517
    2159       3.5528
    2160       3.6460
    2161       3.7760
    2162       3.5893
    2163       3.7067
    2164       3.5601
    2165       3.5344
    2166       3.7105
    2167       3.6478
    2168       3.5491
    2169       3.5578
    2170       3.6950
    2171       3.6668
    2172       3.6646
    2173       3.6185
    2174       3.6765
    2175       3.6694
    2176       3.7059
    2177       3.6294
    2178       3.6077
    2179       3.4701
    2180       3.7028
    2181       3.5344
    2182       3.7327
    2183       3.6859
    2184       3.5592
    2185       3.5863
    2186       3.5477
    2187       3.6368
    2188       3.5755
    2189       3.6239
    2190       3.6238
    2191       3.6189
    2192       3.6512
    2193       3.7201
    2194       3.6018
    2195       3.6296
    2196       3.8161
    2197       3.5607
    2198       3.6666
    2199       3.6243
    2200       3.6182
    2201       3.7186
    2202       3.6182
    2203       3.6330
    2204       3.5826
    2205       3.6137
    2206       3.5910
    2207       3.6949
    2208       3.5425
    2209       3.5602
    2210       3.6234
    2211       3.7053
    2212       3.6877
    2213       3.6770
    2214       3.7871
    2215       3.6764
    2216       3.7134
    2217       3.8506
    2218       3.6376
    2219       3.6976
    2220       3.6594
    2221       3.6708
    2222       3.6798
    2223       3.6867
    2224       3.7280
    2225       3.7322
    2226       3.7162
    2227       3.6886
    2228       3.7013
    2229       3.6877
    2230       3.7491
    2231       3.7658
    2232       3.8182
    2233       3.7562
    2234       3.8877
    2235       3.7314
    2236       3.7112
    2237       3.7015
    2238       3.6454
    2239       3.6098
    2240       3.7022
    2241       3.6777
    2242       3.7441
    2243       3.7511
    2244       3.7160
    2245       3.6703
    2246       3.7810
    2247       3.6884
    2248       3.7600
    2249       3.7184
    2250       3.7911
    2251       3.6662
    2252       3.8859
    2253       3.7289
    2254       3.7035
    2255       3.6991
    2256       3.7190
    2257       3.7249
    2258       3.7256
    2259       3.7694
    2260       3.7817
    2261       3.6638
    2262       3.6424
    2263       3.7971
    2264       3.7517
    2265       3.8780
    2266       3.7185
    2267       3.8042
    2268       3.7819
    2269       3.7348
    2270       3.7443
    2271       3.8241
    2272       3.6228
    2273       3.7793
    2274       3.7412
    2275       3.7272
    2276       3.6952
    2277       3.7478
    2278       3.7071
    2279       3.7271
    2280       3.7785
    2281       3.7989
    2282       3.7581
    2283       3.7115
    2284       3.7207
    2285       3.7675
    2286       3.8306
    2287       3.9134
    2288       3.8215
    2289       3.9085
    2290       3.9387
    2291       3.8586
    2292       3.7555
    2293       3.8302
    2294       3.7210
    2295       3.8380
    2296       3.7896
    2297       3.7331
    2298       3.7601
    2299       3.7160
    2300       3.7309
    2301       3.7783
    2302       3.8315
    2303       3.7924
    2304       3.7376
    2305       3.7285
    2306       3.8104
    2307       3.8508
    2308       3.7717
    2309       3.7277
    2310       3.7153
    2311       3.6775
    2312       3.6875
    2313       3.6243
    2314       3.6701
    2315       3.6612
    2316       3.6493
    2317       3.8258
    2318       3.6841
    2319       3.7162
    2320       3.6777
    2321       3.6360
    2322       3.7442
    2323       3.7263
    2324       3.6601
    2325       3.6364
    2326       3.8068
    2327       3.8408
    2328       3.7448
    2329       3.7552
    2330       3.8334
    2331       3.7791
    2332       3.8186
    2333       3.7229
    2334       3.7877
    2335       3.7658
    2336       3.7462
    2337       3.7903
    2338       3.7957
    2339       3.8306
    2340       3.8430
    2341       3.7414
    2342       3.7611
    2343       3.8613
    2344       3.8415
    2345       3.7012
    2346       3.8057
    2347       3.7738
    2348       3.7151
    2349       3.8424
    2350       3.7502
    2351       3.8354
    2352       3.7842
    2353       3.8403
    2354       3.8819
    2355       3.8840
    2356       3.8191
    2357       3.8139
    2358       3.7818
    2359       3.9135
    2360       3.7186
    2361       3.8696
    2362       3.8700
    2363       3.9393
    2364       3.9617
    2365       3.9719
    2366       3.9043
    2367       3.8336
    2368       3.8123
    2369       3.8715
    2370       3.9227
    2371       3.7960
    2372       3.7980
    2373       3.6979
    2374       3.6620
    2375       3.6267
    2376       3.7163
    2377       3.7503
    2378       3.8072
    2379       3.7014
    2380       3.7434
    2381       3.7337
    2382       3.6525
    2383       3.7288
    2384       3.7688
    2385       3.6689
    2386       3.8626
    2387       3.7533
    2388       3.7707
    2389       3.9538
    2390       3.7937
    2391       3.8015
    2392       3.7768
    2393       3.7890
    2394       3.8192
    2395       3.9246
    2396       3.8669
    2397       3.9179
    2398       3.8376
    2399       3.8544
    2400       3.8378
    2401       3.7462
    2402       3.7575
    2403       3.7540
    2404       3.7844
    2405       3.7868
    2406       3.8082
    2407       3.8118
    2408       3.8070
    2409       3.7790
    2410       3.7447
    2411       3.8519
    2412       3.8340
    2413       3.8990
    2414       3.8485
    2415       3.8061
    2416       3.8386
    2417       3.8671
    2418       3.7884
    2419       3.8133
    2420       3.7885
    2421       3.8347
    2422       3.8908
    2423       3.9636
    2424       3.9255
    2425       3.8170
    2426       3.8214
    2427       3.9082
    2428       3.9125
    2429       3.9049
    2430       3.8694
    2431       3.7950
    2432       3.8219
    2433       3.6997
    2434       3.8230
    2435       3.8461
    2436       3.8226
    2437       3.7673
    2438       3.7504
    2439       3.6822
    2440       3.7712
    2441       3.8366
    2442       3.9015
    2443       3.8491
    2444       3.6913
    2445       3.7826
    2446       3.8191
    2447       3.9300
    2448       3.8499
    2449       3.8900
    2450       3.9483
    2451       3.8217
    2452       3.8271
    2453       3.8193
    2454       3.8234
    2455       3.8479
    2456       3.9385
    2457       3.8146
    2458       3.9402
    2459       3.8916
    2460       3.8442
    2461       3.9385
    2462       3.8112
    2463       3.7833
    2464       3.9050
    2465       3.9296
    2466       3.9379
    2467       3.7807
    2468       3.9014
    2469       3.9054
    2470       3.9302
    2471       3.8035
    2472       3.7820
    2473       3.7790
    2474       3.7513
    2475       3.7430
    2476       3.8061
    2477       3.7435
    2478       3.8358
    2479       3.8124
    2480       3.8646
    2481       3.9166
    2482       3.9213
    2483       3.8417
    2484       3.8557
    2485       3.8023
    2486       3.7849
    2487       3.8162
    2488       3.7840
    2489       3.7256
    2490       3.8541
    2491       3.7964
    2492       3.8161
    2493       3.9021
    2494       3.8974
    2495       3.8083
    2496       3.8129
    2497       3.8271
    2498       3.9355
    2499       3.7768
    2500       3.9364
    2501       3.8155
    2502       3.7950
    2503       3.8692
    2504       3.8323
    2505       3.8827
    2506       3.8866
    2507       3.9010
    2508       3.8677
    2509       3.9587
    2510       3.8778
    2511       3.8590
    2512       3.7958
    2513       3.8228
    2514       3.9093
    2515       3.8846
    2516       3.8774
    2517       3.7902
    2518       3.8487
    2519       3.8034
    2520       3.8282
    2521       3.6915
    2522       3.9061
    2523       3.8838
    2524       3.8245
    2525       3.7922
    2526       3.7744
    2527       3.9594
    2528       3.8483
    2529       3.7709
    2530       3.6907
    2531       3.6247
    2532       3.7068
    2533       3.8788
    2534       3.7204
    2535       3.8320
    2536       3.7886
    2537       3.8054
    2538       3.7811
    2539       3.7208
    2540       3.7951
    2541       3.7073
    2542       3.7023
    2543       3.7864
    2544       3.8750
    2545       3.8259
    2546       3.7580
    2547       3.8196
    2548       3.7613
    2549       3.8605
    2550       3.7407
    2551       3.8148
    2552       3.7257
    2553       3.8029
    2554       3.6685
    2555       3.7328
    2556       3.7527
    2557       3.6467
    2558       3.8268
    2559       3.7962
    2560       3.7754
    2561       3.7244
    2562       3.6658
    2563       3.7322
    2564       3.8020
    2565       3.8232
    2566       3.7835
    2567       3.8119
    2568       3.7463
    2569       3.8717
    2570       3.7948
    2571       3.8400
    2572       3.9581
    2573       3.8228
    2574       3.7963
    2575       3.8407
    2576       3.8356
    2577       3.9181
    2578       3.9439
    2579       3.7220
    2580       3.7804
    2581       3.7699
    2582       3.7550
    2583       3.6615
    2584       3.8050
    2585       3.7773
    2586       3.7353
    2587       3.9186
    2588       3.7153
    2589       3.6798
    2590       3.7661
    2591       3.6779
    2592       3.7445
    2593       3.8096
    2594       3.7418
    2595       3.7490
    2596       3.7777
    2597       3.8870
    2598       3.6495
    2599       3.7273
    2600       3.7365
    2601       3.6418
    2602       3.6744
    2603       3.8159
    2604       3.7683
    2605       3.8136
    2606       3.8465
    2607       3.8683
    2608       3.8824
    2609       3.9488
    2610       3.7588
    2611       3.7663
    2612       3.8435
    2613       3.8491
    2614       3.7498
    2615       3.7600
    2616       3.8863
    2617       3.8534
    2618       3.7890
    2619       3.8838
    2620       4.0137
    2621       3.9287
    2622       3.9076
    2623       3.9315
    2624       3.8349
    2625       3.8071
    2626       3.8416
    2627       3.9121
    2628       3.8978
    2629       3.7724
    2630       3.8166
    2631       3.8857
    2632       3.7523
    2633       3.7874
    2634       3.8350
    2635       3.8000
    2636       3.8103
    2637       3.9431
    2638       3.7712
    2639       3.8538
    2640       3.9044
    2641       3.7963
    2642       3.6765
    2643       3.7206
    2644       3.7058
    2645       3.7102
    2646       3.7842
    2647       3.7403
    2648       3.8369
    2649       3.8266
    2650       3.8364
    2651       3.8889
    2652       3.7324
    2653       3.9333
    2654       3.8929
    2655       3.8670
    2656       3.8921
    2657       3.8731
    2658       3.7976
    2659       3.7320
    2660       3.8084
    2661       3.9072
    2662       3.8420
    2663       3.8642
    2664       3.8879
    2665       3.9653
    2666       3.7736
    2667       3.8655
    2668       3.7914
    2669       3.8641
    2670       3.8652
    2671       3.8342
    2672       3.7541
    2673       3.9129
    2674       3.8053
    2675       3.8550
    2676       3.7647
    2677       3.8685
    2678       3.8644
    2679       3.9500
    2680       3.7669
    2681       3.7528
    2682       3.7698
    2683       3.8102
    2684       3.7818
    2685       3.7966
    2686       3.8776
    2687       3.8504
    2688       3.8377
    2689       3.7965
    2690       3.7123
    2691       3.6720
    2692       3.8622
    2693       3.7991
    2694       3.7725
    2695       3.7370
    2696       3.7582
    2697       3.7620
    2698       3.8277
    2699       3.8064
    2700       3.9384
    2701       3.8575
    2702       3.8629
    2703       3.7933
    2704       3.8251
    2705       3.6695
    2706       3.9590
    2707       3.8931
    2708       3.8404
    2709       3.9665
    2710       3.8083
    2711       4.0066
    2712       3.9224
    2713       3.8917
    2714       3.8240
    2715       3.8070
    2716       3.8510
    2717       3.7993
    2718       3.7845
    2719       3.8542
    2720       3.8452
    2721       3.7766
    2722       3.7394
    2723       3.7049
    2724       3.8406
    2725       3.7456
    2726       3.8359
    2727       3.8453
    2728       3.7988
    2729       3.7951
    2730       3.7469
    2731       3.8210
    2732       3.7435
    2733       3.9139
    2734       3.7975
    2735       3.7632
    2736       3.7449
    2737       3.7406
    2738       3.8588
    2739       3.8215
    2740       3.8745
    2741       3.7701
    2742       3.8049
    2743       3.8679
    2744       3.7864
    2745       3.8362
    2746       3.7526
    2747       3.7492
    2748       3.7168
    2749       3.7166
    2750       3.7889
    2751       3.8516
    2752       3.7899
    2753       3.7710
    2754       3.7528
    2755       3.7556
    2756       3.9002
    2757       3.8294
    2758       3.8717
    2759       3.7579
    2760       3.8058
    2761       3.7194
    2762       3.8774
    2763       3.8176
    2764       3.7950
    2765       3.8161
    2766       3.7871
    2767       3.8075
    2768       3.7829
    2769       3.7879
    2770       3.7311
    2771       3.8081
    2772       3.8186
    2773       3.7560
    2774       3.8054
    2775       3.7573
    2776       3.7350
    2777       3.6612
    2778       3.7894
    2779       3.8343
    2780       3.8404
    2781       3.7543
    2782       3.7176
    2783       3.7163
    2784       3.7688
    2785       3.9414
    2786       3.8104
    2787       3.8173
    2788       3.7868
    2789       3.8019
    2790       3.7607
    2791       3.8447
    2792       3.7663
    2793       3.8656
    2794       3.8982
    2795       3.9988
    2796       3.7879
    2797       3.9597
    2798       3.9147
    2799       3.8063
    2800       3.8368
    2801       3.8345
    2802       3.8607
    2803       3.8765
    2804       3.8565
    2805       3.8413
    2806       3.7716
    2807       3.8372
    2808       3.8902
    2809       3.7826
    2810       3.7390
    2811       3.7201
    2812       3.7773
    2813       3.8936
    2814       3.9514
    2815       3.9040
    2816       3.8400
    2817       3.9620
    2818       3.9242
    2819       3.8251
    2820       3.8667
    2821       3.8140
    2822       3.9979
    2823       4.0024
    2824       3.9264
    2825       3.9637
    2826       3.8468
    2827       4.0159
    2828       3.8334
    2829       3.8810
    2830       3.9176
    2831       3.9633
    2832       3.8304
    2833       3.8359
    2834       3.9296
    2835       3.8633
    2836       3.9389
    2837       3.7237
    2838       3.8605
    2839       3.8688
    2840       3.7587
    2841       3.6964
    2842       3.8633
    2843       3.7518
    2844       3.7424
    2845       3.7680
    2846       3.8765
    2847       3.9638
    2848       3.7550
    2849       3.7923
    2850       3.9305
    2851       3.8929
    2852       3.8743
    2853       3.7977
    2854       3.8389
    2855       3.8912
    2856       3.9082
    2857       3.8942
    2858       3.8503
    2859       3.9385
    2860       3.9972
    2861       3.9825
    2862       3.8570
    2863       3.8105
    2864       3.9390
    2865       3.9895
    2866       3.9437
    2867       3.8740
    2868       3.8792
    2869       3.8961
    2870       3.8304
    2871       3.8399
    2872       3.8699
    2873       3.8627
    2874       3.7823
    2875       3.8437
    2876       3.9218
    2877       3.8340
    2878       3.7698
    2879       3.8428
    2880       3.8560
    2881       3.8786
    2882       3.9496
    2883       4.0005
    2884       3.8154
    2885       3.9036
    2886       3.8425
    2887       3.8901
    2888       3.7747
    2889       3.8756
    2890       3.8547
    2891       3.7703
    2892       3.7763
    2893       3.8306
    2894       3.9345
    2895       3.8482
    2896       3.8459
    2897       3.8093
    2898       3.8563
    2899       3.9057
    2900       3.9210
    2901       3.8567
    2902       3.8814
    2903       3.7778
    2904       3.8568
    2905       3.9387
    2906       3.8544
    2907       3.8622
    2908       3.9535
    2909       3.9215
    2910       3.8299
    2911       3.8819
    2912       3.8136
    2913       3.7546
    2914       3.7909
    2915       3.7242
    2916       3.7080
    2917       3.8082
    2918       3.7791
    2919       3.7242
    2920       3.8184
    2921       3.8340
    2922       3.7854
    2923       3.8409
    2924       3.7647
    2925       3.7343
    2926       3.7604
    2927       3.7701
    2928       3.7555
    2929       3.8567
    2930       3.8199
    2931       3.8070
    2932       3.9879
    2933       3.8506
    2934       3.8497
    2935       3.8258
    2936       3.8336
    2937       3.6589
    2938       3.7558
    2939       3.7065
    2940       3.6855
    2941       3.7863
    2942       3.7625
    2943       3.8789
    2944       3.8054
    2945       3.5660
    2946       3.7435
    2947       3.8390
    2948       3.7971
    2949       3.7130
    2950       3.7805
    2951       3.7324
    2952       3.7686
    2953       3.8290
    2954       3.8256
    2955       3.7734
    2956       3.7795
    2957       3.7085
    2958       3.7749
    2959       3.8524
    2960       3.8048
    2961       3.7031
    2962       3.6766
    2963       3.7217
    2964       3.7885
    2965       3.6632
    2966       3.7002
    2967       3.7111
    2968       3.7904
    2969       3.9008
    2970       3.8519
    2971       3.8568
    2972       3.8913
    2973       3.9819
    2974       3.7469
    2975       3.7666
    2976       3.7002
    2977       3.8358
    2978       3.8734
    2979       3.8194
    2980       3.8341
    2981       3.7821
    2982       3.8703
    2983       3.6822
    2984       3.8229
    2985       3.7660
    2986       3.8172
    2987       3.6209
    2988       3.8298
    2989       3.8065
    2990       3.7510
    2991       3.6652
    2992       3.8481
    2993       3.6946
    2994       3.7007
    2995       3.7846
    2996       3.8002
    2997       3.8591
    2998       3.7526
    2999       3.7533
    3000       3.7513
    3001       3.7536
    3002       3.8260
    3003       3.7404
    3004       3.7478
    3005       3.7379
    3006       3.7579
    3007       3.7712
    3008       3.8178
    3009       3.8813
    3010       3.8905
    3011       3.8043
    3012       3.8440
    3013       3.8857
    3014       3.8796
    3015       3.9196
    3016       3.7630
    3017       3.9199
    3018       3.7895
    3019       3.7939
    3020       3.6747
    3021       3.8165
    3022       3.7227
    3023       3.7176
    3024       3.7915
    3025       3.7835
    3026       3.7716
    3027       3.6560
    3028       3.7872
    3029       3.7784
    3030       3.7033
    3031       3.7020
    3032       3.8034
    3033       3.7895
    3034       3.8479
    3035       3.7536
    3036       3.8011
    3037       3.8157
    3038       3.7866
    3039       3.7853
    3040       3.7987
    3041       3.7503
    3042       3.7639
    3043       3.7246
    3044       3.8868
    3045       3.7829
    3046       3.7805
    3047       3.8533
    3048       3.8076
    3049       3.7762
    3050       3.8122
    3051       3.7792
    3052       3.8657
    3053       3.7688
    3054       3.8262
    3055       3.7332
    3056       3.8610
    3057       3.6798
    3058       3.8125
    3059       3.8623
    3060       3.8034
    3061       3.7926
    3062       3.8105
    3063       3.7834
    3064       3.7924
    3065       3.8370
    3066       3.7664
    3067       3.7939
    3068       3.8309
    3069       3.8268
    3070       3.7946
    3071       3.8143
    3072       3.7555
    3073       3.7743
    3074       3.9041
    3075       3.8032
    3076       3.8118
    3077       3.6895
    3078       3.8184
    3079       3.8079
    3080       3.7681
    3081       3.7852
    3082       3.7930
    3083       3.7946
    3084       3.7740
    3085       3.7272
    3086       3.7988
    3087       3.7814
    3088       3.7310
    3089       3.7847
    3090       3.8148
    3091       3.6972
    3092       3.7304
    3093       3.8082
    3094       3.7589
    3095       3.7676
    3096       3.7522
    3097       3.7681
    3098       3.7764
    3099       3.7692
    3100       3.7484
    3101       3.8483
    3102       3.8275
    3103       3.8625
    3104       3.8536
    3105       3.8419
    3106       3.7888
    3107       3.8710
    3108       3.8832
    3109       3.8837
    3110       3.9084
    3111       3.7653
    3112       3.9355
    3113       3.7093
    3114       3.7829
    3115       3.7560
    3116       3.7880
    3117       3.7630
    3118       3.8348
    3119       3.8161
    3120       3.8220
    3121       3.7529
    3122       3.8190
    3123       3.7365
    3124       3.8494
    3125       3.7201
    3126       3.6592
    3127       3.7970
    3128       3.6480
    3129       3.9581
    3130       3.8760
    3131       3.8702
    3132       3.7603
    3133       3.8427
    3134       3.7676
    3135       3.7146
    3136       3.8196
    3137       3.7142
    3138       3.8157
    3139       3.7877
    3140       3.8502
    3141       3.7873
    3142       3.8772
    3143       3.8695
    3144       3.8538
    3145       3.7173
    3146       3.7471
    3147       3.7179
    3148       3.7930
    3149       3.8159
    3150       3.8633
    3151       3.8672
    3152       3.8720
    3153       3.8645
    3154       3.8882
    3155       3.9263
    3156       3.8686
    3157       3.8737
    3158       3.8239
    3159       3.8121
    3160       3.8216
    3161       3.9090
    3162       3.9202
    3163       3.7879
    3164       3.8086
    3165       3.8980
    3166       3.8647
    3167       3.9114
    3168       3.9518
    3169       3.8388
    3170       3.9025
    3171       3.8342
    3172       3.7289
    3173       3.7034
    3174       3.8106
    3175       3.8236
    3176       3.8724
    3177       3.9756
    3178       3.8123
    3179       3.8860
    3180       3.7776
    3181       3.8875
    3182       3.7682
    3183       3.8027
    3184       3.8805
    3185       3.8667
    3186       3.8372
    3187       3.8757
    3188       3.8914
    3189       3.6869
    3190       3.8444
    3191       3.7986
    3192       3.7841
    3193       3.8301
    3194       3.7640
    3195       3.6664
    3196       3.7364
    3197       3.8341
    3198       3.7322
    3199       3.8430
    3200       3.7071
    3201       3.9128
    3202       3.8342
    3203       3.8150
    3204       3.9404
    3205       3.9391
    3206       3.7780
    3207       3.9103
    3208       3.7397
    3209       3.7823
    3210       3.8338
    3211       3.9307
    3212       3.8171
    3213       3.8833
    3214       3.7355
    3215       3.8749
    3216       3.7036
    3217       3.6951
    3218       3.7133
    3219       3.6854
    3220       3.6845
    3221       3.8583
    3222       3.8623
    3223       3.7700
    3224       3.7973
    3225       3.7550
    3226       3.7303
    3227       3.8345
    3228       3.8278
    3229       3.7253
    3230       3.7552
    3231       3.7064
    3232       3.7992
    3233       3.6201
    3234       3.7557
    3235       3.6963
    3236       3.7454
    3237       3.7899
    3238       3.6978
    3239       3.7353
    3240       3.6119
    3241       3.6865
    3242       3.5474
    3243       3.7749
    3244       3.7655
    3245       3.7504
    3246       3.7034
    3247       3.6302
    3248       3.6717
    3249       3.6658
    3250       3.8363
    3251       3.7619
    3252       3.7341
    3253       3.7030
    3254       3.7127
    3255       3.6437
    3256       3.7285
    3257       3.6960
    3258       3.9340
    3259       3.7388
    3260       3.7351
    3261       3.7034
    3262       3.6431
    3263       3.7081
    3264       3.6942
    3265       3.7755
    3266       3.7340
    3267       3.5787
    3268       3.6935
    3269       3.7115
    3270       3.7526
    3271       3.8465
    3272       3.7027
    3273       3.7906
    3274       3.7954
    3275       3.6730
    3276       3.8430
    3277       3.7008
    3278       3.7690
    3279       3.6563
    3280       3.6768
    3281       3.6889
    3282       3.6823
    3283       3.8994
    3284       3.9056
    3285       3.6644
    3286       3.7647
    3287       3.6730
    3288       3.8477
    3289       3.6223
    3290       3.6554
    3291       3.6756
    3292       3.7361
    3293       3.7434
    3294       3.7757
    3295       3.7559
    3296       3.6268
    3297       3.8215
    3298       3.8170
    3299       3.7363
    3300       3.8601
    3301       3.7747
    3302       3.7801
    3303       3.9275
    3304       3.8873
    3305       3.8610
    3306       3.7889
    3307       3.7975
    3308       3.7939
    3309       3.8686
    3310       3.8387
    3311       3.8711
    3312       3.8799
    3313       3.7511
    3314       3.8301
    3315       3.9202
    3316       3.7654
    3317       3.8398
    3318       3.8089
    3319       3.7309
    3320       3.7711
    3321       3.7455
    3322       3.7757
    3323       3.6313
    3324       3.8336
    3325       3.5904
    3326       3.7055
    3327       3.6637
    3328       3.7519
    3329       3.6781
    3330       3.5386
    3331       3.6989
    3332       3.8539
    3333       3.8459
    3334       4.0034
    3335       3.8803
    3336       3.9062
    3337       3.9078
    3338       3.8636
    3339       3.9308
    3340       3.9264
    3341       3.8454
    3342       3.9152
    3343       4.0018
    3344       3.7468
    3345       3.8891
    3346       3.8251
    3347       3.8581
    3348       3.8343
    3349       3.7647
    3350       3.8802
    3351       3.7552
    3352       3.9244
    3353       3.9403
    3354       3.9381
    3355       3.8485
    3356       3.8765
    3357       3.9990
    3358       3.9012
    3359       3.9055
    3360       3.8399
    3361       3.8705
    3362       3.9532
    3363       3.9439
    3364       3.8521
    3365       3.9743
    3366       3.9433
    3367       3.8587
    3368       3.8267
    3369       3.9188
    3370       3.9641
    3371       3.9310
    3372       3.8218
    3373       3.9536
    3374       3.8011
    3375       3.7756
    3376       3.7985
    3377       3.6674
    3378       3.7474
    3379       3.8066
    3380       3.7052
    3381       3.8346
    3382       3.8546
    3383       3.8678
    3384       3.8544
    3385       3.7312
    3386       3.6876
    3387       3.7188
    3388       3.7154
    3389       3.7880
    3390       3.7166
    3391       3.7479
    3392       3.7020
    3393       3.7475
    3394       3.9303
    3395       3.7615
    3396       3.7926
    3397       3.7249
    3398       3.7821
    3399       3.8704
    3400       3.8500
    3401       3.9184
    3402       3.9361
    3403       3.8871
    3404       3.7219
    3405       3.7970
    3406       3.8250
    3407       3.7327
    3408       3.8304
    3409       3.8286
    3410       3.7384
    3411       3.8640
    3412       3.8086
    3413       3.8381
    3414       3.8801
    3415       3.8654
    3416       3.9144
    3417       3.8575
    3418       3.8614
    3419       3.9351
    3420       3.8251
    3421       3.8669
    3422       3.7703
    3423       3.9563
    3424       3.8028
    3425       3.8514
    3426       3.8872
    3427       3.8467
    3428       3.9147
    3429       3.8628
    3430       3.8071
    3431       3.8533
    3432       3.6641
    3433       3.8642
    3434       3.7988
    3435       3.8197
    3436       3.9150
    3437       3.8170
    3438       3.8104
    3439       3.8166
    3440       3.7638
    3441       3.8647
    3442       3.9500
    3443       3.8194
    3444       3.7931
    3445       3.8217
    3446       3.9344
    3447       3.8323
    3448       3.9588
    3449       3.8556
    3450       3.8893
    3451       3.8427
    3452       3.8349
    3453       4.0080
    3454       3.9048
    3455       3.8853
    3456       3.9468
    3457       3.9026
    3458       3.8827
    3459       3.9679
    3460       3.8530
    3461       3.9782
    3462       3.8244
    3463       3.7962
    3464       3.8966
    3465       4.0502
    3466       3.9131
    3467       3.9122
    3468       3.9483
    3469       3.9179
    3470       3.9854
    3471       3.9995
    3472       3.8458
    3473       3.8428
    3474       3.7722
    3475       3.9215
    3476       3.9005
    3477       3.8596
    3478       3.8183
    3479       3.8612
    3480       3.7206
    3481       3.7351
    3482       3.9172
    3483       3.8589
    3484       3.7366
    3485       3.9856
    3486       3.8140
    3487       3.7182
    3488       3.8472
    3489       3.8878
    3490       3.8818
    3491       4.0235
    3492       3.9276
    3493       3.9746
    3494       4.0318
    3495       3.9161
    3496       3.8142
    3497       3.8247
    3498       3.8945
    3499       3.8777
    3500       3.9346
    3501       3.8252
    3502       3.8076
    3503       3.8713
    3504       3.9490
    3505       3.8834
    3506       3.8356
    3507       3.8489
    3508       3.7942
    3509       3.8243
    3510       3.7371
    3511       3.8865
    3512       3.7581
    3513       3.7127
    3514       3.7354
    3515       3.8614
    3516       3.7506
    3517       3.7400
    3518       3.8626
    3519       3.7466
    3520       3.8403
    3521       3.8427
    3522       3.8230
    3523       3.9386
    3524       3.7985
    3525       3.8377
    3526       3.7239
    3527       3.6664
    3528       3.8586
    3529       3.8303
    3530       3.7661
    3531       3.7409
    3532       3.7124
    3533       3.7586
    3534       3.8520
    3535       3.7720
    3536       3.8924
    3537       3.9850
    3538       3.8338
    3539       3.6858
    3540       3.8266
    3541       3.7739
    3542       3.6432
    3543       3.7685
    3544       3.8179
    3545       3.7752
    3546       3.7032
    3547       3.6971
    3548       3.6881
    3549       3.8766
    3550       3.6649
    3551       3.6548
    3552       3.7249
    3553       3.6863
    3554       3.7932
    3555       3.7271
    3556       3.7382
    3557       3.6929
    3558       3.7368
    3559       3.8637
    3560       3.8554
    3561       3.7421
    3562       3.6683
    3563       3.7157
    3564       3.5908
    3565       3.6970
    3566       3.7829
    3567       3.7952
    3568       3.9194
    3569       3.9369
    3570       3.8338
    3571       3.8597
    3572       3.8296
    3573       3.9096
    3574       3.7957
    3575       3.8205
    3576       3.9275
    3577       3.9346
    3578       3.8366
    3579       3.8060
    3580       3.8673
    3581       3.9247
    3582       3.8801
    3583       3.9712
    3584       4.0409
    3585       3.9392
    3586       3.9063
    3587       3.9352
    3588       3.9824
    3589       3.9063
    3590       4.0965
    3591       4.0401
    3592       4.0105
    3593       4.0280
    3594       3.9822
    3595       4.0027
    3596       4.0222
    3597       4.0138
    3598       3.9552
    3599       3.8854
    3600       3.9394
    3601       3.7825
    3602       3.7409
    3603       3.8169
    3604       3.9419
    3605       3.9178
    3606       3.9874
    3607       3.9587
    3608       4.0141
    3609       3.8732
    3610       4.0121
    3611       4.0210
    3612       3.9879
    3613       4.1501
    3614       4.0358
    3615       3.9239
    3616       3.9329
    3617       4.0025
    3618       4.1209
    3619       4.0837
    3620       4.0121
    3621       4.0165
    3622       3.9562
    3623       3.9142
    3624       4.0083
    3625       3.9958
    3626       4.0007
    3627       3.9732
    3628       3.9120
    3629       3.9310
    3630       3.8780
    3631       3.9440
    3632       3.9889
    3633       3.9889
    3634       3.8725
    3635       4.0747
    3636       4.0983
    3637       3.9893
    3638       4.1752
    3639       4.0028
    3640       4.0133
    3641       3.9466
    3642       3.8966
    3643       3.9527
    3644       3.9924
    3645       3.9937
    3646       4.0990
    3647       3.9759
    3648       4.0505
    3649       4.0351
    3650       4.0387
    3651       4.0703
    3652       4.0504
    3653       4.1539
    3654       4.0349
    3655       3.9245
    3656       3.9298
    3657       3.9129
    3658       3.8441
    3659       3.8206
    3660       3.9216
    3661       3.8401
    3662       3.9459
    3663       3.9694
    3664       4.0599
    3665       3.8621
    3666       3.8434
    3667       3.9537
    3668       3.9383
    3669       3.9506
    3670       4.0012
    3671       3.9675
    3672       4.0118
    3673       3.9614
    3674       4.0411
    3675       4.0318
    3676       3.9080
    3677       3.8339
    3678       3.8499
    3679       4.0282
    3680       4.0316
    3681       4.0481
    3682       3.9946
    3683       3.9549
    3684       3.8457
    3685       3.9121
    3686       3.9509
    3687       3.9651
    3688       3.8778
    3689       4.0017
    3690       4.0267
    3691       4.1234
    3692       4.2130
    3693       4.1531
    3694       3.9906
    3695       3.9928
    3696       3.9854
    3697       3.9819
    3698       4.0411
    3699       3.8206
    3700       3.9885
    3701       4.0347
    3702       3.8979
    3703       3.9417
    3704       4.0320
    3705       4.1045
    3706       4.1502
    3707       4.0905
    3708       4.1725
    3709       4.2094
    3710       4.0842
    3711       4.1562
    3712       4.2165
    3713       4.1307
    3714       4.1113
    3715       4.1232
    3716       4.3460
    3717       4.3230
    3718       4.0852
    3719       4.0622
    3720       4.1389
    3721       4.1600
    3722       4.1575
    3723       4.2296
    3724       4.1108
    3725       4.0132
    3726       4.2759
    3727       4.0515
    3728       4.1007
    3729       4.1274
    3730       4.0906
    3731       4.1537
    3732       4.1129
    3733       4.2081
    3734       4.2501
    3735       3.9767
    3736       4.1008
    3737       4.0538
    3738       4.1072
    3739       4.0071
    3740       4.3273
    3741       4.2750
    3742       4.3585
    3743       4.2400
    3744       4.2079
    3745       4.3476
    3746       4.2484
    3747       4.1976
    3748       4.1173
    3749       4.2502
    3750       4.1723
    3751       4.0147
    3752       3.9696
    3753       4.1894
    3754       4.1248
    3755       4.1761
    3756       4.1141
    3757       4.0060
    3758       4.0827
    3759       4.0747
    3760       4.2396
    3761       4.1793
    3762       4.1709
    3763       4.1424
    3764       4.1880
    3765       4.1186
    3766       4.0488
    3767       4.0959
    3768       4.0319
    3769       3.9745
    3770       4.0771
    3771       4.2751
    3772       4.2203
    3773       4.0643
    3774       4.0213
    3775       3.9657
    3776       4.1587
    3777       4.1734
    3778       4.0371
    3779       4.0841
    3780       4.1450
    3781       4.1062
    3782       4.0931
    3783       4.1077
    3784       4.2474
    3785       4.0017
    3786       3.9186
    3787       3.8754
    3788       3.9694
    3789       3.9891
    3790       4.0364
    3791       4.1295
    3792       4.1228
    3793       4.1166
    3794       4.1349
    3795       4.3242
    3796       4.1411
    3797       4.1976
    3798       4.2533
    3799       4.0945
    3800       4.0705
    3801       3.9472
    3802       4.0812
    3803       4.1153
    3804       4.0878
    3805       4.1278
    3806       4.1290
    3807       4.2282
    3808       4.0046
    3809       3.9167
    3810       4.1127
    3811       3.9124
    3812       4.0730
    3813       3.9412
    3814       3.8361
    3815       3.9306
    3816       3.9646
    3817       4.0640
    3818       4.1103
    3819       4.0129
    3820       4.0302
    3821       3.8276
    3822       3.9131
    3823       3.8123
    3824       3.8093
    3825       3.7333
    3826       3.8476
    3827       3.8131
    3828       3.9285
    3829       3.8438
    3830       3.8785
    3831       3.9592
    3832       3.8056
    3833       3.8269
    3834       3.7337
    3835       3.8315
    3836       3.7456
    3837       3.8510
    3838       3.7133
    3839       3.7431
    3840       3.7627
    3841       3.5637
    3842       3.8835
    3843       3.8808
    3844       3.8834
    3845       3.8966
    3846       4.0282
    3847       3.8861
    3848       3.9244
    3849       3.8837
    3850       3.8926
    3851       4.0157
    3852       4.1134
    3853       4.0650
    3854       4.0517
    3855       3.9070
    3856       4.0332
    3857       4.0382
    3858       4.0027
    3859       3.9521
    3860       3.8970
    3861       4.0754
    3862       4.0882
    3863       4.0713
    3864       3.9038
    3865       3.9825
    3866       4.0318
    3867       3.9750
    3868       3.8934
    3869       3.9491
    3870       4.0142
    3871       3.9128
    3872       3.9066
    3873       3.8831
    3874       3.9404
    3875       3.9229
    3876       3.7596
    3877       3.9269
    3878       3.8745
    3879       3.7592
    3880       3.8003
    3881       3.8445
    3882       3.8576
    3883       3.8207
    3884       3.8737
    3885       3.8345
    3886       3.9335
    3887       4.0201
    3888       4.0813
    3889       4.0505
    3890       4.1421
    3891       4.0757
    3892       3.9730
    3893       3.8013
    3894       4.0127
    3895       3.8632
    3896       3.9442
    3897       4.0256
    3898       4.0040
    3899       3.9829
    3900       4.1660
    3901       3.8567
    3902       3.8814
    3903       3.7778
    3904       3.8568
    3905       3.9387
    3906       3.8544
    3907       3.8622
    3908       3.9535
    3909       3.9215
    3910       3.8299
    3911       3.8819
    3912       3.8136
    3913       3.7546
    3914       3.7909
    3915       3.7242
    3916       3.7080
    3917       3.8082
    3918       3.7791
    3919       3.7242
    3920       3.8184
    3921       3.8340
    3922       3.7854
    3923       3.8409
    3924       3.7647
    3925       3.7343
    3926       3.7604
    3927       3.7701
    3928       3.7555
    3929       3.8567
    3930       3.8199
    3931       3.8070
    3932       3.9879
    3933       3.8506
    3934       3.8497
    3935       3.8258
    3936       3.8336
    3937       3.6589
    3938       3.7558
    3939       3.7065
    3940       3.6855
    3941       3.7863
    3942       3.7625
    3943       3.8789
    3944       3.8054
    3945       3.5660
    3946       3.7435
    3947       3.8390
    3948       3.7971
    3949       3.7130
    3950       3.7805
    3951       3.7324
    3952       3.7686
    3953       3.8290
    3954       3.8256
    3955       3.7734
    3956       3.7795
    3957       3.7085
    3958       3.7749
    3959       3.8524
    3960       3.8048
    3961       3.7031
    3962       3.6766
    3963       3.7217
    3964       3.7885
    3965       3.6632
    3966       3.7002
    3967       3.7111
    3968       3.7904
    3969       3.9008
    3970       3.8519
    3971       3.8568
    3972       3.8913
    3973       3.9819
    3974       3.7469
    3975       3.7666
    3976       3.7002
    3977       3.8358
    3978       3.8734
    3979       3.8194
    3980       3.8341
    3981       3.7821
    3982       3.8703
    3983       3.6822
    3984       3.8229
    3985       3.7660
    3986       3.8172
    3987       3.6209
    3988       3.8298
    3989       3.8065
    3990       3.7510
    3991       3.6652
    3992       3.8481
    3993       3.6946
    3994       3.7007
    3995       3.7846
    3996       3.8002
    3997       3.8591
    3998       3.7526
    3999       3.7533
    4000       3.7513
    4001       4.0487
    4002       4.0441
    4003       4.1462
    4004       4.0601
    4005       4.1275
    4006       4.0253
    4007       3.7910
    4008       3.8381
    4009       3.8390
    4010       3.7768
    4011       3.8195
    4012       3.7388
    4013       3.9686
    4014       3.8163
    4015       3.9704
    4016       3.9342
    4017       3.9569
    4018       3.9130
    4019       3.8298
    4020       3.7900
    4021       3.8808
    4022       3.7672
    4023       3.7869
    4024       3.6723
    4025       3.7870
    4026       3.8197
    4027       3.7983
    4028       3.8013
    4029       3.8481
    4030       3.7737
    4031       3.9338
    4032       3.7922
    4033       3.8090
    4034       3.8449
    4035       3.7680
    4036       3.9267
    4037       3.9567
    4038       3.9098
    4039       3.9348
    4040       3.9920
    4041       3.8935
    4042       3.8015
    4043       3.7882
    4044       3.7426
    4045       3.7798
    4046       3.7782
    4047       3.5573
    4048       3.6215
    4049       3.5927
    4050       3.5597
    4051       3.5862
    4052       3.5396
    4053       3.4881
    4054       3.5687
    4055       3.6138
    4056       3.5715
    4057       3.7588
    4058       3.6538
    4059       3.6572
    4060       3.5303
    4061       3.5838
    4062       3.6211
    4063       3.5308
    4064       3.5739
    4065       3.5841
    4066       3.6173
    4067       3.4816
    4068       3.5276
    4069       3.5445
    4070       3.6958
    4071       3.4423
    4072       3.5258
    4073       3.6032
    4074       3.5858
    4075       3.6042
    4076       3.4642
    4077       3.5114
    4078       3.5322
    4079       3.7193
    4080       3.5859
    4081       3.5028
    4082       3.6416
    4083       3.5788
    4084       3.4895
    4085       3.5004
    4086       3.4627
    4087       3.5430
    4088       3.5555
    4089       3.5256
    4090       3.5137
    4091       3.5538
    4092       3.5530
    4093       3.5907
    4094       3.5835
    4095       3.4300
    4096       3.4170
    4097       3.5860
    4098       3.4519
    4099       3.5268
    4100       3.4996
