#Frame        ToFirst
       1      23.4883
       2      23.3335
       3      23.3207
       4      23.1466
       5      22.7955
       6      23.7496
       7      23.6152
       8      23.5832
       9      23.7772
      10      24.5461
      11      24.7525
      12      24.9029
      13      24.8665
      14      25.4821
      15      25.1194
      16      25.3282
      17      25.2342
      18      25.8434
      19      25.6655
      20      26.2698
      21      25.8538
      22      26.5348
      23      26.0168
      24      27.2715
      25      27.5627
      26      28.0424
      27      27.7264
      28      26.7796
      29      27.3727
      30      26.9157
      31      27.0543
      32      26.8558
      33      27.2226
      34      27.3021
      35      27.4533
      36      27.8551
      37      27.5003
      38      27.0286
      39      26.2729
      40      27.6809
      41      27.3305
      42      27.8900
      43      26.7928
      44      27.4660
      45      27.1195
      46      27.1140
      47      26.5216
      48      27.5951
      49      27.6527
      50      27.5808
      51      27.4069
      52      28.6001
      53      29.5653
      54      29.3658
      55      30.1145
      56      30.4238
      57      28.9766
      58      28.5982
      59      29.7711
      60      29.1526
      61      29.3509
      62      28.2040
      63      27.7695
      64      27.2816
      65      27.7688
      66      28.0397
      67      27.8953
      68      27.2017
      69      27.1594
      70      27.8631
      71      27.9667
      72      28.8093
      73      29.2359
      74      29.2616
      75      29.2524
      76      29.4382
      77      29.2930
      78      29.1231
      79      29.2040
      80      29.0134
      81      29.5826
      82      29.8876
      83      29.4734
      84      28.9217
      85      29.3556
      86      29.7567
      87      29.8577
      88      29.4113
      89      29.6655
      90      28.7026
      91      28.3708
      92      28.0389
      93      28.0695
      94      28.4958
      95      28.8739
      96      29.0382
      97      28.3177
      98      27.8773
      99      28.2909
     100      28.7763
     101      29.0031
     102      29.2758
     103      28.5990
     104      29.2151
     105      29.3023
     106      29.5395
     107      29.0418
     108      28.1928
     109      28.0745
     110      27.4393
     111      27.0239
     112      27.8318
     113      28.1892
     114      29.0342
     115      27.2262
     116      27.9354
     117      28.1677
     118      27.9353
     119      28.0001
     120      27.0384
     121      27.1452
     122      27.5107
     123      27.4518
     124      26.9996
     125      27.1586
     126      27.0027
     127      27.0460
     128      27.1749
     129      27.3682
     130      26.7510
     131      26.9463
     132      27.3524
     133      26.9186
     134      27.2508
     135      28.0922
     136      27.6550
     137      27.6439
     138      27.5455
     139      27.6354
     140      27.7151
     141      28.1904
     142      27.9432
     143      27.7763
     144      27.9962
     145      28.1445
     146      27.4805
     147      27.4866
     148      26.8562
     149      26.9460
     150      26.6133
     151      27.7380
     152      27.5693
     153      27.3201
     154      26.8813
     155      26.9349
     156      27.2911
     157      27.4149
     158      26.8058
     159      27.7590
     160      27.0000
     161      26.5548
     162      26.4211
     163      27.4714
     164      27.1908
     165      26.9615
     166      28.2143
     167      26.7836
     168      27.0185
     169      28.1117
     170      27.9950
     171      27.7625
     172      28.5268
     173      28.3094
     174      28.5116
     175      28.5333
     176      28.8006
     177      27.7214
     178      28.4571
     179      27.4906
     180      28.1926
     181      27.6766
     182      27.6639
     183      27.9182
     184      27.7873
     185      27.6671
     186      28.0312
     187      27.8721
     188      27.6353
     189      27.1686
     190      27.5042
     191      26.5950
     192      27.5023
     193      27.0217
     194      27.9876
     195      27.9160
     196      27.1198
     197      27.4270
     198      26.9273
     199      27.0614
     200      26.7719
     201      27.2502
     202      26.7050
     203      27.1053
     204      26.2963
     205      27.5456
     206      27.3916
     207      27.2007
     208      26.5643
     209      27.6027
     210      26.0630
     211      27.4528
     212      27.5417
     213      28.2155
     214      27.7417
     215      28.1814
     216      27.5487
     217      27.3939
     218      27.7199
     219      27.1160
     220      27.2588
     221      27.1965
     222      27.2469
     223      27.5285
     224      27.5971
     225      27.4214
     226      27.4769
     227      27.3403
     228      26.4409
     229      26.7386
     230      27.1320
     231      27.0330
     232      26.9554
     233      26.7022
     234      26.3902
     235      25.7011
     236      26.7396
     237      26.9737
     238      27.1195
     239      27.1692
     240      28.0365
     241      27.4955
     242      27.1690
     243      27.8222
     244      28.7907
     245      29.6108
     246      29.5840
     247      29.6379
     248      28.0660
     249      28.7564
     250      28.5890
     251      29.3681
     252      29.4408
     253      29.0931
     254      30.0227
     255      29.3277
     256      28.7854
     257      28.1495
     258      28.6722
     259      28.0430
     260      29.0164
     261      28.4058
     262      28.2335
     263      28.1325
     264      29.2882
     265      28.4151
     266      28.5179
     267      28.4516
     268      28.1702
     269      27.6663
     270      27.9154
     271      29.1061
     272      28.2803
     273      27.6229
     274      28.6034
     275      28.2414
     276      27.4145
     277      26.9760
     278      27.0067
     279      28.1421
     280      27.8289
     281      28.1275
     282      28.1910
     283      27.6262
     284      27.8264
     285      28.0455
     286      28.2603
     287      27.2944
     288      28.6454
     289      28.4493
     290      28.2783
     291      28.6499
     292      29.0710
     293      29.4870
     294      29.0276
     295      28.4936
     296      27.9032
     297      28.3808
     298      29.5910
     299      28.5356
     300      29.0243
     301      29.0963
     302      28.9317
     303      29.3322
     304      28.8923
     305      28.6017
     306      28.1433
     307      28.1883
     308      27.7066
     309      28.7680
     310      28.3915
     311      28.6614
     312      28.9204
     313      28.5161
     314      28.7377
     315      28.8041
     316      28.5564
     317      28.0020
     318      27.8095
     319      28.3889
     320      27.9382
     321      27.5683
     322      27.4979
     323      27.5133
     324      27.4306
     325      27.3765
     326      27.6337
     327      27.5983
     328      27.0324
     329      27.1340
     330      27.5005
     331      26.8400
     332      26.5500
     333      26.0258
     334      26.1285
     335      26.1403
     336      26.4706
     337      26.9867
     338      26.9379
     339      26.9138
     340      26.7322
     341      26.5913
     342      26.9005
     343      27.9011
     344      27.0267
     345      27.6374
     346      26.9689
     347      26.8048
     348      26.1054
     349      26.6531
     350      26.8175
     351      26.9213
     352      27.8492
     353      26.5659
     354      27.2707
     355      27.5188
     356      27.6628
     357      28.4307
     358      28.6785
     359      28.2061
     360      28.2728
     361      27.6225
     362      28.7788
     363      28.6196
     364      28.6005
     365      28.5682
     366      27.9836
     367      27.7353
     368      27.8302
     369      28.2602
     370      27.1516
     371      27.7320
     372      27.4764
     373      27.4845
     374      27.8024
     375      27.8460
     376      27.5917
     377      27.8886
     378      27.9093
     379      27.3827
     380      27.9308
     381      28.0156
     382      27.2306
     383      28.6970
     384      27.2706
     385      28.6471
     386      28.5394
     387      28.3805
     388      28.3015
     389      28.6398
     390      28.5376
     391      28.7835
     392      27.8330
     393      27.7310
     394      27.8808
     395      27.0468
     396      27.3260
     397      27.9238
     398      28.1615
     399      27.8544
     400      28.1324
     401      28.0278
     402      28.3209
     403      28.3450
     404      28.9323
     405      28.3608
     406      28.1562
     407      28.2466
     408      28.3046
     409      28.0050
     410      27.6787
     411      28.2352
     412      28.0002
     413      27.7603
     414      27.8951
     415      28.3908
     416      28.6320
     417      27.7634
     418      28.2467
     419      28.3466
     420      28.5263
     421      27.9588
     422      27.9697
     423      28.1447
     424      26.6672
     425      27.0007
     426      27.6176
     427      28.0430
     428      27.9638
     429      27.1295
     430      27.3868
     431      27.3979
     432      28.8344
     433      27.9003
     434      28.4890
     435      28.2103
     436      27.9326
     437      27.9498
     438      27.8321
     439      28.1976
     440      28.2304
     441      28.2221
     442      27.3968
     443      27.3950
     444      26.8983
     445      26.9493
     446      27.1660
     447      27.7967
     448      27.7725
     449      27.9678
     450      27.6799
     451      27.9515
     452      26.9057
     453      27.1941
     454      26.8055
     455      27.8640
     456      28.3230
     457      28.0552
     458      28.3834
     459      28.5945
     460      28.5274
     461      28.6803
     462      29.1516
     463      29.0127
     464      28.7832
     465      28.6611
     466      28.6640
     467      28.3420
     468      28.7790
     469      28.5777
     470      28.8050
     471      29.3962
     472      28.7427
     473      28.5587
     474      28.4921
     475      27.2009
     476      28.1146
     477      28.3556
     478      27.8861
     479      27.8839
     480      28.8609
     481      28.0381
     482      28.2409
     483      27.7470
     484      27.8669
     485      28.2284
     486      28.5187
     487      29.1576
     488      28.8479
     489      28.3898
     490      27.9054
     491      27.3915
     492      27.9147
     493      28.6533
     494      27.9460
     495      28.6718
     496      27.4582
     497      27.8538
     498      27.3242
     499      28.0567
     500      28.4185
     501      27.9244
     502      27.4875
     503      28.4436
     504      27.7504
     505      27.4222
     506      27.5881
     507      27.8765
     508      28.3085
     509      28.4157
     510      28.2186
     511      28.1000
     512      27.9697
     513      28.0577
     514      28.2458
     515      27.9485
     516      28.2782
     517      28.8332
     518      28.7928
     519      28.5749
     520      28.3859
     521      28.6261
     522      28.7237
     523      28.2060
     524      28.1408
     525      28.1471
     526      27.8291
     527      27.6272
     528      27.7765
     529      27.3556
     530      26.8204
     531      26.8446
     532      27.7058
     533      28.3115
     534      27.9048
     535      28.2581
     536      28.4765
     537      27.9597
     538      27.1120
     539      27.8670
     540      27.8170
     541      27.6009
     542      27.7049
     543      27.4976
     544      27.0916
     545      27.8973
     546      26.9417
     547      27.0805
     548      27.0073
     549      26.9461
     550      27.3226
     551      27.1000
     552      27.3368
     553      26.8549
     554      27.6809
     555      27.6200
     556      28.1243
     557      27.6363
     558      26.6845
     559      27.1098
     560      27.2749
     561      26.7513
     562      26.5231
     563      27.0013
     564      26.8899
     565      26.8396
     566      27.1647
     567      27.5976
     568      27.1415
     569      27.2485
     570      28.6051
     571      28.7227
     572      28.2914
     573      28.2353
     574      27.8707
     575      27.4339
     576      27.5911
     577      27.3214
     578      27.5158
     579      27.7239
     580      26.8586
     581      27.7742
     582      27.5670
     583      27.4538
     584      26.5812
     585      26.8442
     586      25.4743
     587      25.9675
     588      27.4065
     589      27.3505
     590      27.3080
     591      27.7221
     592      28.0252
     593      27.4701
     594      27.5368
     595      27.4859
     596      27.0413
     597      27.4529
     598      27.6686
     599      27.4616
     600      27.3887
     601      27.2641
     602      27.2334
     603      27.0178
     604      27.7200
     605      27.7495
     606      27.7821
     607      27.6013
     608      28.2379
     609      28.1165
     610      27.6657
     611      27.8982
     612      28.0364
     613      28.3467
     614      27.6313
     615      27.7801
     616      28.6572
     617      28.0183
     618      27.1852
     619      27.9146
     620      28.0017
     621      28.0947
     622      27.4503
     623      27.2639
     624      28.1339
     625      28.2098
     626      28.1841
     627      27.8479
     628      27.9800
     629      27.7686
     630      27.7800
     631      28.4174
     632      27.8566
     633      28.0258
     634      27.0627
     635      27.5558
     636      27.5074
     637      28.9399
     638      29.0227
     639      28.2986
     640      27.5418
     641      28.2226
     642      27.7385
     643      27.9227
     644      27.3886
     645      27.4865
     646      28.3651
     647      28.1552
     648      28.2360
     649      27.6343
     650      27.6204
     651      27.6760
     652      27.4312
     653      27.2720
     654      27.2957
     655      27.8656
     656      28.5321
     657      26.9557
     658      28.0916
     659      28.8613
     660      28.9094
     661      29.3897
     662      29.2934
     663      28.6489
     664      29.0476
     665      29.0854
     666      29.2862
     667      28.6900
     668      28.2410
     669      29.4896
     670      28.9257
     671      29.2658
     672      28.3765
     673      28.5177
     674      29.0997
     675      29.5706
     676      28.3293
     677      29.0536
     678      29.4666
     679      29.3357
     680      28.6543
     681      29.2744
     682      29.4151
     683      28.8293
     684      29.3918
     685      29.4226
     686      29.1211
     687      28.8433
     688      28.6386
     689      27.5768
     690      27.9619
     691      27.7231
     692      28.6066
     693      28.7963
     694      28.9077
     695      28.9842
     696      28.4931
     697      28.1831
     698      29.0069
     699      28.9506
     700      28.5091
     701      28.5646
     702      28.3404
     703      29.3752
     704      29.3896
     705      28.6745
     706      28.8184
     707      28.7931
     708      28.8980
     709      28.8255
     710      28.9965
     711      28.5414
     712      28.5396
     713      28.8300
     714      29.5960
     715      28.0002
     716      28.2729
     717      28.2802
     718      28.1062
     719      28.2385
     720      29.2154
     721      28.6646
     722      29.4194
     723      29.3344
     724      29.1846
     725      28.3413
     726      28.7836
     727      28.3150
     728      28.9408
     729      28.3723
     730      28.9719
     731      28.5964
     732      29.2475
     733      28.7951
     734      28.0342
     735      29.2195
     736      28.6136
     737      29.4003
     738      28.8136
     739      28.9715
     740      28.9791
     741      28.2395
     742      28.9946
     743      28.4844
     744      28.3119
     745      28.2993
     746      28.7021
     747      28.4006
     748      28.9191
     749      28.0741
     750      28.0468
     751      28.5659
     752      27.9990
     753      27.2105
     754      27.2749
     755      27.2667
     756      27.2213
     757      27.1187
     758      27.9570
     759      26.6345
     760      26.6994
     761      27.5528
     762      27.2488
     763      27.0154
     764      27.2926
     765      27.6677
     766      27.6561
     767      27.9070
     768      27.2441
     769      27.3676
     770      27.0227
     771      27.5533
     772      27.7531
     773      28.0810
     774      28.2412
     775      28.2254
     776      27.6566
     777      28.5249
     778      28.9105
     779      29.0561
     780      28.5046
     781      28.1752
     782      28.4018
     783      28.2066
     784      28.2474
     785      28.5125
     786      28.8464
     787      28.8491
     788      28.6974
     789      27.9779
     790      27.6387
     791      28.1999
     792      28.2230
     793      28.2625
     794      27.9215
     795      28.0913
     796      28.6958
     797      29.2371
     798      28.8460
     799      28.6248
     800      28.2319
     801      28.9985
     802      29.1876
     803      28.6307
     804      27.9176
     805      28.1676
     806      27.5105
     807      28.2546
     808      27.7272
     809      27.4799
     810      28.8162
     811      27.2991
     812      26.0894
     813      27.0811
     814      27.3230
     815      27.7495
     816      27.4078
     817      26.7291
     818      27.1507
     819      26.7062
     820      26.6313
     821      26.1666
     822      26.5145
     823      26.1903
     824      26.3790
     825      26.7733
     826      26.4204
     827      26.6362
     828      26.8482
     829      27.4863
     830      27.2105
     831      26.9137
     832      27.5087
     833      27.6989
     834      27.5750
     835      27.3978
     836      28.6952
     837      28.6810
     838      28.1919
     839      28.8944
     840      28.8071
     841      28.4429
     842      28.7751
     843      27.8811
     844      27.0397
     845      26.8928
     846      26.8832
     847      28.5314
     848      28.0997
     849      27.4737
     850      27.4943
     851      26.6490
     852      26.2525
     853      26.9278
     854      26.6077
     855      27.1157
     856      26.4508
     857      26.7048
     858      26.5167
     859      26.1234
     860      26.0548
     861      27.1832
     862      26.9716
     863      25.6010
     864      26.2778
     865      26.8064
     866      27.3879
     867      27.0530
     868      27.2271
     869      27.3962
     870      27.5272
     871      27.3781
     872      27.3993
     873      27.0472
     874      26.7250
     875      27.2154
     876      27.9649
     877      26.8988
     878      27.1664
     879      27.6997
     880      27.8746
     881      27.6140
     882      26.5837
     883      27.5967
     884      28.2286
     885      28.6296
     886      28.3309
     887      28.4034
     888      28.2783
     889      28.6588
     890      28.4085
     891      28.4171
     892      28.7062
     893      29.2632
     894      28.1628
     895      28.4952
     896      28.1813
     897      28.3011
     898      28.7691
     899      29.3856
     900      29.1266
     901      29.0469
     902      29.5301
     903      29.6872
     904      29.4450
     905      29.8361
     906      30.0245
     907      29.3439
     908      29.9114
     909      29.3371
     910      29.8436
     911      30.3602
     912      28.6262
     913      29.1652
     914      29.1041
     915      28.5921
     916      29.9297
     917      28.5324
     918      28.3808
     919      28.1182
     920      29.3360
     921      28.2032
     922      28.5856
     923      28.6059
     924      28.0759
     925      27.1630
     926      27.8024
     927      28.2581
     928      28.2926
     929      28.3240
     930      27.6498
     931      28.0239
     932      28.6044
     933      29.9650
     934      28.3815
     935      28.9975
     936      29.3801
     937      28.9306
     938      28.5567
     939      29.1611
     940      28.9241
     941      27.9168
     942      27.5784
     943      27.6898
     944      28.3656
     945      28.7915
     946      28.6902
     947      27.8025
     948      28.1428
     949      28.0309
     950      27.9174
     951      27.4053
     952      28.0775
     953      27.8384
     954      27.7305
     955      28.1447
     956      28.3255
     957      28.1028
     958      28.0104
     959      28.0136
     960      28.8204
     961      28.0212
     962      27.6978
     963      27.7069
     964      27.5587
     965      28.1853
     966      27.7714
     967      28.0784
     968      27.3477
     969      28.2489
     970      27.2997
     971      27.2757
     972      26.6785
     973      26.9200
     974      27.7654
     975      27.8670
     976      28.2020
     977      28.2666
     978      28.3147
     979      27.1439
     980      27.9094
     981      28.4564
     982      28.1398
     983      28.1514
     984      28.6475
     985      28.7523
     986      27.9170
     987      28.2925
     988      28.1208
     989      27.9164
     990      28.4383
     991      28.6533
     992      28.6918
     993      28.1097
     994      28.8272
     995      28.3753
     996      27.6637
     997      27.9086
     998      27.6735
     999      27.7018
    1000      27.4681
    1001      28.0931
    1002      27.5145
    1003      27.2649
    1004      27.3460
    1005      28.0640
    1006      28.1006
    1007      28.3126
    1008      28.0299
    1009      28.4952
    1010      28.6778
    1011      28.5095
    1012      28.0327
    1013      28.1910
    1014      28.6083
    1015      28.1343
    1016      27.7212
    1017      28.0139
    1018      28.9997
    1019      28.5380
    1020      27.4034
    1021      27.5879
    1022      27.8071
    1023      28.0897
    1024      27.3571
    1025      27.2793
    1026      26.8587
    1027      27.7385
    1028      28.4098
    1029      29.4716
    1030      30.2023
    1031      29.7904
    1032      28.5833
    1033      27.4145
    1034      27.7467
    1035      28.7508
    1036      29.4735
    1037      28.1321
    1038      28.6160
    1039      29.1665
    1040      28.7085
    1041      29.9640
    1042      28.7186
    1043      28.7133
    1044      29.0179
    1045      30.1057
    1046      29.5387
    1047      29.1531
    1048      28.4347
    1049      28.0348
    1050      27.9089
    1051      27.7375
    1052      27.8632
    1053      28.5443
    1054      26.7496
    1055      26.8009
    1056      27.1184
    1057      27.1439
    1058      27.0775
    1059      26.7122
    1060      26.9314
    1061      27.2849
    1062      27.6902
    1063      27.4864
    1064      28.6499
    1065      28.6238
    1066      28.4857
    1067      28.5603
    1068      28.4026
    1069      29.1860
    1070      29.0952
    1071      27.8603
    1072      27.7929
    1073      28.0561
    1074      27.3897
    1075      28.2501
    1076      27.2802
    1077      26.8529
    1078      27.2843
    1079      27.7152
    1080      27.8525
    1081      27.6072
    1082      27.5471
    1083      28.6113
    1084      27.7199
    1085      27.7027
    1086      27.4971
    1087      28.1000
    1088      27.9507
    1089      27.4980
    1090      27.5919
    1091      27.4960
    1092      26.7425
    1093      26.7611
    1094      27.2776
    1095      27.5526
    1096      27.2822
    1097      27.4972
    1098      27.9175
    1099      27.3323
    1100      27.1655
    1101      26.9906
    1102      27.5764
    1103      27.2259
    1104      27.9284
    1105      27.5824
    1106      27.8711
    1107      28.1060
    1108      27.8991
    1109      27.9517
    1110      27.8003
    1111      27.8689
    1112      28.1863
    1113      28.6260
    1114      28.6928
    1115      28.6277
    1116      28.4974
    1117      28.9258
    1118      28.2149
    1119      28.1149
    1120      27.4249
    1121      27.2502
    1122      27.4020
    1123      27.6244
    1124      26.4048
    1125      26.5885
    1126      26.8447
    1127      27.8781
    1128      27.8391
    1129      27.3674
    1130      27.1601
    1131      26.7555
    1132      26.7575
    1133      27.0018
    1134      28.0153
    1135      28.6104
    1136      28.1828
    1137      28.3923
    1138      28.2186
    1139      28.4795
    1140      27.7712
    1141      27.6981
    1142      27.7268
    1143      27.8675
    1144      28.9022
    1145      28.7596
    1146      28.5622
    1147      28.3818
    1148      28.2770
    1149      27.5242
    1150      28.0092
    1151      28.2936
    1152      28.1492
    1153      27.3075
    1154      27.5190
    1155      27.1784
    1156      27.1443
    1157      27.6100
    1158      26.5616
    1159      26.6073
    1160      27.5070
    1161      28.3294
    1162      27.1894
    1163      27.3775
    1164      27.0910
    1165      26.6300
    1166      27.3212
    1167      27.6166
    1168      27.2362
    1169      26.9573
    1170      26.5031
    1171      26.7195
    1172      27.4538
    1173      26.9057
    1174      26.8182
    1175      24.9265
    1176      25.6488
    1177      25.5377
    1178      25.4623
    1179      25.4749
    1180      26.3230
    1181      26.9487
    1182      26.5504
    1183      27.0213
    1184      27.1555
    1185      27.7010
    1186      27.7580
    1187      27.8489
    1188      27.5822
    1189      27.8507
    1190      27.8679
    1191      28.2422
    1192      29.2477
    1193      28.9046
    1194      28.2945
    1195      28.5438
    1196      28.4087
    1197      28.8999
    1198      29.0380
    1199      29.3304
    1200      28.7905
    1201      29.6693
    1202      29.1660
    1203      29.2686
    1204      28.8005
    1205      28.1534
    1206      28.3959
    1207      28.0106
    1208      28.2867
    1209      28.7351
    1210      28.7328
    1211      28.4517
    1212      28.9945
    1213      29.2259
    1214      29.0216
    1215      28.2655
    1216      28.3344
    1217      28.4117
    1218      28.9368
    1219      28.9190
    1220      29.0035
    1221      28.8076
    1222      29.0292
    1223      29.1990
    1224      29.1583
    1225      29.4667
    1226      29.3494
    1227      29.2357
    1228      29.5252
    1229      29.4949
    1230      28.7816
    1231      28.4816
    1232      28.4832
    1233      28.3204
    1234      28.3575
    1235      28.2956
    1236      28.6315
    1237      28.2716
    1238      28.5331
    1239      28.5060
    1240      27.8409
    1241      28.1912
    1242      28.5033
    1243      28.5118
    1244      28.9618
    1245      28.2900
    1246      28.7690
    1247      28.7571
    1248      29.0119
    1249      29.2618
    1250      29.7687
    1251      29.9503
    1252      29.3857
    1253      29.5900
    1254      29.2458
    1255      29.6022
    1256      29.5387
    1257      29.2932
    1258      29.0279
    1259      29.3470
    1260      29.0624
    1261      29.1499
    1262      28.9370
    1263      29.1098
    1264      28.4818
    1265      29.8276
    1266      29.2314
    1267      28.3328
    1268      29.4169
    1269      28.4169
    1270      28.9600
    1271      28.4659
    1272      28.5405
    1273      27.6769
    1274      28.2899
    1275      27.6524
    1276      27.7501
    1277      27.2369
    1278      27.0878
    1279      27.5393
    1280      27.1243
    1281      26.4311
    1282      27.3805
    1283      27.1460
    1284      27.1371
    1285      26.9116
    1286      27.6195
    1287      26.5954
    1288      27.4162
    1289      27.9007
    1290      27.1936
    1291      27.8635
    1292      26.5287
    1293      27.4716
    1294      27.5190
    1295      27.5049
    1296      27.3297
    1297      27.5455
    1298      28.0849
    1299      28.4935
    1300      28.6758
    1301      28.3590
    1302      28.2722
    1303      28.2064
    1304      27.7534
    1305      27.9837
    1306      28.0928
    1307      27.4743
    1308      26.8960
    1309      27.3229
    1310      27.2504
    1311      27.1192
    1312      27.5916
    1313      27.9735
    1314      28.7531
    1315      28.3003
    1316      28.4162
    1317      28.1931
    1318      28.2933
    1319      28.9287
    1320      27.9576
    1321      27.8825
    1322      27.4653
    1323      27.7381
    1324      27.7127
    1325      28.2028
    1326      27.8323
    1327      28.0776
    1328      26.8392
    1329      26.6399
    1330      26.3796
    1331      26.4470
    1332      26.5127
    1333      26.9320
    1334      26.8166
    1335      27.0984
    1336      26.0106
    1337      26.5183
    1338      26.6459
    1339      25.8911
    1340      27.5977
    1341      27.9292
    1342      27.8563
    1343      28.5899
    1344      28.3215
    1345      27.5292
    1346      27.6619
    1347      27.3493
    1348      27.0027
    1349      27.0952
    1350      27.6228
    1351      26.8298
    1352      27.7611
    1353      27.0599
    1354      27.2504
    1355      26.9886
    1356      27.7250
    1357      27.5643
    1358      27.3796
    1359      27.4090
    1360      27.4091
    1361      27.2283
    1362      27.4441
    1363      27.4834
    1364      28.3491
    1365      27.7262
    1366      27.6718
    1367      26.9687
    1368      27.3222
    1369      26.6958
    1370      26.3380
    1371      26.6537
    1372      26.8789
    1373      27.3462
    1374      27.3576
    1375      27.6657
    1376      26.5318
    1377      27.1779
    1378      28.4697
    1379      27.8299
    1380      28.0611
    1381      27.8477
    1382      28.4187
    1383      28.7163
    1384      28.5060
    1385      28.6863
    1386      29.5095
    1387      28.4770
    1388      28.9011
    1389      28.4473
    1390      28.4659
    1391      28.4439
    1392      27.9077
    1393      28.2692
    1394      28.9408
    1395      27.9400
    1396      27.0801
    1397      27.5361
    1398      26.9616
    1399      28.0362
    1400      27.3746
    1401      27.7158
    1402      27.7909
    1403      27.7326
    1404      28.5869
    1405      27.8573
    1406      27.3982
    1407      27.4966
    1408      28.9601
    1409      27.8000
    1410      27.6115
    1411      28.1406
    1412      27.5534
    1413      27.5177
    1414      27.7154
    1415      28.6873
    1416      28.2973
    1417      29.0066
    1418      29.8550
    1419      29.4240
    1420      29.6467
    1421      29.6425
    1422      28.4276
    1423      28.4486
    1424      27.9944
    1425      28.9743
    1426      28.1133
    1427      28.6186
    1428      28.1452
    1429      27.6719
    1430      28.4553
    1431      28.3841
    1432      28.4658
    1433      28.7246
    1434      28.5165
    1435      28.1062
    1436      27.8865
    1437      27.7949
    1438      27.8486
    1439      27.6999
    1440      28.9434
    1441      27.1944
    1442      28.5137
    1443      28.1277
    1444      28.3124
    1445      28.6218
    1446      28.2379
    1447      28.0977
    1448      27.3540
    1449      27.0931
    1450      27.5964
    1451      27.2562
    1452      27.0878
    1453      27.6764
    1454      28.1459
    1455      28.3722
    1456      28.5301
    1457      27.4053
    1458      27.2079
    1459      27.2926
    1460      27.5674
    1461      26.6493
    1462      26.8598
    1463      27.2818
    1464      28.0779
    1465      28.3260
    1466      28.3125
    1467      28.7758
    1468      29.0881
    1469      28.5785
    1470      27.3909
    1471      27.1456
    1472      27.4309
    1473      28.1731
    1474      28.2024
    1475      27.7206
    1476      27.3330
    1477      28.4336
    1478      27.3535
    1479      27.7246
    1480      27.2863
    1481      27.4529
    1482      27.3098
    1483      27.2646
    1484      27.1047
    1485      27.0177
    1486      27.1669
    1487      28.4530
    1488      28.1820
    1489      27.4619
    1490      27.5178
    1491      29.3850
    1492      28.6268
    1493      29.1548
    1494      28.2534
    1495      27.8932
    1496      27.1333
    1497      28.1631
    1498      28.3648
    1499      28.4298
    1500      28.3817
    1501      28.6178
    1502      28.6458
    1503      29.0535
    1504      28.5176
    1505      28.0925
    1506      28.6029
    1507      29.4461
    1508      28.3381
    1509      28.4226
    1510      28.5397
    1511      28.6962
    1512      29.0337
    1513      28.9719
    1514      29.9329
    1515      29.9461
    1516      29.2393
    1517      29.1138
    1518      29.6033
    1519      29.8307
    1520      29.3064
    1521      29.6600
    1522      29.7579
    1523      29.2292
    1524      29.4568
    1525      29.2728
    1526      29.1783
    1527      29.0327
    1528      28.8880
    1529      29.1566
    1530      29.2355
    1531      28.8312
    1532      29.9656
    1533      29.6289
    1534      29.7237
    1535      29.8128
    1536      29.6927
    1537      29.7012
    1538      29.4745
    1539      29.5671
    1540      29.2768
    1541      29.0646
    1542      29.6579
    1543      29.0474
    1544      28.9410
    1545      27.9617
    1546      27.7389
    1547      28.4422
    1548      27.0453
    1549      27.9211
    1550      27.9151
    1551      28.1487
    1552      27.4755
    1553      29.0032
    1554      28.4787
    1555      27.7823
    1556      27.4532
    1557      27.6631
    1558      27.0961
    1559      26.7980
    1560      27.2731
    1561      27.8271
    1562      27.6817
    1563      27.6946
    1564      28.0404
    1565      28.0177
    1566      27.9794
    1567      26.8983
    1568      27.9179
    1569      27.4925
    1570      28.5152
    1571      28.5904
    1572      28.3519
    1573      28.4479
    1574      28.1462
    1575      28.2285
    1576      28.7778
    1577      28.8794
    1578      28.9588
    1579      28.2457
    1580      28.0634
    1581      28.2446
    1582      28.3309
    1583      28.0181
    1584      28.0924
    1585      28.1419
    1586      28.6620
    1587      28.3944
    1588      28.8425
    1589      29.1275
    1590      29.2432
    1591      29.5996
    1592      30.2163
    1593      29.8709
    1594      30.2998
    1595      29.7881
    1596      29.8300
    1597      30.0765
    1598      29.6016
    1599      29.5022
    1600      29.8889
    1601      29.8872
    1602      28.9412
    1603      29.3515
    1604      29.0409
    1605      29.1685
    1606      29.5501
    1607      29.9630
    1608      29.8165
    1609      29.1047
    1610      28.1466
    1611      28.3576
    1612      29.0462
    1613      29.4995
    1614      28.6007
    1615      28.8215
    1616      28.9624
    1617      29.0888
    1618      28.8884
    1619      29.0189
    1620      28.5077
    1621      29.1075
    1622      29.0141
    1623      28.6740
    1624      28.4781
    1625      29.3423
    1626      29.6153
    1627      29.3906
    1628      29.5766
    1629      29.9365
    1630      29.8088
    1631      29.6701
    1632      29.5073
    1633      29.3993
    1634      30.4277
    1635      30.4054
    1636      29.5078
    1637      29.7976
    1638      29.4670
    1639      28.9226
    1640      29.5770
    1641      29.3897
    1642      29.8503
    1643      29.3994
    1644      29.5578
    1645      28.9865
    1646      28.2229
    1647      28.5157
    1648      28.8547
    1649      29.3910
    1650      30.4785
    1651      29.3842
    1652      28.2280
    1653      27.6866
    1654      28.2128
    1655      28.5520
    1656      28.5047
    1657      29.0750
    1658      28.8225
    1659      28.9855
    1660      29.0054
    1661      28.3706
    1662      29.4970
    1663      29.2841
    1664      29.6056
    1665      30.4712
    1666      30.1136
    1667      29.3480
    1668      29.9454
    1669      29.6090
    1670      29.5439
    1671      28.9618
    1672      28.8219
    1673      28.0109
    1674      28.1362
    1675      28.1270
    1676      28.9569
    1677      28.4507
    1678      27.8430
    1679      27.9467
    1680      28.1817
    1681      28.4614
    1682      29.2227
    1683      27.6690
    1684      28.5558
    1685      28.7330
    1686      28.6592
    1687      28.9944
    1688      28.6692
    1689      28.2378
    1690      28.8731
    1691      29.2206
    1692      28.4104
    1693      28.0819
    1694      27.5294
    1695      26.9111
    1696      27.2123
    1697      27.4991
    1698      28.6762
    1699      28.1314
    1700      28.9131
    1701      28.7049
    1702      28.2704
    1703      28.5970
    1704      28.1055
    1705      27.5960
    1706      27.6447
    1707      27.0880
    1708      26.4545
    1709      26.6473
    1710      26.3372
    1711      26.1676
    1712      26.3751
    1713      26.0963
    1714      26.6534
    1715      27.4662
    1716      27.4421
    1717      26.3699
    1718      26.9124
    1719      26.4398
    1720      26.4393
    1721      26.6982
    1722      26.6440
    1723      25.9179
    1724      26.1911
    1725      25.7089
    1726      25.8025
    1727      25.4298
    1728      24.9515
    1729      26.0367
    1730      26.3530
    1731      26.4764
    1732      26.2944
    1733      27.1580
    1734      27.0751
    1735      27.6591
    1736      28.0712
    1737      27.7162
    1738      26.7699
    1739      26.6535
    1740      27.4096
    1741      25.9093
    1742      26.1580
    1743      26.0231
    1744      26.9171
    1745      26.5673
    1746      27.1268
    1747      26.7780
    1748      27.1607
    1749      27.1939
    1750      27.5626
    1751      27.4027
    1752      28.2799
    1753      28.0879
    1754      27.6088
    1755      26.7633
    1756      26.4082
    1757      26.5807
    1758      26.7641
    1759      25.8116
    1760      26.5613
    1761      25.9015
    1762      26.4514
    1763      27.2677
    1764      27.1276
    1765      27.2339
    1766      26.8109
    1767      26.9998
    1768      27.4505
    1769      26.8979
    1770      26.7711
    1771      26.5716
    1772      27.0590
    1773      25.8879
    1774      26.9623
    1775      28.1038
    1776      27.5215
    1777      27.0415
    1778      27.7186
    1779      26.3416
    1780      27.6390
    1781      27.1557
    1782      27.9843
    1783      27.4935
    1784      27.5975
    1785      27.4382
    1786      27.4107
    1787      26.8620
    1788      27.2388
    1789      27.1773
    1790      27.4628
    1791      28.1970
    1792      27.5153
    1793      27.0285
    1794      27.1250
    1795      27.0891
    1796      27.1822
    1797      27.7560
    1798      27.5935
    1799      27.7308
    1800      26.9460
    1801      27.2356
    1802      27.2392
    1803      27.0795
    1804      27.2019
    1805      25.9909
    1806      27.1862
    1807      27.5080
    1808      27.5805
    1809      28.7364
    1810      28.1975
    1811      28.0845
    1812      28.4035
    1813      28.4564
    1814      27.5495
    1815      27.9007
    1816      27.0713
    1817      26.6254
    1818      27.1059
    1819      27.1618
    1820      27.3896
    1821      27.2679
    1822      27.7254
    1823      27.9986
    1824      28.8302
    1825      28.7060
    1826      28.5980
    1827      28.5098
    1828      28.2002
    1829      28.3326
    1830      28.3928
    1831      27.7003
    1832      28.4997
    1833      29.5355
    1834      28.5862
    1835      27.3562
    1836      27.7076
    1837      27.6136
    1838      27.9852
    1839      28.0020
    1840      28.1283
    1841      28.5259
    1842      27.6523
    1843      27.7074
    1844      28.2943
    1845      27.3717
    1846      27.2516
    1847      26.7295
    1848      27.4728
    1849      27.8394
    1850      27.8939
    1851      27.8916
    1852      27.4188
    1853      27.0327
    1854      26.8086
    1855      27.5051
    1856      27.4748
    1857      26.9931
    1858      27.3606
    1859      27.8414
    1860      26.9148
    1861      26.6594
    1862      27.6363
    1863      27.0909
    1864      27.5619
    1865      27.8582
    1866      27.3847
    1867      26.4298
    1868      27.2836
    1869      27.3849
    1870      27.4262
    1871      26.7038
    1872      26.4962
    1873      26.5734
    1874      26.0755
    1875      26.1994
    1876      25.9413
    1877      26.2934
    1878      26.1997
    1879      26.1011
    1880      26.0676
    1881      26.8944
    1882      27.4136
    1883      27.6919
    1884      27.6800
    1885      27.8043
    1886      27.4222
    1887      27.8391
    1888      28.1717
    1889      28.0533
    1890      28.5033
    1891      27.3703
    1892      26.7199
    1893      28.2069
    1894      27.5781
    1895      27.6688
    1896      27.5322
    1897      27.2328
    1898      27.0135
    1899      26.9043
    1900      26.9923
    1901      26.6704
    1902      27.2840
    1903      26.5762
    1904      26.4154
    1905      26.9988
    1906      26.9399
    1907      26.5588
    1908      28.8881
    1909      28.9248
    1910      27.8160
    1911      28.5722
    1912      28.7246
    1913      28.6930
    1914      29.5236
    1915      27.8749
    1916      27.3660
    1917      28.0050
    1918      29.0032
    1919      28.5344
    1920      28.3952
    1921      28.4201
    1922      28.9209
    1923      28.7061
    1924      27.7442
    1925      28.4512
    1926      29.0735
    1927      28.8398
    1928      29.1961
    1929      28.7360
    1930      28.7909
    1931      28.2679
    1932      28.1763
    1933      27.6404
    1934      27.1557
    1935      26.6818
    1936      26.9352
    1937      28.9428
    1938      29.1882
    1939      28.5585
    1940      28.9348
    1941      27.7012
    1942      27.5765
    1943      28.3489
    1944      27.4417
    1945      27.0041
    1946      27.7821
    1947      28.2496
    1948      28.5504
    1949      29.0778
    1950      29.0972
    1951      29.3442
    1952      28.8426
    1953      29.3362
    1954      29.1321
    1955      28.8709
    1956      29.2533
    1957      29.6907
    1958      30.1325
    1959      29.6006
    1960      29.1268
    1961      29.6524
    1962      28.6900
    1963      28.4729
    1964      27.7658
    1965      27.1130
    1966      27.2644
    1967      27.5604
    1968      27.9544
    1969      28.0455
    1970      27.9421
    1971      28.1571
    1972      28.4111
    1973      28.8251
    1974      27.3935
    1975      27.2632
    1976      27.6226
    1977      27.4084
    1978      26.8011
    1979      27.2435
    1980      27.2987
    1981      26.5606
    1982      27.5911
    1983      28.5372
    1984      27.1770
    1985      27.1623
    1986      26.5771
    1987      26.7782
    1988      26.5342
    1989      26.9472
    1990      26.5108
    1991      26.9090
    1992      27.0657
    1993      26.8280
    1994      26.9120
    1995      27.1896
    1996      26.7429
    1997      27.0688
    1998      26.6000
    1999      26.4122
    2000      26.9100
    2001      26.9988
    2002      26.7584
    2003      27.3382
    2004      27.3298
    2005      26.7065
    2006      26.7884
    2007      26.4330
    2008      26.7386
    2009      26.2479
    2010      25.7908
    2011      26.3917
    2012      27.5389
    2013      27.7296
    2014      26.4828
    2015      27.4649
    2016      27.6715
    2017      27.6339
    2018      28.0719
    2019      26.7501
    2020      27.1726
    2021      27.3748
    2022      26.4101
    2023      27.8706
    2024      27.5921
    2025      27.3508
    2026      27.4687
    2027      26.8814
    2028      26.4438
    2029      27.0626
    2030      27.9909
    2031      27.2779
    2032      27.5271
    2033      27.4206
    2034      26.8497
    2035      26.9783
    2036      27.4325
    2037      27.4903
    2038      27.2705
    2039      27.1782
    2040      27.4082
    2041      28.2080
    2042      27.7945
    2043      28.1347
    2044      27.8339
    2045      27.2697
    2046      28.1880
    2047      28.4832
    2048      29.1633
    2049      27.7568
    2050      28.1565
    2051      28.3808
    2052      29.2003
    2053      30.1185
    2054      28.7739
    2055      29.0684
    2056      29.0046
    2057      28.5297
    2058      28.8051
    2059      28.8059
    2060      28.8286
    2061      28.8977
    2062      28.7432
    2063      28.6773
    2064      28.3715
    2065      27.8243
    2066      27.7282
    2067      27.6594
    2068      27.9326
    2069      28.2308
    2070      28.2463
    2071      28.3353
    2072      28.2790
    2073      27.9072
    2074      28.2072
    2075      28.8755
    2076      28.6386
    2077      28.4769
    2078      28.2595
    2079      27.9105
    2080      28.2256
    2081      28.3902
    2082      28.4033
    2083      28.6239
    2084      28.5436
    2085      28.4867
    2086      28.1305
    2087      28.5514
    2088      28.2059
    2089      28.0091
    2090      27.5983
    2091      27.7695
    2092      27.5267
    2093      28.4043
    2094      27.8565
    2095      27.9517
    2096      28.1382
    2097      28.1112
    2098      28.1905
    2099      28.0225
    2100      28.4383
    2101      28.3531
    2102      28.3600
    2103      28.2034
    2104      29.3364
    2105      28.4082
    2106      27.6514
    2107      28.9953
    2108      29.0103
    2109      29.4490
    2110      28.7591
    2111      29.0414
    2112      29.2674
    2113      28.5948
    2114      28.2896
    2115      28.2669
    2116      28.4572
    2117      28.4056
    2118      28.7396
    2119      28.7222
    2120      27.6706
    2121      28.2628
    2122      28.3764
    2123      27.9547
    2124      27.8233
    2125      28.3279
    2126      27.9959
    2127      27.8586
    2128      28.3821
    2129      28.0986
    2130      27.5383
    2131      27.4787
    2132      27.3576
    2133      27.5232
    2134      27.2604
    2135      27.2198
    2136      27.1834
    2137      27.0860
    2138      27.9828
    2139      27.6108
    2140      27.6080
    2141      27.3338
    2142      28.0888
    2143      28.4771
    2144      28.8470
    2145      29.4849
    2146      27.9885
    2147      28.6235
    2148      27.8837
    2149      28.1682
    2150      28.3457
    2151      28.5832
    2152      28.7032
    2153      28.3848
    2154      28.3296
    2155      28.8215
    2156      28.8033
    2157      29.3728
    2158      28.9402
    2159      28.9859
    2160      28.4688
    2161      28.5497
    2162      28.6205
    2163      27.9969
    2164      27.8376
    2165      28.3277
    2166      28.2745
    2167      28.3156
    2168      28.5093
    2169      28.0289
    2170      28.1851
    2171      28.2623
    2172      28.2973
    2173      28.2547
    2174      27.9984
    2175      28.3110
    2176      28.4443
    2177      28.4178
    2178      28.4792
    2179      29.4815
    2180      29.3488
    2181      29.5168
    2182      29.6397
    2183      29.9097
    2184      29.0292
    2185      29.4475
    2186      29.2621
    2187      29.8491
    2188      29.5692
    2189      29.6011
    2190      29.3823
    2191      29.3271
    2192      28.7096
    2193      28.7249
    2194      28.8977
    2195      28.1174
    2196      28.7021
    2197      28.3648
    2198      28.4477
    2199      28.4647
    2200      28.4615
    2201      27.9531
    2202      28.1929
    2203      27.2198
    2204      27.6936
    2205      28.1446
    2206      28.5044
    2207      28.6296
    2208      28.4102
    2209      28.0249
    2210      27.7809
    2211      27.9635
    2212      28.8643
    2213      28.4514
    2214      28.4194
    2215      27.6344
    2216      27.9919
    2217      28.7628
    2218      29.0004
    2219      28.0009
    2220      28.1407
    2221      28.3672
    2222      28.6985
    2223      27.9213
    2224      27.9349
    2225      28.1651
    2226      27.9723
    2227      27.6755
    2228      28.1641
    2229      28.8134
    2230      28.5648
    2231      29.0670
    2232      28.9508
    2233      28.9788
    2234      28.6058
    2235      28.2012
    2236      28.0347
    2237      28.8144
    2238      28.0059
    2239      27.7333
    2240      27.1095
    2241      26.7186
    2242      28.0836
    2243      27.5219
    2244      27.7533
    2245      27.7384
    2246      27.7948
    2247      28.1205
    2248      27.8437
    2249      28.2121
    2250      28.4675
    2251      28.5632
    2252      28.5613
    2253      27.8166
    2254      27.7996
    2255      27.6821
    2256      27.3399
    2257      27.0223
    2258      28.0702
    2259      29.5173
    2260      28.8978
    2261      28.8860
    2262      28.3774
    2263      29.0199
    2264      28.7595
    2265      30.0483
    2266      28.1891
    2267      28.6773
    2268      29.6462
    2269      29.2896
    2270      27.6824
    2271      27.3966
    2272      27.8506
    2273      27.7899
    2274      27.6264
    2275      27.2632
    2276      27.3084
    2277      27.4519
    2278      27.4007
    2279      27.2267
    2280      26.8981
    2281      26.8850
    2282      27.3287
    2283      27.2848
    2284      27.5156
    2285      28.7620
    2286      27.9155
    2287      28.6599
    2288      28.8429
    2289      28.2446
    2290      27.7405
    2291      28.4802
    2292      27.8038
    2293      26.3163
    2294      27.3219
    2295      27.5663
    2296      28.0072
    2297      26.5333
    2298      27.7804
    2299      28.3284
    2300      28.2258
    2301      27.9737
    2302      27.9971
    2303      27.8176
    2304      27.8055
    2305      28.4364
    2306      28.3823
    2307      28.6562
    2308      27.8533
    2309      28.4213
    2310      27.8807
    2311      28.0803
    2312      28.0304
    2313      27.7968
    2314      28.7090
    2315      28.3776
    2316      28.4094
    2317      28.8151
    2318      28.5027
    2319      28.6084
    2320      28.1426
    2321      27.1725
    2322      27.9446
    2323      28.3277
    2324      27.4221
    2325      27.4281
    2326      27.5754
    2327      28.1419
    2328      26.8538
    2329      27.8868
    2330      27.4378
    2331      26.3116
    2332      26.3541
    2333      26.9670
    2334      27.3104
    2335      27.1309
    2336      27.7079
    2337      27.9148
    2338      27.4733
    2339      26.4378
    2340      25.4627
    2341      26.0657
    2342      26.0313
    2343      26.5125
    2344      25.7943
    2345      26.4580
    2346      26.8043
    2347      27.5713
    2348      28.1587
    2349      28.4758
    2350      27.8182
    2351      27.8232
    2352      27.6625
    2353      27.4912
    2354      27.4532
    2355      27.3488
    2356      28.3956
    2357      27.9717
    2358      28.3901
    2359      27.6296
    2360      27.2386
    2361      27.8120
    2362      28.0932
    2363      27.6905
    2364      28.0036
    2365      27.7860
    2366      28.8249
    2367      29.1550
    2368      27.8188
    2369      27.4362
    2370      28.1957
    2371      27.5051
    2372      27.5490
    2373      27.5009
    2374      28.2393
    2375      28.1592
    2376      28.0178
    2377      28.0336
    2378      27.5168
    2379      28.0788
    2380      27.9201
    2381      27.8418
    2382      28.2996
    2383      27.8459
    2384      28.8519
    2385      28.3152
    2386      28.6089
    2387      28.6215
    2388      28.1851
    2389      27.8960
    2390      27.9475
    2391      27.3705
    2392      27.3206
    2393      27.4728
    2394      28.1361
    2395      28.5739
    2396      28.0319
    2397      28.2456
    2398      28.7182
    2399      28.6278
    2400      28.6908
    2401      28.7122
    2402      29.4233
    2403      28.2155
    2404      29.3179
    2405      29.7696
    2406      29.2372
    2407      28.6684
    2408      28.0182
    2409      29.0761
    2410      28.8587
    2411      28.3861
    2412      29.2326
    2413      29.4261
    2414      29.0541
    2415      29.0606
    2416      29.1048
    2417      29.4358
    2418      29.5904
    2419      29.5450
    2420      28.7612
    2421      29.8516
    2422      29.9364
    2423      29.3963
    2424      29.7733
    2425      30.0651
    2426      29.6385
    2427      29.8901
    2428      30.3195
    2429      29.9808
    2430      30.0066
    2431      30.5727
    2432      29.3939
    2433      29.3017
    2434      28.5785
    2435      28.5734
    2436      28.5656
    2437      28.1531
    2438      28.3842
    2439      29.0887
    2440      28.7882
    2441      28.0189
    2442      29.6565
    2443      29.2356
    2444      28.8665
    2445      29.0054
    2446      28.7213
    2447      28.4263
    2448      28.0989
    2449      28.2135
    2450      28.0071
    2451      27.8435
    2452      27.4245
    2453      26.5521
    2454      26.8184
    2455      26.9779
    2456      27.5529
    2457      27.2859
    2458      27.3111
    2459      27.2850
    2460      27.5292
    2461      27.9648
    2462      28.5372
    2463      28.3759
    2464      28.6770
    2465      28.4865
    2466      28.3738
    2467      28.3215
    2468      28.3597
    2469      28.7312
    2470      29.0693
    2471      28.7734
    2472      28.2805
    2473      28.3849
    2474      28.2165
    2475      28.3992
    2476      28.7424
    2477      28.5418
    2478      28.2634
    2479      28.5241
    2480      28.2694
    2481      27.9134
    2482      28.0752
    2483      28.0211
    2484      28.5854
    2485      28.3722
    2486      27.7310
    2487      28.0908
    2488      28.0271
    2489      28.1616
    2490      27.1081
    2491      27.7787
    2492      28.1112
    2493      27.9487
    2494      28.0299
    2495      27.6376
    2496      28.6745
    2497      28.1118
    2498      27.6312
    2499      28.1280
    2500      28.5965
    2501      29.3126
    2502      28.4062
    2503      28.8783
    2504      28.3226
    2505      28.0153
    2506      27.8391
    2507      27.5419
    2508      27.2885
    2509      26.7708
    2510      27.6780
    2511      27.7543
    2512      27.9443
    2513      28.5836
    2514      28.4618
    2515      28.0071
    2516      27.6834
    2517      27.2187
    2518      27.2898
    2519      26.8457
    2520      27.1425
    2521      27.4710
    2522      27.0665
    2523      27.3716
    2524      26.9778
    2525      26.8504
    2526      26.9557
    2527      27.7555
    2528      27.4407
    2529      27.1871
    2530      27.9082
    2531      27.1326
    2532      27.6732
    2533      27.2804
    2534      27.6072
    2535      27.0774
    2536      27.6347
    2537      27.7776
    2538      27.4667
    2539      28.6044
    2540      27.2219
    2541      26.3892
    2542      26.6275
    2543      26.9150
    2544      27.7070
    2545      28.0687
    2546      27.8311
    2547      28.1066
    2548      28.4055
    2549      28.0846
    2550      28.8131
    2551      28.6757
    2552      29.1928
    2553      28.5142
    2554      28.5314
    2555      28.4684
    2556      28.0202
    2557      28.2716
    2558      28.4955
    2559      28.5155
    2560      28.0627
    2561      28.3035
    2562      27.7186
    2563      27.8955
    2564      27.1580
    2565      27.4185
    2566      28.0912
    2567      27.4999
    2568      28.0244
    2569      28.6324
    2570      28.3797
    2571      28.1617
    2572      28.2762
    2573      28.3490
    2574      27.9305
    2575      28.7834
    2576      27.9161
    2577      26.3370
    2578      25.0424
    2579      25.7313
    2580      26.8895
    2581      26.6628
    2582      26.9304
    2583      27.0077
    2584      27.0747
    2585      26.9291
    2586      26.9568
    2587      26.7764
    2588      26.4627
    2589      26.9289
    2590      28.5678
    2591      27.9407
    2592      27.8619
    2593      27.5853
    2594      27.5928
    2595      27.0732
    2596      26.9562
    2597      26.6335
    2598      26.4042
    2599      26.6847
    2600      27.0083
    2601      27.3341
    2602      27.6463
    2603      28.5827
    2604      27.9506
    2605      28.1990
    2606      27.7032
    2607      28.5573
    2608      27.7528
    2609      26.6572
    2610      27.9049
    2611      28.0527
    2612      26.9999
    2613      28.1508
    2614      28.6328
    2615      27.8668
    2616      27.6659
    2617      27.4445
    2618      28.3105
    2619      28.0509
    2620      28.1322
    2621      28.0402
    2622      27.5391
    2623      27.4425
    2624      27.8270
    2625      28.4495
    2626      28.0621
    2627      28.4622
    2628      28.3836
    2629      27.7848
    2630      27.6897
    2631      28.2941
    2632      28.8698
    2633      28.4808
    2634      28.2077
    2635      28.5134
    2636      27.9565
    2637      28.1107
    2638      28.4659
    2639      28.6068
    2640      28.3732
    2641      28.4033
    2642      28.1011
    2643      28.9052
    2644      28.6014
    2645      28.3402
    2646      28.8699
    2647      29.5101
    2648      28.3705
    2649      28.9060
    2650      28.1437
    2651      28.4252
    2652      28.5001
    2653      28.0403
    2654      27.3848
    2655      28.0633
    2656      27.9711
    2657      27.5156
    2658      28.1328
    2659      28.4426
    2660      28.3599
    2661      28.1420
    2662      27.9924
    2663      27.5630
    2664      27.8488
    2665      28.0488
    2666      26.8248
    2667      27.6600
    2668      28.0164
    2669      28.5718
    2670      28.3762
    2671      27.8085
    2672      27.4049
    2673      27.2443
    2674      27.2146
    2675      28.6111
    2676      28.0958
    2677      27.8396
    2678      28.4985
    2679      28.4506
    2680      27.7858
    2681      27.7680
    2682      28.2039
    2683      28.1963
    2684      27.2663
    2685      27.8871
    2686      28.6868
    2687      28.6116
    2688      28.7469
    2689      28.4567
    2690      27.3509
    2691      27.4027
    2692      28.2565
    2693      28.5987
    2694      28.0235
    2695      28.9714
    2696      29.2211
    2697      27.9761
    2698      28.4666
    2699      28.0563
    2700      27.5185
    2701      28.5529
    2702      27.8918
    2703      28.9512
    2704      28.3682
    2705      28.4762
    2706      30.0069
    2707      28.3487
    2708      29.1497
    2709      27.9578
    2710      28.3992
    2711      28.7312
    2712      28.8091
    2713      28.9755
    2714      28.5067
    2715      28.9427
    2716      28.8693
    2717      28.9354
    2718      29.0913
    2719      28.4784
    2720      27.1129
    2721      28.5274
    2722      27.9565
    2723      27.9186
    2724      27.9730
    2725      27.5337
    2726      28.1048
    2727      28.1037
    2728      27.6053
    2729      27.9559
    2730      28.7681
    2731      27.5566
    2732      28.0882
    2733      27.6045
    2734      27.4160
    2735      27.9586
    2736      28.1427
    2737      27.5351
    2738      28.4317
    2739      28.1532
    2740      27.7946
    2741      26.4102
    2742      26.7115
    2743      27.4533
    2744      28.4862
    2745      28.0105
    2746      28.1977
    2747      27.4344
    2748      28.1107
    2749      27.8820
    2750      28.5278
    2751      29.1452
    2752      28.7012
    2753      28.5832
    2754      28.1301
    2755      28.2675
    2756      28.5440
    2757      29.3095
    2758      28.8604
    2759      28.7854
    2760      28.7341
    2761      28.6602
    2762      27.9738
    2763      28.1855
    2764      28.6346
    2765      28.8734
    2766      28.4741
    2767      28.3758
    2768      27.4395
    2769      28.7275
    2770      28.1174
    2771      28.0076
    2772      28.6786
    2773      28.9720
    2774      27.5679
    2775      27.4473
    2776      27.6610
    2777      27.2838
    2778      27.0201
    2779      27.0870
    2780      27.4589
    2781      27.5499
    2782      27.1194
    2783      27.1312
    2784      27.8964
    2785      28.1698
    2786      28.4725
    2787      28.2310
    2788      28.3008
    2789      28.3586
    2790      28.6135
    2791      29.1423
    2792      28.3871
    2793      28.1726
    2794      28.9193
    2795      28.2457
    2796      28.1725
    2797      27.3466
    2798      28.4734
    2799      27.8217
    2800      27.7165
    2801      28.9769
    2802      28.9597
    2803      28.3993
    2804      28.2648
    2805      27.8394
    2806      28.2417
    2807      27.9292
    2808      28.8554
    2809      28.6541
    2810      29.7175
    2811      29.0160
    2812      28.4937
    2813      28.0585
    2814      28.0598
    2815      28.2850
    2816      27.8839
    2817      29.3322
    2818      29.0398
    2819      28.6420
    2820      28.3323
    2821      28.4373
    2822      27.7305
    2823      28.0737
    2824      28.2802
    2825      28.3587
    2826      27.3406
    2827      27.3549
    2828      27.7061
    2829      28.1751
    2830      27.5333
    2831      27.1236
    2832      27.5789
    2833      27.4246
    2834      26.4882
    2835      26.8525
    2836      26.5117
    2837      26.4509
    2838      26.8247
    2839      26.6584
    2840      27.1334
    2841      26.9038
    2842      26.3302
    2843      26.1835
    2844      26.7188
    2845      27.4795
    2846      27.2835
    2847      28.0685
    2848      27.4810
    2849      27.8132
    2850      28.1049
    2851      27.7183
    2852      28.4384
    2853      27.3858
    2854      28.9403
    2855      28.1126
    2856      28.5103
    2857      28.0978
    2858      28.4482
    2859      29.3512
    2860      27.8397
    2861      29.8165
    2862      30.1285
    2863      30.0384
    2864      29.8485
    2865      29.5566
    2866      28.5840
    2867      29.0261
    2868      28.6821
    2869      28.9028
    2870      28.3627
    2871      27.9328
    2872      28.8979
    2873      26.8088
    2874      28.2550
    2875      28.4976
    2876      27.1940
    2877      28.0106
    2878      28.3930
    2879      27.2709
    2880      28.4303
    2881      28.8184
    2882      28.2443
    2883      28.8416
    2884      29.9957
    2885      29.8752
    2886      29.6010
    2887      28.8280
    2888      29.4467
    2889      29.1528
    2890      29.6205
    2891      30.2142
    2892      29.3789
    2893      28.9662
    2894      29.6688
    2895      27.0383
    2896      26.7139
    2897      27.6124
    2898      27.4331
    2899      28.3221
    2900      28.3894
    2901      28.7030
    2902      29.1875
    2903      28.6176
    2904      29.3039
    2905      28.6383
    2906      28.8983
    2907      28.8129
    2908      29.3375
    2909      28.9473
    2910      29.1041
    2911      29.1535
    2912      29.5432
    2913      29.5077
    2914      28.9393
    2915      27.6768
    2916      28.0277
    2917      28.3288
    2918      28.3907
    2919      27.8104
    2920      27.7525
    2921      28.4730
    2922      28.7997
    2923      29.3776
    2924      28.8654
    2925      29.2450
    2926      28.0090
    2927      27.2941
    2928      29.0591
    2929      28.7359
    2930      28.1060
    2931      28.7197
    2932      27.8307
    2933      28.8761
    2934      28.2668
    2935      28.2001
    2936      28.5669
    2937      28.5996
    2938      28.8550
    2939      29.3640
    2940      29.8794
    2941      29.0590
    2942      29.1547
    2943      28.6351
    2944      28.2769
    2945      28.3004
    2946      28.7133
    2947      28.0915
    2948      28.5249
    2949      28.2265
    2950      29.1907
    2951      28.6925
    2952      28.7845
    2953      28.2222
    2954      28.2488
    2955      27.6565
    2956      28.1903
    2957      27.2686
    2958      27.4726
    2959      27.8658
    2960      27.4659
    2961      27.8758
    2962      29.1020
    2963      29.0681
    2964      29.4267
    2965      28.7305
    2966      28.9253
    2967      29.2673
    2968      28.8517
    2969      29.1111
    2970      29.8738
    2971      28.3915
    2972      29.7005
    2973      29.5189
    2974      29.0883
    2975      28.4091
    2976      28.0137
    2977      28.2189
    2978      28.4081
    2979      28.0938
    2980      27.5967
    2981      27.4870
    2982      27.7107
    2983      27.4550
    2984      28.5115
    2985      27.1347
    2986      27.5949
    2987      27.4892
    2988      27.3667
    2989      28.2298
    2990      27.9025
    2991      28.3402
    2992      28.4375
    2993      28.1397
    2994      28.4761
    2995      27.2934
    2996      27.7098
    2997      27.9232
    2998      27.9559
    2999      27.2166
    3000      27.6241
    3001      28.3574
    3002      27.9808
    3003      28.1615
    3004      28.9846
    3005      27.3695
    3006      27.6875
    3007      28.5796
    3008      28.3646
    3009      28.9952
    3010      28.0251
    3011      28.7123
    3012      26.6793
    3013      27.7239
    3014      27.8918
    3015      28.0336
    3016      27.9989
    3017      27.8455
    3018      26.5952
    3019      27.0465
    3020      26.3423
    3021      26.6501
    3022      27.9411
    3023      28.1223
    3024      28.3851
    3025      27.4829
    3026      27.8406
    3027      27.9632
    3028      28.7680
    3029      27.9582
    3030      28.6643
    3031      28.7114
    3032      28.0089
    3033      29.1709
    3034      28.3498
    3035      28.8126
    3036      28.4079
    3037      28.5049
    3038      28.4611
    3039      29.4236
    3040      28.3656
    3041      28.7252
    3042      27.8274
    3043      28.1122
    3044      28.2268
    3045      28.6157
    3046      28.1555
    3047      29.0209
    3048      28.3082
    3049      28.0625
    3050      28.7222
    3051      28.3541
    3052      28.5056
    3053      28.8093
    3054      28.8337
    3055      28.9602
    3056      28.4498
    3057      29.0509
    3058      28.1873
    3059      28.1099
    3060      28.8588
    3061      28.9175
    3062      28.3690
    3063      29.0545
    3064      28.8201
    3065      29.0944
    3066      28.2601
    3067      28.5752
    3068      28.1770
    3069      27.7782
    3070      27.8221
    3071      27.9089
    3072      28.1074
    3073      28.6267
    3074      28.9205
    3075      27.9489
    3076      28.1581
    3077      27.9207
    3078      27.7116
    3079      28.7780
    3080      28.7465
    3081      28.3901
    3082      28.4225
    3083      28.3981
    3084      27.8841
    3085      27.8504
    3086      28.4049
    3087      27.5090
    3088      27.8497
    3089      27.8186
    3090      28.1166
    3091      28.5441
    3092      28.1167
    3093      27.9613
    3094      28.2811
    3095      29.0126
    3096      28.6176
    3097      28.7420
    3098      29.0006
    3099      29.2411
    3100      29.2230
    3101      28.9150
    3102      28.8861
    3103      29.9444
    3104      28.4922
    3105      28.8729
    3106      28.8764
    3107      29.2556
    3108      28.8086
    3109      29.6494
    3110      29.1016
    3111      28.4999
    3112      28.2894
    3113      27.4984
    3114      27.5441
    3115      27.6728
    3116      27.5420
    3117      27.5632
    3118      27.5896
    3119      26.7649
    3120      27.0095
    3121      27.9686
    3122      28.5659
    3123      28.1554
    3124      29.1226
    3125      29.2867
    3126      29.3138
    3127      29.4090
    3128      29.2924
    3129      29.0355
    3130      30.1922
    3131      29.7678
    3132      29.5620
    3133      29.6814
    3134      29.8981
    3135      29.1742
    3136      28.8782
    3137      29.0748
    3138      28.9016
    3139      29.7731
    3140      29.9756
    3141      29.4704
    3142      29.1837
    3143      29.8464
    3144      29.5782
    3145      29.2864
    3146      29.6809
    3147      29.5630
    3148      28.6253
    3149      29.2924
    3150      29.6230
    3151      29.5977
    3152      29.3090
    3153      29.0390
    3154      30.2365
    3155      29.9921
    3156      28.9372
    3157      29.5227
    3158      29.0708
    3159      29.9434
    3160      29.0762
    3161      29.2924
    3162      28.7579
    3163      29.0970
    3164      28.8793
    3165      28.6665
    3166      28.5831
    3167      28.4551
    3168      27.7188
    3169      28.1016
    3170      27.6405
    3171      28.0012
    3172      27.6473
    3173      28.4541
    3174      28.8771
    3175      29.3557
    3176      28.2758
    3177      28.1996
    3178      28.7493
    3179      28.7930
    3180      28.6698
    3181      29.0247
    3182      28.9023
    3183      29.3222
    3184      28.3733
    3185      27.4620
    3186      27.5332
    3187      27.3550
    3188      28.8118
    3189      27.4682
    3190      27.3195
    3191      27.3934
    3192      27.7453
    3193      28.3486
    3194      29.0140
    3195      28.1688
    3196      28.7518
    3197      28.2839
    3198      27.9956
    3199      28.7896
    3200      29.2716
    3201      29.3449
    3202      29.1201
    3203      28.8474
    3204      28.3738
    3205      28.6700
    3206      27.9252
    3207      28.4716
    3208      28.9195
    3209      29.1309
    3210      28.1353
    3211      28.6180
    3212      28.8517
    3213      28.7836
    3214      28.3569
    3215      28.2203
    3216      28.1836
    3217      27.5300
    3218      27.9138
    3219      27.4138
    3220      27.1312
    3221      27.6367
    3222      27.3995
    3223      27.5836
    3224      28.1726
    3225      28.6044
    3226      28.4476
    3227      27.1424
    3228      27.6921
    3229      27.6896
    3230      27.9156
    3231      28.6155
    3232      28.6487
    3233      27.3021
    3234      27.1016
    3235      27.2165
    3236      26.2287
    3237      26.8754
    3238      27.6722
    3239      27.9801
    3240      27.9595
    3241      28.0726
    3242      28.5226
    3243      28.1010
    3244      28.4239
    3245      29.3122
    3246      28.9645
    3247      28.7100
    3248      27.9558
    3249      28.2289
    3250      27.6871
    3251      27.6904
    3252      27.6635
    3253      27.6873
    3254      27.1169
    3255      27.7423
    3256      27.8467
    3257      27.0378
    3258      27.5488
    3259      27.7280
    3260      27.0493
    3261      27.6718
    3262      28.0981
    3263      27.7889
    3264      28.0699
    3265      27.6415
    3266      27.2971
    3267      27.3585
    3268      26.3951
    3269      26.7801
    3270      26.4441
    3271      27.1218
    3272      27.1484
    3273      26.5135
    3274      26.8199
    3275      27.7852
    3276      27.5255
    3277      27.3650
    3278      27.2529
    3279      27.6038
    3280      28.0099
    3281      27.6039
    3282      27.6223
    3283      26.8241
    3284      27.6270
    3285      27.4427
    3286      27.3707
    3287      27.9744
    3288      27.3516
    3289      27.2463
    3290      27.2142
    3291      27.4541
    3292      28.0025
    3293      27.5270
    3294      27.2563
    3295      27.6429
    3296      27.9255
    3297      28.0515
    3298      28.9915
    3299      29.0476
    3300      28.6573
    3301      28.5503
    3302      28.9185
    3303      28.4614
    3304      29.0015
    3305      28.6373
    3306      29.6108
    3307      28.1739
    3308      28.2670
    3309      28.8595
    3310      28.3952
    3311      28.7752
    3312      28.5435
    3313      28.8941
    3314      28.7629
    3315      28.9406
    3316      28.6567
    3317      28.9134
    3318      28.3190
    3319      28.5367
    3320      28.8694
    3321      29.0382
    3322      28.8186
    3323      28.3889
    3324      28.6503
    3325      28.4852
    3326      28.5966
    3327      29.0511
    3328      28.0624
    3329      27.8688
    3330      27.1576
    3331      27.6904
    3332      26.8638
    3333      27.1546
    3334      27.6716
    3335      27.3287
    3336      27.3720
    3337      27.2270
    3338      26.5916
    3339      26.2492
    3340      25.9696
    3341      26.2005
    3342      27.8966
    3343      28.1890
    3344      27.2136
    3345      27.3901
    3346      27.0979
    3347      27.2083
    3348      28.0352
    3349      27.8347
    3350      27.3164
    3351      26.6504
    3352      27.4194
    3353      26.6964
    3354      27.6592
    3355      27.8812
    3356      27.5870
    3357      27.1758
    3358      27.7883
    3359      27.8274
    3360      27.2116
    3361      27.5187
    3362      27.1080
    3363      25.5496
    3364      26.5863
    3365      26.1732
    3366      26.5383
    3367      26.0486
    3368      26.4379
    3369      26.6575
    3370      26.7599
    3371      26.6547
    3372      26.3463
    3373      27.2320
    3374      27.5469
    3375      27.3155
    3376      28.0146
    3377      27.2624
    3378      27.2887
    3379      27.6421
    3380      28.3741
    3381      27.8573
    3382      28.2456
    3383      28.3381
    3384      26.8332
    3385      28.0917
    3386      27.2319
    3387      27.0591
    3388      27.1076
    3389      27.7829
    3390      27.6987
    3391      27.9859
    3392      27.2935
    3393      27.0761
    3394      27.3310
    3395      27.6610
    3396      27.4662
    3397      27.7195
    3398      27.6632
    3399      27.6919
    3400      27.5789
    3401      27.9603
    3402      27.3193
    3403      28.0667
    3404      27.6523
    3405      27.5410
    3406      27.8847
    3407      28.0047
    3408      28.6468
    3409      29.1068
    3410      29.0608
    3411      28.2047
    3412      28.9309
    3413      28.7996
    3414      28.7167
    3415      28.5932
    3416      28.1753
    3417      28.3837
    3418      27.2089
    3419      27.6341
    3420      27.1684
    3421      27.8721
    3422      28.4753
    3423      28.5569
    3424      28.9268
    3425      29.0578
    3426      28.1373
    3427      29.4152
    3428      29.0144
    3429      28.2363
    3430      28.1192
    3431      28.2228
    3432      28.3177
    3433      28.3472
    3434      28.8120
    3435      28.0114
    3436      28.7583
    3437      28.0344
    3438      28.5856
    3439      28.6502
    3440      28.5740
    3441      27.6000
    3442      28.6315
    3443      28.9469
    3444      28.3897
    3445      28.6269
    3446      28.7885
    3447      28.9704
    3448      27.6509
    3449      27.5190
    3450      28.0835
    3451      28.4305
    3452      28.6886
    3453      28.7422
    3454      29.1646
    3455      28.3634
    3456      28.1859
    3457      27.8482
    3458      27.2890
    3459      27.2032
    3460      28.2582
    3461      28.5545
    3462      29.1007
    3463      29.5057
    3464      28.8452
    3465      29.1759
    3466      29.6598
    3467      29.0473
    3468      29.4249
    3469      30.1983
    3470      29.6408
    3471      30.1576
    3472      30.4537
    3473      30.4903
    3474      30.8591
    3475      29.9394
    3476      29.4443
    3477      29.5052
    3478      30.5451
    3479      31.2415
    3480      30.2438
    3481      29.3381
    3482      30.7806
    3483      30.6412
    3484      31.0620
    3485      29.8434
    3486      31.1416
    3487      30.6650
    3488      30.5640
    3489      30.9307
    3490      30.5917
    3491      30.6107
    3492      29.3425
    3493      29.1213
    3494      30.0610
    3495      30.2018
    3496      29.7414
    3497      29.5079
    3498      28.5724
    3499      28.7377
    3500      29.8618
    3501      29.1851
    3502      30.2144
    3503      29.6578
    3504      27.9103
    3505      28.0021
    3506      28.3692
    3507      27.8398
    3508      28.7469
    3509      27.8491
    3510      27.3017
    3511      27.0002
    3512      27.4894
    3513      27.2239
    3514      26.9223
    3515      27.7041
    3516      28.0983
    3517      27.3761
    3518      27.1538
    3519      28.4462
    3520      28.2755
    3521      28.3328
    3522      28.7673
    3523      28.6430
    3524      28.5463
    3525      29.4524
    3526      27.4555
    3527      27.8024
    3528      28.0004
    3529      28.0452
    3530      27.5131
    3531      28.9692
    3532      28.2103
    3533      28.0143
    3534      28.3636
    3535      28.3395
    3536      26.2991
    3537      26.9150
    3538      27.2529
    3539      27.1582
    3540      27.0100
    3541      27.9779
    3542      28.1671
    3543      27.9925
    3544      28.5582
    3545      28.7818
    3546      27.0318
    3547      27.0352
    3548      27.7567
    3549      28.0029
    3550      27.4165
    3551      26.4487
    3552      27.0732
    3553      27.8028
    3554      28.0924
    3555      27.7037
    3556      28.5026
    3557      28.8794
    3558      27.8767
    3559      27.9196
    3560      27.3247
    3561      27.9752
    3562      26.8082
    3563      27.9408
    3564      27.8749
    3565      28.1141
    3566      27.8466
    3567      28.8817
    3568      27.7249
    3569      28.7877
    3570      27.9228
    3571      27.9896
    3572      28.8544
    3573      28.0941
    3574      28.1100
    3575      28.6810
    3576      28.1151
    3577      28.0502
    3578      29.0191
    3579      28.7680
    3580      28.0457
    3581      28.7315
    3582      27.5234
    3583      26.4498
    3584      27.4718
    3585      28.0111
    3586      28.1372
    3587      28.9513
    3588      28.8126
    3589      28.4273
    3590      29.3058
    3591      29.4913
    3592      29.8877
    3593      30.1134
    3594      30.4905
    3595      30.0301
    3596      29.3581
    3597      28.5981
    3598      29.2308
    3599      29.0348
    3600      28.9830
    3601      28.5884
    3602      29.0521
    3603      28.3908
    3604      28.1193
    3605      28.0040
    3606      28.0747
    3607      27.8208
    3608      27.7546
    3609      28.2613
    3610      28.4191
    3611      28.5602
    3612      28.6911
    3613      28.4917
    3614      27.7756
    3615      28.5369
    3616      28.7839
    3617      28.8353
    3618      28.1651
    3619      28.1693
    3620      27.9798
    3621      27.7213
    3622      27.6500
    3623      27.0036
    3624      27.3403
    3625      27.5543
    3626      28.3528
    3627      27.7840
    3628      27.2037
    3629      27.5492
    3630      27.4060
    3631      28.0829
    3632      27.6447
    3633      27.5352
    3634      27.8138
    3635      27.6124
    3636      27.1187
    3637      27.9516
    3638      27.3434
    3639      27.2129
    3640      27.0631
    3641      27.1733
    3642      27.2189
    3643      28.1442
    3644      27.8878
    3645      27.2460
    3646      27.1529
    3647      27.8738
    3648      27.4408
    3649      27.8379
    3650      26.7001
    3651      27.5210
    3652      27.5763
    3653      27.3765
    3654      27.2822
    3655      27.0355
    3656      27.0615
    3657      27.5522
    3658      27.7632
    3659      27.7783
    3660      28.6817
    3661      28.5299
    3662      27.7957
    3663      28.3718
    3664      27.7110
    3665      28.2591
    3666      27.5950
    3667      28.2400
    3668      25.9057
    3669      27.5874
    3670      28.1070
    3671      27.2065
    3672      26.7163
    3673      26.3524
    3674      26.9698
    3675      26.7665
    3676      27.6710
    3677      27.4450
    3678      28.0101
    3679      28.0221
    3680      28.1733
    3681      28.2338
    3682      28.4648
    3683      28.3938
    3684      28.5002
    3685      27.7470
    3686      28.1016
    3687      27.1883
    3688      27.1904
    3689      27.1938
    3690      26.6517
    3691      27.2336
    3692      27.5850
    3693      27.1469
    3694      27.7837
    3695      27.4385
    3696      26.4450
    3697      26.0358
    3698      26.9867
    3699      26.9000
    3700      26.5544
    3701      27.0334
    3702      26.7725
    3703      27.0842
    3704      26.5544
    3705      27.2546
    3706      26.6137
    3707      26.9085
    3708      26.7079
    3709      26.2016
    3710      26.2277
    3711      26.7274
    3712      27.1748
    3713      25.7318
    3714      26.2576
    3715      26.6820
    3716      25.9382
    3717      25.8008
    3718      26.4540
    3719      26.2399
    3720      27.7788
    3721      27.1447
    3722      27.4168
    3723      26.9886
    3724      27.9222
    3725      27.7994
    3726      27.7556
    3727      27.1920
    3728      26.7775
    3729      26.7637
    3730      27.0715
    3731      27.1812
    3732      27.0075
    3733      27.3991
    3734      27.5974
    3735      27.6681
    3736      27.4444
    3737      26.4006
    3738      27.4559
    3739      28.1330
    3740      26.7707
    3741      27.2071
    3742      25.9133
    3743      26.3901
    3744      27.0545
    3745      26.7619
    3746      26.6897
    3747      26.8242
    3748      27.3198
    3749      27.4046
    3750      26.8999
    3751      26.1434
    3752      26.0361
    3753      26.4477
    3754      26.7089
    3755      26.9245
    3756      27.6368
    3757      26.4458
    3758      27.7421
    3759      28.6527
    3760      27.7434
    3761      27.4719
    3762      27.7978
    3763      27.3432
    3764      27.1019
    3765      27.0799
    3766      26.9473
    3767      27.2452
    3768      28.5411
    3769      28.5288
    3770      28.9435
    3771      28.4778
    3772      28.2421
    3773      28.2956
    3774      28.2285
    3775      27.5050
    3776      28.1906
    3777      28.6873
    3778      29.5348
    3779      29.3264
    3780      29.5242
    3781      29.0409
    3782      28.8729
    3783      29.0486
    3784      28.7734
    3785      28.6302
    3786      28.4653
    3787      28.3974
    3788      28.6912
    3789      28.7284
    3790      29.6951
    3791      29.0023
    3792      28.5698
    3793      29.0808
    3794      29.2414
    3795      29.0979
    3796      28.7258
    3797      29.5016
    3798      28.1523
    3799      28.4863
    3800      28.4261
    3801      28.3665
    3802      28.3657
    3803      27.8541
    3804      28.2837
    3805      29.1631
    3806      28.1286
    3807      28.2414
    3808      28.7491
    3809      29.2009
    3810      28.2253
    3811      28.4321
    3812      28.0671
    3813      29.1860
    3814      27.4373
    3815      27.3940
    3816      27.5243
    3817      27.3044
    3818      27.8431
    3819      27.2521
    3820      27.2378
    3821      28.0543
    3822      27.7100
    3823      26.9649
    3824      27.4120
    3825      27.2195
    3826      26.3850
    3827      26.6070
    3828      27.7007
    3829      27.7819
    3830      27.0482
    3831      27.3932
    3832      26.7869
    3833      28.0824
    3834      27.9843
    3835      28.3583
    3836      28.7435
    3837      28.6133
    3838      27.4827
    3839      27.7445
    3840      27.0743
    3841      26.8568
    3842      27.1925
    3843      26.7186
    3844      27.5044
    3845      27.9080
    3846      27.9066
    3847      27.6805
    3848      27.8489
    3849      28.1692
    3850      27.3146
    3851      27.4871
    3852      27.1486
    3853      27.2145
    3854      27.2679
    3855      27.6159
    3856      27.3710
    3857      27.1761
    3858      26.4468
    3859      26.7770
    3860      26.5511
    3861      26.9328
    3862      26.6796
    3863      26.9150
    3864      27.2122
    3865      27.1364
    3866      27.1023
    3867      27.5592
    3868      27.5560
    3869      27.3612
    3870      27.2747
    3871      26.9514
    3872      26.6855
    3873      27.2507
    3874      27.6122
    3875      27.4226
    3876      27.1830
    3877      26.7618
    3878      26.4497
    3879      26.7432
    3880      26.6692
    3881      27.0800
    3882      27.2793
    3883      27.8920
    3884      28.1875
    3885      28.5070
    3886      28.3778
    3887      27.0389
    3888      26.9758
    3889      27.7561
    3890      27.2275
    3891      26.7315
    3892      27.4268
    3893      27.1868
    3894      27.0777
    3895      27.2670
    3896      27.2621
    3897      26.9247
    3898      26.6577
    3899      27.2329
    3900      27.7784
    3901      28.7030
    3902      29.1875
    3903      28.6176
    3904      29.3039
    3905      28.6383
    3906      28.8983
    3907      28.8129
    3908      29.3375
    3909      28.9473
    3910      29.1041
    3911      29.1535
    3912      29.5432
    3913      29.5077
    3914      28.9393
    3915      27.6768
    3916      28.0277
    3917      28.3288
    3918      28.3907
    3919      27.8104
    3920      27.7525
    3921      28.4730
    3922      28.7997
    3923      29.3776
    3924      28.8654
    3925      29.2450
    3926      28.0090
    3927      27.2941
    3928      29.0591
    3929      28.7359
    3930      28.1060
    3931      28.7197
    3932      27.8307
    3933      28.8761
    3934      28.2668
    3935      28.2001
    3936      28.5669
    3937      28.5996
    3938      28.8550
    3939      29.3640
    3940      29.8794
    3941      29.0590
    3942      29.1547
    3943      28.6351
    3944      28.2769
    3945      28.3004
    3946      28.7133
    3947      28.0915
    3948      28.5249
    3949      28.2265
    3950      29.1907
    3951      28.6925
    3952      28.7845
    3953      28.2222
    3954      28.2488
    3955      27.6565
    3956      28.1903
    3957      27.2686
    3958      27.4726
    3959      27.8658
    3960      27.4659
    3961      27.8758
    3962      29.1020
    3963      29.0681
    3964      29.4267
    3965      28.7305
    3966      28.9253
    3967      29.2673
    3968      28.8517
    3969      29.1111
    3970      29.8738
    3971      28.3915
    3972      29.7005
    3973      29.5189
    3974      29.0883
    3975      28.4091
    3976      28.0137
    3977      28.2189
    3978      28.4081
    3979      28.0938
    3980      27.5967
    3981      27.4870
    3982      27.7107
    3983      27.4550
    3984      28.5115
    3985      27.1347
    3986      27.5949
    3987      27.4892
    3988      27.3667
    3989      28.2298
    3990      27.9025
    3991      28.3402
    3992      28.4375
    3993      28.1397
    3994      28.4761
    3995      27.2934
    3996      27.7098
    3997      27.9232
    3998      27.9559
    3999      27.2166
    4000      27.6241
    4001      29.1877
    4002      29.3888
    4003      29.7038
    4004      28.8797
    4005      29.8054
    4006      28.7330
    4007      28.8639
    4008      28.5528
    4009      28.8845
    4010      28.7423
    4011      28.8461
    4012      27.8190
    4013      28.3614
    4014      28.8943
    4015      29.7774
    4016      29.4117
    4017      29.8249
    4018      29.1974
    4019      29.5879
    4020      29.7189
    4021      28.8312
    4022      28.9869
    4023      28.7263
    4024      29.3792
    4025      29.3259
    4026      29.8769
    4027      30.0356
    4028      29.0627
    4029      29.5127
    4030      28.7694
    4031      29.3249
    4032      28.9923
    4033      28.7114
    4034      27.9702
    4035      28.8029
    4036      28.3472
    4037      28.2483
    4038      27.7571
    4039      27.5918
    4040      27.1306
    4041      27.4993
    4042      27.9525
    4043      28.7121
    4044      28.5953
    4045      28.7483
    4046      28.5616
    4047      28.8303
    4048      28.8155
    4049      28.9904
    4050      29.5263
    4051      29.6958
    4052      30.0761
    4053      29.5675
    4054      30.0383
    4055      29.0698
    4056      28.5671
    4057      29.1249
    4058      28.0132
    4059      27.8087
    4060      28.3922
    4061      27.8718
    4062      29.3704
    4063      28.5004
    4064      28.7522
    4065      28.8391
    4066      28.3440
    4067      28.3007
    4068      28.1820
    4069      28.6080
    4070      28.8774
    4071      29.3754
    4072      28.7814
    4073      29.2705
    4074      29.6686
    4075      29.1175
    4076      28.2029
    4077      26.9307
    4078      27.2686
    4079      26.5415
    4080      28.6655
    4081      28.0060
    4082      27.2234
    4083      27.1130
    4084      26.5872
    4085      25.6999
    4086      26.3703
    4087      26.9030
    4088      26.7780
    4089      26.8218
    4090      26.4869
    4091      26.4155
    4092      26.1254
    4093      25.3532
    4094      24.9595
    4095      25.1361
    4096      25.3186
    4097      25.5437
    4098      26.5676
    4099      26.1168
    4100      26.3320
