#Frame     RMSD_00003
       1       0.0000
       2       1.3219
       3       1.4841
       4       1.4592
       5       1.4946
       6       1.5642
       7       1.6177
       8       1.5353
       9       1.6300
      10       1.6417
      11       1.6025
      12       1.5303
      13       1.7175
      14       1.6805
      15       1.6522
      16       1.6701
      17       1.6716
      18       1.6991
      19       1.6182
      20       1.7407
      21       1.7726
      22       1.7237
      23       1.7838
      24       1.8383
      25       1.7820
      26       1.7670
      27       1.8562
      28       1.8104
      29       1.9501
      30       1.7778
      31       1.7580
      32       1.8339
      33       1.8622
      34       1.8486
      35       1.8080
      36       1.9456
      37       1.9289
      38       1.8798
      39       2.1281
      40       1.9598
      41       2.0491
      42       2.1304
      43       2.1362
      44       2.3104
      45       2.1127
      46       2.0076
      47       2.1219
      48       2.0711
      49       2.0994
      50       2.0158
      51       2.0898
      52       2.0569
      53       1.9739
      54       2.0015
      55       2.1270
      56       2.0780
      57       2.1738
      58       2.2339
      59       2.1412
      60       2.0803
      61       1.9722
      62       1.9794
      63       2.0716
      64       2.1013
      65       1.9925
      66       2.0716
      67       2.1098
      68       1.8562
      69       1.8716
      70       1.8841
      71       1.9739
      72       1.9283
      73       1.9430
      74       1.9412
      75       1.9096
      76       1.9720
      77       1.9848
      78       1.9218
      79       1.8521
      80       1.7476
      81       1.7668
      82       1.9301
      83       1.9665
      84       2.0638
      85       1.7956
      86       1.8422
      87       1.9098
      88       1.8923
      89       1.9368
      90       1.8410
      91       1.9616
      92       1.8982
      93       1.8849
      94       1.9284
      95       1.8456
      96       1.8860
      97       1.9370
      98       1.8981
      99       2.0420
     100       1.8640
     101       1.9793
     102       1.8737
     103       1.8435
     104       1.8306
     105       1.8304
     106       1.7133
     107       1.8013
     108       1.7911
     109       1.8503
     110       1.8365
     111       1.8280
     112       1.9340
     113       1.7936
     114       1.8808
     115       1.9328
     116       1.8746
     117       1.7984
     118       1.9148
     119       2.0175
     120       2.1607
     121       2.0646
     122       1.9425
     123       2.1052
     124       2.0676
     125       1.9796
     126       1.9623
     127       2.0319
     128       2.0886
     129       2.0463
     130       2.0664
     131       2.0336
     132       1.9891
     133       2.0067
     134       2.0932
     135       2.0289
     136       2.0450
     137       2.0180
     138       1.8982
     139       2.0531
     140       2.0288
     141       1.9160
     142       1.9206
     143       1.9417
     144       1.9339
     145       1.9387
     146       2.0206
     147       1.9079
     148       1.9576
     149       1.9408
     150       1.9463
     151       2.0027
     152       2.0564
     153       2.0159
     154       1.9463
     155       2.0428
     156       1.9106
     157       2.1156
     158       2.0677
     159       1.9658
     160       1.9858
     161       2.1542
     162       2.0705
     163       1.9608
     164       1.9528
     165       1.8912
     166       1.9187
     167       1.9823
     168       1.8613
     169       1.9764
     170       2.1823
     171       2.0573
     172       2.0826
     173       2.0234
     174       2.0095
     175       1.9651
     176       2.1104
     177       2.0467
     178       2.0318
     179       2.0530
     180       1.9857
     181       1.9620
     182       2.0426
     183       1.9136
     184       1.8448
     185       1.8905
     186       1.9440
     187       2.0061
     188       2.0308
     189       2.0127
     190       1.9356
     191       1.9855
     192       2.0087
     193       1.9817
     194       1.9524
     195       1.9010
     196       1.9678
     197       1.9329
     198       1.8968
     199       2.0213
     200       1.9890
     201       2.0300
     202       1.9860
     203       1.9914
     204       2.0359
     205       2.0268
     206       1.9640
     207       2.0494
     208       2.0510
     209       2.0983
     210       2.0277
     211       1.9542
     212       1.9555
     213       2.0330
     214       2.1072
     215       2.0509
     216       2.1015
     217       2.0796
     218       2.0384
     219       2.0992
     220       2.1669
     221       2.1166
     222       2.1074
     223       2.0250
     224       2.0552
     225       1.9442
     226       2.0006
     227       1.9584
     228       1.9150
     229       1.9843
     230       2.0229
     231       2.0240
     232       2.0586
     233       2.0590
     234       2.0073
     235       1.9943
     236       2.1363
     237       2.0477
     238       2.0123
     239       2.0235
     240       1.9435
     241       1.9069
     242       1.9085
     243       2.0163
     244       1.9685
     245       1.9310
     246       2.1001
     247       1.9449
     248       2.0102
     249       2.0784
     250       1.9230
     251       2.0455
     252       2.0226
     253       1.9153
     254       1.8593
     255       1.9781
     256       1.9236
     257       1.9341
     258       1.8712
     259       2.0367
     260       2.0282
     261       1.9913
     262       2.1383
     263       2.0117
     264       1.9140
     265       1.8677
     266       1.9112
     267       1.9757
     268       1.9425
     269       2.0051
     270       1.9204
     271       2.0811
     272       1.9878
     273       2.0754
     274       2.1191
     275       2.0121
     276       1.9726
     277       2.0487
     278       2.1123
     279       2.1119
     280       2.0340
     281       1.9861
     282       2.0955
     283       2.0881
     284       2.0077
     285       2.0275
     286       1.9982
     287       1.9460
     288       2.0899
     289       2.0142
     290       2.1082
     291       2.1323
     292       2.1833
     293       2.1811
     294       2.2163
     295       2.2265
     296       2.1820
     297       2.1611
     298       2.1506
     299       2.2619
     300       1.9268
     301       2.0851
     302       2.1205
     303       1.9949
     304       2.0775
     305       2.1315
     306       2.1030
     307       2.0186
     308       2.0293
     309       1.9901
     310       1.9772
     311       2.0045
     312       2.0821
     313       2.0008
     314       1.9946
     315       1.9904
     316       2.0519
     317       2.0634
     318       2.1084
     319       2.0435
     320       2.0510
     321       2.1436
     322       2.1252
     323       2.1021
     324       2.1450
     325       2.0652
     326       2.0420
     327       2.0643
     328       2.1939
     329       2.0635
     330       2.0486
     331       2.0611
     332       2.2046
     333       2.0045
     334       2.0405
     335       2.1172
     336       2.2309
     337       2.0416
     338       2.1590
     339       2.2209
     340       2.1124
     341       2.1152
     342       2.1796
     343       2.1063
     344       2.1377
     345       2.1479
     346       2.1478
     347       2.2004
     348       2.1297
     349       2.1399
     350       2.1380
     351       2.1723
     352       2.2786
     353       2.1956
     354       2.1306
     355       2.1479
     356       2.1364
     357       2.2171
     358       2.2149
     359       2.1818
     360       2.1270
     361       2.1889
     362       2.1299
     363       2.1981
     364       1.9974
     365       2.1681
     366       2.1727
     367       2.1040
     368       2.1613
     369       2.1289
     370       2.1015
     371       2.0754
     372       2.1178
     373       2.0077
     374       2.0520
     375       1.9465
     376       2.0605
     377       1.9658
     378       2.1041
     379       2.1173
     380       2.0873
     381       2.0447
     382       1.9689
     383       2.0046
     384       2.2657
     385       2.1304
     386       2.0815
     387       2.1156
     388       2.0472
     389       1.9942
     390       2.0396
     391       2.0772
     392       1.9295
     393       1.9451
     394       2.0049
     395       1.9127
     396       1.9002
     397       1.9730
     398       1.9745
     399       1.8597
     400       2.0404
     401       2.0144
     402       1.9559
     403       2.1362
     404       2.0683
     405       2.0310
     406       2.0677
     407       2.0836
     408       2.1362
     409       2.0096
     410       1.9798
     411       2.0731
     412       1.9595
     413       2.0396
     414       2.0485
     415       1.9246
     416       2.0011
     417       2.0117
     418       2.0817
     419       2.0413
     420       2.0700
     421       2.0521
     422       2.0555
     423       2.0868
     424       2.0508
     425       2.0831
     426       2.1740
     427       2.0124
     428       2.0810
     429       2.0661
     430       2.0596
     431       2.1736
     432       2.0303
     433       1.9765
     434       1.9647
     435       2.0441
     436       2.0584
     437       2.1241
     438       2.1413
     439       2.1414
     440       2.1351
     441       2.0848
     442       2.0847
     443       2.2308
     444       2.1370
     445       2.0779
     446       2.0822
     447       2.0829
     448       1.9816
     449       2.0592
     450       2.0318
     451       2.1177
     452       2.0371
     453       1.9685
     454       1.9320
     455       2.0374
     456       2.0576
     457       2.0934
     458       2.0950
     459       1.9607
     460       2.0406
     461       1.9810
     462       2.1375
     463       2.1475
     464       2.0812
     465       2.0219
     466       1.9944
     467       2.0258
     468       2.1971
     469       2.1070
     470       2.1168
     471       2.0968
     472       2.2178
     473       2.1083
     474       2.0550
     475       2.1694
     476       2.2206
     477       2.2668
     478       2.2044
     479       2.3248
     480       2.2120
     481       2.1638
     482       2.0692
     483       2.0858
     484       2.1601
     485       2.1566
     486       2.1229
     487       2.1391
     488       2.1271
     489       2.1715
     490       2.1417
     491       2.0173
     492       2.0825
     493       2.0456
     494       2.0224
     495       1.9986
     496       1.9789
     497       1.9369
     498       2.1881
     499       2.0037
     500       2.1605
     501       2.0127
     502       2.0625
     503       2.0857
     504       2.0564
     505       2.0519
     506       2.1270
     507       2.1009
     508       2.1989
     509       2.1670
     510       2.0172
     511       2.1413
     512       2.0928
     513       2.0897
     514       2.1346
     515       2.0717
     516       2.0218
     517       2.0632
     518       2.0839
     519       2.0554
     520       2.0711
     521       2.1181
     522       2.0612
     523       2.0503
     524       2.0442
     525       1.9599
     526       2.1712
     527       2.0394
     528       2.1186
     529       2.1445
     530       2.1230
     531       2.0148
     532       2.0627
     533       2.1139
     534       2.1231
     535       2.0357
     536       2.1121
     537       2.0932
     538       2.1484
     539       2.0380
     540       1.9880
     541       2.0145
     542       2.0755
     543       2.0120
     544       1.9948
     545       2.0625
     546       1.9922
     547       2.0050
     548       2.0540
     549       2.0220
     550       2.0429
     551       2.2661
     552       2.2008
     553       2.1014
     554       2.1723
     555       2.1970
     556       2.1450
     557       2.1897
     558       2.1593
     559       2.1954
     560       2.2470
     561       2.2126
     562       2.1509
     563       2.1789
     564       2.1398
     565       2.0891
     566       2.1713
     567       2.1995
     568       2.2100
     569       2.1264
     570       2.1898
     571       2.1994
     572       2.1560
     573       2.1933
     574       2.1369
     575       2.1879
     576       2.1419
     577       2.1234
     578       2.2758
     579       2.1622
     580       2.2192
     581       2.2217
     582       2.2512
     583       2.1958
     584       2.1742
     585       2.3105
     586       2.3642
     587       2.2540
     588       2.2354
     589       2.2296
     590       2.3265
     591       2.2029
     592       2.1867
     593       2.1626
     594       2.1815
     595       2.1780
     596       2.2560
     597       2.1440
     598       2.2469
     599       2.1038
     600       2.1247
     601       2.1803
     602       2.1282
     603       2.2592
     604       2.0746
     605       2.1416
     606       2.1546
     607       2.0005
     608       2.0692
     609       2.0789
     610       2.0082
     611       2.0251
     612       2.0494
     613       2.1065
     614       2.0895
     615       2.0227
     616       2.2634
     617       2.1903
     618       2.0971
     619       2.1671
     620       2.1001
     621       2.0922
     622       2.0668
     623       2.0467
     624       2.1206
     625       2.0633
     626       2.1829
     627       2.1762
     628       2.0342
     629       2.1248
     630       2.0987
     631       2.1128
     632       2.1360
     633       2.1580
     634       2.1182
     635       2.0051
     636       2.0865
     637       2.2801
     638       2.2195
     639       2.1420
     640       2.1123
     641       2.0870
     642       2.1542
     643       2.1069
     644       2.3299
     645       2.1554
     646       2.1865
     647       2.2863
     648       2.1462
     649       2.2434
     650       2.2157
     651       2.1771
     652       2.1486
     653       2.1843
     654       2.2913
     655       2.1850
     656       2.1241
     657       2.1666
     658       2.2414
     659       2.2612
     660       2.4296
     661       2.1412
     662       2.2248
     663       2.2157
     664       2.0632
     665       2.1755
     666       2.1785
     667       2.2203
     668       2.2228
     669       2.1203
     670       2.2132
     671       2.1890
     672       2.2067
     673       2.2312
     674       2.1958
     675       2.2463
     676       2.2911
     677       2.3192
     678       2.4700
     679       2.3925
     680       2.3792
     681       2.4100
     682       2.2800
     683       2.4913
     684       2.5348
     685       2.4970
     686       2.2924
     687       2.2087
     688       2.0855
     689       2.0357
     690       2.0771
     691       2.0738
     692       2.1607
     693       2.2648
     694       2.1428
     695       2.2802
     696       2.1328
     697       2.3122
     698       2.2118
     699       2.2476
     700       2.1934
     701       2.1819
     702       2.2782
     703       2.2973
     704       2.2071
     705       2.1547
     706       2.3386
     707       2.3255
     708       2.3244
     709       2.2935
     710       2.3145
     711       2.3399
     712       2.1640
     713       2.3080
     714       2.2194
     715       2.3105
     716       2.2805
     717       2.3458
     718       2.2940
     719       2.3103
     720       2.2805
     721       2.2986
     722       2.3569
     723       2.3210
     724       2.1700
     725       2.1951
     726       2.2804
     727       2.3686
     728       2.3748
     729       2.3267
     730       2.3170
     731       2.3045
     732       2.2287
     733       2.1455
     734       2.2195
     735       2.2460
     736       2.1420
     737       2.1114
     738       2.1898
     739       2.3266
     740       2.2124
     741       2.2744
     742       2.2408
     743       2.1819
     744       2.2202
     745       2.2903
     746       2.3023
     747       2.3322
     748       2.3624
     749       2.3602
     750       2.3709
     751       2.1961
     752       2.1853
     753       2.2247
     754       2.2053
     755       2.3032
     756       2.3130
     757       2.2885
     758       2.4766
     759       2.2424
     760       2.3242
     761       2.3212
     762       2.3261
     763       2.2881
     764       2.2456
     765       2.3873
     766       2.2178
     767       2.3764
     768       2.3522
     769       2.2121
     770       2.3025
     771       2.4831
     772       2.3476
     773       2.2918
     774       2.3778
     775       2.2320
     776       2.4454
     777       2.2758
     778       2.2925
     779       2.3939
     780       2.4271
     781       2.4303
     782       2.4328
     783       2.4295
     784       2.3945
     785       2.4283
     786       2.3954
     787       2.3070
     788       2.3339
     789       2.2881
     790       2.3008
     791       2.2426
     792       2.2343
     793       2.3623
     794       2.2443
     795       2.2786
     796       2.3154
     797       2.2501
     798       2.3281
     799       2.3119
     800       2.2318
     801       2.2550
     802       2.2866
     803       2.2718
     804       2.2957
     805       2.3914
     806       2.3140
     807       2.3779
     808       2.5061
     809       2.3125
     810       2.3340
     811       2.3619
     812       2.3701
     813       2.3207
     814       2.3437
     815       2.1970
     816       2.1936
     817       2.3102
     818       2.3704
     819       2.2633
     820       2.2454
     821       2.2209
     822       2.2896
     823       2.2460
     824       2.3697
     825       2.3850
     826       2.2956
     827       2.3019
     828       2.2344
     829       2.1480
     830       2.1243
     831       2.2377
     832       2.2431
     833       2.2170
     834       2.2290
     835       2.2865
     836       2.2778
     837       2.2730
     838       2.2312
     839       2.1862
     840       2.2774
     841       2.2411
     842       2.2290
     843       2.3749
     844       2.2135
     845       2.2110
     846       2.2754
     847       2.2459
     848       2.2132
     849       2.1790
     850       2.2364
     851       2.2888
     852       2.2864
     853       2.3045
     854       2.3736
     855       2.1930
     856       2.2857
     857       2.2322
     858       2.2157
     859       2.1573
     860       2.1912
     861       2.1306
     862       2.2129
     863       2.3205
     864       2.4076
     865       2.2295
     866       2.2182
     867       2.2886
     868       2.2765
     869       2.1640
     870       2.1882
     871       2.2957
     872       2.3052
     873       2.2749
     874       2.3384
     875       2.3770
     876       2.3733
     877       2.2155
     878       2.2595
     879       2.2161
     880       2.2916
     881       2.2407
     882       2.4003
     883       2.3901
     884       2.2764
     885       2.2665
     886       2.2322
     887       2.2776
     888       2.2645
     889       2.3081
     890       2.3256
     891       2.3331
     892       2.3097
     893       2.3203
     894       2.3128
     895       2.2157
     896       2.3250
     897       2.3383
     898       2.2691
     899       2.3033
     900       2.3931
     901       2.3285
     902       2.3678
     903       2.3284
     904       2.2110
     905       2.4485
     906       2.2519
     907       2.3092
     908       2.3534
     909       2.3295
     910       2.3550
     911       2.3237
     912       2.3471
     913       2.3258
     914       2.5103
     915       2.3355
     916       2.1707
     917       2.3354
     918       2.3883
     919       2.3650
     920       2.2452
     921       2.2953
     922       2.2296
     923       2.2568
     924       2.2324
     925       2.2519
     926       2.2257
     927       2.1958
     928       2.3027
     929       2.3435
     930       2.3982
     931       2.2066
     932       2.1717
     933       2.2321
     934       2.2755
     935       2.2580
     936       2.2755
     937       2.2871
     938       2.2214
     939       2.2348
     940       2.0981
     941       2.2011
     942       2.3153
     943       2.2266
     944       2.3319
     945       2.2280
     946       2.2591
     947       2.2114
     948       2.3040
     949       2.2043
     950       2.2747
     951       2.1293
     952       2.2660
     953       2.0648
     954       2.2141
     955       2.1588
     956       2.1745
     957       2.2143
     958       2.2022
     959       2.3641
     960       2.1553
     961       2.1976
     962       2.2535
     963       2.1884
     964       2.2538
     965       2.2327
     966       2.3398
     967       2.1944
     968       2.3033
     969       2.1946
     970       2.2255
     971       2.3260
     972       2.2628
     973       2.2438
     974       2.2886
     975       2.2343
     976       2.3010
     977       2.4159
     978       2.3172
     979       2.3438
     980       2.2365
     981       2.3450
     982       2.2767
     983       2.2756
     984       2.2424
     985       2.1475
     986       2.1897
     987       2.1963
     988       2.1740
     989       2.1279
     990       2.1488
     991       2.1558
     992       2.1433
     993       2.1896
     994       2.1530
     995       2.2229
     996       2.2241
     997       2.1485
     998       2.1671
     999       2.2993
    1000       2.1976
    1001       2.1665
    1002       2.2178
    1003       2.2180
    1004       2.1766
    1005       2.2402
    1006       2.2353
    1007       2.2506
    1008       2.3127
    1009       2.2167
    1010       2.1848
    1011       2.2274
    1012       2.2845
    1013       2.2090
    1014       2.2067
    1015       2.2017
    1016       2.2435
    1017       2.1815
    1018       2.3569
    1019       2.2595
    1020       2.2595
    1021       2.2241
    1022       2.2287
    1023       2.1503
    1024       2.2204
    1025       2.2002
    1026       2.2274
    1027       2.2747
    1028       2.2517
    1029       2.3642
    1030       2.3558
    1031       2.3650
    1032       2.3289
    1033       2.3099
    1034       2.3447
    1035       2.3980
    1036       2.3023
    1037       2.2307
    1038       2.3567
    1039       2.3585
    1040       2.4398
    1041       2.3122
    1042       2.4052
    1043       2.2326
    1044       2.3167
    1045       2.2479
    1046       2.3249
    1047       2.3902
    1048       2.2974
    1049       2.3361
    1050       2.4131
    1051       2.4250
    1052       2.3782
    1053       2.3255
    1054       2.4392
    1055       2.4585
    1056       2.3896
    1057       2.3548
    1058       2.3543
    1059       2.1731
    1060       2.2908
    1061       2.3124
    1062       2.3917
    1063       2.3610
    1064       2.3016
    1065       2.3760
    1066       2.3764
    1067       2.3378
    1068       2.3991
    1069       2.2533
    1070       2.2805
    1071       2.3713
    1072       2.3209
    1073       2.3661
    1074       2.3822
    1075       2.4735
    1076       2.3783
    1077       2.3901
    1078       2.4705
    1079       2.3458
    1080       2.3105
    1081       2.2949
    1082       2.3000
    1083       2.3143
    1084       2.3269
    1085       2.4334
    1086       2.4344
    1087       2.5393
    1088       2.5076
    1089       2.5292
    1090       2.4563
    1091       2.4900
    1092       2.3931
    1093       2.3806
    1094       2.4005
    1095       2.3713
    1096       2.2488
    1097       2.3586
    1098       2.4020
    1099       2.3861
    1100       2.4746
    1101       2.2648
    1102       2.3199
    1103       2.3386
    1104       2.1967
    1105       2.2585
    1106       2.2807
    1107       2.2109
    1108       2.3284
    1109       2.3194
    1110       2.4083
    1111       2.3124
    1112       2.2764
    1113       2.2968
    1114       2.3456
    1115       2.4512
    1116       2.4413
    1117       2.3875
    1118       2.3459
    1119       2.3919
    1120       2.4533
    1121       2.3877
    1122       2.3931
    1123       2.3796
    1124       2.2929
    1125       2.3350
    1126       2.3952
    1127       2.5049
    1128       2.3855
    1129       2.3093
    1130       2.3505
    1131       2.2247
    1132       2.2391
    1133       2.2542
    1134       2.2826
    1135       2.3770
    1136       2.3544
    1137       2.2867
    1138       2.2471
    1139       2.3538
    1140       2.2469
    1141       2.1234
    1142       2.2049
    1143       2.3196
    1144       2.2421
    1145       2.1663
    1146       2.3844
    1147       2.2434
    1148       2.3066
    1149       2.1325
    1150       2.2229
    1151       2.2608
    1152       2.0141
    1153       2.1522
    1154       2.3403
    1155       2.1575
    1156       2.2703
    1157       2.2407
    1158       2.2475
    1159       2.2308
    1160       2.1382
    1161       2.2186
    1162       2.2596
    1163       2.1743
    1164       2.2274
    1165       2.2001
    1166       2.2004
    1167       2.1483
    1168       2.1618
    1169       2.1909
    1170       2.1802
    1171       2.2094
    1172       2.2772
    1173       2.2897
    1174       2.1341
    1175       2.3035
    1176       2.3150
    1177       2.2579
    1178       2.2426
    1179       2.3309
    1180       2.2995
    1181       2.3533
    1182       2.2981
    1183       2.4099
    1184       2.3434
    1185       2.3526
    1186       2.3277
    1187       2.2888
    1188       2.2566
    1189       2.2356
    1190       2.3533
    1191       2.1820
    1192       2.2941
    1193       2.2852
    1194       2.2734
    1195       2.3482
    1196       2.2877
    1197       2.2883
    1198       2.1801
    1199       2.2989
    1200       2.2629
    1201       2.2032
    1202       2.3695
    1203       2.1522
    1204       2.1138
    1205       2.3895
    1206       2.2132
    1207       2.0763
    1208       2.1922
    1209       2.2146
    1210       2.0525
    1211       2.1642
    1212       2.1075
    1213       2.0475
    1214       2.1622
    1215       2.2359
    1216       2.2347
    1217       2.2623
    1218       2.3431
    1219       2.2453
    1220       2.2939
    1221       2.2335
    1222       2.3329
    1223       2.2897
    1224       2.2203
    1225       2.1730
    1226       2.1841
    1227       2.1324
    1228       2.2576
    1229       2.1460
    1230       2.2261
    1231       2.1487
    1232       2.1240
    1233       2.2048
    1234       2.1185
    1235       2.2579
    1236       2.2497
    1237       2.2443
    1238       2.2626
    1239       2.2340
    1240       2.1766
    1241       2.1428
    1242       2.1684
    1243       2.1955
    1244       2.1926
    1245       2.2301
    1246       2.2675
    1247       2.2793
    1248       2.3444
    1249       2.2870
    1250       2.3440
    1251       2.2785
    1252       2.3135
    1253       2.2470
    1254       2.3730
    1255       2.2018
    1256       2.3270
    1257       2.2415
    1258       2.2006
    1259       2.2961
    1260       2.2924
    1261       2.1117
    1262       2.1720
    1263       2.1630
    1264       2.1979
    1265       2.1672
    1266       2.1927
    1267       2.3008
    1268       2.2764
    1269       2.2341
    1270       2.0617
    1271       2.0757
    1272       2.1652
    1273       2.1537
    1274       2.1864
    1275       2.1731
    1276       2.1472
    1277       2.1754
    1278       2.1419
    1279       2.1962
    1280       2.1815
    1281       2.2728
    1282       2.1683
    1283       2.2616
    1284       2.2102
    1285       2.2402
    1286       2.1836
    1287       2.1389
    1288       2.1880
    1289       2.1148
    1290       2.1135
    1291       2.1429
    1292       2.2702
    1293       2.2815
    1294       2.1980
    1295       2.2335
    1296       2.1718
    1297       2.1302
    1298       2.2370
    1299       2.0966
    1300       2.2763
    1301       2.2926
    1302       2.2591
    1303       2.3230
    1304       2.3538
    1305       2.2160
    1306       2.2470
    1307       2.2550
    1308       2.1984
    1309       2.2735
    1310       2.3232
    1311       2.2830
    1312       2.1950
    1313       2.3102
    1314       2.3126
    1315       2.2474
    1316       2.3645
    1317       2.2863
    1318       2.1822
    1319       2.2643
    1320       2.1833
    1321       2.2749
    1322       2.2190
    1323       2.2384
    1324       2.2348
    1325       2.3395
    1326       2.2592
    1327       2.3616
    1328       2.2009
    1329       2.2665
    1330       2.3687
    1331       2.3007
    1332       2.3337
    1333       2.3362
    1334       2.4455
    1335       2.4020
    1336       2.4428
    1337       2.3483
    1338       2.4057
    1339       2.3996
    1340       2.4623
    1341       2.5043
    1342       2.3619
    1343       2.3534
    1344       2.3584
    1345       2.2946
    1346       2.3667
    1347       2.4412
    1348       2.3004
    1349       2.3228
    1350       2.3158
    1351       2.3538
    1352       2.3210
    1353       2.2844
    1354       2.3392
    1355       2.3584
    1356       2.2836
    1357       2.4394
    1358       2.3314
    1359       2.2731
    1360       2.3636
    1361       2.4386
    1362       2.3258
    1363       2.3612
    1364       2.3554
    1365       2.2964
    1366       2.3922
    1367       2.3470
    1368       2.2571
    1369       2.2827
    1370       2.2253
    1371       2.4229
    1372       2.3728
    1373       2.3461
    1374       2.4784
    1375       2.3192
    1376       2.2581
    1377       2.3326
    1378       2.2958
    1379       2.1925
    1380       2.2430
    1381       2.3398
    1382       2.2853
    1383       2.2510
    1384       2.3410
    1385       2.3711
    1386       2.3022
    1387       2.1940
    1388       2.1563
    1389       2.1809
    1390       2.2377
    1391       2.3299
    1392       2.2288
    1393       2.2947
    1394       2.2210
    1395       2.3057
    1396       2.3754
    1397       2.2748
    1398       2.2155
    1399       2.1252
    1400       2.1898
    1401       2.3595
    1402       2.2801
    1403       2.2337
    1404       2.2928
    1405       2.3382
    1406       2.2291
    1407       2.2827
    1408       2.2609
    1409       2.2919
    1410       2.2957
    1411       2.2781
    1412       2.2088
    1413       2.3214
    1414       2.2964
    1415       2.3587
    1416       2.3529
    1417       2.5103
    1418       2.3368
    1419       2.2855
    1420       2.2553
    1421       2.3154
    1422       2.3131
    1423       2.2958
    1424       2.3020
    1425       2.2744
    1426       2.3849
    1427       2.3431
    1428       2.5152
    1429       2.4629
    1430       2.5770
    1431       2.3927
    1432       2.4532
    1433       2.3555
    1434       2.4492
    1435       2.3757
    1436       2.3637
    1437       2.3751
    1438       2.3961
    1439       2.3163
    1440       2.4080
    1441       2.3621
    1442       2.3008
    1443       2.2742
    1444       2.3379
    1445       2.2878
    1446       2.4516
    1447       2.3427
    1448       2.4336
    1449       2.3316
    1450       2.4443
    1451       2.3211
    1452       2.3818
    1453       2.2987
    1454       2.2946
    1455       2.4853
    1456       2.4524
    1457       2.4722
    1458       2.5295
    1459       2.5022
    1460       2.4413
    1461       2.3965
    1462       2.4402
    1463       2.3633
    1464       2.4613
    1465       2.3691
    1466       2.3566
    1467       2.4088
    1468       2.3180
    1469       2.3458
    1470       2.3478
    1471       2.4139
    1472       2.3072
    1473       2.5488
    1474       2.4805
    1475       2.5976
    1476       2.5094
    1477       2.5442
    1478       2.3887
    1479       2.5430
    1480       2.4709
    1481       2.4879
    1482       2.5349
    1483       2.4784
    1484       2.5288
    1485       2.4538
    1486       2.4670
    1487       2.4494
    1488       2.4290
    1489       2.4164
    1490       2.4675
    1491       2.4249
    1492       2.3059
    1493       2.5016
    1494       2.3620
    1495       2.3631
    1496       2.4355
    1497       2.3896
    1498       2.3710
    1499       2.4575
    1500       2.5005
    1501       2.5750
    1502       2.3589
    1503       2.5573
    1504       2.2336
    1505       2.4447
    1506       2.4996
    1507       2.3891
    1508       2.3975
    1509       2.3790
    1510       2.4327
    1511       2.3777
    1512       2.4107
    1513       2.4432
    1514       2.3906
    1515       2.4820
    1516       2.3121
    1517       2.3758
    1518       2.4850
    1519       2.4028
    1520       2.4307
    1521       2.4534
    1522       2.4229
    1523       2.4414
    1524       2.4855
    1525       2.5098
    1526       2.3828
    1527       2.4056
    1528       2.5536
    1529       2.4793
    1530       2.4811
    1531       2.5193
    1532       2.4993
    1533       2.5408
    1534       2.5459
    1535       2.4469
    1536       2.4227
    1537       2.5008
    1538       2.4447
    1539       2.5264
    1540       2.3964
    1541       2.4308
    1542       2.4285
    1543       2.4232
    1544       2.3255
    1545       2.3341
    1546       2.3366
    1547       2.3613
    1548       2.4587
    1549       2.3840
    1550       2.3665
    1551       2.4887
    1552       2.3286
    1553       2.3292
    1554       2.3605
    1555       2.2965
    1556       2.3232
    1557       2.2950
    1558       2.2872
    1559       2.4112
    1560       2.3953
    1561       2.3422
    1562       2.2723
    1563       2.3779
    1564       2.3490
    1565       2.2457
    1566       2.3911
    1567       2.3980
    1568       2.4804
    1569       2.4621
    1570       2.4693
    1571       2.5096
    1572       2.5435
    1573       2.5772
    1574       2.5139
    1575       2.6773
    1576       2.5883
    1577       2.4554
    1578       2.5189
    1579       2.6256
    1580       2.6571
    1581       2.5952
    1582       2.4575
    1583       2.5859
    1584       2.5230
    1585       2.5498
    1586       2.4450
    1587       2.4399
    1588       2.4683
    1589       2.6229
    1590       2.6289
    1591       2.5349
    1592       2.5442
    1593       2.4708
    1594       2.5550
    1595       2.5645
    1596       2.5619
    1597       2.4796
    1598       2.5115
    1599       2.5554
    1600       2.5204
    1601       2.5354
    1602       2.5405
    1603       2.5306
    1604       2.5257
    1605       2.5249
    1606       2.6162
    1607       2.5808
    1608       2.5805
    1609       2.5494
    1610       2.6198
    1611       2.5455
    1612       2.5257
    1613       2.4991
    1614       2.4494
    1615       2.3773
    1616       2.4785
    1617       2.5235
    1618       2.5210
    1619       2.5445
    1620       2.4787
    1621       2.4607
    1622       2.4375
    1623       2.4198
    1624       2.3918
    1625       2.4064
    1626       2.4170
    1627       2.2708
    1628       2.4781
    1629       2.4303
    1630       2.4131
    1631       2.3601
    1632       2.4394
    1633       2.4963
    1634       2.3959
    1635       2.4177
    1636       2.5076
    1637       2.3865
    1638       2.4261
    1639       2.4039
    1640       2.3331
    1641       2.3792
    1642       2.3511
    1643       2.3441
    1644       2.3513
    1645       2.3743
    1646       2.4139
    1647       2.4157
    1648       2.4343
    1649       2.4241
    1650       2.4200
    1651       2.3732
    1652       2.3228
    1653       2.4882
    1654       2.3021
    1655       2.3358
    1656       2.3822
    1657       2.3079
    1658       2.3257
    1659       2.3364
    1660       2.4376
    1661       2.4750
    1662       2.3282
    1663       2.3932
    1664       2.3896
    1665       2.3561
    1666       2.4795
    1667       2.4599
    1668       2.5048
    1669       2.3092
    1670       2.3543
    1671       2.4315
    1672       2.3228
    1673       2.3733
    1674       2.4088
    1675       2.4068
    1676       2.5350
    1677       2.4470
    1678       2.4972
    1679       2.4222
    1680       2.4370
    1681       2.4917
    1682       2.4444
    1683       2.4145
    1684       2.5117
    1685       2.4879
    1686       2.4358
    1687       2.4483
    1688       2.3777
    1689       2.5402
    1690       2.3789
    1691       2.3141
    1692       2.4560
    1693       2.3386
    1694       2.3748
    1695       2.4033
    1696       2.3421
    1697       2.2685
    1698       2.2831
    1699       2.2506
    1700       2.3922
    1701       2.3699
    1702       2.2404
    1703       2.3898
    1704       2.3833
    1705       2.2872
    1706       2.3562
    1707       2.2345
    1708       2.3218
    1709       2.3188
    1710       2.3828
    1711       2.3218
    1712       2.3394
    1713       2.2650
    1714       2.3892
    1715       2.4150
    1716       2.4615
    1717       2.4890
    1718       2.5167
    1719       2.7354
    1720       2.6491
    1721       2.7192
    1722       2.5726
    1723       2.6617
    1724       2.7266
    1725       2.5054
    1726       2.5068
    1727       2.4530
    1728       2.3597
    1729       2.4798
    1730       2.3921
    1731       2.3746
    1732       2.3487
    1733       2.3489
    1734       2.5096
    1735       2.3704
    1736       2.4453
    1737       2.4106
    1738       2.4489
    1739       2.3800
    1740       2.4072
    1741       2.3894
    1742       2.4031
    1743       2.2803
    1744       2.4456
    1745       2.3940
    1746       2.5298
    1747       2.3921
    1748       2.3703
    1749       2.4103
    1750       2.4122
    1751       2.3914
    1752       2.3187
    1753       2.4274
    1754       2.4562
    1755       2.3395
    1756       2.3254
    1757       2.4576
    1758       2.3641
    1759       2.4154
    1760       2.3154
    1761       2.4501
    1762       2.3348
    1763       2.3167
    1764       2.3264
    1765       2.3792
    1766       2.3374
    1767       2.3208
    1768       2.2997
    1769       2.3004
    1770       2.4453
    1771       2.3646
    1772       2.3520
    1773       2.3250
    1774       2.4152
    1775       2.4229
    1776       2.4280
    1777       2.4127
    1778       2.4352
    1779       2.4083
    1780       2.3276
    1781       2.4543
    1782       2.4128
    1783       2.3802
    1784       2.4474
    1785       2.2977
    1786       2.4428
    1787       2.4346
    1788       2.3407
    1789       2.4336
    1790       2.4196
    1791       2.5697
    1792       2.4289
    1793       2.5652
    1794       2.5007
    1795       2.5134
    1796       2.5305
    1797       2.4215
    1798       2.5507
    1799       2.5765
    1800       2.4879
    1801       2.5459
    1802       2.4892
    1803       2.5042
    1804       2.4234
    1805       2.4596
    1806       2.3876
    1807       2.3708
    1808       2.4701
    1809       2.4818
    1810       2.3154
    1811       2.3972
    1812       2.4479
    1813       2.4523
    1814       2.5057
    1815       2.4974
    1816       2.4506
    1817       2.4705
    1818       2.4826
    1819       2.4615
    1820       2.3122
    1821       2.5921
    1822       2.4211
    1823       2.5824
    1824       2.6266
    1825       2.5413
    1826       2.5376
    1827       2.4509
    1828       2.5544
    1829       2.6179
    1830       2.6319
    1831       2.4217
    1832       2.4802
    1833       2.5904
    1834       2.5347
    1835       2.5267
    1836       2.5737
    1837       2.6106
    1838       2.5438
    1839       2.5790
    1840       2.5994
    1841       2.4852
    1842       2.5415
    1843       2.5112
    1844       2.5194
    1845       2.5233
    1846       2.5440
    1847       2.5719
    1848       2.5064
    1849       2.5306
    1850       2.5139
    1851       2.5533
    1852       2.5767
    1853       2.5374
    1854       2.5497
    1855       2.5370
    1856       2.4941
    1857       2.4069
    1858       2.4830
    1859       2.4029
    1860       2.4914
    1861       2.4672
    1862       2.4352
    1863       2.4447
    1864       2.4931
    1865       2.4204
    1866       2.4503
    1867       2.3930
    1868       2.3626
    1869       2.4709
    1870       2.5177
    1871       2.4960
    1872       2.5814
    1873       2.4258
    1874       2.4958
    1875       2.4457
    1876       2.5261
    1877       2.5094
    1878       2.5039
    1879       2.4919
    1880       2.5024
    1881       2.4342
    1882       2.5482
    1883       2.4566
    1884       2.4922
    1885       2.4640
    1886       2.5006
    1887       2.4155
    1888       2.4688
    1889       2.5170
    1890       2.4246
    1891       2.4149
    1892       2.4622
    1893       2.6411
    1894       2.6330
    1895       2.3815
    1896       2.5041
    1897       2.5005
    1898       2.4664
    1899       2.4951
    1900       2.5756
    1901       2.4053
    1902       2.3966
    1903       2.3106
    1904       2.4302
    1905       2.4683
    1906       2.4390
    1907       2.4109
    1908       2.3508
    1909       2.4979
    1910       2.4696
    1911       2.4003
    1912       2.5340
    1913       2.3641
    1914       2.4848
    1915       2.4423
    1916       2.4314
    1917       2.3169
    1918       2.3856
    1919       2.3782
    1920       2.4876
    1921       2.3979
    1922       2.3748
    1923       2.3505
    1924       2.4154
    1925       2.4568
    1926       2.5044
    1927       2.4682
    1928       2.5750
    1929       2.5539
    1930       2.6588
    1931       2.5234
    1932       2.6317
    1933       2.5161
    1934       2.6029
    1935       2.5667
    1936       2.5477
    1937       2.5158
    1938       2.5751
    1939       2.5793
    1940       2.6157
    1941       2.5644
    1942       2.5403
    1943       2.5485
    1944       2.4495
    1945       2.4867
    1946       2.4849
    1947       2.6121
    1948       2.4498
    1949       2.4497
    1950       2.4971
    1951       2.5938
    1952       2.4798
    1953       2.5346
    1954       2.5406
    1955       2.4366
    1956       2.4135
    1957       2.3955
    1958       2.4355
    1959       2.4752
    1960       2.4685
    1961       2.4911
    1962       2.3963
    1963       2.5152
    1964       2.3946
    1965       2.5106
    1966       2.4431
    1967       2.4796
    1968       2.4583
    1969       2.4295
    1970       2.4052
    1971       2.4454
    1972       2.5887
    1973       2.4125
    1974       2.4432
    1975       2.4531
    1976       2.4422
    1977       2.4070
    1978       2.3039
    1979       2.3833
    1980       2.3633
    1981       2.4060
    1982       2.3170
    1983       2.3257
    1984       2.2950
    1985       2.4380
    1986       2.4854
    1987       2.3888
    1988       2.4127
    1989       2.4536
    1990       2.4537
    1991       2.4500
    1992       2.4183
    1993       2.4287
    1994       2.3749
    1995       2.4119
    1996       2.3509
    1997       2.4266
    1998       2.5416
    1999       2.3995
    2000       2.3977
    2001       2.5378
    2002       2.5277
    2003       2.5370
    2004       2.5292
    2005       2.5364
    2006       2.5308
    2007       2.3925
    2008       2.3472
    2009       2.2800
    2010       2.3870
    2011       2.3260
    2012       2.3382
    2013       2.3212
    2014       2.4159
    2015       2.4314
    2016       2.4257
    2017       2.4868
    2018       2.3975
    2019       2.4178
    2020       2.4125
    2021       2.3838
    2022       2.3882
    2023       2.4234
    2024       2.3681
    2025       2.5026
    2026       2.3820
    2027       2.3801
    2028       2.4025
    2029       2.3264
    2030       2.3241
    2031       2.2243
    2032       2.2710
    2033       2.3035
    2034       2.3888
    2035       2.5205
    2036       2.4082
    2037       2.3601
    2038       2.3936
    2039       2.4343
    2040       2.5077
    2041       2.2550
    2042       2.3896
    2043       2.4136
    2044       2.3739
    2045       2.4083
    2046       2.2956
    2047       2.4680
    2048       2.3335
    2049       2.4049
    2050       2.5144
    2051       2.4808
    2052       2.3986
    2053       2.4807
    2054       2.4934
    2055       2.3937
    2056       2.6845
    2057       2.6423
    2058       2.4626
    2059       2.6039
    2060       2.6113
    2061       2.6964
    2062       2.5623
    2063       2.6714
    2064       2.5488
    2065       2.7088
    2066       2.7183
    2067       2.6185
    2068       2.6440
    2069       2.6804
    2070       2.6586
    2071       2.6177
    2072       2.6853
    2073       2.6608
    2074       2.6321
    2075       2.6504
    2076       2.5645
    2077       2.5393
    2078       2.5261
    2079       2.7063
    2080       2.5653
    2081       2.5457
    2082       2.5607
    2083       2.6660
    2084       2.6901
    2085       2.6352
    2086       2.6907
    2087       2.5751
    2088       2.4714
    2089       2.5404
    2090       2.5618
    2091       2.5318
    2092       2.5378
    2093       2.5659
    2094       2.5059
    2095       2.5022
    2096       2.4947
    2097       2.5034
    2098       2.4975
    2099       2.6993
    2100       2.7033
    2101       2.6767
    2102       2.6627
    2103       2.6932
    2104       2.6167
    2105       2.4948
    2106       2.4872
    2107       2.4196
    2108       2.5090
    2109       2.4682
    2110       2.5724
    2111       2.4899
    2112       2.4732
    2113       2.5518
    2114       2.5933
    2115       2.4330
    2116       2.5285
    2117       2.5223
    2118       2.6193
    2119       2.6366
    2120       2.5104
    2121       2.4975
    2122       2.4643
    2123       2.5571
    2124       2.5972
    2125       2.5954
    2126       2.5767
    2127       2.4725
    2128       2.6000
    2129       2.7046
    2130       2.6323
    2131       2.5638
    2132       2.5473
    2133       2.6865
    2134       2.6475
    2135       2.5453
    2136       2.7216
    2137       2.5739
    2138       2.4818
    2139       2.5386
    2140       2.5547
    2141       2.6451
    2142       2.6581
    2143       2.6919
    2144       2.7433
    2145       2.7834
    2146       2.6799
    2147       2.4609
    2148       2.6946
    2149       2.7171
    2150       2.5508
    2151       2.5826
    2152       2.6865
    2153       2.7710
    2154       2.6417
    2155       2.6112
    2156       2.5588
    2157       2.5767
    2158       2.4637
    2159       2.5282
    2160       2.6343
    2161       2.5183
    2162       2.5328
    2163       2.6746
    2164       2.6210
    2165       2.5412
    2166       2.6224
    2167       2.6642
    2168       2.6271
    2169       2.6482
    2170       2.6357
    2171       2.5819
    2172       2.6483
    2173       2.4941
    2174       2.5986
    2175       2.5572
    2176       2.6830
    2177       2.6604
    2178       2.6462
    2179       2.6101
    2180       2.6177
    2181       2.6871
    2182       2.7461
    2183       2.7003
    2184       2.5608
    2185       2.5202
    2186       2.5331
    2187       2.5935
    2188       2.4611
    2189       2.5325
    2190       2.5825
    2191       2.5016
    2192       2.6204
    2193       2.6373
    2194       2.5541
    2195       2.5628
    2196       2.6032
    2197       2.4702
    2198       2.5025
    2199       2.6148
    2200       2.6162
    2201       2.5427
    2202       2.4947
    2203       2.5108
    2204       2.5258
    2205       2.5499
    2206       2.4457
    2207       2.5216
    2208       2.4595
    2209       2.4938
    2210       2.4273
    2211       2.4519
    2212       2.5458
    2213       2.5250
    2214       2.6164
    2215       2.4954
    2216       2.4767
    2217       2.6317
    2218       2.4891
    2219       2.5147
    2220       2.5146
    2221       2.5414
    2222       2.4849
    2223       2.4236
    2224       2.6199
    2225       2.5044
    2226       2.5825
    2227       2.4250
    2228       2.5285
    2229       2.5186
    2230       2.5406
    2231       2.5226
    2232       2.6409
    2233       2.6304
    2234       2.6448
    2235       2.5771
    2236       2.5369
    2237       2.6329
    2238       2.4758
    2239       2.4921
    2240       2.5133
    2241       2.4100
    2242       2.5535
    2243       2.5665
    2244       2.5485
    2245       2.5318
    2246       2.5097
    2247       2.4583
    2248       2.5886
    2249       2.5124
    2250       2.6819
    2251       2.6384
    2252       2.6334
    2253       2.5823
    2254       2.5425
    2255       2.4311
    2256       2.5371
    2257       2.4802
    2258       2.5029
    2259       2.4805
    2260       2.6152
    2261       2.4836
    2262       2.4374
    2263       2.5541
    2264       2.5510
    2265       2.6249
    2266       2.5624
    2267       2.6843
    2268       2.5492
    2269       2.5868
    2270       2.5788
    2271       2.6135
    2272       2.5451
    2273       2.4856
    2274       2.5992
    2275       2.5888
    2276       2.4783
    2277       2.4916
    2278       2.5586
    2279       2.4811
    2280       2.6422
    2281       2.4457
    2282       2.4729
    2283       2.5232
    2284       2.4613
    2285       2.4935
    2286       2.4474
    2287       2.4746
    2288       2.4917
    2289       2.6390
    2290       2.6495
    2291       2.6624
    2292       2.4192
    2293       2.5166
    2294       2.5061
    2295       2.4844
    2296       2.4676
    2297       2.4429
    2298       2.4435
    2299       2.4369
    2300       2.3512
    2301       2.4034
    2302       2.4886
    2303       2.4043
    2304       2.4223
    2305       2.4161
    2306       2.5384
    2307       2.4635
    2308       2.4227
    2309       2.3958
    2310       2.3804
    2311       2.4501
    2312       2.4957
    2313       2.3973
    2314       2.5867
    2315       2.4179
    2316       2.4548
    2317       2.5156
    2318       2.4036
    2319       2.4759
    2320       2.3886
    2321       2.4186
    2322       2.4320
    2323       2.3576
    2324       2.4144
    2325       2.4193
    2326       2.4930
    2327       2.5612
    2328       2.5197
    2329       2.4438
    2330       2.5529
    2331       2.5364
    2332       2.4318
    2333       2.4119
    2334       2.5301
    2335       2.5810
    2336       2.4363
    2337       2.4215
    2338       2.5391
    2339       2.4724
    2340       2.6002
    2341       2.5330
    2342       2.5296
    2343       2.5197
    2344       2.4465
    2345       2.4330
    2346       2.4723
    2347       2.4478
    2348       2.4064
    2349       2.3703
    2350       2.4063
    2351       2.4761
    2352       2.4983
    2353       2.4441
    2354       2.4099
    2355       2.5376
    2356       2.5272
    2357       2.4255
    2358       2.5625
    2359       2.5403
    2360       2.4834
    2361       2.5676
    2362       2.6397
    2363       2.6393
    2364       2.6909
    2365       2.6441
    2366       2.6539
    2367       2.5741
    2368       2.5287
    2369       2.5227
    2370       2.6052
    2371       2.4890
    2372       2.3971
    2373       2.4208
    2374       2.4413
    2375       2.4721
    2376       2.4622
    2377       2.4619
    2378       2.5224
    2379       2.3891
    2380       2.4753
    2381       2.4135
    2382       2.4723
    2383       2.4435
    2384       2.4783
    2385       2.4391
    2386       2.4358
    2387       2.4844
    2388       2.4914
    2389       2.5463
    2390       2.4341
    2391       2.5048
    2392       2.4971
    2393       2.5083
    2394       2.5714
    2395       2.5451
    2396       2.5785
    2397       2.5997
    2398       2.5366
    2399       2.6312
    2400       2.5567
    2401       2.5036
    2402       2.3702
    2403       2.4616
    2404       2.4162
    2405       2.4918
    2406       2.5083
    2407       2.5644
    2408       2.4576
    2409       2.5488
    2410       2.4908
    2411       2.5783
    2412       2.5047
    2413       2.5252
    2414       2.5481
    2415       2.5455
    2416       2.4907
    2417       2.5833
    2418       2.5707
    2419       2.5661
    2420       2.5511
    2421       2.5488
    2422       2.4646
    2423       2.6477
    2424       2.6045
    2425       2.7118
    2426       2.6588
    2427       2.7466
    2428       2.6578
    2429       2.5936
    2430       2.5298
    2431       2.5539
    2432       2.5856
    2433       2.4795
    2434       2.5931
    2435       2.6643
    2436       2.6193
    2437       2.4571
    2438       2.5224
    2439       2.4975
    2440       2.4671
    2441       2.4793
    2442       2.4834
    2443       2.5796
    2444       2.5322
    2445       2.5155
    2446       2.5382
    2447       2.5615
    2448       2.5784
    2449       2.5822
    2450       2.6405
    2451       2.5308
    2452       2.5949
    2453       2.6090
    2454       2.5004
    2455       2.5780
    2456       2.6041
    2457       2.5595
    2458       2.6433
    2459       2.6728
    2460       2.5207
    2461       2.5930
    2462       2.5523
    2463       2.4340
    2464       2.5324
    2465       2.5854
    2466       2.5146
    2467       2.3635
    2468       2.5603
    2469       2.5337
    2470       2.4769
    2471       2.3998
    2472       2.4542
    2473       2.4599
    2474       2.4682
    2475       2.3546
    2476       2.3512
    2477       2.4940
    2478       2.4780
    2479       2.4498
    2480       2.5381
    2481       2.4959
    2482       2.5271
    2483       2.6017
    2484       2.7111
    2485       2.6765
    2486       2.5953
    2487       2.5430
    2488       2.4969
    2489       2.5460
    2490       2.5947
    2491       2.5166
    2492       2.4734
    2493       2.5581
    2494       2.6034
    2495       2.5228
    2496       2.6588
    2497       2.5314
    2498       2.5640
    2499       2.3711
    2500       2.5951
    2501       2.6215
    2502       2.5896
    2503       2.5882
    2504       2.6513
    2505       2.6180
    2506       2.5385
    2507       2.6214
    2508       2.6683
    2509       2.6294
    2510       2.5228
    2511       2.5306
    2512       2.4782
    2513       2.5434
    2514       2.5662
    2515       2.5576
    2516       2.5592
    2517       2.5646
    2518       2.5301
    2519       2.4921
    2520       2.5819
    2521       2.5939
    2522       2.6584
    2523       2.6165
    2524       2.6268
    2525       2.5714
    2526       2.5632
    2527       2.6971
    2528       2.6385
    2529       2.6846
    2530       2.5510
    2531       2.4710
    2532       2.5597
    2533       2.5946
    2534       2.5795
    2535       2.6635
    2536       2.5207
    2537       2.5711
    2538       2.5965
    2539       2.5239
    2540       2.5945
    2541       2.4949
    2542       2.5788
    2543       2.5807
    2544       2.6300
    2545       2.6674
    2546       2.6408
    2547       2.5614
    2548       2.5593
    2549       2.6129
    2550       2.5341
    2551       2.5076
    2552       2.5606
    2553       2.5899
    2554       2.4412
    2555       2.5544
    2556       2.5245
    2557       2.4784
    2558       2.5482
    2559       2.5635
    2560       2.5997
    2561       2.5689
    2562       2.5369
    2563       2.6005
    2564       2.5985
    2565       2.6490
    2566       2.5692
    2567       2.6578
    2568       2.5413
    2569       2.6536
    2570       2.6008
    2571       2.6519
    2572       2.6954
    2573       2.5910
    2574       2.6156
    2575       2.6680
    2576       2.7356
    2577       2.6895
    2578       2.6703
    2579       2.5391
    2580       2.5332
    2581       2.5726
    2582       2.5393
    2583       2.5722
    2584       2.5596
    2585       2.4890
    2586       2.5577
    2587       2.5553
    2588       2.6203
    2589       2.5165
    2590       2.5442
    2591       2.4536
    2592       2.5477
    2593       2.5428
    2594       2.4752
    2595       2.5522
    2596       2.5320
    2597       2.5382
    2598       2.5384
    2599       2.4649
    2600       2.5373
    2601       2.4581
    2602       2.4407
    2603       2.5244
    2604       2.4618
    2605       2.5325
    2606       2.5704
    2607       2.5781
    2608       2.5941
    2609       2.7043
    2610       2.5977
    2611       2.5396
    2612       2.6238
    2613       2.6580
    2614       2.6156
    2615       2.5404
    2616       2.6981
    2617       2.7065
    2618       2.7057
    2619       2.6358
    2620       2.7745
    2621       2.6415
    2622       2.6139
    2623       2.6894
    2624       2.6582
    2625       2.5899
    2626       2.5986
    2627       2.6001
    2628       2.5797
    2629       2.5714
    2630       2.5849
    2631       2.6994
    2632       2.5269
    2633       2.5993
    2634       2.6700
    2635       2.5762
    2636       2.6237
    2637       2.7351
    2638       2.6331
    2639       2.4882
    2640       2.6588
    2641       2.4686
    2642       2.4554
    2643       2.5185
    2644       2.4405
    2645       2.4790
    2646       2.5714
    2647       2.5383
    2648       2.6172
    2649       2.5868
    2650       2.5889
    2651       2.6279
    2652       2.5268
    2653       2.7335
    2654       2.6961
    2655       2.5749
    2656       2.6542
    2657       2.6496
    2658       2.5327
    2659       2.5866
    2660       2.5300
    2661       2.6317
    2662       2.6089
    2663       2.6724
    2664       2.7744
    2665       2.6537
    2666       2.6448
    2667       2.5817
    2668       2.5340
    2669       2.5493
    2670       2.6071
    2671       2.6082
    2672       2.6164
    2673       2.5853
    2674       2.5851
    2675       2.5936
    2676       2.5533
    2677       2.6214
    2678       2.5462
    2679       2.7565
    2680       2.5621
    2681       2.6278
    2682       2.5783
    2683       2.6078
    2684       2.5996
    2685       2.6389
    2686       2.6713
    2687       2.7234
    2688       2.7419
    2689       2.6386
    2690       2.4615
    2691       2.6118
    2692       2.5781
    2693       2.6447
    2694       2.6758
    2695       2.5806
    2696       2.5005
    2697       2.4649
    2698       2.4614
    2699       2.5165
    2700       2.4388
    2701       2.6038
    2702       2.5539
    2703       2.5980
    2704       2.6132
    2705       2.4468
    2706       2.6156
    2707       2.6052
    2708       2.6024
    2709       2.6489
    2710       2.5258
    2711       2.6544
    2712       2.7003
    2713       2.6581
    2714       2.5994
    2715       2.6354
    2716       2.6178
    2717       2.5755
    2718       2.6092
    2719       2.6842
    2720       2.5443
    2721       2.4955
    2722       2.6062
    2723       2.5549
    2724       2.5521
    2725       2.5299
    2726       2.5980
    2727       2.5550
    2728       2.4843
    2729       2.4263
    2730       2.4827
    2731       2.5000
    2732       2.4651
    2733       2.5658
    2734       2.5556
    2735       2.4997
    2736       2.5097
    2737       2.4796
    2738       2.6882
    2739       2.5292
    2740       2.5910
    2741       2.5544
    2742       2.5984
    2743       2.5917
    2744       2.4651
    2745       2.5486
    2746       2.5608
    2747       2.4920
    2748       2.4600
    2749       2.4307
    2750       2.5825
    2751       2.5042
    2752       2.4490
    2753       2.5408
    2754       2.5077
    2755       2.4890
    2756       2.4348
    2757       2.6158
    2758       2.5379
    2759       2.5338
    2760       2.3750
    2761       2.4884
    2762       2.4490
    2763       2.5400
    2764       2.4462
    2765       2.4382
    2766       2.4238
    2767       2.4984
    2768       2.4734
    2769       2.4655
    2770       2.4015
    2771       2.5916
    2772       2.6112
    2773       2.5234
    2774       2.4141
    2775       2.4635
    2776       2.4589
    2777       2.4786
    2778       2.4633
    2779       2.5672
    2780       2.4240
    2781       2.4845
    2782       2.4323
    2783       2.4508
    2784       2.4351
    2785       2.5289
    2786       2.3709
    2787       2.4454
    2788       2.4360
    2789       2.4369
    2790       2.4619
    2791       2.4998
    2792       2.4786
    2793       2.5720
    2794       2.5106
    2795       2.6027
    2796       2.5537
    2797       2.6144
    2798       2.5244
    2799       2.4682
    2800       2.5368
    2801       2.5282
    2802       2.5313
    2803       2.4487
    2804       2.4842
    2805       2.5060
    2806       2.4765
    2807       2.4376
    2808       2.3962
    2809       2.4489
    2810       2.4579
    2811       2.3792
    2812       2.4577
    2813       2.4278
    2814       2.4627
    2815       2.4695
    2816       2.3869
    2817       2.5491
    2818       2.5917
    2819       2.4435
    2820       2.5514
    2821       2.4532
    2822       2.5547
    2823       2.5655
    2824       2.5048
    2825       2.5142
    2826       2.4473
    2827       2.5454
    2828       2.4986
    2829       2.4718
    2830       2.4102
    2831       2.5789
    2832       2.5409
    2833       2.5578
    2834       2.5352
    2835       2.5122
    2836       2.5520
    2837       2.4654
    2838       2.5188
    2839       2.4874
    2840       2.3265
    2841       2.3127
    2842       2.4003
    2843       2.4557
    2844       2.3598
    2845       2.5237
    2846       2.4591
    2847       2.3930
    2848       2.3644
    2849       2.3532
    2850       2.3885
    2851       2.4368
    2852       2.4105
    2853       2.4320
    2854       2.3860
    2855       2.3690
    2856       2.4140
    2857       2.4999
    2858       2.3502
    2859       2.4910
    2860       2.5000
    2861       2.5000
    2862       2.3511
    2863       2.3703
    2864       2.4841
    2865       2.5564
    2866       2.5315
    2867       2.4126
    2868       2.3479
    2869       2.4587
    2870       2.3856
    2871       2.4102
    2872       2.4236
    2873       2.4539
    2874       2.5419
    2875       2.4872
    2876       2.5298
    2877       2.3702
    2878       2.3791
    2879       2.3176
    2880       2.4550
    2881       2.5314
    2882       2.4993
    2883       2.5931
    2884       2.4136
    2885       2.4256
    2886       2.4787
    2887       2.3118
    2888       2.4310
    2889       2.3801
    2890       2.4211
    2891       2.3595
    2892       2.3643
    2893       2.5410
    2894       2.4940
    2895       2.4578
    2896       2.4486
    2897       2.3862
    2898       2.3767
    2899       2.4645
    2900       2.5284
    2901       2.4586
    2902       2.4281
    2903       2.4552
    2904       2.3714
    2905       2.4507
    2906       2.4135
    2907       2.4398
    2908       2.4325
    2909       2.4939
    2910       2.4224
    2911       2.5092
    2912       2.3721
    2913       2.5045
    2914       2.4424
    2915       2.4392
    2916       2.4058
    2917       2.3996
    2918       2.4509
    2919       2.4055
    2920       2.3478
    2921       2.2973
    2922       2.3199
    2923       2.3921
    2924       2.3804
    2925       2.3606
    2926       2.4295
    2927       2.3668
    2928       2.4545
    2929       2.4675
    2930       2.4563
    2931       2.5282
    2932       2.3937
    2933       2.4668
    2934       2.3782
    2935       2.3917
    2936       2.4776
    2937       2.3504
    2938       2.4547
    2939       2.3762
    2940       2.3493
    2941       2.4334
    2942       2.4956
    2943       2.4926
    2944       2.5941
    2945       2.3528
    2946       2.4553
    2947       2.4502
    2948       2.3554
    2949       2.4133
    2950       2.3704
    2951       2.3756
    2952       2.4202
    2953       2.3510
    2954       2.5363
    2955       2.5200
    2956       2.4222
    2957       2.3433
    2958       2.3501
    2959       2.4667
    2960       2.4187
    2961       2.5058
    2962       2.3154
    2963       2.4026
    2964       2.3714
    2965       2.3564
    2966       2.4468
    2967       2.3862
    2968       2.3825
    2969       2.4861
    2970       2.3376
    2971       2.3701
    2972       2.3996
    2973       2.4550
    2974       2.3883
    2975       2.3984
    2976       2.2880
    2977       2.4225
    2978       2.4183
    2979       2.4490
    2980       2.4338
    2981       2.4479
    2982       2.4469
    2983       2.3854
    2984       2.4275
    2985       2.4489
    2986       2.5623
    2987       2.4284
    2988       2.5155
    2989       2.3954
    2990       2.3957
    2991       2.3527
    2992       2.4547
    2993       2.4219
    2994       2.3892
    2995       2.3322
    2996       2.5142
    2997       2.5394
    2998       2.4118
    2999       2.4403
    3000       2.4775
    3001       2.4570
    3002       2.4599
    3003       2.3773
    3004       2.3829
    3005       2.4135
    3006       2.5059
    3007       2.4581
    3008       2.5809
    3009       2.4806
    3010       2.5645
    3011       2.4678
    3012       2.5899
    3013       2.6030
    3014       2.6280
    3015       2.6053
    3016       2.5477
    3017       2.5265
    3018       2.4203
    3019       2.3432
    3020       2.4545
    3021       2.4502
    3022       2.3725
    3023       2.3588
    3024       2.3946
    3025       2.3758
    3026       2.3571
    3027       2.4439
    3028       2.4023
    3029       2.4827
    3030       2.4157
    3031       2.3324
    3032       2.4576
    3033       2.4069
    3034       2.5169
    3035       2.5055
    3036       2.5320
    3037       2.4551
    3038       2.4715
    3039       2.4230
    3040       2.4253
    3041       2.4837
    3042       2.6044
    3043       2.4134
    3044       2.4599
    3045       2.4864
    3046       2.5287
    3047       2.5778
    3048       2.5548
    3049       2.5886
    3050       2.6486
    3051       2.5734
    3052       2.5558
    3053       2.5686
    3054       2.5000
    3055       2.5457
    3056       2.4682
    3057       2.3578
    3058       2.4945
    3059       2.4107
    3060       2.4149
    3061       2.4317
    3062       2.4348
    3063       2.4997
    3064       2.4457
    3065       2.4743
    3066       2.4400
    3067       2.4662
    3068       2.4177
    3069       2.3792
    3070       2.4531
    3071       2.4318
    3072       2.4805
    3073       2.5175
    3074       2.5173
    3075       2.5048
    3076       2.5818
    3077       2.4569
    3078       2.4822
    3079       2.4886
    3080       2.5557
    3081       2.4298
    3082       2.4177
    3083       2.5520
    3084       2.3762
    3085       2.3563
    3086       2.4450
    3087       2.4598
    3088       2.4197
    3089       2.4697
    3090       2.4413
    3091       2.3708
    3092       2.3753
    3093       2.3706
    3094       2.3838
    3095       2.3588
    3096       2.3621
    3097       2.2824
    3098       2.4874
    3099       2.4308
    3100       2.5541
    3101       2.5873
    3102       2.4102
    3103       2.4919
    3104       2.5270
    3105       2.5867
    3106       2.4929
    3107       2.5327
    3108       2.5698
    3109       2.5432
    3110       2.5646
    3111       2.5252
    3112       2.5188
    3113       2.3985
    3114       2.5541
    3115       2.5558
    3116       2.5540
    3117       2.5513
    3118       2.6138
    3119       2.5316
    3120       2.5900
    3121       2.5300
    3122       2.5956
    3123       2.6248
    3124       2.5148
    3125       2.4613
    3126       2.4939
    3127       2.4435
    3128       2.4883
    3129       2.6071
    3130       2.5739
    3131       2.5834
    3132       2.5831
    3133       2.5088
    3134       2.5374
    3135       2.5804
    3136       2.6632
    3137       2.5524
    3138       2.4748
    3139       2.5742
    3140       2.5536
    3141       2.5880
    3142       2.6496
    3143       2.6284
    3144       2.5469
    3145       2.4909
    3146       2.4132
    3147       2.5270
    3148       2.5559
    3149       2.3333
    3150       2.5298
    3151       2.5492
    3152       2.6284
    3153       2.6579
    3154       2.5582
    3155       2.5747
    3156       2.6636
    3157       2.5993
    3158       2.5785
    3159       2.4827
    3160       2.4702
    3161       2.4782
    3162       2.4488
    3163       2.4619
    3164       2.5806
    3165       2.5521
    3166       2.5505
    3167       2.5921
    3168       2.7133
    3169       2.5651
    3170       2.5594
    3171       2.5674
    3172       2.4127
    3173       2.4766
    3174       2.4230
    3175       2.3416
    3176       2.4481
    3177       2.5699
    3178       2.4510
    3179       2.4896
    3180       2.4170
    3181       2.4130
    3182       2.4296
    3183       2.4002
    3184       2.4738
    3185       2.4476
    3186       2.5242
    3187       2.5454
    3188       2.4859
    3189       2.3092
    3190       2.4833
    3191       2.4493
    3192       2.4475
    3193       2.5188
    3194       2.4835
    3195       2.4253
    3196       2.4496
    3197       2.4419
    3198       2.4464
    3199       2.5078
    3200       2.5176
    3201       2.4390
    3202       2.4376
    3203       2.4232
    3204       2.5594
    3205       2.4899
    3206       2.4436
    3207       2.4568
    3208       2.3679
    3209       2.5277
    3210       2.5864
    3211       2.4331
    3212       2.4086
    3213       2.4524
    3214       2.4778
    3215       2.4490
    3216       2.4367
    3217       2.4334
    3218       2.4128
    3219       2.4322
    3220       2.4263
    3221       2.5199
    3222       2.4916
    3223       2.4232
    3224       2.4640
    3225       2.4619
    3226       2.3154
    3227       2.4709
    3228       2.4072
    3229       2.3340
    3230       2.3580
    3231       2.3756
    3232       2.3249
    3233       2.4101
    3234       2.4069
    3235       2.3781
    3236       2.4304
    3237       2.3836
    3238       2.3648
    3239       2.3592
    3240       2.3250
    3241       2.3822
    3242       2.3370
    3243       2.3683
    3244       2.3864
    3245       2.4413
    3246       2.4295
    3247       2.3859
    3248       2.3566
    3249       2.4743
    3250       2.4792
    3251       2.4950
    3252       2.5474
    3253       2.4546
    3254       2.2654
    3255       2.3696
    3256       2.3895
    3257       2.4072
    3258       2.4301
    3259       2.4085
    3260       2.4481
    3261       2.3933
    3262       2.3352
    3263       2.2873
    3264       2.2380
    3265       2.3802
    3266       2.4481
    3267       2.3588
    3268       2.3952
    3269       2.3582
    3270       2.4080
    3271       2.4228
    3272       2.3646
    3273       2.4348
    3274       2.4618
    3275       2.2855
    3276       2.4188
    3277       2.3275
    3278       2.3835
    3279       2.3857
    3280       2.3525
    3281       2.4019
    3282       2.3757
    3283       2.5103
    3284       2.4772
    3285       2.4662
    3286       2.4666
    3287       2.4291
    3288       2.5107
    3289       2.3720
    3290       2.3937
    3291       2.4106
    3292       2.4133
    3293       2.4005
    3294       2.4558
    3295       2.4727
    3296       2.4079
    3297       2.3779
    3298       2.4472
    3299       2.4286
    3300       2.4750
    3301       2.5060
    3302       2.5142
    3303       2.4868
    3304       2.5311
    3305       2.3968
    3306       2.4194
    3307       2.4160
    3308       2.4767
    3309       2.4325
    3310       2.3837
    3311       2.5089
    3312       2.5190
    3313       2.4242
    3314       2.4280
    3315       2.5269
    3316       2.4598
    3317       2.4322
    3318       2.4948
    3319       2.3572
    3320       2.3972
    3321       2.4083
    3322       2.5461
    3323       2.4239
    3324       2.4854
    3325       2.3961
    3326       2.4952
    3327       2.3650
    3328       2.3946
    3329       2.5011
    3330       2.3406
    3331       2.3913
    3332       2.5497
    3333       2.5343
    3334       2.5769
    3335       2.5058
    3336       2.5302
    3337       2.5387
    3338       2.5874
    3339       2.5794
    3340       2.5864
    3341       2.5753
    3342       2.5519
    3343       2.6688
    3344       2.5105
    3345       2.5916
    3346       2.5473
    3347       2.5411
    3348       2.5087
    3349       2.5596
    3350       2.4598
    3351       2.5412
    3352       2.6284
    3353       2.6193
    3354       2.4911
    3355       2.5568
    3356       2.4720
    3357       2.5978
    3358       2.5880
    3359       2.6278
    3360       2.4459
    3361       2.6570
    3362       2.6682
    3363       2.5435
    3364       2.6403
    3365       2.5985
    3366       2.6934
    3367       2.6002
    3368       2.6446
    3369       2.5268
    3370       2.5158
    3371       2.5187
    3372       2.4989
    3373       2.5400
    3374       2.3928
    3375       2.5477
    3376       2.5394
    3377       2.4208
    3378       2.4731
    3379       2.4084
    3380       2.4301
    3381       2.5370
    3382       2.5376
    3383       2.4807
    3384       2.5098
    3385       2.4979
    3386       2.4508
    3387       2.5294
    3388       2.4775
    3389       2.5340
    3390       2.5026
    3391       2.5104
    3392       2.3825
    3393       2.4117
    3394       2.6224
    3395       2.5144
    3396       2.5127
    3397       2.5133
    3398       2.5572
    3399       2.5510
    3400       2.5429
    3401       2.6513
    3402       2.5839
    3403       2.5709
    3404       2.5733
    3405       2.5038
    3406       2.5781
    3407       2.4859
    3408       2.5187
    3409       2.4884
    3410       2.4959
    3411       2.4896
    3412       2.5339
    3413       2.5237
    3414       2.4642
    3415       2.5358
    3416       2.6059
    3417       2.6364
    3418       2.4706
    3419       2.6827
    3420       2.5474
    3421       2.5901
    3422       2.4738
    3423       2.6758
    3424       2.4794
    3425       2.6575
    3426       2.6059
    3427       2.5957
    3428       2.6005
    3429       2.5345
    3430       2.4448
    3431       2.5043
    3432       2.3929
    3433       2.5521
    3434       2.4421
    3435       2.4938
    3436       2.5352
    3437       2.5471
    3438       2.4662
    3439       2.5174
    3440       2.5097
    3441       2.5317
    3442       2.5664
    3443       2.5096
    3444       2.5040
    3445       2.5600
    3446       2.5924
    3447       2.5510
    3448       2.6267
    3449       2.5966
    3450       2.5651
    3451       2.4980
    3452       2.5227
    3453       2.6162
    3454       2.5435
    3455       2.5739
    3456       2.5469
    3457       2.6405
    3458       2.5359
    3459       2.5973
    3460       2.5643
    3461       2.4670
    3462       2.5438
    3463       2.5099
    3464       2.5012
    3465       2.5926
    3466       2.4898
    3467       2.4350
    3468       2.5306
    3469       2.5559
    3470       2.5855
    3471       2.6526
    3472       2.5613
    3473       2.5660
    3474       2.5465
    3475       2.5625
    3476       2.5561
    3477       2.5343
    3478       2.4914
    3479       2.4310
    3480       2.5092
    3481       2.4413
    3482       2.5497
    3483       2.4651
    3484       2.3568
    3485       2.4761
    3486       2.4766
    3487       2.4821
    3488       2.3796
    3489       2.4694
    3490       2.4962
    3491       2.4713
    3492       2.5224
    3493       2.5030
    3494       2.5384
    3495       2.5493
    3496       2.3986
    3497       2.4355
    3498       2.4786
    3499       2.4773
    3500       2.3989
    3501       2.3838
    3502       2.3350
    3503       2.5151
    3504       2.4582
    3505       2.4432
    3506       2.4501
    3507       2.4585
    3508       2.4663
    3509       2.3822
    3510       2.4300
    3511       2.3933
    3512       2.3801
    3513       2.3711
    3514       2.3991
    3515       2.3686
    3516       2.4279
    3517       2.4317
    3518       2.5466
    3519       2.4276
    3520       2.4125
    3521       2.5163
    3522       2.4383
    3523       2.4950
    3524       2.4605
    3525       2.5438
    3526       2.3793
    3527       2.3795
    3528       2.3701
    3529       2.4948
    3530       2.4504
    3531       2.4701
    3532       2.4142
    3533       2.4221
    3534       2.4054
    3535       2.4183
    3536       2.4223
    3537       2.4927
    3538       2.5891
    3539       2.3858
    3540       2.4243
    3541       2.4065
    3542       2.3190
    3543       2.2953
    3544       2.3134
    3545       2.4061
    3546       2.3618
    3547       2.3564
    3548       2.3701
    3549       2.4395
    3550       2.3992
    3551       2.3464
    3552       2.4005
    3553       2.4055
    3554       2.4914
    3555       2.3472
    3556       2.4413
    3557       2.3845
    3558       2.3918
    3559       2.4727
    3560       2.4489
    3561       2.4913
    3562       2.3681
    3563       2.3650
    3564       2.3694
    3565       2.4222
    3566       2.3816
    3567       2.4520
    3568       2.4638
    3569       2.4314
    3570       2.3226
    3571       2.4260
    3572       2.3296
    3573       2.4793
    3574       2.3337
    3575       2.3849
    3576       2.4451
    3577       2.3978
    3578       2.4669
    3579       2.4468
    3580       2.3766
    3581       2.3654
    3582       2.3715
    3583       2.3390
    3584       2.3488
    3585       2.3044
    3586       2.3099
    3587       2.4581
    3588       2.5007
    3589       2.3506
    3590       2.4138
    3591       2.4372
    3592       2.4927
    3593       2.4398
    3594       2.4572
    3595       2.3568
    3596       2.4470
    3597       2.5547
    3598       2.3590
    3599       2.2962
    3600       2.3593
    3601       2.2522
    3602       2.2675
    3603       2.3555
    3604       2.4617
    3605       2.3332
    3606       2.2661
    3607       2.3111
    3608       2.3650
    3609       2.2597
    3610       2.2966
    3611       2.2998
    3612       2.3101
    3613       2.3370
    3614       2.3235
    3615       2.2835
    3616       2.3283
    3617       2.3675
    3618       2.3909
    3619       2.3795
    3620       2.3664
    3621       2.3808
    3622       2.4016
    3623       2.3127
    3624       2.3468
    3625       2.2516
    3626       2.3650
    3627       2.2870
    3628       2.2560
    3629       2.3281
    3630       2.2803
    3631       2.2440
    3632       2.4060
    3633       2.3018
    3634       2.2932
    3635       2.2850
    3636       2.3549
    3637       2.3327
    3638       2.3497
    3639       2.3718
    3640       2.4287
    3641       2.2446
    3642       2.3119
    3643       2.3162
    3644       2.4049
    3645       2.4167
    3646       2.4531
    3647       2.3360
    3648       2.3810
    3649       2.3533
    3650       2.3204
    3651       2.4289
    3652       2.3890
    3653       2.3595
    3654       2.4001
    3655       2.2694
    3656       2.2499
    3657       2.2785
    3658       2.2493
    3659       2.2319
    3660       2.2865
    3661       2.2861
    3662       2.2938
    3663       2.2344
    3664       2.2787
    3665       2.2602
    3666       2.2305
    3667       2.3004
    3668       2.2466
    3669       2.3786
    3670       2.2645
    3671       2.2489
    3672       2.3048
    3673       2.3350
    3674       2.3562
    3675       2.3430
    3676       2.3140
    3677       2.2532
    3678       2.3036
    3679       2.3513
    3680       2.3999
    3681       2.3031
    3682       2.3393
    3683       2.3229
    3684       2.2299
    3685       2.2853
    3686       2.3247
    3687       2.3078
    3688       2.3646
    3689       2.3246
    3690       2.3176
    3691       2.3048
    3692       2.4112
    3693       2.3412
    3694       2.3237
    3695       2.4044
    3696       2.2661
    3697       2.1828
    3698       2.2807
    3699       2.2637
    3700       2.3232
    3701       2.2888
    3702       2.1833
    3703       2.2254
    3704       2.2824
    3705       2.2759
    3706       2.3401
    3707       2.2854
    3708       2.2310
    3709       2.2868
    3710       2.3158
    3711       2.2217
    3712       2.3661
    3713       2.3168
    3714       2.2545
    3715       2.3648
    3716       2.3176
    3717       2.2708
    3718       2.1233
    3719       2.3047
    3720       2.2803
    3721       2.3425
    3722       2.3006
    3723       2.2421
    3724       2.2623
    3725       2.4366
    3726       2.4059
    3727       2.2867
    3728       2.3605
    3729       2.3694
    3730       2.3056
    3731       2.4341
    3732       2.3913
    3733       2.3961
    3734       2.4041
    3735       2.3068
    3736       2.3237
    3737       2.3627
    3738       2.3685
    3739       2.3623
    3740       2.4322
    3741       2.4232
    3742       2.5186
    3743       2.3904
    3744       2.2983
    3745       2.3762
    3746       2.3267
    3747       2.3232
    3748       2.2232
    3749       2.2811
    3750       2.3169
    3751       2.2724
    3752       2.2280
    3753       2.2901
    3754       2.3295
    3755       2.3870
    3756       2.2729
    3757       2.3324
    3758       2.2583
    3759       2.2564
    3760       2.2771
    3761       2.2757
    3762       2.4179
    3763       2.3148
    3764       2.3578
    3765       2.2089
    3766       2.2288
    3767       2.2457
    3768       2.1567
    3769       2.2779
    3770       2.2698
    3771       2.3037
    3772       2.2465
    3773       2.2743
    3774       2.2350
    3775       2.2570
    3776       2.2828
    3777       2.3262
    3778       2.2769
    3779       2.2437
    3780       2.2269
    3781       2.2699
    3782       2.2008
    3783       2.2542
    3784       2.3678
    3785       2.2303
    3786       2.2484
    3787       2.1973
    3788       2.2231
    3789       2.1920
    3790       2.2661
    3791       2.2492
    3792       2.2340
    3793       2.2948
    3794       2.1825
    3795       2.1956
    3796       2.1935
    3797       2.2113
    3798       2.2975
    3799       2.2264
    3800       2.2500
    3801       2.2527
    3802       2.3024
    3803       2.2412
    3804       2.4142
    3805       2.3242
    3806       2.2901
    3807       2.3132
    3808       2.3136
    3809       2.2571
    3810       2.3175
    3811       2.2378
    3812       2.3649
    3813       2.2512
    3814       2.2795
    3815       2.2223
    3816       2.2196
    3817       2.3451
    3818       2.2188
    3819       2.1027
    3820       2.1754
    3821       2.2114
    3822       2.2644
    3823       2.2107
    3824       2.2093
    3825       2.2964
    3826       2.2550
    3827       2.1956
    3828       2.2971
    3829       2.2149
    3830       2.2559
    3831       2.2146
    3832       2.1219
    3833       2.2316
    3834       2.1273
    3835       2.0767
    3836       2.1674
    3837       2.1178
    3838       2.0348
    3839       1.9921
    3840       2.1185
    3841       1.9950
    3842       2.0145
    3843       2.1130
    3844       2.1601
    3845       2.1518
    3846       2.1731
    3847       2.1451
    3848       2.0885
    3849       2.0708
    3850       2.0371
    3851       2.1178
    3852       2.1553
    3853       2.1343
    3854       2.1169
    3855       2.1276
    3856       2.0757
    3857       2.1078
    3858       2.0623
    3859       2.1488
    3860       2.0878
    3861       2.1306
    3862       2.1416
    3863       2.1688
    3864       2.0384
    3865       2.0701
    3866       2.1713
    3867       2.1057
    3868       2.2530
    3869       2.1419
    3870       2.1434
    3871       2.1080
    3872       2.0003
    3873       2.0561
    3874       2.0603
    3875       2.0540
    3876       1.9924
    3877       2.1501
    3878       2.0152
    3879       1.9989
    3880       1.9950
    3881       2.0166
    3882       1.9874
    3883       2.0694
    3884       1.9713
    3885       1.9551
    3886       2.0679
    3887       2.0762
    3888       2.0314
    3889       2.1148
    3890       2.1676
    3891       2.1270
    3892       2.1422
    3893       2.1559
    3894       2.0698
    3895       2.0999
    3896       2.1358
    3897       2.0822
    3898       2.1650
    3899       2.1531
    3900       2.0494
    3901       2.4586
    3902       2.4281
    3903       2.4552
    3904       2.3714
    3905       2.4507
    3906       2.4135
    3907       2.4398
    3908       2.4325
    3909       2.4939
    3910       2.4224
    3911       2.5092
    3912       2.3721
    3913       2.5045
    3914       2.4424
    3915       2.4392
    3916       2.4058
    3917       2.3996
    3918       2.4509
    3919       2.4055
    3920       2.3478
    3921       2.2973
    3922       2.3199
    3923       2.3921
    3924       2.3804
    3925       2.3606
    3926       2.4295
    3927       2.3668
    3928       2.4545
    3929       2.4675
    3930       2.4563
    3931       2.5282
    3932       2.3937
    3933       2.4668
    3934       2.3782
    3935       2.3917
    3936       2.4776
    3937       2.3504
    3938       2.4547
    3939       2.3762
    3940       2.3493
    3941       2.4334
    3942       2.4956
    3943       2.4926
    3944       2.5941
    3945       2.3528
    3946       2.4553
    3947       2.4502
    3948       2.3554
    3949       2.4133
    3950       2.3704
    3951       2.3756
    3952       2.4202
    3953       2.3510
    3954       2.5363
    3955       2.5200
    3956       2.4222
    3957       2.3433
    3958       2.3501
    3959       2.4667
    3960       2.4187
    3961       2.5058
    3962       2.3154
    3963       2.4026
    3964       2.3714
    3965       2.3564
    3966       2.4468
    3967       2.3862
    3968       2.3825
    3969       2.4861
    3970       2.3376
    3971       2.3701
    3972       2.3996
    3973       2.4550
    3974       2.3883
    3975       2.3984
    3976       2.2880
    3977       2.4225
    3978       2.4183
    3979       2.4490
    3980       2.4338
    3981       2.4479
    3982       2.4469
    3983       2.3854
    3984       2.4275
    3985       2.4489
    3986       2.5623
    3987       2.4284
    3988       2.5155
    3989       2.3954
    3990       2.3957
    3991       2.3527
    3992       2.4547
    3993       2.4219
    3994       2.3892
    3995       2.3322
    3996       2.5142
    3997       2.5394
    3998       2.4118
    3999       2.4403
    4000       2.4775
    4001       2.2566
    4002       2.2717
    4003       2.3405
    4004       2.2689
    4005       2.3856
    4006       2.2283
    4007       2.2284
    4008       2.2556
    4009       2.2205
    4010       2.2494
    4011       2.2803
    4012       2.2072
    4013       2.3010
    4014       2.1965
    4015       2.2253
    4016       2.3010
    4017       2.1982
    4018       2.1824
    4019       2.1612
    4020       2.2050
    4021       2.2561
    4022       2.2816
    4023       2.1590
    4024       2.1554
    4025       2.2190
    4026       2.2901
    4027       2.2055
    4028       2.2267
    4029       2.2086
    4030       2.2429
    4031       2.2966
    4032       2.1898
    4033       2.3087
    4034       2.2549
    4035       2.2155
    4036       2.2248
    4037       2.3098
    4038       2.3123
    4039       2.3849
    4040       2.4116
    4041       2.3231
    4042       2.1954
    4043       2.1950
    4044       2.2067
    4045       2.2460
    4046       2.1483
    4047       2.1482
    4048       2.2826
    4049       2.2370
    4050       2.2892
    4051       2.3026
    4052       2.3288
    4053       2.2640
    4054       2.3061
    4055       2.2676
    4056       2.2988
    4057       2.2185
    4058       2.2826
    4059       2.2598
    4060       2.2632
    4061       2.2372
    4062       2.3295
    4063       2.2785
    4064       2.2855
    4065       2.2450
    4066       2.2057
    4067       2.1859
    4068       2.2058
    4069       2.2313
    4070       2.2683
    4071       2.3020
    4072       2.2265
    4073       2.2565
    4074       2.2402
    4075       2.1955
    4076       2.1885
    4077       2.2151
    4078       2.2306
    4079       2.3665
    4080       2.2826
    4081       2.2319
    4082       2.2437
    4083       2.3051
    4084       2.1957
    4085       2.1812
    4086       2.1572
    4087       2.2414
    4088       2.2338
    4089       2.1809
    4090       2.1849
    4091       2.2674
    4092       2.2537
    4093       2.2509
    4094       2.2444
    4095       2.1517
    4096       2.1731
    4097       2.2327
    4098       2.1859
    4099       2.2011
    4100       2.2369
